<?xml version="1.0" encoding="UTF-8"?>
<coverage generated="1784802077946" clover="3.2.0">
  <project timestamp="1784802077946" name="All files">
    <metrics statements="3290" coveredstatements="2744" conditionals="2238" coveredconditionals="1876" methods="356" coveredmethods="292" elements="5884" coveredelements="4912" complexity="0" loc="3290" ncloc="3290" packages="25" files="116" classes="116"/>
    <package name="modules.alerts">
      <metrics statements="71" coveredstatements="0" conditionals="23" coveredconditionals="0" methods="7" coveredmethods="0"/>
      <file name="alert.engine.js" path="C:\Annsetu-app\ANNSETU-APP-NEW\backend\modules\alerts\alert.engine.js">
        <metrics statements="28" coveredstatements="0" conditionals="13" coveredconditionals="0" methods="3" coveredmethods="0"/>
        <line num="1" count="0" type="stmt"/>
        <line num="2" count="0" type="stmt"/>
        <line num="5" count="0" type="stmt"/>
        <line num="10" count="0" type="stmt"/>
        <line num="11" count="0" type="cond" truecount="0" falsecount="2"/>
        <line num="12" count="0" type="stmt"/>
        <line num="13" count="0" type="stmt"/>
        <line num="19" count="0" type="stmt"/>
        <line num="27" count="0" type="stmt"/>
        <line num="28" count="0" type="stmt"/>
        <line num="29" count="0" type="stmt"/>
        <line num="31" count="0" type="stmt"/>
        <line num="35" count="0" type="stmt"/>
        <line num="36" count="0" type="stmt"/>
        <line num="46" count="0" type="stmt"/>
        <line num="49" count="0" type="stmt"/>
        <line num="53" count="0" type="cond" truecount="0" falsecount="2"/>
        <line num="54" count="0" type="stmt"/>
        <line num="57" count="0" type="stmt"/>
        <line num="58" count="0" type="stmt"/>
        <line num="61" count="0" type="cond" truecount="0" falsecount="5"/>
        <line num="62" count="0" type="stmt"/>
        <line num="70" count="0" type="stmt"/>
        <line num="74" count="0" type="cond" truecount="0" falsecount="2"/>
        <line num="75" count="0" type="stmt"/>
        <line num="83" count="0" type="cond" truecount="0" falsecount="2"/>
        <line num="84" count="0" type="stmt"/>
        <line num="95" count="0" type="stmt"/>
      </file>
      <file name="notification.dispatcher.js" path="C:\Annsetu-app\ANNSETU-APP-NEW\backend\modules\alerts\notification.dispatcher.js">
        <metrics statements="23" coveredstatements="0" conditionals="6" coveredconditionals="0" methods="2" coveredmethods="0"/>
        <line num="6" count="0" type="stmt"/>
        <line num="10" count="0" type="stmt"/>
        <line num="19" count="0" type="stmt"/>
        <line num="20" count="0" type="stmt"/>
        <line num="21" count="0" type="stmt"/>
        <line num="22" count="0" type="stmt"/>
        <line num="27" count="0" type="cond" truecount="0" falsecount="1"/>
        <line num="29" count="0" type="stmt"/>
        <line num="31" count="0" type="cond" truecount="0" falsecount="5"/>
        <line num="33" count="0" type="stmt"/>
        <line num="34" count="0" type="stmt"/>
        <line num="36" count="0" type="stmt"/>
        <line num="37" count="0" type="stmt"/>
        <line num="39" count="0" type="stmt"/>
        <line num="40" count="0" type="stmt"/>
        <line num="42" count="0" type="stmt"/>
        <line num="43" count="0" type="stmt"/>
        <line num="45" count="0" type="stmt"/>
        <line num="48" count="0" type="stmt"/>
        <line num="49" count="0" type="stmt"/>
        <line num="50" count="0" type="stmt"/>
        <line num="51" count="0" type="stmt"/>
        <line num="56" count="0" type="stmt"/>
      </file>
      <file name="watchdog.cron.js" path="C:\Annsetu-app\ANNSETU-APP-NEW\backend\modules\alerts\watchdog.cron.js">
        <metrics statements="20" coveredstatements="0" conditionals="4" coveredconditionals="0" methods="2" coveredmethods="0"/>
        <line num="1" count="0" type="stmt"/>
        <line num="2" count="0" type="stmt"/>
        <line num="5" count="0" type="stmt"/>
        <line num="7" count="0" type="stmt"/>
        <line num="9" count="0" type="stmt"/>
        <line num="10" count="0" type="stmt"/>
        <line num="12" count="0" type="stmt"/>
        <line num="13" count="0" type="cond" truecount="0" falsecount="2"/>
        <line num="14" count="0" type="stmt"/>
        <line num="15" count="0" type="stmt"/>
        <line num="19" count="0" type="stmt"/>
        <line num="25" count="0" type="stmt"/>
        <line num="27" count="0" type="stmt"/>
        <line num="28" count="0" type="cond" truecount="0" falsecount="2"/>
        <line num="29" count="0" type="stmt"/>
        <line num="31" count="0" type="stmt"/>
        <line num="33" count="0" type="stmt"/>
        <line num="36" count="0" type="stmt"/>
        <line num="47" count="0" type="stmt"/>
        <line num="52" count="0" type="stmt"/>
      </file>
    </package>
    <package name="modules.amad">
      <metrics statements="111" coveredstatements="66" conditionals="70" coveredconditionals="33" methods="14" coveredmethods="9"/>
      <file name="amad.controller.js" path="C:\Annsetu-app\ANNSETU-APP-NEW\backend\modules\amad\amad.controller.js">
        <metrics statements="21" coveredstatements="13" conditionals="8" coveredconditionals="4" methods="3" coveredmethods="2"/>
        <line num="1" count="2" type="stmt"/>
        <line num="4" count="3" type="stmt"/>
        <line num="5" count="3" type="stmt"/>
        <line num="6" count="1" type="stmt"/>
        <line num="8" count="2" type="stmt"/>
        <line num="9" count="2" type="cond" truecount="2" falsecount="0"/>
        <line num="10" count="2" type="cond" truecount="2" falsecount="0"/>
        <line num="15" count="2" type="stmt"/>
        <line num="16" count="2" type="stmt"/>
        <line num="17" count="1" type="stmt"/>
        <line num="19" count="1" type="stmt"/>
        <line num="20" count="1" type="stmt"/>
        <line num="25" count="0" type="stmt"/>
        <line num="26" count="0" type="stmt"/>
        <line num="27" count="0" type="stmt"/>
        <line num="28" count="0" type="stmt"/>
        <line num="29" count="0" type="stmt"/>
        <line num="31" count="0" type="stmt"/>
        <line num="32" count="0" type="cond" truecount="0" falsecount="2"/>
        <line num="33" count="0" type="cond" truecount="0" falsecount="2"/>
        <line num="37" count="2" type="stmt"/>
      </file>
      <file name="amad.repository.js" path="C:\Annsetu-app\ANNSETU-APP-NEW\backend\modules\amad\amad.repository.js">
        <metrics statements="18" coveredstatements="10" conditionals="4" coveredconditionals="2" methods="6" coveredmethods="3"/>
        <line num="1" count="4" type="stmt"/>
        <line num="4" count="1" type="stmt"/>
        <line num="12" count="1" type="stmt"/>
        <line num="13" count="1" type="stmt"/>
        <line num="17" count="0" type="stmt"/>
        <line num="18" count="0" type="cond" truecount="0" falsecount="2"/>
        <line num="19" count="0" type="stmt"/>
        <line num="20" count="0" type="stmt"/>
        <line num="24" count="2" type="stmt"/>
        <line num="25" count="2" type="cond" truecount="2" falsecount="0"/>
        <line num="29" count="1" type="stmt"/>
        <line num="45" count="1" type="stmt"/>
        <line num="46" count="1" type="stmt"/>
        <line num="50" count="0" type="stmt"/>
        <line num="51" count="0" type="stmt"/>
        <line num="55" count="0" type="stmt"/>
        <line num="59" count="0" type="stmt"/>
        <line num="62" count="4" type="stmt"/>
      </file>
      <file name="amad.routes.js" path="C:\Annsetu-app\ANNSETU-APP-NEW\backend\modules\amad\amad.routes.js">
        <metrics statements="8" coveredstatements="8" conditionals="0" coveredconditionals="0" methods="0" coveredmethods="0"/>
        <line num="1" count="1" type="stmt"/>
        <line num="2" count="1" type="stmt"/>
        <line num="3" count="1" type="stmt"/>
        <line num="4" count="1" type="stmt"/>
        <line num="7" count="1" type="stmt"/>
        <line num="8" count="1" type="stmt"/>
        <line num="11" count="1" type="stmt"/>
        <line num="13" count="1" type="stmt"/>
      </file>
      <file name="amad.service.js" path="C:\Annsetu-app\ANNSETU-APP-NEW\backend\modules\amad\amad.service.js">
        <metrics statements="59" coveredstatements="30" conditionals="52" coveredconditionals="21" methods="4" coveredmethods="3"/>
        <line num="1" count="3" type="stmt"/>
        <line num="2" count="3" type="stmt"/>
        <line num="9" count="6" type="stmt"/>
        <line num="10" count="6" type="cond" truecount="2" falsecount="0"/>
        <line num="11" count="1" type="stmt"/>
        <line num="12" count="1" type="stmt"/>
        <line num="13" count="1" type="stmt"/>
        <line num="16" count="5" type="stmt"/>
        <line num="17" count="5" type="stmt"/>
        <line num="19" count="5" type="stmt"/>
        <line num="20" count="5" type="cond" truecount="1" falsecount="1"/>
        <line num="22" count="5" type="stmt"/>
        <line num="23" count="5" type="cond" truecount="2" falsecount="0"/>
        <line num="24" count="4" type="stmt"/>
        <line num="25" count="4" type="cond" truecount="1" falsecount="1"/>
        <line num="28" count="5" type="stmt"/>
        <line num="35" count="5" type="stmt"/>
        <line num="36" count="4" type="stmt"/>
        <line num="39" count="4" type="stmt"/>
        <line num="40" count="4" type="stmt"/>
        <line num="46" count="3" type="cond" truecount="1" falsecount="1"/>
        <line num="47" count="3" type="stmt"/>
        <line num="54" count="1" type="stmt"/>
        <line num="57" count="4" type="stmt"/>
        <line num="64" count="3" type="stmt"/>
        <line num="65" count="3" type="stmt"/>
        <line num="66" count="2" type="stmt"/>
        <line num="67" count="2" type="cond" truecount="2" falsecount="0"/>
        <line num="68" count="2" type="stmt"/>
        <line num="82" count="0" type="cond" truecount="0" falsecount="2"/>
        <line num="83" count="0" type="stmt"/>
        <line num="84" count="0" type="stmt"/>
        <line num="85" count="0" type="stmt"/>
        <line num="88" count="0" type="stmt"/>
        <line num="89" count="0" type="stmt"/>
        <line num="92" count="0" type="stmt"/>
        <line num="93" count="0" type="cond" truecount="0" falsecount="4"/>
        <line num="94" count="0" type="cond" truecount="0" falsecount="4"/>
        <line num="95" count="0" type="stmt"/>
        <line num="96" count="0" type="stmt"/>
        <line num="97" count="0" type="stmt"/>
        <line num="100" count="0" type="stmt"/>
        <line num="101" count="0" type="cond" truecount="0" falsecount="2"/>
        <line num="102" count="0" type="stmt"/>
        <line num="103" count="0" type="stmt"/>
        <line num="104" count="0" type="cond" truecount="0" falsecount="4"/>
        <line num="105" count="0" type="stmt"/>
        <line num="109" count="0" type="cond" truecount="0" falsecount="2"/>
        <line num="110" count="0" type="stmt"/>
        <line num="111" count="0" type="stmt"/>
        <line num="112" count="0" type="stmt"/>
        <line num="115" count="0" type="stmt"/>
        <line num="116" count="0" type="cond" truecount="0" falsecount="2"/>
        <line num="118" count="0" type="cond" truecount="0" falsecount="2"/>
        <line num="119" count="0" type="stmt"/>
        <line num="120" count="0" type="stmt"/>
        <line num="131" count="0" type="stmt"/>
        <line num="135" count="0" type="stmt"/>
        <line num="138" count="3" type="stmt"/>
      </file>
      <file name="amad.validator.js" path="C:\Annsetu-app\ANNSETU-APP-NEW\backend\modules\amad\amad.validator.js">
        <metrics statements="5" coveredstatements="5" conditionals="6" coveredconditionals="6" methods="1" coveredmethods="1"/>
        <line num="6" count="7" type="stmt"/>
        <line num="7" count="7" type="cond" truecount="6" falsecount="0"/>
        <line num="8" count="6" type="stmt"/>
        <line num="13" count="1" type="stmt"/>
        <line num="16" count="2" type="stmt"/>
      </file>
    </package>
    <package name="modules.commands">
      <metrics statements="35" coveredstatements="0" conditionals="14" coveredconditionals="0" methods="7" coveredmethods="0"/>
      <file name="command.dispatcher.js" path="C:\Annsetu-app\ANNSETU-APP-NEW\backend\modules\commands\command.dispatcher.js">
        <metrics statements="22" coveredstatements="0" conditionals="10" coveredconditionals="0" methods="6" coveredmethods="0"/>
        <line num="1" count="0" type="stmt"/>
        <line num="2" count="0" type="stmt"/>
        <line num="5" count="0" type="stmt"/>
        <line num="8" count="0" type="stmt"/>
        <line num="9" count="0" type="stmt"/>
        <line num="10" count="0" type="stmt"/>
        <line num="11" count="0" type="stmt"/>
        <line num="13" count="0" type="stmt"/>
        <line num="14" count="0" type="stmt"/>
        <line num="23" count="0" type="stmt"/>
        <line num="24" count="0" type="cond" truecount="0" falsecount="4"/>
        <line num="25" count="0" type="stmt"/>
        <line num="29" count="0" type="cond" truecount="0" falsecount="2"/>
        <line num="30" count="0" type="cond" truecount="0" falsecount="2"/>
        <line num="34" count="0" type="stmt"/>
        <line num="35" count="0" type="stmt"/>
        <line num="36" count="0" type="cond" truecount="0" falsecount="2"/>
        <line num="37" count="0" type="stmt"/>
        <line num="38" count="0" type="stmt"/>
        <line num="40" count="0" type="stmt"/>
        <line num="41" count="0" type="stmt"/>
        <line num="46" count="0" type="stmt"/>
      </file>
      <file name="command.routes.js" path="C:\Annsetu-app\ANNSETU-APP-NEW\backend\modules\commands\command.routes.js">
        <metrics statements="13" coveredstatements="0" conditionals="4" coveredconditionals="0" methods="1" coveredmethods="0"/>
        <line num="1" count="0" type="stmt"/>
        <line num="2" count="0" type="stmt"/>
        <line num="3" count="0" type="stmt"/>
        <line num="6" count="0" type="stmt"/>
        <line num="7" count="0" type="stmt"/>
        <line num="8" count="0" type="stmt"/>
        <line num="10" count="0" type="cond" truecount="0" falsecount="4"/>
        <line num="11" count="0" type="stmt"/>
        <line num="14" count="0" type="stmt"/>
        <line num="16" count="0" type="stmt"/>
        <line num="18" count="0" type="stmt"/>
        <line num="19" count="0" type="stmt"/>
        <line num="23" count="0" type="stmt"/>
      </file>
    </package>
    <package name="modules.cron">
      <metrics statements="49" coveredstatements="49" conditionals="20" coveredconditionals="20" methods="4" coveredmethods="4"/>
      <file name="cron.controller.js" path="C:\Annsetu-app\ANNSETU-APP-NEW\backend\modules\cron\cron.controller.js">
        <metrics statements="19" coveredstatements="19" conditionals="8" coveredconditionals="8" methods="1" coveredmethods="1"/>
        <line num="1" count="2" type="stmt"/>
        <line num="2" count="2" type="stmt"/>
        <line num="6" count="7" type="stmt"/>
        <line num="7" count="7" type="cond" truecount="4" falsecount="0"/>
        <line num="8" count="2" type="stmt"/>
        <line num="11" count="5" type="stmt"/>
        <line num="12" count="5" type="cond" truecount="2" falsecount="0"/>
        <line num="14" count="5" type="stmt"/>
        <line num="15" count="5" type="stmt"/>
        <line num="16" count="5" type="stmt"/>
        <line num="17" count="5" type="cond" truecount="2" falsecount="0"/>
        <line num="18" count="1" type="stmt"/>
        <line num="21" count="1" type="stmt"/>
        <line num="25" count="3" type="stmt"/>
        <line num="26" count="3" type="stmt"/>
        <line num="27" count="2" type="stmt"/>
        <line num="34" count="1" type="stmt"/>
        <line num="35" count="1" type="stmt"/>
        <line num="39" count="2" type="stmt"/>
      </file>
      <file name="cron.repository.js" path="C:\Annsetu-app\ANNSETU-APP-NEW\backend\modules\cron\cron.repository.js">
        <metrics statements="6" coveredstatements="6" conditionals="0" coveredconditionals="0" methods="2" coveredmethods="2"/>
        <line num="1" count="4" type="stmt"/>
        <line num="4" count="1" type="stmt"/>
        <line num="5" count="1" type="stmt"/>
        <line num="9" count="1" type="stmt"/>
        <line num="15" count="1" type="stmt"/>
        <line num="18" count="4" type="stmt"/>
      </file>
      <file name="cron.routes.js" path="C:\Annsetu-app\ANNSETU-APP-NEW\backend\modules\cron\cron.routes.js">
        <metrics statements="5" coveredstatements="5" conditionals="0" coveredconditionals="0" methods="0" coveredmethods="0"/>
        <line num="1" count="1" type="stmt"/>
        <line num="2" count="1" type="stmt"/>
        <line num="3" count="1" type="stmt"/>
        <line num="5" count="1" type="stmt"/>
        <line num="7" count="1" type="stmt"/>
      </file>
      <file name="cron.service.js" path="C:\Annsetu-app\ANNSETU-APP-NEW\backend\modules\cron\cron.service.js">
        <metrics statements="19" coveredstatements="19" conditionals="12" coveredconditionals="12" methods="1" coveredmethods="1"/>
        <line num="1" count="3" type="stmt"/>
        <line num="2" count="3" type="stmt"/>
        <line num="10" count="4" type="stmt"/>
        <line num="11" count="4" type="stmt"/>
        <line num="12" count="4" type="stmt"/>
        <line num="13" count="4" type="stmt"/>
        <line num="15" count="4" type="stmt"/>
        <line num="16" count="3" type="stmt"/>
        <line num="18" count="3" type="stmt"/>
        <line num="19" count="5" type="cond" truecount="2" falsecount="0"/>
        <line num="21" count="5" type="cond" truecount="2" falsecount="0"/>
        <line num="22" count="3" type="cond" truecount="2" falsecount="0"/>
        <line num="23" count="3" type="cond" truecount="2" falsecount="0"/>
        <line num="24" count="3" type="cond" truecount="2" falsecount="0"/>
        <line num="25" count="3" type="stmt"/>
        <line num="27" count="3" type="stmt"/>
        <line num="32" count="3" type="cond" truecount="2" falsecount="0"/>
        <line num="37" count="4" type="stmt"/>
        <line num="40" count="3" type="stmt"/>
      </file>
    </package>
    <package name="modules.device-management">
      <metrics statements="26" coveredstatements="0" conditionals="4" coveredconditionals="0" methods="2" coveredmethods="0"/>
      <file name="device.controller.js" path="C:\Annsetu-app\ANNSETU-APP-NEW\backend\modules\device-management\device.controller.js">
        <metrics statements="20" coveredstatements="0" conditionals="4" coveredconditionals="0" methods="2" coveredmethods="0"/>
        <line num="1" count="0" type="stmt"/>
        <line num="2" count="0" type="stmt"/>
        <line num="3" count="0" type="stmt"/>
        <line num="5" count="0" type="cond" truecount="0" falsecount="4"/>
        <line num="6" count="0" type="stmt"/>
        <line num="9" count="0" type="stmt"/>
        <line num="12" count="0" type="stmt"/>
        <line num="13" count="0" type="stmt"/>
        <line num="15" count="0" type="stmt"/>
        <line num="26" count="0" type="stmt"/>
        <line num="27" count="0" type="stmt"/>
        <line num="31" count="0" type="stmt"/>
        <line num="32" count="0" type="stmt"/>
        <line num="33" count="0" type="stmt"/>
        <line num="34" count="0" type="stmt"/>
        <line num="36" count="0" type="stmt"/>
        <line num="39" count="0" type="stmt"/>
        <line num="41" count="0" type="stmt"/>
        <line num="42" count="0" type="stmt"/>
        <line num="46" count="0" type="stmt"/>
      </file>
      <file name="device.routes.js" path="C:\Annsetu-app\ANNSETU-APP-NEW\backend\modules\device-management\device.routes.js">
        <metrics statements="6" coveredstatements="0" conditionals="0" coveredconditionals="0" methods="0" coveredmethods="0"/>
        <line num="1" count="0" type="stmt"/>
        <line num="2" count="0" type="stmt"/>
        <line num="3" count="0" type="stmt"/>
        <line num="5" count="0" type="stmt"/>
        <line num="6" count="0" type="stmt"/>
        <line num="8" count="0" type="stmt"/>
      </file>
    </package>
    <package name="modules.dispatch">
      <metrics statements="152" coveredstatements="149" conditionals="77" coveredconditionals="73" methods="21" coveredmethods="20"/>
      <file name="dispatch.controller.js" path="C:\Annsetu-app\ANNSETU-APP-NEW\backend\modules\dispatch\dispatch.controller.js">
        <metrics statements="25" coveredstatements="25" conditionals="12" coveredconditionals="12" methods="4" coveredmethods="4"/>
        <line num="1" count="2" type="stmt"/>
        <line num="4" count="3" type="stmt"/>
        <line num="5" count="3" type="stmt"/>
        <line num="6" count="1" type="stmt"/>
        <line num="8" count="2" type="stmt"/>
        <line num="9" count="2" type="stmt"/>
        <line num="14" count="4" type="stmt"/>
        <line num="15" count="4" type="stmt"/>
        <line num="16" count="1" type="stmt"/>
        <line num="18" count="3" type="stmt"/>
        <line num="19" count="3" type="cond" truecount="2" falsecount="0"/>
        <line num="20" count="3" type="cond" truecount="2" falsecount="0"/>
        <line num="25" count="4" type="stmt"/>
        <line num="26" count="4" type="stmt"/>
        <line num="27" count="1" type="stmt"/>
        <line num="29" count="3" type="stmt"/>
        <line num="30" count="3" type="cond" truecount="2" falsecount="0"/>
        <line num="31" count="3" type="cond" truecount="2" falsecount="0"/>
        <line num="36" count="4" type="stmt"/>
        <line num="37" count="4" type="stmt"/>
        <line num="38" count="1" type="stmt"/>
        <line num="40" count="3" type="stmt"/>
        <line num="41" count="3" type="cond" truecount="2" falsecount="0"/>
        <line num="42" count="3" type="cond" truecount="2" falsecount="0"/>
        <line num="46" count="2" type="stmt"/>
      </file>
      <file name="dispatch.repository.js" path="C:\Annsetu-app\ANNSETU-APP-NEW\backend\modules\dispatch\dispatch.repository.js">
        <metrics statements="38" coveredstatements="36" conditionals="22" coveredconditionals="20" methods="10" coveredmethods="9"/>
        <line num="1" count="3" type="stmt"/>
        <line num="9" count="3" type="stmt"/>
        <line num="28" count="3" type="cond" truecount="2" falsecount="0"/>
        <line num="29" count="1" type="stmt"/>
        <line num="30" count="1" type="stmt"/>
        <line num="31" count="1" type="stmt"/>
        <line num="35" count="2" type="stmt"/>
        <line num="36" count="1" type="stmt"/>
        <line num="37" count="1" type="stmt"/>
        <line num="38" count="1" type="stmt"/>
        <line num="47" count="2" type="stmt"/>
        <line num="48" count="2" type="cond" truecount="2" falsecount="0"/>
        <line num="57" count="1" type="stmt"/>
        <line num="65" count="1" type="stmt"/>
        <line num="70" count="1" type="stmt"/>
        <line num="71" count="1" type="stmt"/>
        <line num="81" count="2" type="stmt"/>
        <line num="87" count="2" type="stmt"/>
        <line num="88" count="2" type="cond" truecount="2" falsecount="0"/>
        <line num="100" count="3" type="stmt"/>
        <line num="104" count="3" type="cond" truecount="2" falsecount="0"/>
        <line num="107" count="2" type="stmt"/>
        <line num="111" count="2" type="cond" truecount="2" falsecount="0"/>
        <line num="113" count="1" type="stmt"/>
        <line num="123" count="5" type="cond" truecount="2" falsecount="0"/>
        <line num="124" count="1" type="stmt"/>
        <line num="126" count="4" type="stmt"/>
        <line num="127" count="4" type="cond" truecount="2" falsecount="0"/>
        <line num="128" count="2" type="stmt"/>
        <line num="130" count="2" type="stmt"/>
        <line num="139" count="2" type="stmt"/>
        <line num="140" count="2" type="cond" truecount="2" falsecount="0"/>
        <line num="149" count="2" type="stmt"/>
        <line num="150" count="2" type="cond" truecount="2" falsecount="0"/>
        <line num="159" count="0" type="stmt"/>
        <line num="160" count="0" type="cond" truecount="0" falsecount="2"/>
        <line num="170" count="1" type="stmt"/>
        <line num="179" count="3" type="stmt"/>
      </file>
      <file name="dispatch.routes.js" path="C:\Annsetu-app\ANNSETU-APP-NEW\backend\modules\dispatch\dispatch.routes.js">
        <metrics statements="9" coveredstatements="9" conditionals="0" coveredconditionals="0" methods="0" coveredmethods="0"/>
        <line num="1" count="1" type="stmt"/>
        <line num="2" count="1" type="stmt"/>
        <line num="3" count="1" type="stmt"/>
        <line num="4" count="1" type="stmt"/>
        <line num="6" count="1" type="stmt"/>
        <line num="7" count="1" type="stmt"/>
        <line num="8" count="1" type="stmt"/>
        <line num="9" count="1" type="stmt"/>
        <line num="11" count="1" type="stmt"/>
      </file>
      <file name="dispatch.service.js" path="C:\Annsetu-app\ANNSETU-APP-NEW\backend\modules\dispatch\dispatch.service.js">
        <metrics statements="67" coveredstatements="66" conditionals="31" coveredconditionals="29" methods="4" coveredmethods="4"/>
        <line num="1" count="3" type="stmt"/>
        <line num="2" count="3" type="stmt"/>
        <line num="3" count="3" type="stmt"/>
        <line num="4" count="3" type="stmt"/>
        <line num="5" count="3" type="stmt"/>
        <line num="14" count="1" type="stmt"/>
        <line num="23" count="8" type="stmt"/>
        <line num="26" count="8" type="stmt"/>
        <line num="29" count="8" type="stmt"/>
        <line num="30" count="8" type="cond" truecount="2" falsecount="0"/>
        <line num="31" count="1" type="stmt"/>
        <line num="32" count="1" type="stmt"/>
        <line num="33" count="1" type="stmt"/>
        <line num="37" count="7" type="stmt"/>
        <line num="39" count="6" type="stmt"/>
        <line num="40" count="6" type="stmt"/>
        <line num="42" count="6" type="stmt"/>
        <line num="49" count="6" type="stmt"/>
        <line num="50" count="6" type="stmt"/>
        <line num="51" count="5" type="cond" truecount="2" falsecount="0"/>
        <line num="52" count="5" type="stmt"/>
        <line num="63" count="2" type="stmt"/>
        <line num="66" count="6" type="stmt"/>
        <line num="76" count="9" type="stmt"/>
        <line num="77" count="9" type="cond" truecount="2" falsecount="0"/>
        <line num="78" count="1" type="stmt"/>
        <line num="79" count="1" type="stmt"/>
        <line num="80" count="1" type="stmt"/>
        <line num="84" count="8" type="stmt"/>
        <line num="85" count="8" type="stmt"/>
        <line num="86" count="8" type="cond" truecount="3" falsecount="1"/>
        <line num="87" count="8" type="cond" truecount="2" falsecount="0"/>
        <line num="88" count="7" type="stmt"/>
        <line num="92" count="8" type="stmt"/>
        <line num="93" count="8" type="cond" truecount="5" falsecount="0"/>
        <line num="94" count="1" type="cond" truecount="1" falsecount="1"/>
        <line num="95" count="0" type="stmt"/>
        <line num="99" count="8" type="cond" truecount="2" falsecount="0"/>
        <line num="100" count="1" type="stmt"/>
        <line num="101" count="1" type="stmt"/>
        <line num="102" count="1" type="stmt"/>
        <line num="106" count="7" type="stmt"/>
        <line num="109" count="7" type="stmt"/>
        <line num="110" count="7" type="stmt"/>
        <line num="115" count="5" type="stmt"/>
        <line num="120" count="5" type="stmt"/>
        <line num="122" count="2" type="stmt"/>
        <line num="126" count="7" type="stmt"/>
        <line num="127" count="7" type="cond" truecount="2" falsecount="0"/>
        <line num="130" count="7" type="stmt"/>
        <line num="141" count="1" type="stmt"/>
        <line num="144" count="7" type="stmt"/>
        <line num="153" count="6" type="stmt"/>
        <line num="154" count="6" type="cond" truecount="2" falsecount="0"/>
        <line num="155" count="1" type="stmt"/>
        <line num="156" count="1" type="stmt"/>
        <line num="157" count="1" type="stmt"/>
        <line num="161" count="5" type="stmt"/>
        <line num="162" count="5" type="stmt"/>
        <line num="167" count="4" type="stmt"/>
        <line num="169" count="1" type="stmt"/>
        <line num="173" count="5" type="stmt"/>
        <line num="174" count="5" type="stmt"/>
        <line num="175" count="5" type="stmt"/>
        <line num="186" count="1" type="stmt"/>
        <line num="189" count="5" type="stmt"/>
        <line num="192" count="3" type="stmt"/>
      </file>
      <file name="dispatch.validator.js" path="C:\Annsetu-app\ANNSETU-APP-NEW\backend\modules\dispatch\dispatch.validator.js">
        <metrics statements="13" coveredstatements="13" conditionals="12" coveredconditionals="12" methods="3" coveredmethods="3"/>
        <line num="7" count="6" type="stmt"/>
        <line num="8" count="6" type="cond" truecount="6" falsecount="0"/>
        <line num="9" count="5" type="stmt"/>
        <line num="14" count="1" type="stmt"/>
        <line num="18" count="2" type="stmt"/>
        <line num="19" count="2" type="cond" truecount="2" falsecount="0"/>
        <line num="20" count="1" type="stmt"/>
        <line num="25" count="1" type="stmt"/>
        <line num="29" count="3" type="stmt"/>
        <line num="30" count="3" type="cond" truecount="4" falsecount="0"/>
        <line num="31" count="1" type="stmt"/>
        <line num="36" count="2" type="stmt"/>
        <line num="39" count="2" type="stmt"/>
      </file>
    </package>
    <package name="modules.farmer">
      <metrics statements="190" coveredstatements="190" conditionals="83" coveredconditionals="82" methods="28" coveredmethods="28"/>
      <file name="farmer.constants.js" path="C:\Annsetu-app\ANNSETU-APP-NEW\backend\modules\farmer\farmer.constants.js">
        <metrics statements="1" coveredstatements="1" conditionals="0" coveredconditionals="0" methods="0" coveredmethods="0"/>
        <line num="5" count="3" type="stmt"/>
      </file>
      <file name="farmer.controller.js" path="C:\Annsetu-app\ANNSETU-APP-NEW\backend\modules\farmer\farmer.controller.js">
        <metrics statements="15" coveredstatements="15" conditionals="0" coveredconditionals="0" methods="0" coveredmethods="0"/>
        <line num="1" count="1" type="stmt"/>
        <line num="2" count="1" type="stmt"/>
        <line num="3" count="1" type="stmt"/>
        <line num="4" count="1" type="stmt"/>
        <line num="5" count="1" type="stmt"/>
        <line num="6" count="1" type="stmt"/>
        <line num="7" count="1" type="stmt"/>
        <line num="8" count="1" type="stmt"/>
        <line num="9" count="1" type="stmt"/>
        <line num="10" count="1" type="stmt"/>
        <line num="11" count="1" type="stmt"/>
        <line num="12" count="1" type="stmt"/>
        <line num="13" count="1" type="stmt"/>
        <line num="14" count="1" type="stmt"/>
        <line num="16" count="1" type="stmt"/>
      </file>
      <file name="farmer.helpers.js" path="C:\Annsetu-app\ANNSETU-APP-NEW\backend\modules\farmer\farmer.helpers.js">
        <metrics statements="28" coveredstatements="28" conditionals="12" coveredconditionals="12" methods="5" coveredmethods="5"/>
        <line num="1" count="1" type="stmt"/>
        <line num="7" count="2" type="stmt"/>
        <line num="8" count="2" type="stmt"/>
        <line num="9" count="2" type="stmt"/>
        <line num="10" count="2" type="cond" truecount="2" falsecount="0"/>
        <line num="11" count="2" type="stmt"/>
        <line num="13" count="2" type="stmt"/>
        <line num="14" count="2" type="stmt"/>
        <line num="15" count="2" type="stmt"/>
        <line num="16" count="2" type="cond" truecount="2" falsecount="0"/>
        <line num="19" count="2" type="stmt"/>
        <line num="22" count="2" type="stmt"/>
        <line num="29" count="2" type="stmt"/>
        <line num="35" count="2" type="cond" truecount="2" falsecount="0"/>
        <line num="36" count="2" type="cond" truecount="2" falsecount="0"/>
        <line num="37" count="2" type="cond" truecount="2" falsecount="0"/>
        <line num="39" count="2" type="stmt"/>
        <line num="43" count="2" type="stmt"/>
        <line num="44" count="2" type="cond" truecount="2" falsecount="0"/>
        <line num="45" count="1" type="stmt"/>
        <line num="46" count="1" type="stmt"/>
        <line num="47" count="1" type="stmt"/>
        <line num="50" count="2" type="stmt"/>
        <line num="51" count="2" type="stmt"/>
        <line num="53" count="2" type="stmt"/>
        <line num="54" count="2" type="stmt"/>
        <line num="56" count="2" type="stmt"/>
        <line num="67" count="1" type="stmt"/>
      </file>
      <file name="farmer.repository.js" path="C:\Annsetu-app\ANNSETU-APP-NEW\backend\modules\farmer\farmer.repository.js">
        <metrics statements="29" coveredstatements="29" conditionals="4" coveredconditionals="3" methods="13" coveredmethods="13"/>
        <line num="1" count="9" type="stmt"/>
        <line num="2" count="9" type="stmt"/>
        <line num="3" count="9" type="stmt"/>
        <line num="4" count="9" type="stmt"/>
        <line num="5" count="9" type="stmt"/>
        <line num="8" count="2" type="cond" truecount="1" falsecount="1"/>
        <line num="9" count="2" type="stmt"/>
        <line num="13" count="2" type="stmt"/>
        <line num="17" count="1" type="stmt"/>
        <line num="21" count="1" type="stmt"/>
        <line num="25" count="2" type="stmt"/>
        <line num="26" count="2" type="stmt"/>
        <line num="30" count="1" type="stmt"/>
        <line num="31" count="1" type="stmt"/>
        <line num="35" count="1" type="stmt"/>
        <line num="36" count="1" type="stmt"/>
        <line num="40" count="1" type="stmt"/>
        <line num="44" count="1" type="stmt"/>
        <line num="52" count="1" type="stmt"/>
        <line num="56" count="1" type="stmt"/>
        <line num="60" count="1" type="stmt"/>
        <line num="66" count="1" type="stmt"/>
        <line num="70" count="2" type="cond" truecount="2" falsecount="0"/>
        <line num="71" count="2" type="stmt"/>
        <line num="75" count="1" type="stmt"/>
        <line num="87" count="1" type="stmt"/>
        <line num="91" count="1" type="stmt"/>
        <line num="101" count="1" type="stmt"/>
        <line num="104" count="9" type="stmt"/>
      </file>
      <file name="farmer.routes.js" path="C:\Annsetu-app\ANNSETU-APP-NEW\backend\modules\farmer\farmer.routes.js">
        <metrics statements="19" coveredstatements="19" conditionals="0" coveredconditionals="0" methods="0" coveredmethods="0"/>
        <line num="1" count="1" type="stmt"/>
        <line num="2" count="1" type="stmt"/>
        <line num="3" count="1" type="stmt"/>
        <line num="4" count="1" type="stmt"/>
        <line num="7" count="1" type="stmt"/>
        <line num="8" count="1" type="stmt"/>
        <line num="9" count="1" type="stmt"/>
        <line num="10" count="1" type="stmt"/>
        <line num="11" count="1" type="stmt"/>
        <line num="12" count="1" type="stmt"/>
        <line num="13" count="1" type="stmt"/>
        <line num="14" count="1" type="stmt"/>
        <line num="15" count="1" type="stmt"/>
        <line num="16" count="1" type="stmt"/>
        <line num="17" count="1" type="stmt"/>
        <line num="18" count="1" type="stmt"/>
        <line num="19" count="1" type="stmt"/>
        <line num="20" count="1" type="stmt"/>
        <line num="22" count="1" type="stmt"/>
      </file>
      <file name="farmer.service.js" path="C:\Annsetu-app\ANNSETU-APP-NEW\backend\modules\farmer\farmer.service.js">
        <metrics statements="82" coveredstatements="82" conditionals="54" coveredconditionals="54" methods="7" coveredmethods="7"/>
        <line num="1" count="1" type="stmt"/>
        <line num="2" count="1" type="stmt"/>
        <line num="3" count="1" type="stmt"/>
        <line num="4" count="1" type="stmt"/>
        <line num="5" count="1" type="stmt"/>
        <line num="13" count="1" type="stmt"/>
        <line num="21" count="7" type="stmt"/>
        <line num="22" count="7" type="cond" truecount="2" falsecount="0"/>
        <line num="23" count="1" type="stmt"/>
        <line num="26" count="6" type="cond" truecount="2" falsecount="0"/>
        <line num="27" count="6" type="cond" truecount="2" falsecount="0"/>
        <line num="28" count="6" type="stmt"/>
        <line num="29" count="6" type="cond" truecount="2" falsecount="0"/>
        <line num="31" count="6" type="stmt"/>
        <line num="39" count="6" type="stmt"/>
        <line num="42" count="6" type="stmt"/>
        <line num="43" count="6" type="stmt"/>
        <line num="49" count="5" type="stmt"/>
        <line num="56" count="1" type="stmt"/>
        <line num="59" count="6" type="stmt"/>
        <line num="70" count="1" type="stmt"/>
        <line num="78" count="8" type="stmt"/>
        <line num="79" count="8" type="cond" truecount="2" falsecount="0"/>
        <line num="80" count="4" type="cond" truecount="2" falsecount="0"/>
        <line num="81" count="4" type="cond" truecount="2" falsecount="0"/>
        <line num="82" count="2" type="stmt"/>
        <line num="83" count="2" type="stmt"/>
        <line num="84" count="2" type="stmt"/>
        <line num="86" count="2" type="stmt"/>
        <line num="93" count="4" type="stmt"/>
        <line num="94" count="4" type="cond" truecount="2" falsecount="0"/>
        <line num="95" count="1" type="stmt"/>
        <line num="96" count="1" type="stmt"/>
        <line num="97" count="1" type="stmt"/>
        <line num="100" count="3" type="stmt"/>
        <line num="101" count="3" type="cond" truecount="2" falsecount="0"/>
        <line num="102" count="2" type="stmt"/>
        <line num="103" count="2" type="stmt"/>
        <line num="104" count="2" type="stmt"/>
        <line num="107" count="1" type="stmt"/>
        <line num="117" count="7" type="stmt"/>
        <line num="118" count="7" type="stmt"/>
        <line num="119" count="7" type="stmt"/>
        <line num="121" count="2" type="cond" truecount="2" falsecount="0"/>
        <line num="122" count="2" type="stmt"/>
        <line num="123" count="2" type="stmt"/>
        <line num="125" count="5" type="cond" truecount="2" falsecount="0"/>
        <line num="126" count="1" type="stmt"/>
        <line num="127" count="1" type="stmt"/>
        <line num="128" count="1" type="stmt"/>
        <line num="131" count="4" type="stmt"/>
        <line num="132" count="4" type="stmt"/>
        <line num="135" count="4" type="stmt"/>
        <line num="136" count="4" type="cond" truecount="2" falsecount="0"/>
        <line num="137" count="2" type="stmt"/>
        <line num="138" count="2" type="stmt"/>
        <line num="142" count="2" type="stmt"/>
        <line num="143" count="2" type="cond" truecount="2" falsecount="0"/>
        <line num="144" count="1" type="stmt"/>
        <line num="145" count="1" type="stmt"/>
        <line num="146" count="1" type="stmt"/>
        <line num="149" count="1" type="stmt"/>
        <line num="156" count="2" type="stmt"/>
        <line num="157" count="2" type="cond" truecount="2" falsecount="0"/>
        <line num="158" count="1" type="stmt"/>
        <line num="159" count="1" type="stmt"/>
        <line num="160" count="1" type="stmt"/>
        <line num="162" count="1" type="stmt"/>
        <line num="164" count="1" type="stmt"/>
        <line num="165" count="1" type="stmt"/>
        <line num="172" count="3" type="stmt"/>
        <line num="173" count="3" type="cond" truecount="2" falsecount="0"/>
        <line num="174" count="1" type="stmt"/>
        <line num="175" count="1" type="stmt"/>
        <line num="176" count="1" type="stmt"/>
        <line num="179" count="2" type="stmt"/>
        <line num="180" count="2" type="cond" truecount="2" falsecount="0"/>
        <line num="181" count="1" type="stmt"/>
        <line num="184" count="2" type="stmt"/>
        <line num="185" count="2" type="stmt"/>
        <line num="187" count="2" type="stmt"/>
        <line num="190" count="1" type="stmt"/>
      </file>
      <file name="farmer.validator.js" path="C:\Annsetu-app\ANNSETU-APP-NEW\backend\modules\farmer\farmer.validator.js">
        <metrics statements="13" coveredstatements="13" conditionals="13" coveredconditionals="13" methods="3" coveredmethods="3"/>
        <line num="6" count="3" type="stmt"/>
        <line num="7" count="3" type="cond" truecount="4" falsecount="0"/>
        <line num="8" count="2" type="stmt"/>
        <line num="13" count="1" type="stmt"/>
        <line num="17" count="3" type="stmt"/>
        <line num="18" count="3" type="cond" truecount="4" falsecount="0"/>
        <line num="19" count="2" type="stmt"/>
        <line num="24" count="1" type="stmt"/>
        <line num="28" count="4" type="stmt"/>
        <line num="29" count="4" type="cond" truecount="5" falsecount="0"/>
        <line num="30" count="3" type="stmt"/>
        <line num="35" count="1" type="stmt"/>
        <line num="38" count="2" type="stmt"/>
      </file>
      <file name="pdf.service.js" path="C:\Annsetu-app\ANNSETU-APP-NEW\backend\modules\farmer\pdf.service.js">
        <metrics statements="3" coveredstatements="3" conditionals="0" coveredconditionals="0" methods="0" coveredmethods="0"/>
        <line num="1" count="2" type="stmt"/>
        <line num="2" count="2" type="stmt"/>
        <line num="4" count="2" type="stmt"/>
      </file>
    </package>
    <package name="modules.farmer.controllers">
      <metrics statements="461" coveredstatements="390" conditionals="317" coveredconditionals="263" methods="24" coveredmethods="22"/>
      <file name="dateHelpers.js" path="C:\Annsetu-app\ANNSETU-APP-NEW\backend\modules\farmer\controllers\dateHelpers.js">
        <metrics statements="20" coveredstatements="20" conditionals="23" coveredconditionals="23" methods="3" coveredmethods="3"/>
        <line num="2" count="22" type="cond" truecount="5" falsecount="0"/>
        <line num="3" count="12" type="stmt"/>
        <line num="4" count="12" type="cond" truecount="2" falsecount="0"/>
        <line num="5" count="5" type="stmt"/>
        <line num="6" count="5" type="cond" truecount="2" falsecount="0"/>
        <line num="7" count="3" type="cond" truecount="4" falsecount="0"/>
        <line num="8" count="1" type="stmt"/>
        <line num="9" count="2" type="cond" truecount="2" falsecount="0"/>
        <line num="10" count="1" type="stmt"/>
        <line num="13" count="3" type="stmt"/>
        <line num="14" count="3" type="cond" truecount="2" falsecount="0"/>
        <line num="18" count="10" type="cond" truecount="2" falsecount="0"/>
        <line num="19" count="9" type="stmt"/>
        <line num="20" count="9" type="cond" truecount="2" falsecount="0"/>
        <line num="24" count="6" type="stmt"/>
        <line num="25" count="6" type="cond" truecount="2" falsecount="0"/>
        <line num="26" count="5" type="stmt"/>
        <line num="27" count="5" type="stmt"/>
        <line num="29" count="1" type="stmt"/>
        <line num="32" count="2" type="stmt"/>
      </file>
      <file name="downloadReceiptPdf.controller.js" path="C:\Annsetu-app\ANNSETU-APP-NEW\backend\modules\farmer\controllers\downloadReceiptPdf.controller.js">
        <metrics statements="29" coveredstatements="29" conditionals="13" coveredconditionals="13" methods="3" coveredmethods="3"/>
        <line num="1" count="2" type="stmt"/>
        <line num="2" count="2" type="stmt"/>
        <line num="3" count="2" type="stmt"/>
        <line num="6" count="5" type="stmt"/>
        <line num="7" count="5" type="stmt"/>
        <line num="8" count="5" type="stmt"/>
        <line num="10" count="5" type="cond" truecount="5" falsecount="0"/>
        <line num="11" count="1" type="stmt"/>
        <line num="14" count="4" type="stmt"/>
        <line num="15" count="3" type="cond" truecount="2" falsecount="0"/>
        <line num="16" count="2" type="stmt"/>
        <line num="18" count="2" type="stmt"/>
        <line num="19" count="2" type="cond" truecount="2" falsecount="0"/>
        <line num="20" count="2" type="stmt"/>
        <line num="22" count="2" type="stmt"/>
        <line num="23" count="2" type="stmt"/>
        <line num="24" count="2" type="cond" truecount="2" falsecount="0"/>
        <line num="26" count="1" type="stmt"/>
        <line num="27" count="1" type="stmt"/>
        <line num="28" count="1" type="cond" truecount="2" falsecount="0"/>
        <line num="31" count="1" type="stmt"/>
        <line num="35" count="1" type="stmt"/>
        <line num="36" count="1" type="stmt"/>
        <line num="38" count="1" type="stmt"/>
        <line num="39" count="1" type="stmt"/>
        <line num="41" count="1" type="stmt"/>
        <line num="45" count="1" type="stmt"/>
        <line num="46" count="1" type="stmt"/>
        <line num="50" count="2" type="stmt"/>
      </file>
      <file name="downloadStatement.controller.js" path="C:\Annsetu-app\ANNSETU-APP-NEW\backend\modules\farmer\controllers\downloadStatement.controller.js">
        <metrics statements="36" coveredstatements="36" conditionals="20" coveredconditionals="20" methods="3" coveredmethods="3"/>
        <line num="1" count="2" type="stmt"/>
        <line num="2" count="2" type="stmt"/>
        <line num="3" count="2" type="stmt"/>
        <line num="6" count="5" type="stmt"/>
        <line num="7" count="5" type="stmt"/>
        <line num="8" count="5" type="stmt"/>
        <line num="10" count="5" type="stmt"/>
        <line num="11" count="4" type="cond" truecount="2" falsecount="0"/>
        <line num="12" count="1" type="stmt"/>
        <line num="15" count="3" type="stmt"/>
        <line num="17" count="3" type="stmt"/>
        <line num="18" count="3" type="stmt"/>
        <line num="20" count="3" type="stmt"/>
        <line num="21" count="3" type="cond" truecount="4" falsecount="0"/>
        <line num="22" count="1" type="stmt"/>
        <line num="23" count="1" type="stmt"/>
        <line num="24" count="1" type="cond" truecount="2" falsecount="0"/>
        <line num="28" count="3" type="stmt"/>
        <line num="29" count="3" type="cond" truecount="4" falsecount="0"/>
        <line num="30" count="1" type="stmt"/>
        <line num="32" count="3" type="stmt"/>
        <line num="33" count="3" type="stmt"/>
        <line num="34" count="3" type="cond" truecount="2" falsecount="0"/>
        <line num="36" count="3" type="stmt"/>
        <line num="38" count="3" type="stmt"/>
        <line num="40" count="3" type="stmt"/>
        <line num="41" count="2" type="stmt"/>
        <line num="42" count="2" type="cond" truecount="2" falsecount="0"/>
        <line num="45" count="2" type="stmt"/>
        <line num="48" count="3" type="cond" truecount="4" falsecount="0"/>
        <line num="52" count="3" type="stmt"/>
        <line num="53" count="3" type="stmt"/>
        <line num="54" count="3" type="stmt"/>
        <line num="56" count="1" type="stmt"/>
        <line num="57" count="1" type="stmt"/>
        <line num="61" count="2" type="stmt"/>
      </file>
      <file name="downloadStatementPdf.controller.js" path="C:\Annsetu-app\ANNSETU-APP-NEW\backend\modules\farmer\controllers\downloadStatementPdf.controller.js">
        <metrics statements="47" coveredstatements="47" conditionals="30" coveredconditionals="30" methods="4" coveredmethods="4"/>
        <line num="1" count="2" type="stmt"/>
        <line num="2" count="2" type="stmt"/>
        <line num="3" count="2" type="stmt"/>
        <line num="4" count="2" type="stmt"/>
        <line num="7" count="6" type="stmt"/>
        <line num="8" count="6" type="stmt"/>
        <line num="9" count="6" type="stmt"/>
        <line num="12" count="6" type="stmt"/>
        <line num="13" count="5" type="cond" truecount="2" falsecount="0"/>
        <line num="16" count="4" type="cond" truecount="2" falsecount="0"/>
        <line num="17" count="4" type="stmt"/>
        <line num="19" count="4" type="stmt"/>
        <line num="20" count="4" type="stmt"/>
        <line num="22" count="4" type="stmt"/>
        <line num="23" count="4" type="stmt"/>
        <line num="24" count="4" type="stmt"/>
        <line num="26" count="4" type="stmt"/>
        <line num="27" count="4" type="cond" truecount="4" falsecount="0"/>
        <line num="28" count="2" type="stmt"/>
        <line num="29" count="3" type="stmt"/>
        <line num="30" count="3" type="cond" truecount="2" falsecount="0"/>
        <line num="34" count="4" type="cond" truecount="2" falsecount="0"/>
        <line num="35" count="4" type="cond" truecount="2" falsecount="0"/>
        <line num="36" count="3" type="stmt"/>
        <line num="37" count="2" type="cond" truecount="2" falsecount="0"/>
        <line num="40" count="4" type="stmt"/>
        <line num="41" count="4" type="cond" truecount="2" falsecount="0"/>
        <line num="43" count="4" type="stmt"/>
        <line num="44" count="4" type="stmt"/>
        <line num="45" count="2" type="cond" truecount="2" falsecount="0"/>
        <line num="46" count="1" type="stmt"/>
        <line num="49" count="4" type="stmt"/>
        <line num="55" count="4" type="stmt"/>
        <line num="59" count="4" type="stmt"/>
        <line num="60" count="4" type="cond" truecount="4" falsecount="0"/>
        <line num="61" count="2" type="stmt"/>
        <line num="62" count="2" type="cond" truecount="2" falsecount="0"/>
        <line num="63" count="1" type="stmt"/>
        <line num="64" count="1" type="stmt"/>
        <line num="65" count="1" type="stmt"/>
        <line num="68" count="4" type="cond" truecount="4" falsecount="0"/>
        <line num="72" count="4" type="stmt"/>
        <line num="73" count="4" type="stmt"/>
        <line num="75" count="4" type="stmt"/>
        <line num="81" count="1" type="stmt"/>
        <line num="82" count="1" type="stmt"/>
        <line num="86" count="2" type="stmt"/>
      </file>
      <file name="getFarmers.controller.js" path="C:\Annsetu-app\ANNSETU-APP-NEW\backend\modules\farmer\controllers\getFarmers.controller.js">
        <metrics statements="8" coveredstatements="8" conditionals="0" coveredconditionals="0" methods="1" coveredmethods="1"/>
        <line num="1" count="2" type="stmt"/>
        <line num="4" count="2" type="stmt"/>
        <line num="5" count="2" type="stmt"/>
        <line num="6" count="2" type="stmt"/>
        <line num="7" count="1" type="stmt"/>
        <line num="9" count="1" type="stmt"/>
        <line num="10" count="1" type="stmt"/>
        <line num="14" count="2" type="stmt"/>
      </file>
      <file name="getLedger.controller.js" path="C:\Annsetu-app\ANNSETU-APP-NEW\backend\modules\farmer\controllers\getLedger.controller.js">
        <metrics statements="8" coveredstatements="8" conditionals="0" coveredconditionals="0" methods="1" coveredmethods="1"/>
        <line num="1" count="2" type="stmt"/>
        <line num="4" count="2" type="stmt"/>
        <line num="5" count="2" type="stmt"/>
        <line num="6" count="2" type="stmt"/>
        <line num="7" count="1" type="stmt"/>
        <line num="9" count="1" type="stmt"/>
        <line num="10" count="1" type="stmt"/>
        <line num="14" count="2" type="stmt"/>
      </file>
      <file name="loginMpin.controller.js" path="C:\Annsetu-app\ANNSETU-APP-NEW\backend\modules\farmer\controllers\loginMpin.controller.js">
        <metrics statements="48" coveredstatements="36" conditionals="48" coveredconditionals="30" methods="1" coveredmethods="1"/>
        <line num="1" count="2" type="stmt"/>
        <line num="2" count="2" type="stmt"/>
        <line num="3" count="2" type="stmt"/>
        <line num="4" count="2" type="stmt"/>
        <line num="5" count="2" type="stmt"/>
        <line num="8" count="15" type="stmt"/>
        <line num="9" count="15" type="cond" truecount="4" falsecount="0"/>
        <line num="10" count="1" type="stmt"/>
        <line num="13" count="14" type="stmt"/>
        <line num="14" count="14" type="cond" truecount="2" falsecount="0"/>
        <line num="16" count="14" type="cond" truecount="2" falsecount="0"/>
        <line num="18" count="6" type="stmt"/>
        <line num="19" count="6" type="cond" truecount="2" falsecount="0"/>
        <line num="20" count="5" type="cond" truecount="2" falsecount="0"/>
        <line num="21" count="1" type="stmt"/>
        <line num="23" count="4" type="stmt"/>
        <line num="24" count="4" type="cond" truecount="2" falsecount="0"/>
        <line num="25" count="2" type="stmt"/>
        <line num="30" count="2" type="stmt"/>
        <line num="40" count="3" type="stmt"/>
        <line num="41" count="3" type="cond" truecount="1" falsecount="1"/>
        <line num="42" count="0" type="cond" truecount="0" falsecount="2"/>
        <line num="43" count="0" type="stmt"/>
        <line num="45" count="0" type="cond" truecount="0" falsecount="2"/>
        <line num="46" count="0" type="cond" truecount="0" falsecount="4"/>
        <line num="47" count="0" type="stmt"/>
        <line num="52" count="0" type="stmt"/>
        <line num="62" count="8" type="stmt"/>
        <line num="63" count="7" type="cond" truecount="2" falsecount="0"/>
        <line num="64" count="6" type="cond" truecount="2" falsecount="0"/>
        <line num="65" count="1" type="stmt"/>
        <line num="67" count="5" type="cond" truecount="2" falsecount="0"/>
        <line num="68" count="5" type="cond" truecount="4" falsecount="0"/>
        <line num="69" count="3" type="stmt"/>
        <line num="74" count="3" type="stmt"/>
        <line num="81" count="2" type="stmt"/>
        <line num="85" count="1" type="stmt"/>
        <line num="86" count="1" type="cond" truecount="1" falsecount="1"/>
        <line num="87" count="0" type="cond" truecount="0" falsecount="2"/>
        <line num="88" count="0" type="stmt"/>
        <line num="90" count="0" type="stmt"/>
        <line num="91" count="0" type="cond" truecount="0" falsecount="2"/>
        <line num="92" count="0" type="stmt"/>
        <line num="97" count="0" type="stmt"/>
        <line num="107" count="4" type="stmt"/>
        <line num="109" count="1" type="stmt"/>
        <line num="110" count="1" type="stmt"/>
        <line num="114" count="2" type="stmt"/>
      </file>
      <file name="mpinHelpers.js" path="C:\Annsetu-app\ANNSETU-APP-NEW\backend\modules\farmer\controllers\mpinHelpers.js">
        <metrics statements="2" coveredstatements="2" conditionals="0" coveredconditionals="0" methods="0" coveredmethods="0"/>
        <line num="1" count="2" type="stmt"/>
        <line num="3" count="2" type="stmt"/>
      </file>
      <file name="otpStore.js" path="C:\Annsetu-app\ANNSETU-APP-NEW\backend\modules\farmer\controllers\otpStore.js">
        <metrics statements="2" coveredstatements="2" conditionals="0" coveredconditionals="0" methods="0" coveredmethods="0"/>
        <line num="3" count="2" type="stmt"/>
        <line num="5" count="2" type="stmt"/>
      </file>
      <file name="registerFarmer.controller.js" path="C:\Annsetu-app\ANNSETU-APP-NEW\backend\modules\farmer\controllers\registerFarmer.controller.js">
        <metrics statements="24" coveredstatements="24" conditionals="38" coveredconditionals="38" methods="1" coveredmethods="1"/>
        <line num="1" count="2" type="stmt"/>
        <line num="2" count="2" type="stmt"/>
        <line num="5" count="8" type="stmt"/>
        <line num="6" count="8" type="cond" truecount="4" falsecount="0"/>
        <line num="7" count="2" type="stmt"/>
        <line num="9" count="6" type="cond" truecount="2" falsecount="0"/>
        <line num="10" count="1" type="stmt"/>
        <line num="13" count="5" type="stmt"/>
        <line num="14" count="5" type="cond" truecount="2" falsecount="0"/>
        <line num="15" count="5" type="cond" truecount="2" falsecount="0"/>
        <line num="16" count="5" type="stmt"/>
        <line num="18" count="5" type="cond" truecount="2" falsecount="0"/>
        <line num="20" count="5" type="stmt"/>
        <line num="26" count="5" type="stmt"/>
        <line num="28" count="2" type="stmt"/>
        <line num="29" count="2" type="stmt"/>
        <line num="30" count="2" type="stmt"/>
        <line num="37" count="1" type="stmt"/>
        <line num="41" count="1" type="stmt"/>
        <line num="43" count="2" type="stmt"/>
        <line num="48" count="3" type="stmt"/>
        <line num="49" count="3" type="cond" truecount="2" falsecount="0"/>
        <line num="50" count="2" type="cond" truecount="2" falsecount="0"/>
        <line num="54" count="2" type="stmt"/>
      </file>
      <file name="resetMpin.controller.js" path="C:\Annsetu-app\ANNSETU-APP-NEW\backend\modules\farmer\controllers\resetMpin.controller.js">
        <metrics statements="32" coveredstatements="32" conditionals="18" coveredconditionals="17" methods="1" coveredmethods="1"/>
        <line num="1" count="2" type="stmt"/>
        <line num="2" count="2" type="stmt"/>
        <line num="3" count="2" type="stmt"/>
        <line num="4" count="2" type="stmt"/>
        <line num="5" count="2" type="stmt"/>
        <line num="6" count="2" type="stmt"/>
        <line num="9" count="8" type="stmt"/>
        <line num="10" count="8" type="cond" truecount="5" falsecount="0"/>
        <line num="11" count="1" type="stmt"/>
        <line num="13" count="7" type="cond" truecount="2" falsecount="0"/>
        <line num="14" count="1" type="stmt"/>
        <line num="17" count="6" type="stmt"/>
        <line num="20" count="6" type="stmt"/>
        <line num="22" count="6" type="cond" truecount="5" falsecount="0"/>
        <line num="23" count="2" type="stmt"/>
        <line num="27" count="4" type="cond" truecount="1" falsecount="1"/>
        <line num="28" count="4" type="stmt"/>
        <line num="31" count="4" type="stmt"/>
        <line num="32" count="4" type="stmt"/>
        <line num="33" count="3" type="cond" truecount="2" falsecount="0"/>
        <line num="34" count="1" type="stmt"/>
        <line num="35" count="1" type="stmt"/>
        <line num="36" count="1" type="stmt"/>
        <line num="39" count="2" type="stmt"/>
        <line num="40" count="2" type="cond" truecount="2" falsecount="0"/>
        <line num="41" count="1" type="stmt"/>
        <line num="44" count="1" type="stmt"/>
        <line num="45" count="1" type="stmt"/>
        <line num="47" count="1" type="stmt"/>
        <line num="49" count="1" type="stmt"/>
        <line num="50" count="1" type="stmt"/>
        <line num="54" count="2" type="stmt"/>
      </file>
      <file name="sendProfileOtp.controller.js" path="C:\Annsetu-app\ANNSETU-APP-NEW\backend\modules\farmer\controllers\sendProfileOtp.controller.js">
        <metrics statements="53" coveredstatements="50" conditionals="38" coveredconditionals="36" methods="1" coveredmethods="1"/>
        <line num="1" count="2" type="stmt"/>
        <line num="2" count="2" type="stmt"/>
        <line num="3" count="2" type="stmt"/>
        <line num="4" count="2" type="stmt"/>
        <line num="5" count="2" type="stmt"/>
        <line num="8" count="8" type="stmt"/>
        <line num="9" count="8" type="cond" truecount="5" falsecount="0"/>
        <line num="10" count="1" type="stmt"/>
        <line num="12" count="7" type="cond" truecount="4" falsecount="0"/>
        <line num="13" count="1" type="stmt"/>
        <line num="16" count="6" type="stmt"/>
        <line num="18" count="6" type="stmt"/>
        <line num="21" count="6" type="cond" truecount="2" falsecount="0"/>
        <line num="26" count="6" type="stmt"/>
        <line num="27" count="5" type="cond" truecount="2" falsecount="0"/>
        <line num="28" count="1" type="stmt"/>
        <line num="32" count="4" type="cond" truecount="2" falsecount="0"/>
        <line num="33" count="4" type="cond" truecount="2" falsecount="0"/>
        <line num="36" count="4" type="stmt"/>
        <line num="39" count="4" type="stmt"/>
        <line num="42" count="4" type="stmt"/>
        <line num="44" count="4" type="stmt"/>
        <line num="45" count="4" type="stmt"/>
        <line num="46" count="4" type="stmt"/>
        <line num="49" count="4" type="cond" truecount="2" falsecount="0"/>
        <line num="50" count="3" type="stmt"/>
        <line num="51" count="3" type="stmt"/>
        <line num="52" count="3" type="cond" truecount="5" falsecount="0"/>
        <line num="53" count="2" type="stmt"/>
        <line num="54" count="2" type="stmt"/>
        <line num="55" count="1" type="stmt"/>
        <line num="58" count="1" type="stmt"/>
        <line num="59" count="1" type="stmt"/>
        <line num="64" count="4" type="cond" truecount="2" falsecount="0"/>
        <line num="65" count="1" type="stmt"/>
        <line num="66" count="1" type="stmt"/>
        <line num="67" count="1" type="stmt"/>
        <line num="68" count="1" type="cond" truecount="3" falsecount="1"/>
        <line num="69" count="1" type="stmt"/>
        <line num="70" count="1" type="stmt"/>
        <line num="71" count="1" type="stmt"/>
        <line num="72" count="1" type="stmt"/>
        <line num="75" count="0" type="stmt"/>
        <line num="76" count="0" type="stmt"/>
        <line num="81" count="4" type="cond" truecount="4" falsecount="0"/>
        <line num="82" count="2" type="stmt"/>
        <line num="83" count="2" type="cond" truecount="1" falsecount="1"/>
        <line num="84" count="0" type="stmt"/>
        <line num="91" count="2" type="stmt"/>
        <line num="95" count="2" type="stmt"/>
        <line num="97" count="3" type="stmt"/>
        <line num="98" count="3" type="cond" truecount="2" falsecount="0"/>
        <line num="102" count="2" type="stmt"/>
      </file>
      <file name="sendRegistrationOtp.controller.js" path="C:\Annsetu-app\ANNSETU-APP-NEW\backend\modules\farmer\controllers\sendRegistrationOtp.controller.js">
        <metrics statements="38" coveredstatements="4" conditionals="18" coveredconditionals="0" methods="1" coveredmethods="0"/>
        <line num="1" count="1" type="stmt"/>
        <line num="2" count="1" type="stmt"/>
        <line num="3" count="1" type="stmt"/>
        <line num="6" count="0" type="stmt"/>
        <line num="7" count="0" type="cond" truecount="0" falsecount="2"/>
        <line num="8" count="0" type="stmt"/>
        <line num="11" count="0" type="stmt"/>
        <line num="12" count="0" type="stmt"/>
        <line num="13" count="0" type="cond" truecount="0" falsecount="2"/>
        <line num="14" count="0" type="stmt"/>
        <line num="18" count="0" type="stmt"/>
        <line num="21" count="0" type="stmt"/>
        <line num="26" count="0" type="stmt"/>
        <line num="27" count="0" type="stmt"/>
        <line num="28" count="0" type="stmt"/>
        <line num="31" count="0" type="stmt"/>
        <line num="32" count="0" type="stmt"/>
        <line num="33" count="0" type="stmt"/>
        <line num="34" count="0" type="stmt"/>
        <line num="36" count="0" type="stmt"/>
        <line num="37" count="0" type="stmt"/>
        <line num="41" count="0" type="cond" truecount="0" falsecount="4"/>
        <line num="42" count="0" type="stmt"/>
        <line num="43" count="0" type="stmt"/>
        <line num="44" count="0" type="cond" truecount="0" falsecount="4"/>
        <line num="45" count="0" type="stmt"/>
        <line num="46" count="0" type="stmt"/>
        <line num="47" count="0" type="stmt"/>
        <line num="48" count="0" type="stmt"/>
        <line num="49" count="0" type="stmt"/>
        <line num="51" count="0" type="stmt"/>
        <line num="52" count="0" type="stmt"/>
        <line num="58" count="0" type="cond" truecount="0" falsecount="4"/>
        <line num="59" count="0" type="stmt"/>
        <line num="68" count="0" type="stmt"/>
        <line num="70" count="0" type="stmt"/>
        <line num="71" count="0" type="stmt"/>
        <line num="75" count="1" type="stmt"/>
      </file>
      <file name="sendResetOtp.controller.js" path="C:\Annsetu-app\ANNSETU-APP-NEW\backend\modules\farmer\controllers\sendResetOtp.controller.js">
        <metrics statements="51" coveredstatements="47" conditionals="24" coveredconditionals="19" methods="1" coveredmethods="1"/>
        <line num="1" count="2" type="stmt"/>
        <line num="2" count="2" type="stmt"/>
        <line num="3" count="2" type="stmt"/>
        <line num="4" count="2" type="stmt"/>
        <line num="5" count="2" type="stmt"/>
        <line num="8" count="4" type="stmt"/>
        <line num="9" count="4" type="cond" truecount="2" falsecount="0"/>
        <line num="10" count="1" type="stmt"/>
        <line num="13" count="3" type="stmt"/>
        <line num="14" count="3" type="stmt"/>
        <line num="17" count="3" type="stmt"/>
        <line num="18" count="3" type="stmt"/>
        <line num="19" count="3" type="stmt"/>
        <line num="22" count="3" type="cond" truecount="2" falsecount="0"/>
        <line num="23" count="2" type="stmt"/>
        <line num="27" count="2" type="cond" truecount="2" falsecount="0"/>
        <line num="28" count="1" type="stmt"/>
        <line num="29" count="1" type="stmt"/>
        <line num="33" count="3" type="cond" truecount="2" falsecount="0"/>
        <line num="34" count="1" type="stmt"/>
        <line num="37" count="2" type="cond" truecount="1" falsecount="1"/>
        <line num="38" count="0" type="stmt"/>
        <line num="42" count="2" type="stmt"/>
        <line num="45" count="2" type="stmt"/>
        <line num="50" count="2" type="stmt"/>
        <line num="51" count="2" type="stmt"/>
        <line num="52" count="2" type="stmt"/>
        <line num="55" count="2" type="stmt"/>
        <line num="56" count="2" type="stmt"/>
        <line num="57" count="2" type="stmt"/>
        <line num="58" count="0" type="stmt"/>
        <line num="60" count="2" type="stmt"/>
        <line num="61" count="2" type="stmt"/>
        <line num="65" count="2" type="cond" truecount="1" falsecount="1"/>
        <line num="66" count="2" type="cond" truecount="1" falsecount="1"/>
        <line num="67" count="2" type="stmt"/>
        <line num="68" count="2" type="stmt"/>
        <line num="69" count="2" type="stmt"/>
        <line num="70" count="2" type="cond" truecount="3" falsecount="1"/>
        <line num="71" count="2" type="stmt"/>
        <line num="72" count="2" type="stmt"/>
        <line num="73" count="2" type="stmt"/>
        <line num="74" count="1" type="stmt"/>
        <line num="77" count="1" type="stmt"/>
        <line num="78" count="1" type="stmt"/>
        <line num="83" count="2" type="cond" truecount="4" falsecount="0"/>
        <line num="84" count="1" type="stmt"/>
        <line num="93" count="2" type="stmt"/>
        <line num="95" count="0" type="stmt"/>
        <line num="96" count="0" type="stmt"/>
        <line num="100" count="2" type="stmt"/>
      </file>
      <file name="updateFarmer.controller.js" path="C:\Annsetu-app\ANNSETU-APP-NEW\backend\modules\farmer\controllers\updateFarmer.controller.js">
        <metrics statements="20" coveredstatements="20" conditionals="16" coveredconditionals="16" methods="1" coveredmethods="1"/>
        <line num="1" count="2" type="stmt"/>
        <line num="2" count="2" type="stmt"/>
        <line num="5" count="5" type="stmt"/>
        <line num="8" count="5" type="cond" truecount="4" falsecount="0"/>
        <line num="9" count="1" type="stmt"/>
        <line num="12" count="4" type="stmt"/>
        <line num="14" count="4" type="stmt"/>
        <line num="15" count="4" type="stmt"/>
        <line num="16" count="3" type="cond" truecount="2" falsecount="0"/>
        <line num="17" count="1" type="stmt"/>
        <line num="20" count="2" type="cond" truecount="2" falsecount="0"/>
        <line num="21" count="2" type="cond" truecount="2" falsecount="0"/>
        <line num="22" count="2" type="cond" truecount="2" falsecount="0"/>
        <line num="23" count="2" type="cond" truecount="2" falsecount="0"/>
        <line num="24" count="2" type="cond" truecount="2" falsecount="0"/>
        <line num="26" count="2" type="stmt"/>
        <line num="30" count="2" type="stmt"/>
        <line num="32" count="1" type="stmt"/>
        <line num="33" count="1" type="stmt"/>
        <line num="37" count="2" type="stmt"/>
      </file>
      <file name="verifyAndUpdateProfile.controller.js" path="C:\Annsetu-app\ANNSETU-APP-NEW\backend\modules\farmer\controllers\verifyAndUpdateProfile.controller.js">
        <metrics statements="23" coveredstatements="23" conditionals="21" coveredconditionals="21" methods="1" coveredmethods="1"/>
        <line num="1" count="2" type="stmt"/>
        <line num="2" count="2" type="stmt"/>
        <line num="3" count="2" type="stmt"/>
        <line num="6" count="7" type="stmt"/>
        <line num="7" count="7" type="cond" truecount="6" falsecount="0"/>
        <line num="8" count="1" type="stmt"/>
        <line num="11" count="6" type="stmt"/>
        <line num="12" count="6" type="cond" truecount="2" falsecount="0"/>
        <line num="17" count="6" type="stmt"/>
        <line num="19" count="5" type="cond" truecount="5" falsecount="0"/>
        <line num="20" count="2" type="stmt"/>
        <line num="25" count="3" type="stmt"/>
        <line num="26" count="3" type="cond" truecount="2" falsecount="0"/>
        <line num="27" count="1" type="stmt"/>
        <line num="30" count="2" type="cond" truecount="2" falsecount="0"/>
        <line num="31" count="2" type="cond" truecount="2" falsecount="0"/>
        <line num="32" count="2" type="cond" truecount="2" falsecount="0"/>
        <line num="34" count="2" type="stmt"/>
        <line num="37" count="2" type="stmt"/>
        <line num="39" count="2" type="stmt"/>
        <line num="41" count="1" type="stmt"/>
        <line num="42" count="1" type="stmt"/>
        <line num="46" count="2" type="stmt"/>
      </file>
      <file name="verifyRegistrationOtp.controller.js" path="C:\Annsetu-app\ANNSETU-APP-NEW\backend\modules\farmer\controllers\verifyRegistrationOtp.controller.js">
        <metrics statements="20" coveredstatements="2" conditionals="10" coveredconditionals="0" methods="1" coveredmethods="0"/>
        <line num="1" count="1" type="stmt"/>
        <line num="4" count="0" type="stmt"/>
        <line num="5" count="0" type="cond" truecount="0" falsecount="4"/>
        <line num="6" count="0" type="stmt"/>
        <line num="9" count="0" type="stmt"/>
        <line num="10" count="0" type="stmt"/>
        <line num="11" count="0" type="stmt"/>
        <line num="14" count="0" type="stmt"/>
        <line num="15" count="0" type="cond" truecount="0" falsecount="2"/>
        <line num="16" count="0" type="stmt"/>
        <line num="19" count="0" type="cond" truecount="0" falsecount="2"/>
        <line num="20" count="0" type="stmt"/>
        <line num="21" count="0" type="stmt"/>
        <line num="24" count="0" type="cond" truecount="0" falsecount="2"/>
        <line num="25" count="0" type="stmt"/>
        <line num="29" count="0" type="stmt"/>
        <line num="31" count="0" type="stmt"/>
        <line num="33" count="0" type="stmt"/>
        <line num="34" count="0" type="stmt"/>
        <line num="38" count="1" type="stmt"/>
      </file>
    </package>
    <package name="modules.farmer.pdf">
      <metrics statements="222" coveredstatements="222" conditionals="133" coveredconditionals="133" methods="26" coveredmethods="26"/>
      <file name="pdfHelpers.js" path="C:\Annsetu-app\ANNSETU-APP-NEW\backend\modules\farmer\pdf\pdfHelpers.js">
        <metrics statements="37" coveredstatements="37" conditionals="38" coveredconditionals="38" methods="3" coveredmethods="3"/>
        <line num="1" count="2" type="stmt"/>
        <line num="2" count="2" type="stmt"/>
        <line num="5" count="28" type="stmt"/>
        <line num="7" count="28" type="stmt"/>
        <line num="8" count="28" type="stmt"/>
        <line num="10" count="28" type="cond" truecount="2" falsecount="0"/>
        <line num="11" count="26" type="stmt"/>
        <line num="12" count="2" type="cond" truecount="2" falsecount="0"/>
        <line num="13" count="1" type="stmt"/>
        <line num="15" count="1" type="stmt"/>
        <line num="16" count="1" type="stmt"/>
        <line num="19" count="28" type="stmt"/>
        <line num="20" count="28" type="stmt"/>
        <line num="22" count="28" type="stmt"/>
        <line num="26" count="4" type="stmt"/>
        <line num="27" count="4" type="stmt"/>
        <line num="28" count="5" type="stmt"/>
        <line num="29" count="5" type="stmt"/>
        <line num="31" count="5" type="stmt"/>
        <line num="33" count="5" type="stmt"/>
        <line num="34" count="5" type="stmt"/>
        <line num="35" count="5" type="stmt"/>
        <line num="37" count="5" type="stmt"/>
        <line num="42" count="7" type="stmt"/>
        <line num="43" count="7" type="stmt"/>
        <line num="45" count="7" type="stmt"/>
        <line num="46" count="7" type="stmt"/>
        <line num="47" count="24" type="stmt"/>
        <line num="49" count="7" type="stmt"/>
        <line num="51" count="7" type="cond" truecount="4" falsecount="0"/>
        <line num="52" count="7" type="cond" truecount="4" falsecount="0"/>
        <line num="54" count="7" type="stmt"/>
        <line num="55" count="7" type="cond" truecount="4" falsecount="0"/>
        <line num="57" count="7" type="cond" truecount="4" falsecount="0"/>
        <line num="58" count="7" type="cond" truecount="4" falsecount="0"/>
        <line num="60" count="7" type="stmt"/>
        <line num="75" count="2" type="stmt"/>
      </file>
      <file name="pdfReceipt.js" path="C:\Annsetu-app\ANNSETU-APP-NEW\backend\modules\farmer\pdf\pdfReceipt.js">
        <metrics statements="55" coveredstatements="55" conditionals="36" coveredconditionals="36" methods="4" coveredmethods="4"/>
        <line num="1" count="2" type="stmt"/>
        <line num="2" count="2" type="stmt"/>
        <line num="3" count="2" type="stmt"/>
        <line num="6" count="3" type="stmt"/>
        <line num="7" count="3" type="stmt"/>
        <line num="8" count="3" type="stmt"/>
        <line num="10" count="3" type="stmt"/>
        <line num="11" count="3" type="stmt"/>
        <line num="12" count="3" type="stmt"/>
        <line num="13" count="3" type="stmt"/>
        <line num="15" count="3" type="stmt"/>
        <line num="16" count="3" type="stmt"/>
        <line num="18" count="3" type="stmt"/>
        <line num="19" count="3" type="stmt"/>
        <line num="20" count="3" type="stmt"/>
        <line num="21" count="3" type="stmt"/>
        <line num="22" count="3" type="cond" truecount="2" falsecount="0"/>
        <line num="23" count="3" type="cond" truecount="2" falsecount="0"/>
        <line num="24" count="3" type="cond" truecount="2" falsecount="0"/>
        <line num="26" count="3" type="stmt"/>
        <line num="27" count="3" type="stmt"/>
        <line num="28" count="3" type="stmt"/>
        <line num="29" count="3" type="cond" truecount="2" falsecount="0"/>
        <line num="30" count="3" type="cond" truecount="2" falsecount="0"/>
        <line num="31" count="3" type="cond" truecount="2" falsecount="0"/>
        <line num="32" count="3" type="stmt"/>
        <line num="34" count="3" type="stmt"/>
        <line num="35" count="3" type="stmt"/>
        <line num="37" count="3" type="stmt"/>
        <line num="38" count="3" type="stmt"/>
        <line num="39" count="3" type="stmt"/>
        <line num="40" count="3" type="stmt"/>
        <line num="41" count="3" type="stmt"/>
        <line num="43" count="3" type="stmt"/>
        <line num="51" count="3" type="stmt"/>
        <line num="52" count="18" type="stmt"/>
        <line num="53" count="18" type="cond" truecount="6" falsecount="0"/>
        <line num="56" count="3" type="stmt"/>
        <line num="63" count="3" type="stmt"/>
        <line num="64" count="15" type="stmt"/>
        <line num="65" count="15" type="cond" truecount="2" falsecount="0"/>
        <line num="68" count="3" type="stmt"/>
        <line num="69" count="3" type="stmt"/>
        <line num="70" count="3" type="stmt"/>
        <line num="71" count="3" type="stmt"/>
        <line num="73" count="3" type="stmt"/>
        <line num="74" count="3" type="stmt"/>
        <line num="75" count="3" type="stmt"/>
        <line num="76" count="3" type="stmt"/>
        <line num="77" count="3" type="stmt"/>
        <line num="78" count="3" type="stmt"/>
        <line num="88" count="3" type="stmt"/>
        <line num="89" count="3" type="stmt"/>
        <line num="90" count="3" type="stmt"/>
        <line num="93" count="2" type="stmt"/>
      </file>
      <file name="pdfStatement.js" path="C:\Annsetu-app\ANNSETU-APP-NEW\backend\modules\farmer\pdf\pdfStatement.js">
        <metrics statements="35" coveredstatements="35" conditionals="10" coveredconditionals="10" methods="3" coveredmethods="3"/>
        <line num="1" count="2" type="stmt"/>
        <line num="2" count="2" type="stmt"/>
        <line num="3" count="2" type="stmt"/>
        <line num="6" count="22" type="stmt"/>
        <line num="7" count="22" type="stmt"/>
        <line num="8" count="22" type="stmt"/>
        <line num="10" count="22" type="stmt"/>
        <line num="13" count="22" type="stmt"/>
        <line num="14" count="22" type="stmt"/>
        <line num="17" count="22" type="stmt"/>
        <line num="19" count="22" type="stmt"/>
        <line num="20" count="22" type="stmt"/>
        <line num="21" count="22" type="stmt"/>
        <line num="27" count="22" type="stmt"/>
        <line num="28" count="22" type="stmt"/>
        <line num="29" count="88" type="stmt"/>
        <line num="30" count="88" type="stmt"/>
        <line num="31" count="88" type="stmt"/>
        <line num="35" count="22" type="stmt"/>
        <line num="36" count="22" type="stmt"/>
        <line num="37" count="22" type="stmt"/>
        <line num="38" count="22" type="cond" truecount="2" falsecount="0"/>
        <line num="39" count="22" type="stmt"/>
        <line num="40" count="22" type="stmt"/>
        <line num="43" count="22" type="stmt"/>
        <line num="44" count="22" type="stmt"/>
        <line num="45" count="22" type="stmt"/>
        <line num="46" count="22" type="stmt"/>
        <line num="47" count="22" type="stmt"/>
        <line num="48" count="22" type="stmt"/>
        <line num="51" count="22" type="stmt"/>
        <line num="52" count="22" type="stmt"/>
        <line num="53" count="22" type="stmt"/>
        <line num="57" count="22" type="stmt"/>
        <line num="60" count="2" type="stmt"/>
      </file>
      <file name="pdfStatementTables.js" path="C:\Annsetu-app\ANNSETU-APP-NEW\backend\modules\farmer\pdf\pdfStatementTables.js">
        <metrics statements="49" coveredstatements="49" conditionals="37" coveredconditionals="37" methods="8" coveredmethods="8"/>
        <line num="1" count="2" type="stmt"/>
        <line num="4" count="22" type="stmt"/>
        <line num="5" count="22" type="stmt"/>
        <line num="6" count="22" type="stmt"/>
        <line num="8" count="725" type="stmt"/>
        <line num="10" count="22" type="stmt"/>
        <line num="16" count="22" type="stmt"/>
        <line num="17" count="22" type="stmt"/>
[...]
        <line num="4" count="2" type="stmt"/>
        <line num="5" count="2" type="stmt"/>
        <line num="9" count="2" type="stmt"/>
        <line num="10" count="2" type="stmt"/>
        <line num="13" count="5" type="stmt"/>
      </file>
      <file name="user-role.routes.js" path="C:\Annsetu-app\ANNSETU-APP-NEW\backend\modules\user-role\user-role.routes.js">
        <metrics statements="6" coveredstatements="6" conditionals="0" coveredconditionals="0" methods="0" coveredmethods="0"/>
        <line num="1" count="2" type="stmt"/>
        <line num="2" count="2" type="stmt"/>
        <line num="3" count="2" type="stmt"/>
        <line num="4" count="2" type="stmt"/>
        <line num="6" count="2" type="stmt"/>
        <line num="8" count="2" type="stmt"/>
      </file>
      <file name="user-role.service.js" path="C:\Annsetu-app\ANNSETU-APP-NEW\backend\modules\user-role\user-role.service.js">
        <metrics statements="8" coveredstatements="8" conditionals="4" coveredconditionals="4" methods="1" coveredmethods="1"/>
        <line num="1" count="4" type="stmt"/>
        <line num="4" count="3" type="stmt"/>
        <line num="6" count="3" type="stmt"/>
        <line num="7" count="3" type="cond" truecount="2" falsecount="0"/>
        <line num="9" count="2" type="stmt"/>
        <line num="10" count="2" type="cond" truecount="2" falsecount="0"/>
        <line num="12" count="1" type="stmt"/>
        <line num="15" count="4" type="stmt"/>
      </file>
      <file name="user-role.validator.js" path="C:\Annsetu-app\ANNSETU-APP-NEW\backend\modules\user-role\user-role.validator.js">
        <metrics statements="5" coveredstatements="5" conditionals="2" coveredconditionals="2" methods="1" coveredmethods="1"/>
        <line num="2" count="2" type="stmt"/>
        <line num="3" count="2" type="cond" truecount="2" falsecount="0"/>
        <line num="4" count="1" type="stmt"/>
        <line num="6" count="1" type="stmt"/>
        <line num="9" count="3" type="stmt"/>
      </file>
    </package>
    <package name="modules.weather">
      <metrics statements="36" coveredstatements="36" conditionals="38" coveredconditionals="38" methods="3" coveredmethods="3"/>
      <file name="weather.controller.js" path="C:\Annsetu-app\ANNSETU-APP-NEW\backend\modules\weather\weather.controller.js">
        <metrics statements="11" coveredstatements="11" conditionals="6" coveredconditionals="6" methods="1" coveredmethods="1"/>
        <line num="1" count="3" type="stmt"/>
        <line num="4" count="5" type="cond" truecount="2" falsecount="0"/>
        <line num="5" count="5" type="stmt"/>
        <line num="7" count="5" type="cond" truecount="4" falsecount="0"/>
        <line num="8" count="2" type="stmt"/>
        <line num="14" count="3" type="stmt"/>
        <line num="15" count="3" type="stmt"/>
        <line num="16" count="2" type="stmt"/>
        <line num="21" count="1" type="stmt"/>
        <line num="22" count="1" type="stmt"/>
        <line num="29" count="3" type="stmt"/>
      </file>
      <file name="weather.routes.js" path="C:\Annsetu-app\ANNSETU-APP-NEW\backend\modules\weather\weather.routes.js">
        <metrics statements="5" coveredstatements="5" conditionals="0" coveredconditionals="0" methods="0" coveredmethods="0"/>
        <line num="1" count="2" type="stmt"/>
        <line num="2" count="2" type="stmt"/>
        <line num="3" count="2" type="stmt"/>
        <line num="5" count="2" type="stmt"/>
        <line num="7" count="2" type="stmt"/>
      </file>
      <file name="weather.service.js" path="C:\Annsetu-app\ANNSETU-APP-NEW\backend\modules\weather\weather.service.js">
        <metrics statements="20" coveredstatements="20" conditionals="32" coveredconditionals="32" methods="2" coveredmethods="2"/>
        <line num="1" count="8" type="stmt"/>
        <line num="3" count="8" type="cond" truecount="2" falsecount="0"/>
        <line num="4" count="8" type="stmt"/>
        <line num="5" count="8" type="stmt"/>
        <line num="8" count="6" type="stmt"/>
        <line num="9" count="6" type="stmt"/>
        <line num="11" count="6" type="cond" truecount="4" falsecount="0"/>
        <line num="12" count="1" type="stmt"/>
        <line num="13" count="1" type="stmt"/>
        <line num="16" count="5" type="stmt"/>
        <line num="18" count="5" type="stmt"/>
        <line num="29" count="5" type="stmt"/>
        <line num="30" count="5" type="cond" truecount="2" falsecount="0"/>
        <line num="31" count="1" type="stmt"/>
        <line num="34" count="4" type="cond" truecount="2" falsecount="0"/>
        <line num="38" count="4" type="cond" truecount="2" falsecount="0"/>
        <line num="46" count="4" type="stmt"/>
        <line num="56" count="4" type="stmt"/>
        <line num="57" count="4" type="stmt"/>
        <line num="60" count="8" type="stmt"/>
      </file>
    </package>
    <package name="shared">
      <metrics statements="4" coveredstatements="4" conditionals="0" coveredconditionals="0" methods="0" coveredmethods="0"/>
      <file name="mocks.js" path="C:\Annsetu-app\ANNSETU-APP-NEW\backend\shared\mocks.js">
        <metrics statements="4" coveredstatements="4" conditionals="0" coveredconditionals="0" methods="0" coveredmethods="0"/>
        <line num="3" count="1" type="stmt"/>
        <line num="7" count="1" type="stmt"/>
        <line num="12" count="1" type="stmt"/>
        <line num="19" count="1" type="stmt"/>
      </file>
    </package>
    <package name="shared.middleware">
      <metrics statements="41" coveredstatements="37" conditionals="26" coveredconditionals="24" methods="3" coveredmethods="3"/>
      <file name="auth.middleware.js" path="C:\Annsetu-app\ANNSETU-APP-NEW\backend\shared\middleware\auth.middleware.js">
        <metrics statements="41" coveredstatements="37" conditionals="26" coveredconditionals="24" methods="3" coveredmethods="3"/>
        <line num="1" count="1" type="stmt"/>
        <line num="2" count="1" type="stmt"/>
        <line num="3" count="1" type="stmt"/>
        <line num="5" count="1" type="stmt"/>
        <line num="22" count="5" type="stmt"/>
        <line num="23" count="5" type="cond" truecount="4" falsecount="0"/>
        <line num="24" count="1" type="stmt"/>
        <line num="26" count="4" type="stmt"/>
        <line num="27" count="4" type="stmt"/>
        <line num="34" count="2" type="cond" truecount="4" falsecount="0"/>
        <line num="35" count="1" type="stmt"/>
        <line num="37" count="1" type="stmt"/>
        <line num="39" count="2" type="stmt"/>
        <line num="43" count="1" type="stmt"/>
        <line num="44" count="17" type="stmt"/>
        <line num="46" count="17" type="stmt"/>
        <line num="47" count="185" type="cond" truecount="2" falsecount="0"/>
        <line num="48" count="1" type="stmt"/>
        <line num="50" count="184" type="cond" truecount="2" falsecount="0"/>
        <line num="53" count="17" type="cond" truecount="2" falsecount="0"/>
        <line num="54" count="6" type="stmt"/>
        <line num="57" count="11" type="stmt"/>
        <line num="58" count="11" type="cond" truecount="4" falsecount="0"/>
        <line num="59" count="3" type="cond" truecount="1" falsecount="1"/>
        <line num="60" count="0" type="stmt"/>
        <line num="61" count="0" type="stmt"/>
        <line num="63" count="3" type="stmt"/>
        <line num="66" count="8" type="stmt"/>
        <line num="67" count="8" type="stmt"/>
        <line num="69" count="8" type="cond" truecount="2" falsecount="0"/>
        <line num="70" count="3" type="stmt"/>
        <line num="71" count="3" type="stmt"/>
        <line num="74" count="5" type="stmt"/>
        <line num="75" count="5" type="stmt"/>
        <line num="76" count="5" type="cond" truecount="2" falsecount="0"/>
        <line num="77" count="1" type="stmt"/>
        <line num="82" count="1" type="stmt"/>
        <line num="88" count="4" type="cond" truecount="1" falsecount="1"/>
        <line num="89" count="0" type="stmt"/>
        <line num="90" count="0" type="stmt"/>
        <line num="92" count="4" type="stmt"/>
      </file>
    </package>
    <package name="shared.notifications">
      <metrics statements="150" coveredstatements="149" conditionals="148" coveredconditionals="146" methods="10" coveredmethods="10"/>
      <file name="emailService.js" path="C:\Annsetu-app\ANNSETU-APP-NEW\backend\shared\notifications\emailService.js">
        <metrics statements="18" coveredstatements="18" conditionals="15" coveredconditionals="15" methods="1" coveredmethods="1"/>
        <line num="1" count="15" type="stmt"/>
        <line num="14" count="6" type="stmt"/>
        <line num="15" count="6" type="cond" truecount="2" falsecount="0"/>
        <line num="16" count="6" type="stmt"/>
        <line num="17" count="6" type="stmt"/>
        <line num="18" count="6" type="cond" truecount="2" falsecount="0"/>
        <line num="20" count="6" type="cond" truecount="3" falsecount="0"/>
        <line num="22" count="6" type="cond" truecount="2" falsecount="0"/>
        <line num="23" count="3" type="cond" truecount="3" falsecount="0"/>
        <line num="24" count="3" type="stmt"/>
        <line num="30" count="3" type="stmt"/>
        <line num="38" count="3" type="stmt"/>
        <line num="39" count="3" type="stmt"/>
        <line num="49" count="3" type="stmt"/>
        <line num="57" count="2" type="stmt"/>
        <line num="64" count="1" type="stmt"/>
        <line num="65" count="1" type="stmt"/>
        <line num="69" count="15" type="stmt"/>
      </file>
      <file name="index.js" path="C:\Annsetu-app\ANNSETU-APP-NEW\backend\shared\notifications\index.js">
        <metrics statements="3" coveredstatements="3" conditionals="0" coveredconditionals="0" methods="0" coveredmethods="0"/>
        <line num="1" count="2" type="stmt"/>
        <line num="2" count="2" type="stmt"/>
        <line num="4" count="2" type="stmt"/>
      </file>
      <file name="notifications.js" path="C:\Annsetu-app\ANNSETU-APP-NEW\backend\shared\notifications\notifications.js">
        <metrics statements="77" coveredstatements="77" conditionals="99" coveredconditionals="99" methods="7" coveredmethods="7"/>
        <line num="1" count="14" type="stmt"/>
        <line num="2" count="14" type="stmt"/>
        <line num="3" count="14" type="stmt"/>
        <line num="4" count="14" type="stmt"/>
        <line num="11" count="22" type="stmt"/>
        <line num="12" count="22" type="stmt"/>
        <line num="13" count="22" type="stmt"/>
        <line num="14" count="22" type="stmt"/>
        <line num="15" count="22" type="cond" truecount="4" falsecount="0"/>
        <line num="16" count="22" type="stmt"/>
        <line num="17" count="1" type="stmt"/>
        <line num="21" count="12" type="stmt"/>
        <line num="22" count="12" type="stmt"/>
        <line num="23" count="11" type="cond" truecount="2" falsecount="0"/>
        <line num="24" count="2" type="stmt"/>
        <line num="25" count="2" type="cond" truecount="2" falsecount="0"/>
        <line num="26" count="2" type="cond" truecount="2" falsecount="0"/>
        <line num="27" count="2" type="cond" truecount="4" falsecount="0"/>
        <line num="28" count="2" type="cond" truecount="4" falsecount="0"/>
        <line num="29" count="2" type="stmt"/>
        <line num="30" count="2" type="stmt"/>
        <line num="31" count="1" type="stmt"/>
        <line num="45" count="11" type="stmt"/>
        <line num="46" count="11" type="stmt"/>
        <line num="47" count="7" type="stmt"/>
        <line num="62" count="7" type="stmt"/>
        <line num="64" count="4" type="cond" truecount="3" falsecount="0"/>
        <line num="65" count="4" type="stmt"/>
        <line num="80" count="4" type="stmt"/>
        <line num="94" count="9" type="stmt"/>
        <line num="95" count="9" type="stmt"/>
        <line num="96" count="5" type="stmt"/>
        <line num="110" count="5" type="stmt"/>
        <line num="112" count="4" type="stmt"/>
        <line num="116" count="4" type="stmt"/>
        <line num="130" count="4" type="stmt"/>
        <line num="135" count="13" type="stmt"/>
        <line num="136" count="13" type="cond" truecount="2" falsecount="0"/>
        <line num="137" count="13" type="stmt"/>
        <line num="138" count="13" type="stmt"/>
        <line num="139" count="13" type="cond" truecount="2" falsecount="0"/>
        <line num="140" count="13" type="stmt"/>
        <line num="141" count="11" type="cond" truecount="4" falsecount="0"/>
        <line num="142" count="9" type="stmt"/>
        <line num="143" count="9" type="stmt"/>
        <line num="144" count="9" type="stmt"/>
        <line num="146" count="1" type="stmt"/>
        <line num="150" count="9" type="stmt"/>
        <line num="151" count="9" type="stmt"/>
        <line num="152" count="9" type="stmt"/>
        <line num="153" count="8" type="stmt"/>
        <line num="155" count="8" type="stmt"/>
        <line num="156" count="8" type="stmt"/>
        <line num="157" count="8" type="stmt"/>
        <line num="159" count="8" type="cond" truecount="2" falsecount="0"/>
        <line num="160" count="4" type="stmt"/>
        <line num="161" count="4" type="stmt"/>
        <line num="162" count="4" type="cond" truecount="2" falsecount="0"/>
        <line num="164" count="4" type="stmt"/>
        <line num="165" count="4" type="cond" truecount="2" falsecount="0"/>
        <line num="166" count="3" type="stmt"/>
        <line num="167" count="3" type="stmt"/>
        <line num="168" count="3" type="stmt"/>
        <line num="172" count="8" type="cond" truecount="4" falsecount="0"/>
        <line num="173" count="6" type="cond" truecount="2" falsecount="0"/>
        <line num="174" count="5" type="cond" truecount="2" falsecount="0"/>
        <line num="175" count="5" type="stmt"/>
        <line num="183" count="1" type="stmt"/>
        <line num="186" count="6" type="cond" truecount="2" falsecount="0"/>
        <line num="187" count="5" type="stmt"/>
        <line num="196" count="1" type="stmt"/>
        <line num="200" count="1" type="stmt"/>
        <line num="203" count="11" type="stmt"/>
        <line num="205" count="2" type="cond" truecount="2" falsecount="0"/>
        <line num="206" count="1" type="stmt"/>
        <line num="207" count="1" type="stmt"/>
        <line num="211" count="14" type="stmt"/>
      </file>
      <file name="pushNotifications.js" path="C:\Annsetu-app\ANNSETU-APP-NEW\backend\shared\notifications\pushNotifications.js">
        <metrics statements="16" coveredstatements="16" conditionals="13" coveredconditionals="13" methods="1" coveredmethods="1"/>
        <line num="1" count="4" type="stmt"/>
        <line num="2" count="4" type="stmt"/>
        <line num="13" count="7" type="cond" truecount="2" falsecount="0"/>
        <line num="14" count="6" type="stmt"/>
        <line num="16" count="6" type="stmt"/>
        <line num="17" count="6" type="cond" truecount="2" falsecount="0"/>
        <line num="19" count="5" type="stmt"/>
        <line num="20" count="5" type="cond" truecount="4" falsecount="0"/>
        <line num="22" count="2" type="stmt"/>
        <line num="25" count="3" type="stmt"/>
        <line num="28" count="3" type="stmt"/>
        <line num="36" count="3" type="stmt"/>
        <line num="44" count="2" type="cond" truecount="4" falsecount="0"/>
        <line num="45" count="1" type="stmt"/>
        <line num="48" count="1" type="stmt"/>
        <line num="52" count="4" type="stmt"/>
      </file>
      <file name="smsService.js" path="C:\Annsetu-app\ANNSETU-APP-NEW\backend\shared\notifications\smsService.js">
        <metrics statements="36" coveredstatements="35" conditionals="21" coveredconditionals="19" methods="1" coveredmethods="1"/>
        <line num="1" count="15" type="stmt"/>
        <line num="13" count="7" type="stmt"/>
        <line num="14" count="7" type="stmt"/>
        <line num="15" count="7" type="stmt"/>
        <line num="18" count="7" type="stmt"/>
        <line num="19" count="7" type="stmt"/>
        <line num="20" count="7" type="stmt"/>
        <line num="22" count="7" type="cond" truecount="3" falsecount="0"/>
        <line num="23" count="7" type="stmt"/>
        <line num="25" count="7" type="cond" truecount="4" falsecount="0"/>
        <line num="26" count="1" type="stmt"/>
        <line num="31" count="1" type="stmt"/>
        <line num="38" count="6" type="cond" truecount="2" falsecount="0"/>
        <line num="39" count="3" type="stmt"/>
        <line num="40" count="3" type="stmt"/>
        <line num="41" count="3" type="cond" truecount="1" falsecount="1"/>
        <line num="42" count="3" type="cond" truecount="1" falsecount="1"/>
        <line num="43" count="3" type="stmt"/>
        <line num="45" count="0" type="stmt"/>
        <line num="49" count="3" type="stmt"/>
        <line num="50" count="3" type="stmt"/>
        <line num="51" count="3" type="stmt"/>
        <line num="52" count="3" type="stmt"/>
        <line num="53" count="3" type="stmt"/>
        <line num="54" count="3" type="stmt"/>
        <line num="56" count="3" type="stmt"/>
        <line num="63" count="1" type="stmt"/>
        <line num="69" count="2" type="cond" truecount="4" falsecount="0"/>
        <line num="70" count="2" type="stmt"/>
        <line num="71" count="2" type="stmt"/>
        <line num="75" count="3" type="stmt"/>
        <line num="76" count="3" type="stmt"/>
        <line num="83" count="2" type="stmt"/>
        <line num="89" count="1" type="stmt"/>
        <line num="90" count="1" type="stmt"/>
        <line num="94" count="15" type="stmt"/>
      </file>
    </package>
    <package name="shared.utils">
      <metrics statements="27" coveredstatements="27" conditionals="23" coveredconditionals="23" methods="3" coveredmethods="3"/>
      <file name="mpinUtils.js" path="C:\Annsetu-app\ANNSETU-APP-NEW\backend\shared\utils\mpinUtils.js">
        <metrics statements="9" coveredstatements="9" conditionals="8" coveredconditionals="8" methods="2" coveredmethods="2"/>
        <line num="1" count="25" type="stmt"/>
        <line num="9" count="88" type="cond" truecount="2" falsecount="0"/>
        <line num="10" count="77" type="stmt"/>
        <line num="20" count="34" type="cond" truecount="2" falsecount="0"/>
        <line num="21" count="30" type="cond" truecount="2" falsecount="0"/>
        <line num="23" count="28" type="cond" truecount="2" falsecount="0"/>
        <line num="24" count="4" type="stmt"/>
        <line num="26" count="24" type="stmt"/>
        <line num="29" count="25" type="stmt"/>
      </file>
      <file name="otpUtils.js" path="C:\Annsetu-app\ANNSETU-APP-NEW\backend\shared\utils\otpUtils.js">
        <metrics statements="18" coveredstatements="18" conditionals="15" coveredconditionals="15" methods="1" coveredmethods="1"/>
        <line num="1" count="1" type="stmt"/>
        <line num="2" count="1" type="stmt"/>
        <line num="11" count="9" type="stmt"/>
        <line num="12" count="9" type="cond" truecount="2" falsecount="0"/>
        <line num="13" count="8" type="cond" truecount="2" falsecount="0"/>
        <line num="14" count="7" type="stmt"/>
        <line num="16" count="1" type="stmt"/>
        <line num="20" count="9" type="stmt"/>
        <line num="22" count="9" type="cond" truecount="4" falsecount="0"/>
        <line num="23" count="1" type="stmt"/>
        <line num="26" count="8" type="stmt"/>
        <line num="27" count="8" type="stmt"/>
        <line num="39" count="6" type="cond" truecount="4" falsecount="0"/>
        <line num="40" count="5" type="stmt"/>
        <line num="42" count="1" type="stmt"/>
        <line num="44" count="2" type="cond" truecount="3" falsecount="0"/>
        <line num="45" count="2" type="stmt"/>
        <line num="49" count="1" type="stmt"/>
      </file>
    </package>
  </project>
</coverage>
