<?xml version="1.0" encoding="UTF-8"?>
<coverage generated="1784213341772" clover="3.2.0">
  <project timestamp="1784213341772" name="All files">
    <metrics statements="161" coveredstatements="160" conditionals="113" coveredconditionals="111" methods="14" coveredmethods="14" elements="288" coveredelements="285" complexity="0" loc="161" ncloc="161" packages="1" files="6" classes="6"/>
    <file name="index.js" path="C:\Users\tejas\AnnsetuNewApp\backend\modules\voucher\index.js">
      <metrics statements="1" coveredstatements="0" conditionals="0" coveredconditionals="0" methods="0" coveredmethods="0"/>
      <line num="1" count="0" type="stmt"/>
    </file>
    <file name="voucher.controller.js" path="C:\Users\tejas\AnnsetuNewApp\backend\modules\voucher\voucher.controller.js">
      <metrics statements="48" coveredstatements="48" conditionals="14" coveredconditionals="12" methods="3" coveredmethods="3"/>
      <line num="1" count="2" type="stmt"/>
      <line num="2" count="2" type="stmt"/>
      <line num="3" count="2" type="stmt"/>
      <line num="6" count="3" type="stmt"/>
      <line num="8" count="3" type="stmt"/>
      <line num="9" count="3" type="stmt"/>
      <line num="10" count="3" type="cond" truecount="2" falsecount="0"/>
      <line num="11" count="1" type="stmt"/>
      <line num="14" count="2" type="stmt"/>
      <line num="21" count="1" type="stmt"/>
      <line num="30" count="1" type="stmt"/>
      <line num="35" count="5" type="stmt"/>
      <line num="37" count="5" type="stmt"/>
      <line num="38" count="5" type="stmt"/>
      <line num="40" count="5" type="stmt"/>
      <line num="41" count="5" type="cond" truecount="1" falsecount="1"/>
      <line num="42" count="5" type="stmt"/>
      <line num="43" count="5" type="stmt"/>
      <line num="47" count="5" type="stmt"/>
      <line num="48" count="5" type="stmt"/>
      <line num="49" count="5" type="cond" truecount="2" falsecount="0"/>
      <line num="50" count="1" type="stmt"/>
      <line num="54" count="4" type="stmt"/>
      <line num="62" count="4" type="cond" truecount="2" falsecount="0"/>
      <line num="63" count="1" type="stmt"/>
      <line num="69" count="3" type="stmt"/>
      <line num="74" count="3" type="cond" truecount="2" falsecount="0"/>
      <line num="79" count="3" type="stmt"/>
      <line num="88" count="1" type="stmt"/>
      <line num="96" count="1" type="stmt"/>
      <line num="97" count="1" type="stmt"/>
      <line num="98" count="3" type="cond" truecount="2" falsecount="0"/>
      <line num="99" count="2" type="stmt"/>
      <line num="100" count="2" type="cond" truecount="1" falsecount="1"/>
      <line num="102" count="2" type="stmt"/>
      <line num="103" count="2" type="stmt"/>
      <line num="104" count="2" type="stmt"/>
      <line num="106" count="2" type="stmt"/>
      <line num="113" count="2" type="stmt"/>
      <line num="117" count="1" type="stmt"/>
      <line num="133" count="1" type="stmt"/>
      <line num="135" count="1" type="stmt"/>
      <line num="141" count="2" type="stmt"/>
      <line num="142" count="2" type="stmt"/>
      <line num="144" count="1" type="stmt"/>
      <line num="146" count="2" type="stmt"/>
      <line num="151" count="5" type="stmt"/>
      <line num="155" count="2" type="stmt"/>
    </file>
    <file name="voucher.repository.js" path="C:\Users\tejas\AnnsetuNewApp\backend\modules\voucher\voucher.repository.js">
      <metrics statements="18" coveredstatements="18" conditionals="22" coveredconditionals="22" methods="5" coveredmethods="5"/>
      <line num="1" count="2" type="stmt"/>
      <line num="4" count="2" type="stmt"/>
      <line num="5" count="2" type="cond" truecount="2" falsecount="0"/>
      <line num="9" count="3" type="cond" truecount="2" falsecount="0"/>
      <line num="10" count="3" type="stmt"/>
      <line num="11" count="3" type="cond" truecount="2" falsecount="0"/>
      <line num="15" count="1" type="cond" truecount="2" falsecount="0"/>
      <line num="16" count="1" type="stmt"/>
      <line num="25" count="1" type="stmt"/>
      <line num="29" count="1" type="cond" truecount="2" falsecount="0"/>
      <line num="30" count="1" type="stmt"/>
      <line num="31" count="1" type="stmt"/>
      <line num="32" count="1" type="stmt"/>
      <line num="37" count="1" type="stmt"/>
      <line num="44" count="1" type="stmt"/>
      <line num="45" count="1" type="stmt"/>
      <line num="56" count="1" type="stmt"/>
      <line num="59" count="2" type="stmt"/>
    </file>
    <file name="voucher.routes.js" path="C:\Users\tejas\AnnsetuNewApp\backend\modules\voucher\voucher.routes.js">
      <metrics statements="8" coveredstatements="8" conditionals="0" coveredconditionals="0" methods="0" coveredmethods="0"/>
      <line num="1" count="1" type="stmt"/>
      <line num="2" count="1" type="stmt"/>
      <line num="3" count="1" type="stmt"/>
      <line num="4" count="1" type="stmt"/>
      <line num="5" count="1" type="stmt"/>
      <line num="7" count="1" type="stmt"/>
      <line num="8" count="1" type="stmt"/>
      <line num="10" count="1" type="stmt"/>
    </file>
    <file name="voucher.service.js" path="C:\Users\tejas\AnnsetuNewApp\backend\modules\voucher\voucher.service.js">
      <metrics statements="70" coveredstatements="70" conditionals="73" coveredconditionals="73" methods="2" coveredmethods="2"/>
      <line num="1" count="2" type="stmt"/>
      <line num="4" count="15" type="stmt"/>
      <line num="5" count="15" type="cond" truecount="2" falsecount="0"/>
      <line num="6" count="1" type="stmt"/>
      <line num="10" count="14" type="cond" truecount="2" falsecount="0"/>
      <line num="11" count="1" type="stmt"/>
      <line num="15" count="13" type="stmt"/>
      <line num="16" count="13" type="stmt"/>
      <line num="17" count="13" type="cond" truecount="2" falsecount="0"/>
      <line num="18" count="1" type="stmt"/>
      <line num="22" count="12" type="cond" truecount="4" falsecount="0"/>
      <line num="23" count="12" type="cond" truecount="4" falsecount="0"/>
      <line num="24" count="12" type="cond" truecount="2" falsecount="0"/>
      <line num="25" count="1" type="stmt"/>
      <line num="29" count="11" type="cond" truecount="2" falsecount="0"/>
      <line num="30" count="11" type="cond" truecount="2" falsecount="0"/>
      <line num="31" count="11" type="cond" truecount="2" falsecount="0"/>
      <line num="32" count="1" type="stmt"/>
      <line num="36" count="10" type="cond" truecount="5" falsecount="0"/>
      <line num="37" count="1" type="stmt"/>
      <line num="41" count="9" type="cond" truecount="5" falsecount="0"/>
      <line num="42" count="1" type="stmt"/>
      <line num="46" count="8" type="cond" truecount="2" falsecount="0"/>
      <line num="47" count="8" type="stmt"/>
      <line num="49" count="8" type="cond" truecount="4" falsecount="0"/>
      <line num="50" count="4" type="stmt"/>
      <line num="51" count="4" type="cond" truecount="2" falsecount="0"/>
      <line num="52" count="3" type="stmt"/>
      <line num="53" count="3" type="cond" truecount="2" falsecount="0"/>
      <line num="54" count="2" type="stmt"/>
      <line num="55" count="2" type="stmt"/>
      <line num="57" count="1" type="stmt"/>
      <line num="59" count="3" type="stmt"/>
      <line num="61" count="1" type="stmt"/>
      <line num="65" count="7" type="stmt"/>
      <line num="66" count="7" type="stmt"/>
      <line num="68" count="7" type="stmt"/>
      <line num="76" count="10" type="cond" truecount="2" falsecount="0"/>
      <line num="77" count="1" type="stmt"/>
      <line num="81" count="9" type="stmt"/>
      <line num="82" count="9" type="cond" truecount="2" falsecount="0"/>
      <line num="83" count="1" type="stmt"/>
      <line num="87" count="8" type="cond" truecount="2" falsecount="0"/>
      <line num="88" count="1" type="stmt"/>
      <line num="91" count="7" type="stmt"/>
      <line num="92" count="7" type="stmt"/>
      <line num="93" count="7" type="cond" truecount="2" falsecount="0"/>
      <line num="94" count="1" type="stmt"/>
      <line num="97" count="6" type="cond" truecount="4" falsecount="0"/>
      <line num="98" count="6" type="cond" truecount="4" falsecount="0"/>
      <line num="99" count="6" type="cond" truecount="2" falsecount="0"/>
      <line num="100" count="1" type="stmt"/>
      <line num="104" count="5" type="cond" truecount="2" falsecount="0"/>
      <line num="105" count="5" type="cond" truecount="2" falsecount="0"/>
      <line num="106" count="5" type="stmt"/>
      <line num="108" count="5" type="cond" truecount="4" falsecount="0"/>
      <line num="109" count="2" type="stmt"/>
      <line num="110" count="3" type="cond" truecount="2" falsecount="0"/>
      <line num="111" count="2" type="stmt"/>
      <line num="112" count="2" type="cond" truecount="2" falsecount="0"/>
      <line num="113" count="1" type="stmt"/>
      <line num="114" count="1" type="stmt"/>
      <line num="116" count="1" type="stmt"/>
      <line num="118" count="2" type="stmt"/>
      <line num="120" count="1" type="stmt"/>
      <line num="123" count="4" type="stmt"/>
      <line num="126" count="4" type="stmt"/>
      <line num="129" count="4" type="stmt"/>
      <line num="136" count="4" type="stmt"/>
      <line num="139" count="2" type="stmt"/>
    </file>
    <file name="voucher.validator.js" path="C:\Users\tejas\AnnsetuNewApp\backend\modules\voucher\voucher.validator.js">
      <metrics statements="16" coveredstatements="16" conditionals="4" coveredconditionals="4" methods="4" coveredmethods="4"/>
      <line num="1" count="2" type="stmt"/>
      <line num="4" count="2" type="stmt"/>
      <line num="13" count="2" type="stmt"/>
      <line num="21" count="5" type="stmt"/>
      <line num="22" count="5" type="cond" truecount="2" falsecount="0"/>
      <line num="23" count="4" type="stmt"/>
      <line num="24" count="4" type="stmt"/>
      <line num="29" count="1" type="stmt"/>
      <line num="30" count="1" type="stmt"/>
      <line num="34" count="5" type="stmt"/>
      <line num="35" count="5" type="cond" truecount="2" falsecount="0"/>
      <line num="36" count="4" type="stmt"/>
      <line num="37" count="4" type="stmt"/>
      <line num="42" count="1" type="stmt"/>
      <line num="43" count="1" type="stmt"/>
      <line num="46" count="2" type="stmt"/>
    </file>
  </project>
</coverage>
