{"C:\\Users\\tejas\\AnnsetuNewApp\\backend\\modules\\voucher\\index.js": {"path":"C:\\Users\\tejas\\AnnsetuNewApp\\backend\\modules\\voucher\\index.js","statementMap":{"0":{"start":{"line":1,"column":0},"end":{"line":1,"column":45}}},"fnMap":{},"branchMap":{},"s":{"0":0},"f":{},"b":{}}
,"C:\\Users\\tejas\\AnnsetuNewApp\\backend\\modules\\voucher\\voucher.controller.js": {"path":"C:\\Users\\tejas\\AnnsetuNewApp\\backend\\modules\\voucher\\voucher.controller.js","statementMap":{"0":{"start":{"line":1,"column":11},"end":{"line":1,"column":43}},"1":{"start":{"line":2,"column":23},"end":{"line":2,"column":51}},"2":{"start":{"line":3,"column":25},"end":{"line":3,"column":63}},"3":{"start":{"line":6,"column":44},"end":{"line":6,"column":52}},"4":{"start":{"line":8,"column":2},"end":{"line":31,"column":3}},"5":{"start":{"line":9,"column":19},"end":{"line":9,"column":73}},"6":{"start":{"line":10,"column":4},"end":{"line":12,"column":5}},"7":{"start":{"line":11,"column":6},"end":{"line":11,"column":82}},"8":{"start":{"line":14,"column":19},"end":{"line":19,"column":5}},"9":{"start":{"line":21,"column":4},"end":{"line":28,"column":7}},"10":{"start":{"line":30,"column":4},"end":{"line":30,"column":74}},"11":{"start":{"line":35,"column":53},"end":{"line":35,"column":61}},"12":{"start":{"line":37,"column":17},"end":{"line":37,"column":35}},"13":{"start":{"line":38,"column":17},"end":{"line":38,"column":22}},"14":{"start":{"line":40,"column":18},"end":{"line":45,"column":3}},"15":{"start":{"line":41,"column":4},"end":{"line":44,"column":5}},"16":{"start":{"line":42,"column":6},"end":{"line":42,"column":22}},"17":{"start":{"line":43,"column":6},"end":{"line":43,"column":23}},"18":{"start":{"line":47,"column":2},"end":{"line":152,"column":3}},"19":{"start":{"line":48,"column":19},"end":{"line":48,"column":73}},"20":{"start":{"line":49,"column":4},"end":{"line":51,"column":5}},"21":{"start":{"line":50,"column":6},"end":{"line":50,"column":82}},"22":{"start":{"line":54,"column":20},"end":{"line":59,"column":5}},"23":{"start":{"line":62,"column":4},"end":{"line":67,"column":5}},"24":{"start":{"line":63,"column":6},"end":{"line":66,"column":9}},"25":{"start":{"line":69,"column":4},"end":{"line":69,"column":32}},"26":{"start":{"line":74,"column":22},"end":{"line":74,"column":107}},"27":{"start":{"line":79,"column":28},"end":{"line":85,"column":5}},"28":{"start":{"line":88,"column":18},"end":{"line":94,"column":5}},"29":{"start":{"line":96,"column":28},"end":{"line":96,"column":43}},"30":{"start":{"line":97,"column":4},"end":{"line":114,"column":5}},"31":{"start":{"line":98,"column":6},"end":{"line":98,"column":40}},"32":{"start":{"line":98,"column":34},"end":{"line":98,"column":40}},"33":{"start":{"line":99,"column":25},"end":{"line":99,"column":56}},"34":{"start":{"line":100,"column":22},"end":{"line":100,"column":52}},"35":{"start":{"line":102,"column":20},"end":{"line":102,"column":59}},"36":{"start":{"line":103,"column":28},"end":{"line":103,"column":46}},"37":{"start":{"line":104,"column":28},"end":{"line":104,"column":43}},"38":{"start":{"line":106,"column":6},"end":{"line":111,"column":8}},"39":{"start":{"line":113,"column":6},"end":{"line":113,"column":33}},"40":{"start":{"line":117,"column":4},"end":{"line":131,"column":6}},"41":{"start":{"line":133,"column":4},"end":{"line":133,"column":33}},"42":{"start":{"line":135,"column":4},"end":{"line":139,"column":7}},"43":{"start":{"line":141,"column":4},"end":{"line":145,"column":5}},"44":{"start":{"line":142,"column":6},"end":{"line":142,"column":37}},"45":{"start":{"line":144,"column":6},"end":{"line":144,"column":77}},"46":{"start":{"line":146,"column":4},"end":{"line":146,"column":74}},"47":{"start":{"line":151,"column":4},"end":{"line":151,"column":14}},"48":{"start":{"line":155,"column":0},"end":{"line":158,"column":2}}},"fnMap":{"0":{"name":"applyVoucher","decl":{"start":{"line":5,"column":15},"end":{"line":5,"column":27}},"loc":{"start":{"line":5,"column":38},"end":{"line":32,"column":1}},"line":5},"1":{"name":"redeemVoucher","decl":{"start":{"line":34,"column":15},"end":{"line":34,"column":28}},"loc":{"start":{"line":34,"column":39},"end":{"line":153,"column":1}},"line":34},"2":{"name":"(anonymous_2)","decl":{"start":{"line":40,"column":18},"end":{"line":40,"column":19}},"loc":{"start":{"line":40,"column":24},"end":{"line":45,"column":3}},"line":40}},"branchMap":{"0":{"loc":{"start":{"line":10,"column":4},"end":{"line":12,"column":5}},"type":"if","locations":[{"start":{"line":10,"column":4},"end":{"line":12,"column":5}},{"start":{},"end":{}}],"line":10},"1":{"loc":{"start":{"line":41,"column":4},"end":{"line":44,"column":5}},"type":"if","locations":[{"start":{"line":41,"column":4},"end":{"line":44,"column":5}},{"start":{},"end":{}}],"line":41},"2":{"loc":{"start":{"line":49,"column":4},"end":{"line":51,"column":5}},"type":"if","locations":[{"start":{"line":49,"column":4},"end":{"line":51,"column":5}},{"start":{},"end":{}}],"line":49},"3":{"loc":{"start":{"line":62,"column":4},"end":{"line":67,"column":5}},"type":"if","locations":[{"start":{"line":62,"column":4},"end":{"line":67,"column":5}},{"start":{},"end":{}}],"line":62},"4":{"loc":{"start":{"line":74,"column":22},"end":{"line":74,"column":107}},"type":"binary-expr","locations":[{"start":{"line":74,"column":22},"end":{"line":74,"column":29}},{"start":{"line":74,"column":34},"end":{"line":74,"column":106}}],"line":74},"5":{"loc":{"start":{"line":98,"column":6},"end":{"line":98,"column":40}},"type":"if","locations":[{"start":{"line":98,"column":6},"end":{"line":98,"column":40}},{"start":{},"end":{}}],"line":98},"6":{"loc":{"start":{"line":100,"column":33},"end":{"line":100,"column":51}},"type":"binary-expr","locations":[{"start":{"line":100,"column":33},"end":{"line":100,"column":46}},{"start":{"line":100,"column":50},"end":{"line":100,"column":51}}],"line":100}},"s":{"0":2,"1":2,"2":2,"3":3,"4":3,"5":3,"6":3,"7":1,"8":2,"9":1,"10":1,"11":5,"12":5,"13":5,"14":5,"15":5,"16":5,"17":5,"18":5,"19":5,"20":5,"21":1,"22":4,"23":4,"24":1,"25":3,"26":3,"27":3,"28":1,"29":1,"30":1,"31":3,"32":1,"33":2,"34":2,"35":2,"36":2,"37":2,"38":2,"39":2,"40":1,"41":1,"42":1,"43":2,"44":2,"45":1,"46":2,"47":5,"48":2},"f":{"0":3,"1":5,"2":5},"b":{"0":[1,2],"1":[5,0],"2":[1,4],"3":[1,3],"4":[3,3],"5":[1,2],"6":[2,0]},"_coverageSchema":"1a1c01bbd47fc00a2c39e90264f33305004495a9","hash":"1dca381dfdbfe2bbacbcd5cda737262bda15c6b9"}
,"C:\\Users\\tejas\\AnnsetuNewApp\\backend\\modules\\voucher\\voucher.repository.js": {"path":"C:\\Users\\tejas\\AnnsetuNewApp\\backend\\modules\\voucher\\voucher.repository.js","statementMap":{"0":{"start":{"line":1,"column":11},"end":{"line":1,"column":43}},"1":{"start":{"line":4,"column":14},"end":{"line":4,"column":86}},"2":{"start":{"line":5,"column":2},"end":{"line":5,"column":29}},"3":{"start":{"line":9,"column":19},"end":{"line":9,"column":31}},"4":{"start":{"line":10,"column":14},"end":{"line":10,"column":103}},"5":{"start":{"line":11,"column":2},"end":{"line":11,"column":29}},"6":{"start":{"line":15,"column":19},"end":{"line":15,"column":31}},"7":{"start":{"line":16,"column":14},"end":{"line":24,"column":3}},"8":{"start":{"line":25,"column":2},"end":{"line":25,"column":21}},"9":{"start":{"line":29,"column":19},"end":{"line":29,"column":31}},"10":{"start":{"line":30,"column":13},"end":{"line":30,"column":79}},"11":{"start":{"line":31,"column":62},"end":{"line":31,"column":72}},"12":{"start":{"line":32,"column":14},"end":{"line":36,"column":3}},"13":{"start":{"line":37,"column":2},"end":{"line":37,"column":21}},"14":{"start":{"line":44,"column":6},"end":{"line":44,"column":17}},"15":{"start":{"line":45,"column":14},"end":{"line":55,"column":3}},"16":{"start":{"line":56,"column":2},"end":{"line":56,"column":21}},"17":{"start":{"line":59,"column":0},"end":{"line":65,"column":2}}},"fnMap":{"0":{"name":"getVoucherByCode","decl":{"start":{"line":3,"column":15},"end":{"line":3,"column":31}},"loc":{"start":{"line":3,"column":38},"end":{"line":6,"column":1}},"line":3},"1":{"name":"getVoucherByCodeForUpdate","decl":{"start":{"line":8,"column":15},"end":{"line":8,"column":40}},"loc":{"start":{"line":8,"column":55},"end":{"line":12,"column":1}},"line":8},"2":{"name":"incrementVoucherUsage","decl":{"start":{"line":14,"column":15},"end":{"line":14,"column":36}},"loc":{"start":{"line":14,"column":51},"end":{"line":26,"column":1}},"line":14},"3":{"name":"insertVoucherLedger","decl":{"start":{"line":28,"column":15},"end":{"line":28,"column":34}},"loc":{"start":{"line":28,"column":55},"end":{"line":38,"column":1}},"line":28},"4":{"name":"createVoucher","decl":{"start":{"line":40,"column":15},"end":{"line":40,"column":28}},"loc":{"start":{"line":40,"column":42},"end":{"line":57,"column":1}},"line":40}},"branchMap":{"0":{"loc":{"start":{"line":5,"column":9},"end":{"line":5,"column":28}},"type":"binary-expr","locations":[{"start":{"line":5,"column":9},"end":{"line":5,"column":20}},{"start":{"line":5,"column":24},"end":{"line":5,"column":28}}],"line":5},"1":{"loc":{"start":{"line":9,"column":19},"end":{"line":9,"column":31}},"type":"binary-expr","locations":[{"start":{"line":9,"column":19},"end":{"line":9,"column":25}},{"start":{"line":9,"column":29},"end":{"line":9,"column":31}}],"line":9},"2":{"loc":{"start":{"line":11,"column":9},"end":{"line":11,"column":28}},"type":"binary-expr","locations":[{"start":{"line":11,"column":9},"end":{"line":11,"column":20}},{"start":{"line":11,"column":24},"end":{"line":11,"column":28}}],"line":11},"3":{"loc":{"start":{"line":15,"column":19},"end":{"line":15,"column":31}},"type":"binary-expr","locations":[{"start":{"line":15,"column":19},"end":{"line":15,"column":25}},{"start":{"line":15,"column":29},"end":{"line":15,"column":31}}],"line":15},"4":{"loc":{"start":{"line":29,"column":19},"end":{"line":29,"column":31}},"type":"binary-expr","locations":[{"start":{"line":29,"column":19},"end":{"line":29,"column":25}},{"start":{"line":29,"column":29},"end":{"line":29,"column":31}}],"line":29},"5":{"loc":{"start":{"line":52,"column":25},"end":{"line":52,"column":44}},"type":"binary-expr","locations":[{"start":{"line":52,"column":25},"end":{"line":52,"column":39}},{"start":{"line":52,"column":43},"end":{"line":52,"column":44}}],"line":52},"6":{"loc":{"start":{"line":52,"column":46},"end":{"line":52,"column":71}},"type":"binary-expr","locations":[{"start":{"line":52,"column":46},"end":{"line":52,"column":63}},{"start":{"line":52,"column":67},"end":{"line":52,"column":71}}],"line":52},"7":{"loc":{"start":{"line":53,"column":6},"end":{"line":53,"column":21}},"type":"binary-expr","locations":[{"start":{"line":53,"column":6},"end":{"line":53,"column":16}},{"start":{"line":53,"column":20},"end":{"line":53,"column":21}}],"line":53},"8":{"loc":{"start":{"line":53,"column":23},"end":{"line":53,"column":41}},"type":"binary-expr","locations":[{"start":{"line":53,"column":23},"end":{"line":53,"column":29}},{"start":{"line":53,"column":33},"end":{"line":53,"column":41}}],"line":53},"9":{"loc":{"start":{"line":53,"column":55},"end":{"line":53,"column":76}},"type":"binary-expr","locations":[{"start":{"line":53,"column":55},"end":{"line":53,"column":68}},{"start":{"line":53,"column":72},"end":{"line":53,"column":76}}],"line":53},"10":{"loc":{"start":{"line":53,"column":78},"end":{"line":53,"column":94}},"type":"binary-expr","locations":[{"start":{"line":53,"column":78},"end":{"line":53,"column":86}},{"start":{"line":53,"column":90},"end":{"line":53,"column":94}}],"line":53}},"s":{"0":2,"1":2,"2":2,"3":3,"4":3,"5":3,"6":1,"7":1,"8":1,"9":1,"10":1,"11":1,"12":1,"13":1,"14":1,"15":1,"16":1,"17":2},"f":{"0":2,"1":3,"2":1,"3":1,"4":1},"b":{"0":[2,1],"1":[3,1],"2":[3,1],"3":[1,1],"4":[1,1],"5":[1,1],"6":[1,1],"7":[1,1],"8":[1,1],"9":[1,1],"10":[1,1]},"_coverageSchema":"1a1c01bbd47fc00a2c39e90264f33305004495a9","hash":"7e64c44fc6b8f9e8d5ec3b39a0419716a9f315ef"}
,"C:\\Users\\tejas\\AnnsetuNewApp\\backend\\modules\\voucher\\voucher.routes.js": {"path":"C:\\Users\\tejas\\AnnsetuNewApp\\backend\\modules\\voucher\\voucher.routes.js","statementMap":{"0":{"start":{"line":1,"column":16},"end":{"line":1,"column":34}},"1":{"start":{"line":2,"column":15},"end":{"line":2,"column":31}},"2":{"start":{"line":3,"column":26},"end":{"line":3,"column":57}},"3":{"start":{"line":4,"column":56},"end":{"line":4,"column":86}},"4":{"start":{"line":5,"column":30},"end":{"line":5,"column":87}},"5":{"start":{"line":7,"column":0},"end":{"line":7,"column":85}},"6":{"start":{"line":8,"column":0},"end":{"line":8,"column":111}},"7":{"start":{"line":10,"column":0},"end":{"line":10,"column":24}}},"fnMap":{},"branchMap":{},"s":{"0":1,"1":1,"2":1,"3":1,"4":1,"5":1,"6":1,"7":1},"f":{},"b":{},"_coverageSchema":"1a1c01bbd47fc00a2c39e90264f33305004495a9","hash":"4bb8ccee491bcb2d1ddcd6896c7645e5d05da76d"}
,"C:\\Users\\tejas\\AnnsetuNewApp\\backend\\modules\\voucher\\voucher.service.js": {"path":"C:\\Users\\tejas\\AnnsetuNewApp\\backend\\modules\\voucher\\voucher.service.js","statementMap":{"0":{"start":{"line":1,"column":26},"end":{"line":1,"column":57}},"1":{"start":{"line":4,"column":18},"end":{"line":4,"column":64}},"2":{"start":{"line":5,"column":2},"end":{"line":7,"column":3}},"3":{"start":{"line":6,"column":4},"end":{"line":6,"column":47}},"4":{"start":{"line":10,"column":2},"end":{"line":12,"column":3}},"5":{"start":{"line":11,"column":4},"end":{"line":11,"column":46}},"6":{"start":{"line":15,"column":14},"end":{"line":15,"column":24}},"7":{"start":{"line":16,"column":17},"end":{"line":16,"column":45}},"8":{"start":{"line":17,"column":2},"end":{"line":19,"column":3}},"9":{"start":{"line":18,"column":4},"end":{"line":18,"column":44}},"10":{"start":{"line":22,"column":21},"end":{"line":22,"column":123}},"11":{"start":{"line":23,"column":21},"end":{"line":23,"column":123}},"12":{"start":{"line":24,"column":2},"end":{"line":26,"column":3}},"13":{"start":{"line":25,"column":4},"end":{"line":25,"column":61}},"14":{"start":{"line":29,"column":23},"end":{"line":29,"column":46}},"15":{"start":{"line":30,"column":25},"end":{"line":30,"column":64}},"16":{"start":{"line":31,"column":2},"end":{"line":33,"column":3}},"17":{"start":{"line":32,"column":4},"end":{"line":32,"column":99}},"18":{"start":{"line":36,"column":2},"end":{"line":38,"column":3}},"19":{"start":{"line":37,"column":4},"end":{"line":37,"column":67}},"20":{"start":{"line":41,"column":2},"end":{"line":43,"column":3}},"21":{"start":{"line":42,"column":4},"end":{"line":42,"column":62}},"22":{"start":{"line":46,"column":16},"end":{"line":46,"column":46}},"23":{"start":{"line":47,"column":23},"end":{"line":47,"column":24}},"24":{"start":{"line":49,"column":2},"end":{"line":62,"column":3}},"25":{"start":{"line":50,"column":4},"end":{"line":50,"column":51}},"26":{"start":{"line":51,"column":9},"end":{"line":62,"column":3}},"27":{"start":{"line":52,"column":23},"end":{"line":52,"column":51}},"28":{"start":{"line":53,"column":4},"end":{"line":58,"column":5}},"29":{"start":{"line":54,"column":26},"end":{"line":54,"column":63}},"30":{"start":{"line":55,"column":6},"end":{"line":55,"column":57}},"31":{"start":{"line":57,"column":6},"end":{"line":57,"column":34}},"32":{"start":{"line":59,"column":4},"end":{"line":59,"column":60}},"33":{"start":{"line":61,"column":4},"end":{"line":61,"column":45}},"34":{"start":{"line":65,"column":2},"end":{"line":65,"column":58}},"35":{"start":{"line":66,"column":20},"end":{"line":66,"column":88}},"36":{"start":{"line":68,"column":2},"end":{"line":72,"column":4}},"37":{"start":{"line":76,"column":2},"end":{"line":78,"column":3}},"38":{"start":{"line":77,"column":4},"end":{"line":77,"column":87}},"39":{"start":{"line":81,"column":18},"end":{"line":81,"column":81}},"40":{"start":{"line":82,"column":2},"end":{"line":84,"column":3}},"41":{"start":{"line":83,"column":4},"end":{"line":83,"column":47}},"42":{"start":{"line":87,"column":2},"end":{"line":89,"column":3}},"43":{"start":{"line":88,"column":4},"end":{"line":88,"column":46}},"44":{"start":{"line":91,"column":14},"end":{"line":91,"column":24}},"45":{"start":{"line":92,"column":17},"end":{"line":92,"column":45}},"46":{"start":{"line":93,"column":2},"end":{"line":95,"column":3}},"47":{"start":{"line":94,"column":4},"end":{"line":94,"column":44}},"48":{"start":{"line":97,"column":21},"end":{"line":97,"column":123}},"49":{"start":{"line":98,"column":21},"end":{"line":98,"column":123}},"50":{"start":{"line":99,"column":2},"end":{"line":101,"column":3}},"51":{"start":{"line":100,"column":4},"end":{"line":100,"column":61}},"52":{"start":{"line":104,"column":23},"end":{"line":104,"column":46}},"53":{"start":{"line":105,"column":16},"end":{"line":105,"column":46}},"54":{"start":{"line":106,"column":23},"end":{"line":106,"column":24}},"55":{"start":{"line":108,"column":2},"end":{"line":121,"column":3}},"56":{"start":{"line":109,"column":4},"end":{"line":109,"column":51}},"57":{"start":{"line":110,"column":9},"end":{"line":121,"column":3}},"58":{"start":{"line":111,"column":23},"end":{"line":111,"column":51}},"59":{"start":{"line":112,"column":4},"end":{"line":117,"column":5}},"60":{"start":{"line":113,"column":26},"end":{"line":113,"column":63}},"61":{"start":{"line":114,"column":6},"end":{"line":114,"column":57}},"62":{"start":{"line":116,"column":6},"end":{"line":116,"column":34}},"63":{"start":{"line":118,"column":4},"end":{"line":118,"column":60}},"64":{"start":{"line":120,"column":4},"end":{"line":120,"column":45}},"65":{"start":{"line":123,"column":2},"end":{"line":123,"column":58}},"66":{"start":{"line":126,"column":2},"end":{"line":126,"column":62}},"67":{"start":{"line":129,"column":2},"end":{"line":134,"column":13}},"68":{"start":{"line":136,"column":2},"end":{"line":136,"column":24}},"69":{"start":{"line":139,"column":0},"end":{"line":142,"column":2}}},"fnMap":{"0":{"name":"validateAndCalculateDiscount","decl":{"start":{"line":3,"column":15},"end":{"line":3,"column":43}},"loc":{"start":{"line":3,"column":90},"end":{"line":73,"column":1}},"line":3},"1":{"name":"redeemVoucherTransaction","decl":{"start":{"line":75,"column":15},"end":{"line":75,"column":39}},"loc":{"start":{"line":75,"column":81},"end":{"line":137,"column":1}},"line":75}},"branchMap":{"0":{"loc":{"start":{"line":3,"column":68},"end":{"line":3,"column":88}},"type":"default-arg","locations":[{"start":{"line":3,"column":84},"end":{"line":3,"column":88}}],"line":3},"1":{"loc":{"start":{"line":5,"column":2},"end":{"line":7,"column":3}},"type":"if","locations":[{"start":{"line":5,"column":2},"end":{"line":7,"column":3}},{"start":{},"end":{}}],"line":5},"2":{"loc":{"start":{"line":10,"column":2},"end":{"line":12,"column":3}},"type":"if","locations":[{"start":{"line":10,"column":2},"end":{"line":12,"column":3}},{"start":{},"end":{}}],"line":10},"3":{"loc":{"start":{"line":17,"column":2},"end":{"line":19,"column":3}},"type":"if","locations":[{"start":{"line":17,"column":2},"end":{"line":19,"column":3}},{"start":{},"end":{}}],"line":17},"4":{"loc":{"start":{"line":22,"column":21},"end":{"line":22,"column":123}},"type":"cond-expr","locations":[{"start":{"line":22,"column":87},"end":{"line":22,"column":119}},{"start":{"line":22,"column":122},"end":{"line":22,"column":123}}],"line":22},"5":{"loc":{"start":{"line":22,"column":21},"end":{"line":22,"column":84}},"type":"binary-expr","locations":[{"start":{"line":22,"column":21},"end":{"line":22,"column":48}},{"start":{"line":22,"column":52},"end":{"line":22,"column":84}}],"line":22},"6":{"loc":{"start":{"line":23,"column":21},"end":{"line":23,"column":123}},"type":"cond-expr","locations":[{"start":{"line":23,"column":87},"end":{"line":23,"column":119}},{"start":{"line":23,"column":122},"end":{"line":23,"column":123}}],"line":23},"7":{"loc":{"start":{"line":23,"column":21},"end":{"line":23,"column":84}},"type":"binary-expr","locations":[{"start":{"line":23,"column":21},"end":{"line":23,"column":48}},{"start":{"line":23,"column":52},"end":{"line":23,"column":84}}],"line":23},"8":{"loc":{"start":{"line":24,"column":2},"end":{"line":26,"column":3}},"type":"if","locations":[{"start":{"line":24,"column":2},"end":{"line":26,"column":3}},{"start":{},"end":{}}],"line":24},"9":{"loc":{"start":{"line":29,"column":34},"end":{"line":29,"column":45}},"type":"binary-expr","locations":[{"start":{"line":29,"column":34},"end":{"line":29,"column":40}},{"start":{"line":29,"column":44},"end":{"line":29,"column":45}}],"line":29},"10":{"loc":{"start":{"line":30,"column":36},"end":{"line":30,"column":63}},"type":"binary-expr","locations":[{"start":{"line":30,"column":36},"end":{"line":30,"column":58}},{"start":{"line":30,"column":62},"end":{"line":30,"column":63}}],"line":30},"11":{"loc":{"start":{"line":31,"column":2},"end":{"line":33,"column":3}},"type":"if","locations":[{"start":{"line":31,"column":2},"end":{"line":33,"column":3}},{"start":{},"end":{}}],"line":31},"12":{"loc":{"start":{"line":36,"column":2},"end":{"line":38,"column":3}},"type":"if","locations":[{"start":{"line":36,"column":2},"end":{"line":38,"column":3}},{"start":{},"end":{}}],"line":36},"13":{"loc":{"start":{"line":36,"column":6},"end":{"line":36,"column":87}},"type":"binary-expr","locations":[{"start":{"line":36,"column":6},"end":{"line":36,"column":27}},{"start":{"line":36,"column":31},"end":{"line":36,"column":44}},{"start":{"line":36,"column":48},"end":{"line":36,"column":87}}],"line":36},"14":{"loc":{"start":{"line":41,"column":2},"end":{"line":43,"column":3}},"type":"if","locations":[{"start":{"line":41,"column":2},"end":{"line":43,"column":3}},{"start":{},"end":{}}],"line":41},"15":{"loc":{"start":{"line":41,"column":6},"end":{"line":41,"column":67}},"type":"binary-expr","locations":[{"start":{"line":41,"column":6},"end":{"line":41,"column":22}},{"start":{"line":41,"column":26},"end":{"line":41,"column":34}},{"start":{"line":41,"column":38},"end":{"line":41,"column":67}}],"line":41},"16":{"loc":{"start":{"line":46,"column":27},"end":{"line":46,"column":45}},"type":"binary-expr","locations":[{"start":{"line":46,"column":27},"end":{"line":46,"column":40}},{"start":{"line":46,"column":44},"end":{"line":46,"column":45}}],"line":46},"17":{"loc":{"start":{"line":49,"column":2},"end":{"line":62,"column":3}},"type":"if","locations":[{"start":{"line":49,"column":2},"end":{"line":62,"column":3}},{"start":{"line":51,"column":9},"end":{"line":62,"column":3}}],"line":49},"18":{"loc":{"start":{"line":49,"column":6},"end":{"line":49,"column":63}},"type":"binary-expr","locations":[{"start":{"line":49,"column":6},"end":{"line":49,"column":29}},{"start":{"line":49,"column":33},"end":{"line":49,"column":63}}],"line":49},"19":{"loc":{"start":{"line":51,"column":9},"end":{"line":62,"column":3}},"type":"if","locations":[{"start":{"line":51,"column":9},"end":{"line":62,"column":3}},{"start":{"line":60,"column":9},"end":{"line":62,"column":3}}],"line":51},"20":{"loc":{"start":{"line":53,"column":4},"end":{"line":58,"column":5}},"type":"if","locations":[{"start":{"line":53,"column":4},"end":{"line":58,"column":5}},{"start":{"line":56,"column":11},"end":{"line":58,"column":5}}],"line":53},"21":{"loc":{"start":{"line":76,"column":2},"end":{"line":78,"column":3}},"type":"if","locations":[{"start":{"line":76,"column":2},"end":{"line":78,"column":3}},{"start":{},"end":{}}],"line":76},"22":{"loc":{"start":{"line":82,"column":2},"end":{"line":84,"column":3}},"type":"if","locations":[{"start":{"line":82,"column":2},"end":{"line":84,"column":3}},{"start":{},"end":{}}],"line":82},"23":{"loc":{"start":{"line":87,"column":2},"end":{"line":89,"column":3}},"type":"if","locations":[{"start":{"line":87,"column":2},"end":{"line":89,"column":3}},{"start":{},"end":{}}],"line":87},"24":{"loc":{"start":{"line":93,"column":2},"end":{"line":95,"column":3}},"type":"if","locations":[{"start":{"line":93,"column":2},"end":{"line":95,"column":3}},{"start":{},"end":{}}],"line":93},"25":{"loc":{"start":{"line":97,"column":21},"end":{"line":97,"column":123}},"type":"cond-expr","locations":[{"start":{"line":97,"column":87},"end":{"line":97,"column":119}},{"start":{"line":97,"column":122},"end":{"line":97,"column":123}}],"line":97},"26":{"loc":{"start":{"line":97,"column":21},"end":{"line":97,"column":84}},"type":"binary-expr","locations":[{"start":{"line":97,"column":21},"end":{"line":97,"column":48}},{"start":{"line":97,"column":52},"end":{"line":97,"column":84}}],"line":97},"27":{"loc":{"start":{"line":98,"column":21},"end":{"line":98,"column":123}},"type":"cond-expr","locations":[{"start":{"line":98,"column":87},"end":{"line":98,"column":119}},{"start":{"line":98,"column":122},"end":{"line":98,"column":123}}],"line":98},"28":{"loc":{"start":{"line":98,"column":21},"end":{"line":98,"column":84}},"type":"binary-expr","locations":[{"start":{"line":98,"column":21},"end":{"line":98,"column":48}},{"start":{"line":98,"column":52},"end":{"line":98,"column":84}}],"line":98},"29":{"loc":{"start":{"line":99,"column":2},"end":{"line":101,"column":3}},"type":"if","locations":[{"start":{"line":99,"column":2},"end":{"line":101,"column":3}},{"start":{},"end":{}}],"line":99},"30":{"loc":{"start":{"line":104,"column":34},"end":{"line":104,"column":45}},"type":"binary-expr","locations":[{"start":{"line":104,"column":34},"end":{"line":104,"column":40}},{"start":{"line":104,"column":44},"end":{"line":104,"column":45}}],"line":104},"31":{"loc":{"start":{"line":105,"column":27},"end":{"line":105,"column":45}},"type":"binary-expr","locations":[{"start":{"line":105,"column":27},"end":{"line":105,"column":40}},{"start":{"line":105,"column":44},"end":{"line":105,"column":45}}],"line":105},"32":{"loc":{"start":{"line":108,"column":2},"end":{"line":121,"column":3}},"type":"if","locations":[{"start":{"line":108,"column":2},"end":{"line":121,"column":3}},{"start":{"line":110,"column":9},"end":{"line":121,"column":3}}],"line":108},"33":{"loc":{"start":{"line":108,"column":6},"end":{"line":108,"column":63}},"type":"binary-expr","locations":[{"start":{"line":108,"column":6},"end":{"line":108,"column":29}},{"start":{"line":108,"column":33},"end":{"line":108,"column":63}}],"line":108},"34":{"loc":{"start":{"line":110,"column":9},"end":{"line":121,"column":3}},"type":"if","locations":[{"start":{"line":110,"column":9},"end":{"line":121,"column":3}},{"start":{"line":119,"column":9},"end":{"line":121,"column":3}}],"line":110},"35":{"loc":{"start":{"line":112,"column":4},"end":{"line":117,"column":5}},"type":"if","locations":[{"start":{"line":112,"column":4},"end":{"line":117,"column":5}},{"start":{"line":115,"column":11},"end":{"line":117,"column":5}}],"line":112}},"s":{"0":2,"1":15,"2":15,"3":1,"4":14,"5":1,"6":13,"7":13,"8":13,"9":1,"10":12,"11":12,"12":12,"13":1,"14":11,"15":11,"16":11,"17":1,"18":10,"19":1,"20":9,"21":1,"22":8,"23":8,"24":8,"25":4,"26":4,"27":3,"28":3,"29":2,"30":2,"31":1,"32":3,"33":1,"34":7,"35":7,"36":7,"37":10,"38":1,"39":9,"40":9,"41":1,"42":8,"43":1,"44":7,"45":7,"46":7,"47":1,"48":6,"49":6,"50":6,"51":1,"52":5,"53":5,"54":5,"55":5,"56":2,"57":3,"58":2,"59":2,"60":1,"61":1,"62":1,"63":2,"64":1,"65":4,"66":4,"67":4,"68":4,"69":2},"f":{"0":15,"1":10},"b":{"0":[14],"1":[1,14],"2":[1,13],"3":[1,12],"4":[8,4],"5":[12,12],"6":[8,4],"7":[12,12],"8":[1,11],"9":[11,1],"10":[11,3],"11":[1,10],"12":[1,9],"13":[10,1,1],"14":[1,8],"15":[9,1,1],"16":[8,1],"17":[4,4],"18":[8,5],"19":[3,1],"20":[2,1],"21":[1,9],"22":[1,8],"23":[1,7],"24":[1,6],"25":[5,1],"26":[6,6],"27":[5,1],"28":[6,6],"29":[1,5],"30":[5,1],"31":[5,2],"32":[2,3],"33":[5,3],"34":[2,1],"35":[1,1]},"_coverageSchema":"1a1c01bbd47fc00a2c39e90264f33305004495a9","hash":"2f2dc53a25355403fb4f662125c62bc46a833733"}
,"C:\\Users\\tejas\\AnnsetuNewApp\\backend\\modules\\voucher\\voucher.validator.js": {"path":"C:\\Users\\tejas\\AnnsetuNewApp\\backend\\modules\\voucher\\voucher.validator.js","statementMap":{"0":{"start":{"line":1,"column":14},"end":{"line":1,"column":28}},"1":{"start":{"line":4,"column":27},"end":{"line":8,"column":2}},"2":{"start":{"line":13,"column":28},"end":{"line":18,"column":2}},"3":{"start":{"line":21,"column":17},"end":{"line":21,"column":55}},"4":{"start":{"line":22,"column":2},"end":{"line":28,"column":3}},"5":{"start":{"line":23,"column":21},"end":{"line":23,"column":74}},"6":{"start":{"line":23,"column":52},"end":{"line":23,"column":63}},"7":{"start":{"line":24,"column":4},"end":{"line":27,"column":7}},"8":{"start":{"line":29,"column":2},"end":{"line":29,"column":25}},"9":{"start":{"line":30,"column":2},"end":{"line":30,"column":9}},"10":{"start":{"line":34,"column":17},"end":{"line":34,"column":56}},"11":{"start":{"line":35,"column":2},"end":{"line":41,"column":3}},"12":{"start":{"line":36,"column":21},"end":{"line":36,"column":74}},"13":{"start":{"line":36,"column":52},"end":{"line":36,"column":63}},"14":{"start":{"line":37,"column":4},"end":{"line":40,"column":7}},"15":{"start":{"line":42,"column":2},"end":{"line":42,"column":25}},"16":{"start":{"line":43,"column":2},"end":{"line":43,"column":9}},"17":{"start":{"line":46,"column":0},"end":{"line":49,"column":2}}},"fnMap":{"0":{"name":"validateApplyVoucher","decl":{"start":{"line":20,"column":9},"end":{"line":20,"column":29}},"loc":{"start":{"line":20,"column":46},"end":{"line":31,"column":1}},"line":20},"1":{"name":"(anonymous_1)","decl":{"start":{"line":23,"column":45},"end":{"line":23,"column":46}},"loc":{"start":{"line":23,"column":52},"end":{"line":23,"column":63}},"line":23},"2":{"name":"validateRedeemVoucher","decl":{"start":{"line":33,"column":9},"end":{"line":33,"column":30}},"loc":{"start":{"line":33,"column":47},"end":{"line":44,"column":1}},"line":33},"3":{"name":"(anonymous_3)","decl":{"start":{"line":36,"column":45},"end":{"line":36,"column":46}},"loc":{"start":{"line":36,"column":52},"end":{"line":36,"column":63}},"line":36}},"branchMap":{"0":{"loc":{"start":{"line":22,"column":2},"end":{"line":28,"column":3}},"type":"if","locations":[{"start":{"line":22,"column":2},"end":{"line":28,"column":3}},{"start":{},"end":{}}],"line":22},"1":{"loc":{"start":{"line":35,"column":2},"end":{"line":41,"column":3}},"type":"if","locations":[{"start":{"line":35,"column":2},"end":{"line":41,"column":3}},{"start":{},"end":{}}],"line":35}},"s":{"0":2,"1":2,"2":2,"3":5,"4":5,"5":4,"6":4,"7":4,"8":1,"9":1,"10":5,"11":5,"12":4,"13":4,"14":4,"15":1,"16":1,"17":2},"f":{"0":5,"1":4,"2":5,"3":4},"b":{"0":[4,1],"1":[4,1]},"_coverageSchema":"1a1c01bbd47fc00a2c39e90264f33305004495a9","hash":"2f693f1d1f4a8bb6aa7aca20eba74d4340031cd1"}
}
