{"/workspaces/ANNSETU-APP-NEW/backend/modules/amad/amad.controller.js": {"path":"/workspaces/ANNSETU-APP-NEW/backend/modules/amad/amad.controller.js","statementMap":{"0":{"start":{"line":1,"column":20},"end":{"line":1,"column":45}},"1":{"start":{"line":4,"column":2},"end":{"line":11,"column":3}},"2":{"start":{"line":5,"column":16},"end":{"line":5,"column":60}},"3":{"start":{"line":6,"column":4},"end":{"line":6,"column":56}},"4":{"start":{"line":8,"column":4},"end":{"line":8,"column":64}},"5":{"start":{"line":9,"column":19},"end":{"line":9,"column":42}},"6":{"start":{"line":10,"column":4},"end":{"line":10,"column":122}},"7":{"start":{"line":15,"column":2},"end":{"line":21,"column":3}},"8":{"start":{"line":16,"column":21},"end":{"line":16,"column":54}},"9":{"start":{"line":17,"column":4},"end":{"line":17,"column":49}},"10":{"start":{"line":19,"column":4},"end":{"line":19,"column":67}},"11":{"start":{"line":20,"column":4},"end":{"line":20,"column":101}},"12":{"start":{"line":24,"column":0},"end":{"line":24,"column":45}}},"fnMap":{"0":{"name":"createAmad","decl":{"start":{"line":3,"column":15},"end":{"line":3,"column":25}},"loc":{"start":{"line":3,"column":36},"end":{"line":12,"column":1}},"line":3},"1":{"name":"getHoldings","decl":{"start":{"line":14,"column":15},"end":{"line":14,"column":26}},"loc":{"start":{"line":14,"column":37},"end":{"line":22,"column":1}},"line":14}},"branchMap":{"0":{"loc":{"start":{"line":9,"column":19},"end":{"line":9,"column":42}},"type":"binary-expr","locations":[{"start":{"line":9,"column":19},"end":{"line":9,"column":35}},{"start":{"line":9,"column":39},"end":{"line":9,"column":42}}],"line":9},"1":{"loc":{"start":{"line":10,"column":60},"end":{"line":10,"column":118}},"type":"binary-expr","locations":[{"start":{"line":10,"column":60},"end":{"line":10,"column":73}},{"start":{"line":10,"column":77},"end":{"line":10,"column":118}}],"line":10}},"s":{"0":0,"1":0,"2":0,"3":0,"4":0,"5":0,"6":0,"7":0,"8":0,"9":0,"10":0,"11":0,"12":0},"f":{"0":0,"1":0},"b":{"0":[0,0],"1":[0,0]}}
,"/workspaces/ANNSETU-APP-NEW/backend/modules/amad/amad.repository.js": {"path":"/workspaces/ANNSETU-APP-NEW/backend/modules/amad/amad.repository.js","statementMap":{"0":{"start":{"line":1,"column":11},"end":{"line":1,"column":43}},"1":{"start":{"line":4,"column":14},"end":{"line":10,"column":3}},"2":{"start":{"line":11,"column":17},"end":{"line":11,"column":44}},"3":{"start":{"line":12,"column":2},"end":{"line":12,"column":24}},"4":{"start":{"line":16,"column":20},"end":{"line":16,"column":96}},"5":{"start":{"line":17,"column":2},"end":{"line":17,"column":62}},"6":{"start":{"line":21,"column":14},"end":{"line":36,"column":3}},"7":{"start":{"line":37,"column":17},"end":{"line":37,"column":36}},"8":{"start":{"line":38,"column":2},"end":{"line":38,"column":21}},"9":{"start":{"line":41,"column":0},"end":{"line":45,"column":2}}},"fnMap":{"0":{"name":"createAmadLot","decl":{"start":{"line":3,"column":15},"end":{"line":3,"column":28}},"loc":{"start":{"line":3,"column":37},"end":{"line":13,"column":1}},"line":3},"1":{"name":"getFarmer","decl":{"start":{"line":15,"column":15},"end":{"line":15,"column":24}},"loc":{"start":{"line":15,"column":35},"end":{"line":18,"column":1}},"line":15},"2":{"name":"getHoldingsData","decl":{"start":{"line":20,"column":15},"end":{"line":20,"column":30}},"loc":{"start":{"line":20,"column":33},"end":{"line":39,"column":1}},"line":20}},"branchMap":{"0":{"loc":{"start":{"line":17,"column":9},"end":{"line":17,"column":61}},"type":"binary-expr","locations":[{"start":{"line":17,"column":9},"end":{"line":17,"column":26}},{"start":{"line":17,"column":30},"end":{"line":17,"column":61}}],"line":17}},"s":{"0":0,"1":0,"2":0,"3":0,"4":0,"5":0,"6":0,"7":0,"8":0,"9":0},"f":{"0":0,"1":0,"2":0},"b":{"0":[0,0]}}
,"/workspaces/ANNSETU-APP-NEW/backend/modules/amad/amad.routes.js": {"path":"/workspaces/ANNSETU-APP-NEW/backend/modules/amad/amad.routes.js","statementMap":{"0":{"start":{"line":1,"column":16},"end":{"line":1,"column":34}},"1":{"start":{"line":2,"column":15},"end":{"line":2,"column":31}},"2":{"start":{"line":3,"column":23},"end":{"line":3,"column":51}},"3":{"start":{"line":4,"column":31},"end":{"line":4,"column":58}},"4":{"start":{"line":7,"column":0},"end":{"line":7,"column":68}},"5":{"start":{"line":10,"column":0},"end":{"line":10,"column":52}},"6":{"start":{"line":12,"column":0},"end":{"line":12,"column":24}}},"fnMap":{},"branchMap":{},"s":{"0":0,"1":0,"2":0,"3":0,"4":0,"5":0,"6":0},"f":{},"b":{}}
,"/workspaces/ANNSETU-APP-NEW/backend/modules/amad/amad.service.js": {"path":"/workspaces/ANNSETU-APP-NEW/backend/modules/amad/amad.service.js","statementMap":{"0":{"start":{"line":1,"column":23},"end":{"line":1,"column":51}},"1":{"start":{"line":2,"column":59},"end":{"line":2,"column":110}},"2":{"start":{"line":9,"column":107},"end":{"line":9,"column":111}},"3":{"start":{"line":10,"column":2},"end":{"line":14,"column":3}},"4":{"start":{"line":11,"column":16},"end":{"line":11,"column":55}},"5":{"start":{"line":12,"column":4},"end":{"line":12,"column":25}},"6":{"start":{"line":13,"column":4},"end":{"line":13,"column":14}},"7":{"start":{"line":16,"column":13},"end":{"line":16,"column":31}},"8":{"start":{"line":17,"column":14},"end":{"line":17,"column":24}},"9":{"start":{"line":19,"column":17},"end":{"line":23,"column":3}},"10":{"start":{"line":25,"column":14},"end":{"line":25,"column":56}},"11":{"start":{"line":26,"column":17},"end":{"line":26,"column":57}},"12":{"start":{"line":29,"column":2},"end":{"line":44,"column":3}},"13":{"start":{"line":30,"column":4},"end":{"line":35,"column":7}},"14":{"start":{"line":36,"column":4},"end":{"line":41,"column":7}},"15":{"start":{"line":43,"column":4},"end":{"line":43,"column":84}},"16":{"start":{"line":46,"column":2},"end":{"line":46,"column":13}},"17":{"start":{"line":53,"column":15},"end":{"line":53,"column":53}},"18":{"start":{"line":54,"column":2},"end":{"line":63,"column":5}},"19":{"start":{"line":55,"column":21},"end":{"line":55,"column":43}},"20":{"start":{"line":56,"column":21},"end":{"line":56,"column":93}},"21":{"start":{"line":57,"column":4},"end":{"line":62,"column":6}},"22":{"start":{"line":66,"column":0},"end":{"line":66,"column":53}}},"fnMap":{"0":{"name":"createNewAmadLot","decl":{"start":{"line":8,"column":15},"end":{"line":8,"column":31}},"loc":{"start":{"line":8,"column":38},"end":{"line":47,"column":1}},"line":8},"1":{"name":"fetchHoldings","decl":{"start":{"line":52,"column":15},"end":{"line":52,"column":28}},"loc":{"start":{"line":52,"column":31},"end":{"line":64,"column":1}},"line":52},"2":{"name":"(anonymous_2)","decl":{"start":{"line":54,"column":18},"end":{"line":54,"column":19}},"loc":{"start":{"line":54,"column":25},"end":{"line":63,"column":3}},"line":54}},"branchMap":{"0":{"loc":{"start":{"line":10,"column":2},"end":{"line":14,"column":3}},"type":"if","locations":[{"start":{"line":10,"column":2},"end":{"line":14,"column":3}},{"start":{},"end":{}}],"line":10},"1":{"loc":{"start":{"line":20,"column":44},"end":{"line":20,"column":56}},"type":"binary-expr","locations":[{"start":{"line":20,"column":44},"end":{"line":20,"column":48}},{"start":{"line":20,"column":52},"end":{"line":20,"column":56}}],"line":20},"2":{"loc":{"start":{"line":21,"column":4},"end":{"line":21,"column":18}},"type":"binary-expr","locations":[{"start":{"line":21,"column":4},"end":{"line":21,"column":10}},{"start":{"line":21,"column":14},"end":{"line":21,"column":18}}],"line":21},"3":{"loc":{"start":{"line":21,"column":20},"end":{"line":21,"column":34}},"type":"binary-expr","locations":[{"start":{"line":21,"column":20},"end":{"line":21,"column":26}},{"start":{"line":21,"column":30},"end":{"line":21,"column":34}}],"line":21},"4":{"loc":{"start":{"line":22,"column":24},"end":{"line":22,"column":49}},"type":"binary-expr","locations":[{"start":{"line":22,"column":24},"end":{"line":22,"column":38}},{"start":{"line":22,"column":42},"end":{"line":22,"column":49}}],"line":22},"5":{"loc":{"start":{"line":39,"column":101},"end":{"line":39,"column":114}},"type":"binary-expr","locations":[{"start":{"line":39,"column":101},"end":{"line":39,"column":107}},{"start":{"line":39,"column":111},"end":{"line":39,"column":114}}],"line":39},"6":{"loc":{"start":{"line":56,"column":21},"end":{"line":56,"column":93}},"type":"binary-expr","locations":[{"start":{"line":56,"column":21},"end":{"line":56,"column":88}},{"start":{"line":56,"column":92},"end":{"line":56,"column":93}}],"line":56},"7":{"loc":{"start":{"line":58,"column":63},"end":{"line":58,"column":81}},"type":"binary-expr","locations":[{"start":{"line":58,"column":63},"end":{"line":58,"column":74}},{"start":{"line":58,"column":78},"end":{"line":58,"column":81}}],"line":58},"8":{"loc":{"start":{"line":59,"column":20},"end":{"line":59,"column":52}},"type":"binary-expr","locations":[{"start":{"line":59,"column":20},"end":{"line":59,"column":36}},{"start":{"line":59,"column":40},"end":{"line":59,"column":52}}],"line":59},"9":{"loc":{"start":{"line":60,"column":16},"end":{"line":60,"column":43}},"type":"binary-expr","locations":[{"start":{"line":60,"column":16},"end":{"line":60,"column":28}},{"start":{"line":60,"column":32},"end":{"line":60,"column":43}}],"line":60}},"s":{"0":0,"1":0,"2":0,"3":0,"4":0,"5":0,"6":0,"7":0,"8":0,"9":0,"10":0,"11":0,"12":0,"13":0,"14":0,"15":0,"16":0,"17":0,"18":0,"19":0,"20":0,"21":0,"22":0},"f":{"0":0,"1":0,"2":0},"b":{"0":[0,0],"1":[0,0],"2":[0,0],"3":[0,0],"4":[0,0],"5":[0,0],"6":[0,0],"7":[0,0],"8":[0,0],"9":[0,0]}}
,"/workspaces/ANNSETU-APP-NEW/backend/modules/amad/amad.validator.js": {"path":"/workspaces/ANNSETU-APP-NEW/backend/modules/amad/amad.validator.js","statementMap":{"0":{"start":{"line":6,"column":54},"end":{"line":6,"column":62}},"1":{"start":{"line":7,"column":2},"end":{"line":12,"column":3}},"2":{"start":{"line":8,"column":4},"end":{"line":11,"column":7}},"3":{"start":{"line":13,"column":2},"end":{"line":13,"column":9}},"4":{"start":{"line":16,"column":0},"end":{"line":16,"column":40}}},"fnMap":{"0":{"name":"validateCreateAmad","decl":{"start":{"line":5,"column":9},"end":{"line":5,"column":27}},"loc":{"start":{"line":5,"column":44},"end":{"line":14,"column":1}},"line":5}},"branchMap":{"0":{"loc":{"start":{"line":7,"column":2},"end":{"line":12,"column":3}},"type":"if","locations":[{"start":{"line":7,"column":2},"end":{"line":12,"column":3}},{"start":{},"end":{}}],"line":7},"1":{"loc":{"start":{"line":7,"column":6},"end":{"line":7,"column":55}},"type":"binary-expr","locations":[{"start":{"line":7,"column":6},"end":{"line":7,"column":15}},{"start":{"line":7,"column":19},"end":{"line":7,"column":29}},{"start":{"line":7,"column":33},"end":{"line":7,"column":41}},{"start":{"line":7,"column":45},"end":{"line":7,"column":55}}],"line":7}},"s":{"0":7,"1":7,"2":6,"3":1,"4":1},"f":{"0":7},"b":{"0":[6,1],"1":[7,5,4,2]},"_coverageSchema":"1a1c01bbd47fc00a2c39e90264f33305004495a9","hash":"b7dde8b08d51c3943faf7863d9b6642ce9800a77"}
,"/workspaces/ANNSETU-APP-NEW/backend/modules/cron/cron.controller.js": {"path":"/workspaces/ANNSETU-APP-NEW/backend/modules/cron/cron.controller.js","statementMap":{"0":{"start":{"line":1,"column":15},"end":{"line":1,"column":32}},"1":{"start":{"line":2,"column":20},"end":{"line":2,"column":45}},"2":{"start":{"line":6,"column":21},"end":{"line":6,"column":46}},"3":{"start":{"line":7,"column":2},"end":{"line":9,"column":3}},"4":{"start":{"line":8,"column":4},"end":{"line":8,"column":90}},"5":{"start":{"line":11,"column":16},"end":{"line":11,"column":40}},"6":{"start":{"line":12,"column":21},"end":{"line":12,"column":67}},"7":{"start":{"line":14,"column":2},"end":{"line":22,"column":3}},"8":{"start":{"line":15,"column":22},"end":{"line":15,"column":72}},"9":{"start":{"line":16,"column":23},"end":{"line":16,"column":78}},"10":{"start":{"line":17,"column":4},"end":{"line":19,"column":5}},"11":{"start":{"line":18,"column":6},"end":{"line":18,"column":92}},"12":{"start":{"line":21,"column":4},"end":{"line":21,"column":96}},"13":{"start":{"line":25,"column":2},"end":{"line":36,"column":3}},"14":{"start":{"line":26,"column":19},"end":{"line":26,"column":57}},"15":{"start":{"line":27,"column":4},"end":{"line":32,"column":7}},"16":{"start":{"line":34,"column":4},"end":{"line":34,"column":59}},"17":{"start":{"line":35,"column":4},"end":{"line":35,"column":113}},"18":{"start":{"line":39,"column":0},"end":{"line":39,"column":38}}},"fnMap":{"0":{"name":"processCropAging","decl":{"start":{"line":4,"column":15},"end":{"line":4,"column":31}},"loc":{"start":{"line":4,"column":42},"end":{"line":37,"column":1}},"line":4}},"branchMap":{"0":{"loc":{"start":{"line":7,"column":2},"end":{"line":9,"column":3}},"type":"if","locations":[{"start":{"line":7,"column":2},"end":{"line":9,"column":3}},{"start":{},"end":{}}],"line":7},"1":{"loc":{"start":{"line":7,"column":6},"end":{"line":7,"column":54}},"type":"binary-expr","locations":[{"start":{"line":7,"column":6},"end":{"line":7,"column":17}},{"start":{"line":7,"column":21},"end":{"line":7,"column":54}}],"line":7},"2":{"loc":{"start":{"line":12,"column":21},"end":{"line":12,"column":67}},"type":"binary-expr","locations":[{"start":{"line":12,"column":21},"end":{"line":12,"column":44}},{"start":{"line":12,"column":48},"end":{"line":12,"column":67}}],"line":12},"3":{"loc":{"start":{"line":17,"column":4},"end":{"line":19,"column":5}},"type":"if","locations":[{"start":{"line":17,"column":4},"end":{"line":19,"column":5}},{"start":{},"end":{}}],"line":17}},"s":{"0":0,"1":0,"2":0,"3":0,"4":0,"5":0,"6":0,"7":0,"8":0,"9":0,"10":0,"11":0,"12":0,"13":0,"14":0,"15":0,"16":0,"17":0,"18":0},"f":{"0":0},"b":{"0":[0,0],"1":[0,0],"2":[0,0],"3":[0,0]}}
,"/workspaces/ANNSETU-APP-NEW/backend/modules/cron/cron.repository.js": {"path":"/workspaces/ANNSETU-APP-NEW/backend/modules/cron/cron.repository.js","statementMap":{"0":{"start":{"line":1,"column":11},"end":{"line":1,"column":43}},"1":{"start":{"line":4,"column":24},"end":{"line":4,"column":121}},"2":{"start":{"line":5,"column":2},"end":{"line":5,"column":28}},"3":{"start":{"line":9,"column":18},"end":{"line":14,"column":3}},"4":{"start":{"line":15,"column":2},"end":{"line":15,"column":22}},"5":{"start":{"line":18,"column":0},"end":{"line":18,"column":58}}},"fnMap":{"0":{"name":"getApprovedFacilities","decl":{"start":{"line":3,"column":15},"end":{"line":3,"column":36}},"loc":{"start":{"line":3,"column":39},"end":{"line":6,"column":1}},"line":3},"1":{"name":"getActiveLots","decl":{"start":{"line":8,"column":15},"end":{"line":8,"column":28}},"loc":{"start":{"line":8,"column":41},"end":{"line":16,"column":1}},"line":8}},"branchMap":{},"s":{"0":0,"1":0,"2":0,"3":0,"4":0,"5":0},"f":{"0":0,"1":0},"b":{}}
,"/workspaces/ANNSETU-APP-NEW/backend/modules/cron/cron.routes.js": {"path":"/workspaces/ANNSETU-APP-NEW/backend/modules/cron/cron.routes.js","statementMap":{"0":{"start":{"line":1,"column":16},"end":{"line":1,"column":34}},"1":{"start":{"line":2,"column":15},"end":{"line":2,"column":31}},"2":{"start":{"line":3,"column":23},"end":{"line":3,"column":51}},"3":{"start":{"line":5,"column":0},"end":{"line":5,"column":65}},"4":{"start":{"line":7,"column":0},"end":{"line":7,"column":24}}},"fnMap":{},"branchMap":{},"s":{"0":0,"1":0,"2":0,"3":0,"4":0},"f":{},"b":{}}
,"/workspaces/ANNSETU-APP-NEW/backend/modules/cron/cron.service.js": {"path":"/workspaces/ANNSETU-APP-NEW/backend/modules/cron/cron.service.js","statementMap":{"0":{"start":{"line":1,"column":23},"end":{"line":1,"column":51}},"1":{"start":{"line":2,"column":34},"end":{"line":2,"column":85}},"2":{"start":{"line":10,"column":14},"end":{"line":10,"column":24}},"3":{"start":{"line":11,"column":23},"end":{"line":11,"column":91}},"4":{"start":{"line":12,"column":21},"end":{"line":12,"column":65}},"5":{"start":{"line":13,"column":27},"end":{"line":13,"column":28}},"6":{"start":{"line":15,"column":2},"end":{"line":35,"column":3}},"7":{"start":{"line":16,"column":23},"end":{"line":16,"column":70}},"8":{"start":{"line":18,"column":4},"end":{"line":34,"column":5}},"9":{"start":{"line":19,"column":22},"end":{"line":19,"column":101}},"10":{"start":{"line":21,"column":6},"end":{"line":33,"column":7}},"11":{"start":{"line":22,"column":21},"end":{"line":22,"column":56}},"12":{"start":{"line":23,"column":29},"end":{"line":23,"column":78}},"13":{"start":{"line":24,"column":21},"end":{"line":24,"column":65}},"14":{"start":{"line":25,"column":24},"end":{"line":25,"column":178}},"15":{"start":{"line":27,"column":23},"end":{"line":31,"column":10}},"16":{"start":{"line":32,"column":8},"end":{"line":32,"column":41}},"17":{"start":{"line":32,"column":20},"end":{"line":32,"column":41}},"18":{"start":{"line":37,"column":2},"end":{"line":37,"column":67}},"19":{"start":{"line":40,"column":0},"end":{"line":40,"column":40}}},"fnMap":{"0":{"name":"runCropAgingAlerts","decl":{"start":{"line":9,"column":15},"end":{"line":9,"column":33}},"loc":{"start":{"line":9,"column":36},"end":{"line":38,"column":1}},"line":9}},"branchMap":{"0":{"loc":{"start":{"line":19,"column":22},"end":{"line":19,"column":101}},"type":"binary-expr","locations":[{"start":{"line":19,"column":22},"end":{"line":19,"column":96}},{"start":{"line":19,"column":100},"end":{"line":19,"column":101}}],"line":19},"1":{"loc":{"start":{"line":21,"column":6},"end":{"line":33,"column":7}},"type":"if","locations":[{"start":{"line":21,"column":6},"end":{"line":33,"column":7}},{"start":{},"end":{}}],"line":21},"2":{"loc":{"start":{"line":22,"column":21},"end":{"line":22,"column":56}},"type":"cond-expr","locations":[{"start":{"line":22,"column":37},"end":{"line":22,"column":44}},{"start":{"line":22,"column":47},"end":{"line":22,"column":56}}],"line":22},"3":{"loc":{"start":{"line":23,"column":29},"end":{"line":23,"column":78}},"type":"cond-expr","locations":[{"start":{"line":23,"column":48},"end":{"line":23,"column":61}},{"start":{"line":23,"column":64},"end":{"line":23,"column":78}}],"line":23},"4":{"loc":{"start":{"line":24,"column":21},"end":{"line":24,"column":65}},"type":"cond-expr","locations":[{"start":{"line":24,"column":40},"end":{"line":24,"column":56}},{"start":{"line":24,"column":59},"end":{"line":24,"column":65}}],"line":24},"5":{"loc":{"start":{"line":32,"column":8},"end":{"line":32,"column":41}},"type":"if","locations":[{"start":{"line":32,"column":8},"end":{"line":32,"column":41}},{"start":{},"end":{}}],"line":32}},"s":{"0":0,"1":0,"2":0,"3":0,"4":0,"5":0,"6":0,"7":0,"8":0,"9":0,"10":0,"11":0,"12":0,"13":0,"14":0,"15":0,"16":0,"17":0,"18":0,"19":0},"f":{"0":0},"b":{"0":[0,0],"1":[0,0],"2":[0,0],"3":[0,0],"4":[0,0],"5":[0,0]}}
,"/workspaces/ANNSETU-APP-NEW/backend/modules/dispatch/dispatch.controller.js": {"path":"/workspaces/ANNSETU-APP-NEW/backend/modules/dispatch/dispatch.controller.js","statementMap":{"0":{"start":{"line":1,"column":24},"end":{"line":1,"column":53}},"1":{"start":{"line":4,"column":2},"end":{"line":10,"column":3}},"2":{"start":{"line":5,"column":23},"end":{"line":5,"column":71}},"3":{"start":{"line":6,"column":4},"end":{"line":6,"column":51}},"4":{"start":{"line":8,"column":4},"end":{"line":8,"column":40}},"5":{"start":{"line":9,"column":4},"end":{"line":9,"column":103}},"6":{"start":{"line":14,"column":2},"end":{"line":21,"column":3}},"7":{"start":{"line":15,"column":21},"end":{"line":15,"column":70}},"8":{"start":{"line":16,"column":4},"end":{"line":16,"column":61}},"9":{"start":{"line":18,"column":4},"end":{"line":18,"column":41}},"10":{"start":{"line":19,"column":19},"end":{"line":19,"column":42}},"11":{"start":{"line":20,"column":4},"end":{"line":20,"column":120}},"12":{"start":{"line":25,"column":2},"end":{"line":32,"column":3}},"13":{"start":{"line":26,"column":21},"end":{"line":26,"column":94}},"14":{"start":{"line":27,"column":4},"end":{"line":27,"column":49}},"15":{"start":{"line":29,"column":4},"end":{"line":29,"column":45}},"16":{"start":{"line":30,"column":19},"end":{"line":30,"column":42}},"17":{"start":{"line":31,"column":4},"end":{"line":31,"column":121}},"18":{"start":{"line":36,"column":2},"end":{"line":43,"column":3}},"19":{"start":{"line":37,"column":21},"end":{"line":37,"column":79}},"20":{"start":{"line":38,"column":4},"end":{"line":38,"column":49}},"21":{"start":{"line":40,"column":4},"end":{"line":40,"column":45}},"22":{"start":{"line":41,"column":19},"end":{"line":41,"column":42}},"23":{"start":{"line":42,"column":4},"end":{"line":42,"column":121}},"24":{"start":{"line":46,"column":0},"end":{"line":46,"column":85}}},"fnMap":{"0":{"name":"getDispatches","decl":{"start":{"line":3,"column":15},"end":{"line":3,"column":28}},"loc":{"start":{"line":3,"column":39},"end":{"line":11,"column":1}},"line":3},"1":{"name":"createDispatch","decl":{"start":{"line":13,"column":15},"end":{"line":13,"column":29}},"loc":{"start":{"line":13,"column":40},"end":{"line":22,"column":1}},"line":13},"2":{"name":"approveDispatch","decl":{"start":{"line":24,"column":15},"end":{"line":24,"column":30}},"loc":{"start":{"line":24,"column":41},"end":{"line":33,"column":1}},"line":24},"3":{"name":"deliverDispatch","decl":{"start":{"line":35,"column":15},"end":{"line":35,"column":30}},"loc":{"start":{"line":35,"column":41},"end":{"line":44,"column":1}},"line":35}},"branchMap":{"0":{"loc":{"start":{"line":19,"column":19},"end":{"line":19,"column":42}},"type":"binary-expr","locations":[{"start":{"line":19,"column":19},"end":{"line":19,"column":35}},{"start":{"line":19,"column":39},"end":{"line":19,"column":42}}],"line":19},"1":{"loc":{"start":{"line":20,"column":60},"end":{"line":20,"column":116}},"type":"binary-expr","locations":[{"start":{"line":20,"column":60},"end":{"line":20,"column":73}},{"start":{"line":20,"column":77},"end":{"line":20,"column":116}}],"line":20},"2":{"loc":{"start":{"line":30,"column":19},"end":{"line":30,"column":42}},"type":"binary-expr","locations":[{"start":{"line":30,"column":19},"end":{"line":30,"column":35}},{"start":{"line":30,"column":39},"end":{"line":30,"column":42}}],"line":30},"3":{"loc":{"start":{"line":31,"column":60},"end":{"line":31,"column":117}},"type":"binary-expr","locations":[{"start":{"line":31,"column":60},"end":{"line":31,"column":73}},{"start":{"line":31,"column":77},"end":{"line":31,"column":117}}],"line":31},"4":{"loc":{"start":{"line":41,"column":19},"end":{"line":41,"column":42}},"type":"binary-expr","locations":[{"start":{"line":41,"column":19},"end":{"line":41,"column":35}},{"start":{"line":41,"column":39},"end":{"line":41,"column":42}}],"line":41},"5":{"loc":{"start":{"line":42,"column":60},"end":{"line":42,"column":117}},"type":"binary-expr","locations":[{"start":{"line":42,"column":60},"end":{"line":42,"column":73}},{"start":{"line":42,"column":77},"end":{"line":42,"column":117}}],"line":42}},"s":{"0":0,"1":0,"2":0,"3":0,"4":0,"5":0,"6":0,"7":0,"8":0,"9":0,"10":0,"11":0,"12":0,"13":0,"14":0,"15":0,"16":0,"17":0,"18":0,"19":0,"20":0,"21":0,"22":0,"23":0,"24":0},"f":{"0":0,"1":0,"2":0,"3":0},"b":{"0":[0,0],"1":[0,0],"2":[0,0],"3":[0,0],"4":[0,0],"5":[0,0]}}
,"/workspaces/ANNSETU-APP-NEW/backend/modules/dispatch/dispatch.repository.js": {"path":"/workspaces/ANNSETU-APP-NEW/backend/modules/dispatch/dispatch.repository.js","statementMap":{"0":{"start":{"line":1,"column":11},"end":{"line":1,"column":43}},"1":{"start":{"line":9,"column":18},"end":{"line":26,"column":3}},"2":{"start":{"line":28,"column":2},"end":{"line":32,"column":3}},"3":{"start":{"line":29,"column":16},"end":{"line":29,"column":80}},"4":{"start":{"line":30,"column":19},"end":{"line":30,"column":57}},"5":{"start":{"line":31,"column":4},"end":{"line":31,"column":23}},"6":{"start":{"line":35,"column":21},"end":{"line":35,"column":66}},"7":{"start":{"line":36,"column":14},"end":{"line":36,"column":83}},"8":{"start":{"line":37,"column":17},"end":{"line":37,"column":50}},"9":{"start":{"line":38,"column":2},"end":{"line":38,"column":21}},"10":{"start":{"line":47,"column":17},"end":{"line":47,"column":90}},"11":{"start":{"line":48,"column":2},"end":{"line":48,"column":32}},"12":{"start":{"line":57,"column":14},"end":{"line":64,"column":3}},"13":{"start":{"line":65,"column":17},"end":{"line":69,"column":3}},"14":{"start":{"line":70,"column":17},"end":{"line":70,"column":44}},"15":{"start":{"line":71,"column":2},"end":{"line":71,"column":24}},"16":{"start":{"line":81,"column":14},"end":{"line":86,"column":3}},"17":{"start":{"line":87,"column":17},"end":{"line":87,"column":50}},"18":{"start":{"line":88,"column":2},"end":{"line":88,"column":32}},"19":{"start":{"line":100,"column":12},"end":{"line":103,"column":3}},"20":{"start":{"line":104,"column":2},"end":{"line":104,"column":49}},"21":{"start":{"line":104,"column":27},"end":{"line":104,"column":49}},"22":{"start":{"line":107,"column":2},"end":{"line":110,"column":4}},"23":{"start":{"line":111,"column":2},"end":{"line":111,"column":49}},"24":{"start":{"line":111,"column":27},"end":{"line":111,"column":49}},"25":{"start":{"line":113,"column":2},"end":{"line":113,"column":14}},"26":{"start":{"line":123,"column":2},"end":{"line":125,"column":3}},"27":{"start":{"line":124,"column":4},"end":{"line":124,"column":50}},"28":{"start":{"line":126,"column":14},"end":{"line":126,"column":101}},"29":{"start":{"line":127,"column":2},"end":{"line":129,"column":3}},"30":{"start":{"line":128,"column":4},"end":{"line":128,"column":81}},"31":{"start":{"line":130,"column":2},"end":{"line":130,"column":23}},"32":{"start":{"line":139,"column":14},"end":{"line":139,"column":89}},"33":{"start":{"line":140,"column":2},"end":{"line":140,"column":29}},"34":{"start":{"line":149,"column":14},"end":{"line":149,"column":112}},"35":{"start":{"line":150,"column":2},"end":{"line":150,"column":72}},"36":{"start":{"line":160,"column":2},"end":{"line":166,"column":4}},"37":{"start":{"line":169,"column":0},"end":{"line":179,"column":2}}},"fnMap":{"0":{"name":"getDispatchesData","decl":{"start":{"line":8,"column":15},"end":{"line":8,"column":32}},"loc":{"start":{"line":8,"column":41},"end":{"line":39,"column":1}},"line":8},"1":{"name":"getDispatchById","decl":{"start":{"line":46,"column":15},"end":{"line":46,"column":30}},"loc":{"start":{"line":46,"column":35},"end":{"line":49,"column":1}},"line":46},"2":{"name":"insertDispatch","decl":{"start":{"line":56,"column":15},"end":{"line":56,"column":29}},"loc":{"start":{"line":56,"column":127},"end":{"line":72,"column":1}},"line":56},"3":{"name":"updateDispatchStatus","decl":{"start":{"line":80,"column":15},"end":{"line":80,"column":35}},"loc":{"start":{"line":80,"column":48},"end":{"line":89,"column":1}},"line":80},"4":{"name":"getActiveLotForDispatch","decl":{"start":{"line":98,"column":15},"end":{"line":98,"column":38}},"loc":{"start":{"line":98,"column":60},"end":{"line":114,"column":1}},"line":98},"5":{"name":"verifyColdStorage","decl":{"start":{"line":122,"column":15},"end":{"line":122,"column":32}},"loc":{"start":{"line":122,"column":48},"end":{"line":131,"column":1}},"line":122},"6":{"name":"getFarmerWithMpin","decl":{"start":{"line":138,"column":15},"end":{"line":138,"column":32}},"loc":{"start":{"line":138,"column":43},"end":{"line":141,"column":1}},"line":138},"7":{"name":"getColdStorageName","decl":{"start":{"line":148,"column":15},"end":{"line":148,"column":33}},"loc":{"start":{"line":148,"column":49},"end":{"line":151,"column":1}},"line":148},"8":{"name":"deleteNotification","decl":{"start":{"line":159,"column":15},"end":{"line":159,"column":33}},"loc":{"start":{"line":159,"column":62},"end":{"line":167,"column":1}},"line":159}},"branchMap":{"0":{"loc":{"start":{"line":28,"column":2},"end":{"line":32,"column":3}},"type":"if","locations":[{"start":{"line":28,"column":2},"end":{"line":32,"column":3}},{"start":{},"end":{}}],"line":28},"1":{"loc":{"start":{"line":48,"column":9},"end":{"line":48,"column":31}},"type":"binary-expr","locations":[{"start":{"line":48,"column":9},"end":{"line":48,"column":23}},{"start":{"line":48,"column":27},"end":{"line":48,"column":31}}],"line":48},"2":{"loc":{"start":{"line":68,"column":4},"end":{"line":68,"column":25}},"type":"binary-expr","locations":[{"start":{"line":68,"column":4},"end":{"line":68,"column":17}},{"start":{"line":68,"column":21},"end":{"line":68,"column":25}}],"line":68},"3":{"loc":{"start":{"line":88,"column":9},"end":{"line":88,"column":31}},"type":"binary-expr","locations":[{"start":{"line":88,"column":9},"end":{"line":88,"column":23}},{"start":{"line":88,"column":27},"end":{"line":88,"column":31}}],"line":88},"4":{"loc":{"start":{"line":104,"column":2},"end":{"line":104,"column":49}},"type":"if","locations":[{"start":{"line":104,"column":2},"end":{"line":104,"column":49}},{"start":{},"end":{}}],"line":104},"5":{"loc":{"start":{"line":111,"column":2},"end":{"line":111,"column":49}},"type":"if","locations":[{"start":{"line":111,"column":2},"end":{"line":111,"column":49}},{"start":{},"end":{}}],"line":111},"6":{"loc":{"start":{"line":123,"column":2},"end":{"line":125,"column":3}},"type":"if","locations":[{"start":{"line":123,"column":2},"end":{"line":125,"column":3}},{"start":{},"end":{}}],"line":123},"7":{"loc":{"start":{"line":127,"column":2},"end":{"line":129,"column":3}},"type":"if","locations":[{"start":{"line":127,"column":2},"end":{"line":129,"column":3}},{"start":{},"end":{}}],"line":127},"8":{"loc":{"start":{"line":140,"column":9},"end":{"line":140,"column":28}},"type":"binary-expr","locations":[{"start":{"line":140,"column":9},"end":{"line":140,"column":20}},{"start":{"line":140,"column":24},"end":{"line":140,"column":28}}],"line":140},"9":{"loc":{"start":{"line":150,"column":9},"end":{"line":150,"column":71}},"type":"cond-expr","locations":[{"start":{"line":150,"column":31},"end":{"line":150,"column":54}},{"start":{"line":150,"column":57},"end":{"line":150,"column":71}}],"line":150}},"s":{"0":0,"1":0,"2":0,"3":0,"4":0,"5":0,"6":0,"7":0,"8":0,"9":0,"10":0,"11":0,"12":0,"13":0,"14":0,"15":0,"16":0,"17":0,"18":0,"19":0,"20":0,"21":0,"22":0,"23":0,"24":0,"25":0,"26":0,"27":0,"28":0,"29":0,"30":0,"31":0,"32":0,"33":0,"34":0,"35":0,"36":0,"37":0},"f":{"0":0,"1":0,"2":0,"3":0,"4":0,"5":0,"6":0,"7":0,"8":0},"b":{"0":[0,0],"1":[0,0],"2":[0,0],"3":[0,0],"4":[0,0],"5":[0,0],"6":[0,0],"7":[0,0],"8":[0,0],"9":[0,0]}}
,"/workspaces/ANNSETU-APP-NEW/backend/modules/dispatch/dispatch.routes.js": {"path":"/workspaces/ANNSETU-APP-NEW/backend/modules/dispatch/dispatch.routes.js","statementMap":{"0":{"start":{"line":1,"column":16},"end":{"line":1,"column":34}},"1":{"start":{"line":2,"column":15},"end":{"line":2,"column":31}},"2":{"start":{"line":3,"column":27},"end":{"line":3,"column":59}},"3":{"start":{"line":4,"column":18},"end":{"line":4,"column":49}},"4":{"start":{"line":6,"column":0},"end":{"line":6,"column":93}},"5":{"start":{"line":7,"column":0},"end":{"line":7,"column":96}},"6":{"start":{"line":8,"column":0},"end":{"line":8,"column":110}},"7":{"start":{"line":9,"column":0},"end":{"line":9,"column":75}},"8":{"start":{"line":11,"column":0},"end":{"line":11,"column":24}}},"fnMap":{},"branchMap":{},"s":{"0":0,"1":0,"2":0,"3":0,"4":0,"5":0,"6":0,"7":0,"8":0},"f":{},"b":{}}
,"/workspaces/ANNSETU-APP-NEW/backend/modules/dispatch/dispatch.service.js": {"path":"/workspaces/ANNSETU-APP-NEW/backend/modules/dispatch/dispatch.service.js","statementMap":{"0":{"start":{"line":1,"column":21},"end":{"line":1,"column":53}},"1":{"start":{"line":2,"column":34},"end":{"line":2,"column":85}},"2":{"start":{"line":3,"column":36},"end":{"line":3,"column":69}},"3":{"start":{"line":4,"column":33},"end":{"line":4,"column":72}},"4":{"start":{"line":5,"column":15},"end":{"line":5,"column":32}},"5":{"start":{"line":14,"column":2},"end":{"line":14,"column":48}},"6":{"start":{"line":23,"column":70},"end":{"line":23,"column":74}},"7":{"start":{"line":26,"column":20},"end":{"line":26,"column":49}},"8":{"start":{"line":29,"column":16},"end":{"line":29,"column":79}},"9":{"start":{"line":30,"column":2},"end":{"line":34,"column":3}},"10":{"start":{"line":31,"column":16},"end":{"line":31,"column":117}},"11":{"start":{"line":32,"column":4},"end":{"line":32,"column":25}},"12":{"start":{"line":33,"column":4},"end":{"line":33,"column":14}},"13":{"start":{"line":37,"column":32},"end":{"line":37,"column":83}},"14":{"start":{"line":39,"column":13},"end":{"line":39,"column":31}},"15":{"start":{"line":40,"column":23},"end":{"line":40,"column":62}},"16":{"start":{"line":42,"column":19},"end":{"line":46,"column":4}},"17":{"start":{"line":49,"column":2},"end":{"line":63,"column":3}},"18":{"start":{"line":50,"column":19},"end":{"line":50,"column":79}},"19":{"start":{"line":51,"column":4},"end":{"line":60,"column":7}},"20":{"start":{"line":62,"column":4},"end":{"line":62,"column":78}},"21":{"start":{"line":65,"column":2},"end":{"line":65,"column":18}},"22":{"start":{"line":75,"column":23},"end":{"line":75,"column":61}},"23":{"start":{"line":76,"column":2},"end":{"line":80,"column":3}},"24":{"start":{"line":77,"column":16},"end":{"line":77,"column":59}},"25":{"start":{"line":78,"column":4},"end":{"line":78,"column":25}},"26":{"start":{"line":79,"column":4},"end":{"line":79,"column":14}},"27":{"start":{"line":83,"column":17},"end":{"line":83,"column":76}},"28":{"start":{"line":84,"column":2},"end":{"line":88,"column":3}},"29":{"start":{"line":85,"column":16},"end":{"line":85,"column":65}},"30":{"start":{"line":86,"column":4},"end":{"line":86,"column":25}},"31":{"start":{"line":87,"column":4},"end":{"line":87,"column":14}},"32":{"start":{"line":90,"column":21},"end":{"line":90,"column":42}},"33":{"start":{"line":91,"column":2},"end":{"line":95,"column":3}},"34":{"start":{"line":92,"column":16},"end":{"line":92,"column":60}},"35":{"start":{"line":93,"column":4},"end":{"line":93,"column":25}},"36":{"start":{"line":94,"column":4},"end":{"line":94,"column":14}},"37":{"start":{"line":98,"column":26},"end":{"line":98,"column":83}},"38":{"start":{"line":101,"column":2},"end":{"line":110,"column":3}},"39":{"start":{"line":102,"column":4},"end":{"line":106,"column":6}},"40":{"start":{"line":107,"column":4},"end":{"line":107,"column":116}},"41":{"start":{"line":109,"column":4},"end":{"line":109,"column":86}},"42":{"start":{"line":113,"column":2},"end":{"line":142,"column":3}},"43":{"start":{"line":114,"column":23},"end":{"line":114,"column":46}},"44":{"start":{"line":115,"column":17},"end":{"line":115,"column":70}},"45":{"start":{"line":118,"column":4},"end":{"line":127,"column":7}},"46":{"start":{"line":130,"column":4},"end":{"line":139,"column":7}},"47":{"start":{"line":141,"column":4},"end":{"line":141,"column":79}},"48":{"start":{"line":144,"column":2},"end":{"line":144,"column":25}},"49":{"start":{"line":153,"column":26},"end":{"line":153,"column":83}},"50":{"start":{"line":154,"column":2},"end":{"line":158,"column":3}},"51":{"start":{"line":155,"column":16},"end":{"line":155,"column":59}},"52":{"start":{"line":156,"column":4},"end":{"line":156,"column":25}},"53":{"start":{"line":157,"column":4},"end":{"line":157,"column":14}},"54":{"start":{"line":161,"column":2},"end":{"line":170,"column":3}},"55":{"start":{"line":162,"column":4},"end":{"line":166,"column":6}},"56":{"start":{"line":167,"column":4},"end":{"line":167,"column":131}},"57":{"start":{"line":169,"column":4},"end":{"line":169,"column":82}},"58":{"start":{"line":173,"column":2},"end":{"line":187,"column":3}},"59":{"start":{"line":174,"column":19},"end":{"line":174,"column":87}},"60":{"start":{"line":175,"column":4},"end":{"line":184,"column":7}},"61":{"start":{"line":186,"column":4},"end":{"line":186,"column":78}},"62":{"start":{"line":189,"column":2},"end":{"line":189,"column":25}},"63":{"start":{"line":192,"column":0},"end":{"line":197,"column":2}}},"fnMap":{"0":{"name":"fetchDispatches","decl":{"start":{"line":13,"column":15},"end":{"line":13,"column":30}},"loc":{"start":{"line":13,"column":39},"end":{"line":15,"column":1}},"line":13},"1":{"name":"createNewDispatch","decl":{"start":{"line":22,"column":15},"end":{"line":22,"column":32}},"loc":{"start":{"line":22,"column":39},"end":{"line":66,"column":1}},"line":22},"2":{"name":"approveDispatchByMpin","decl":{"start":{"line":73,"column":15},"end":{"line":73,"column":36}},"loc":{"start":{"line":73,"column":47},"end":{"line":145,"column":1}},"line":73},"3":{"name":"markDispatchDelivered","decl":{"start":{"line":152,"column":15},"end":{"line":152,"column":36}},"loc":{"start":{"line":152,"column":41},"end":{"line":190,"column":1}},"line":152}},"branchMap":{"0":{"loc":{"start":{"line":30,"column":2},"end":{"line":34,"column":3}},"type":"if","locations":[{"start":{"line":30,"column":2},"end":{"line":34,"column":3}},{"start":{},"end":{}}],"line":30},"1":{"loc":{"start":{"line":76,"column":2},"end":{"line":80,"column":3}},"type":"if","locations":[{"start":{"line":76,"column":2},"end":{"line":80,"column":3}},{"start":{},"end":{}}],"line":76},"2":{"loc":{"start":{"line":84,"column":2},"end":{"line":88,"column":3}},"type":"if","locations":[{"start":{"line":84,"column":2},"end":{"line":88,"column":3}},{"start":{},"end":{}}],"line":84},"3":{"loc":{"start":{"line":90,"column":21},"end":{"line":90,"column":42}},"type":"binary-expr","locations":[{"start":{"line":90,"column":21},"end":{"line":90,"column":32}},{"start":{"line":90,"column":36},"end":{"line":90,"column":42}}],"line":90},"4":{"loc":{"start":{"line":91,"column":2},"end":{"line":95,"column":3}},"type":"if","locations":[{"start":{"line":91,"column":2},"end":{"line":95,"column":3}},{"start":{},"end":{}}],"line":91},"5":{"loc":{"start":{"line":114,"column":23},"end":{"line":114,"column":46}},"type":"binary-expr","locations":[{"start":{"line":114,"column":23},"end":{"line":114,"column":34}},{"start":{"line":114,"column":38},"end":{"line":114,"column":46}}],"line":114},"6":{"loc":{"start":{"line":115,"column":17},"end":{"line":115,"column":70}},"type":"binary-expr","locations":[{"start":{"line":115,"column":17},"end":{"line":115,"column":43}},{"start":{"line":115,"column":47},"end":{"line":115,"column":70}}],"line":115},"7":{"loc":{"start":{"line":124,"column":97},"end":{"line":124,"column":134}},"type":"binary-expr","locations":[{"start":{"line":124,"column":97},"end":{"line":124,"column":123}},{"start":{"line":124,"column":127},"end":{"line":124,"column":134}}],"line":124},"8":{"loc":{"start":{"line":136,"column":97},"end":{"line":136,"column":134}},"type":"binary-expr","locations":[{"start":{"line":136,"column":97},"end":{"line":136,"column":123}},{"start":{"line":136,"column":127},"end":{"line":136,"column":134}}],"line":136},"9":{"loc":{"start":{"line":154,"column":2},"end":{"line":158,"column":3}},"type":"if","locations":[{"start":{"line":154,"column":2},"end":{"line":158,"column":3}},{"start":{},"end":{}}],"line":154},"10":{"loc":{"start":{"line":176,"column":21},"end":{"line":176,"column":77}},"type":"binary-expr","locations":[{"start":{"line":176,"column":21},"end":{"line":176,"column":50}},{"start":{"line":176,"column":54},"end":{"line":176,"column":77}}],"line":176},"11":{"loc":{"start":{"line":181,"column":63},"end":{"line":181,"column":103}},"type":"binary-expr","locations":[{"start":{"line":181,"column":63},"end":{"line":181,"column":92}},{"start":{"line":181,"column":96},"end":{"line":181,"column":103}}],"line":181}},"s":{"0":1,"1":1,"2":1,"3":1,"4":1,"5":0,"6":1,"7":1,"8":1,"9":1,"10":0,"11":0,"12":0,"13":1,"14":1,"15":1,"16":1,"17":1,"18":1,"19":1,"20":0,"21":1,"22":0,"23":0,"24":0,"25":0,"26":0,"27":0,"28":0,"29":0,"30":0,"31":0,"32":0,"33":0,"34":0,"35":0,"36":0,"37":0,"38":0,"39":0,"40":0,"41":0,"42":0,"43":0,"44":0,"45":0,"46":0,"47":0,"48":0,"49":0,"50":0,"51":0,"52":0,"53":0,"54":0,"55":0,"56":0,"57":0,"58":0,"59":0,"60":0,"61":0,"62":0,"63":1},"f":{"0":0,"1":1,"2":0,"3":0},"b":{"0":[0,1],"1":[0,0],"2":[0,0],"3":[0,0],"4":[0,0],"5":[0,0],"6":[0,0],"7":[0,0],"8":[0,0],"9":[0,0],"10":[0,0],"11":[0,0]},"_coverageSchema":"1a1c01bbd47fc00a2c39e90264f33305004495a9","hash":"3d76d90d6c6f24f7ec64c1aa96567ec8d934b5c7"}
,"/workspaces/ANNSETU-APP-NEW/backend/modules/dispatch/dispatch.validator.js": {"path":"/workspaces/ANNSETU-APP-NEW/backend/modules/dispatch/dispatch.validator.js","statementMap":{"0":{"start":{"line":7,"column":55},"end":{"line":7,"column":63}},"1":{"start":{"line":8,"column":2},"end":{"line":13,"column":3}},"2":{"start":{"line":9,"column":4},"end":{"line":12,"column":7}},"3":{"start":{"line":14,"column":2},"end":{"line":14,"column":9}},"4":{"start":{"line":18,"column":19},"end":{"line":18,"column":27}},"5":{"start":{"line":19,"column":2},"end":{"line":24,"column":3}},"6":{"start":{"line":20,"column":4},"end":{"line":23,"column":7}},"7":{"start":{"line":25,"column":2},"end":{"line":25,"column":9}},"8":{"start":{"line":29,"column":38},"end":{"line":29,"column":47}},"9":{"start":{"line":30,"column":2},"end":{"line":35,"column":3}},"10":{"start":{"line":31,"column":4},"end":{"line":34,"column":7}},"11":{"start":{"line":36,"column":2},"end":{"line":36,"column":9}},"12":{"start":{"line":39,"column":0},"end":{"line":43,"column":2}}},"fnMap":{"0":{"name":"validateCreateDispatch","decl":{"start":{"line":6,"column":9},"end":{"line":6,"column":31}},"loc":{"start":{"line":6,"column":48},"end":{"line":15,"column":1}},"line":6},"1":{"name":"validateApproveDispatch","decl":{"start":{"line":17,"column":9},"end":{"line":17,"column":32}},"loc":{"start":{"line":17,"column":49},"end":{"line":26,"column":1}},"line":17},"2":{"name":"validateGetDispatches","decl":{"start":{"line":28,"column":9},"end":{"line":28,"column":30}},"loc":{"start":{"line":28,"column":47},"end":{"line":37,"column":1}},"line":28}},"branchMap":{"0":{"loc":{"start":{"line":8,"column":2},"end":{"line":13,"column":3}},"type":"if","locations":[{"start":{"line":8,"column":2},"end":{"line":13,"column":3}},{"start":{},"end":{}}],"line":8},"1":{"loc":{"start":{"line":8,"column":6},"end":{"line":8,"column":56}},"type":"binary-expr","locations":[{"start":{"line":8,"column":6},"end":{"line":8,"column":15}},{"start":{"line":8,"column":19},"end":{"line":8,"column":33}},{"start":{"line":8,"column":37},"end":{"line":8,"column":47}},{"start":{"line":8,"column":51},"end":{"line":8,"column":56}}],"line":8},"2":{"loc":{"start":{"line":19,"column":2},"end":{"line":24,"column":3}},"type":"if","locations":[{"start":{"line":19,"column":2},"end":{"line":24,"column":3}},{"start":{},"end":{}}],"line":19},"3":{"loc":{"start":{"line":30,"column":2},"end":{"line":35,"column":3}},"type":"if","locations":[{"start":{"line":30,"column":2},"end":{"line":35,"column":3}},{"start":{},"end":{}}],"line":30},"4":{"loc":{"start":{"line":30,"column":6},"end":{"line":30,"column":33}},"type":"binary-expr","locations":[{"start":{"line":30,"column":6},"end":{"line":30,"column":15}},{"start":{"line":30,"column":19},"end":{"line":30,"column":33}}],"line":30}},"s":{"0":0,"1":0,"2":0,"3":0,"4":0,"5":0,"6":0,"7":0,"8":0,"9":0,"10":0,"11":0,"12":0},"f":{"0":0,"1":0,"2":0},"b":{"0":[0,0],"1":[0,0,0,0],"2":[0,0],"3":[0,0],"4":[0,0]}}
,"/workspaces/ANNSETU-APP-NEW/backend/modules/farmer/farmer.constants.js": {"path":"/workspaces/ANNSETU-APP-NEW/backend/modules/farmer/farmer.constants.js","statementMap":{"0":{"start":{"line":5,"column":0},"end":{"line":23,"column":2}}},"fnMap":{},"branchMap":{},"s":{"0":0},"f":{},"b":{}}
,"/workspaces/ANNSETU-APP-NEW/backend/modules/farmer/farmer.controller.js": {"path":"/workspaces/ANNSETU-APP-NEW/backend/modules/farmer/farmer.controller.js","statementMap":{"0":{"start":{"line":1,"column":23},"end":{"line":1,"column":69}},"1":{"start":{"line":2,"column":27},"end":{"line":2,"column":77}},"2":{"start":{"line":3,"column":22},"end":{"line":3,"column":67}},"3":{"start":{"line":4,"column":22},"end":{"line":4,"column":67}},"4":{"start":{"line":5,"column":22},"end":{"line":5,"column":67}},"5":{"start":{"line":6,"column":30},"end":{"line":6,"column":83}},"6":{"start":{"line":7,"column":33},"end":{"line":7,"column":89}},"7":{"start":{"line":8,"column":31},"end":{"line":8,"column":85}},"8":{"start":{"line":9,"column":25},"end":{"line":9,"column":73}},"9":{"start":{"line":10,"column":27},"end":{"line":10,"column":77}},"10":{"start":{"line":11,"column":35},"end":{"line":11,"column":93}},"11":{"start":{"line":13,"column":0},"end":{"line":25,"column":2}}},"fnMap":{},"branchMap":{},"s":{"0":0,"1":0,"2":0,"3":0,"4":0,"5":0,"6":0,"7":0,"8":0,"9":0,"10":0,"11":0},"f":{},"b":{}}
,"/workspaces/ANNSETU-APP-NEW/backend/modules/farmer/farmer.helpers.js": {"path":"/workspaces/ANNSETU-APP-NEW/backend/modules/farmer/farmer.helpers.js","statementMap":{"0":{"start":{"line":1,"column":19},"end":{"line":1,"column":43}},"1":{"start":{"line":7,"column":12},"end":{"line":7,"column":48}},"2":{"start":{"line":8,"column":2},"end":{"line":8,"column":40}},"3":{"start":{"line":9,"column":2},"end":{"line":9,"column":35}},"4":{"start":{"line":10,"column":2},"end":{"line":10,"column":85}},"5":{"start":{"line":11,"column":2},"end":{"line":11,"column":53}},"6":{"start":{"line":13,"column":24},"end":{"line":13,"column":45}},"7":{"start":{"line":14,"column":2},"end":{"line":20,"column":5}},"8":{"start":{"line":15,"column":26},"end":{"line":15,"column":73}},"9":{"start":{"line":16,"column":22},"end":{"line":18,"column":46}},"10":{"start":{"line":19,"column":4},"end":{"line":19,"column":110}},"11":{"start":{"line":22,"column":2},"end":{"line":22,"column":13}},"12":{"start":{"line":29,"column":29},"end":{"line":33,"column":3}},"13":{"start":{"line":35,"column":23},"end":{"line":35,"column":107}},"14":{"start":{"line":35,"column":52},"end":{"line":35,"column":103}},"15":{"start":{"line":36,"column":20},"end":{"line":36,"column":94}},"16":{"start":{"line":36,"column":49},"end":{"line":36,"column":90}},"17":{"start":{"line":37,"column":22},"end":{"line":37,"column":57}},"18":{"start":{"line":39,"column":25},"end":{"line":41,"column":4}},"19":{"start":{"line":43,"column":18},"end":{"line":43,"column":20}},"20":{"start":{"line":44,"column":2},"end":{"line":48,"column":3}},"21":{"start":{"line":45,"column":23},"end":{"line":45,"column":144}},"22":{"start":{"line":46,"column":23},"end":{"line":46,"column":128}},"23":{"start":{"line":47,"column":4},"end":{"line":47,"column":48}},"24":{"start":{"line":50,"column":19},"end":{"line":50,"column":57}},"25":{"start":{"line":51,"column":19},"end":{"line":51,"column":52}},"26":{"start":{"line":53,"column":2},"end":{"line":53,"column":51}},"27":{"start":{"line":54,"column":2},"end":{"line":54,"column":75}},"28":{"start":{"line":56,"column":2},"end":{"line":64,"column":5}},"29":{"start":{"line":67,"column":0},"end":{"line":70,"column":2}}},"fnMap":{"0":{"name":"buildCsvStatement","decl":{"start":{"line":6,"column":9},"end":{"line":6,"column":26}},"loc":{"start":{"line":6,"column":43},"end":{"line":23,"column":1}},"line":6},"1":{"name":"(anonymous_1)","decl":{"start":{"line":14,"column":24},"end":{"line":14,"column":25}},"loc":{"start":{"line":14,"column":32},"end":{"line":20,"column":3}},"line":14},"2":{"name":"buildPdfStatement","decl":{"start":{"line":28,"column":9},"end":{"line":28,"column":26}},"loc":{"start":{"line":28,"column":74},"end":{"line":65,"column":1}},"line":28},"3":{"name":"(anonymous_3)","decl":{"start":{"line":35,"column":37},"end":{"line":35,"column":38}},"loc":{"start":{"line":35,"column":52},"end":{"line":35,"column":103}},"line":35},"4":{"name":"(anonymous_4)","decl":{"start":{"line":36,"column":34},"end":{"line":36,"column":35}},"loc":{"start":{"line":36,"column":49},"end":{"line":36,"column":90}},"line":36}},"branchMap":{"0":{"loc":{"start":{"line":10,"column":40},"end":{"line":10,"column":66}},"type":"binary-expr","locations":[{"start":{"line":10,"column":40},"end":{"line":10,"column":61}},{"start":{"line":10,"column":65},"end":{"line":10,"column":66}}],"line":10},"1":{"loc":{"start":{"line":16,"column":22},"end":{"line":18,"column":46}},"type":"cond-expr","locations":[{"start":{"line":17,"column":8},"end":{"line":17,"column":46}},{"start":{"line":18,"column":8},"end":{"line":18,"column":46}}],"line":16},"2":{"loc":{"start":{"line":35,"column":52},"end":{"line":35,"column":103}},"type":"cond-expr","locations":[{"start":{"line":35,"column":70},"end":{"line":35,"column":97}},{"start":{"line":35,"column":100},"end":{"line":35,"column":103}}],"line":35},"3":{"loc":{"start":{"line":36,"column":49},"end":{"line":36,"column":90}},"type":"cond-expr","locations":[{"start":{"line":36,"column":67},"end":{"line":36,"column":84}},{"start":{"line":36,"column":87},"end":{"line":36,"column":90}}],"line":36},"4":{"loc":{"start":{"line":37,"column":33},"end":{"line":37,"column":56}},"type":"binary-expr","locations":[{"start":{"line":37,"column":33},"end":{"line":37,"column":51}},{"start":{"line":37,"column":55},"end":{"line":37,"column":56}}],"line":37},"5":{"loc":{"start":{"line":44,"column":2},"end":{"line":48,"column":3}},"type":"if","locations":[{"start":{"line":44,"column":2},"end":{"line":48,"column":3}},{"start":{},"end":{}}],"line":44}},"s":{"0":0,"1":0,"2":0,"3":0,"4":0,"5":0,"6":0,"7":0,"8":0,"9":0,"10":0,"11":0,"12":0,"13":0,"14":0,"15":0,"16":0,"17":0,"18":0,"19":0,"20":0,"21":0,"22":0,"23":0,"24":0,"25":0,"26":0,"27":0,"28":0,"29":0},"f":{"0":0,"1":0,"2":0,"3":0,"4":0},"b":{"0":[0,0],"1":[0,0],"2":[0,0],"3":[0,0],"4":[0,0],"5":[0,0]}}
,"/workspaces/ANNSETU-APP-NEW/backend/modules/farmer/farmer.repository.js": {"path":"/workspaces/ANNSETU-APP-NEW/backend/modules/farmer/farmer.repository.js","statementMap":{"0":{"start":{"line":1,"column":27},"end":{"line":1,"column":78}},"1":{"start":{"line":2,"column":31},"end":{"line":2,"column":86}},"2":{"start":{"line":3,"column":29},"end":{"line":3,"column":82}},"3":{"start":{"line":4,"column":28},"end":{"line":4,"column":80}},"4":{"start":{"line":5,"column":11},"end":{"line":5,"column":43}},"5":{"start":{"line":8,"column":14},"end":{"line":8,"column":135}},"6":{"start":{"line":9,"column":2},"end":{"line":9,"column":21}},"7":{"start":{"line":13,"column":2},"end":{"line":13,"column":122}},"8":{"start":{"line":17,"column":2},"end":{"line":17,"column":107}},"9":{"start":{"line":21,"column":14},"end":{"line":21,"column":80}},"10":{"start":{"line":22,"column":2},"end":{"line":22,"column":21}},"11":{"start":{"line":26,"column":14},"end":{"line":26,"column":128}},"12":{"start":{"line":27,"column":2},"end":{"line":27,"column":21}},"13":{"start":{"line":31,"column":14},"end":{"line":31,"column":115}},"14":{"start":{"line":32,"column":2},"end":{"line":32,"column":18}},"15":{"start":{"line":36,"column":2},"end":{"line":36,"column":118}},"16":{"start":{"line":40,"column":2},"end":{"line":44,"column":4}},"17":{"start":{"line":48,"column":14},"end":{"line":51,"column":3}},"18":{"start":{"line":52,"column":2},"end":{"line":52,"column":21}},"19":{"start":{"line":56,"column":14},"end":{"line":61,"column":3}},"20":{"start":{"line":62,"column":2},"end":{"line":62,"column":21}},"21":{"start":{"line":66,"column":17},"end":{"line":66,"column":59}},"22":{"start":{"line":67,"column":2},"end":{"line":67,"column":113}},"23":{"start":{"line":71,"column":14},"end":{"line":82,"column":3}},"24":{"start":{"line":83,"column":2},"end":{"line":83,"column":21}},"25":{"start":{"line":87,"column":14},"end":{"line":96,"column":3}},"26":{"start":{"line":97,"column":2},"end":{"line":97,"column":21}},"27":{"start":{"line":100,"column":0},"end":{"line":118,"column":2}}},"fnMap":{"0":{"name":"getColdStorageByPhone","decl":{"start":{"line":7,"column":15},"end":{"line":7,"column":36}},"loc":{"start":{"line":7,"column":44},"end":{"line":10,"column":1}},"line":7},"1":{"name":"updateColdStorageMpin","decl":{"start":{"line":12,"column":15},"end":{"line":12,"column":36}},"loc":{"start":{"line":12,"column":53},"end":{"line":14,"column":1}},"line":12},"2":{"name":"updateFarmerMpin","decl":{"start":{"line":16,"column":15},"end":{"line":16,"column":31}},"loc":{"start":{"line":16,"column":48},"end":{"line":18,"column":1}},"line":16},"3":{"name":"getFarmerBasicDetails","decl":{"start":{"line":20,"column":15},"end":{"line":20,"column":36}},"loc":{"start":{"line":20,"column":47},"end":{"line":23,"column":1}},"line":20},"4":{"name":"getColdStorageDetailsForFarmer","decl":{"start":{"line":25,"column":15},"end":{"line":25,"column":45}},"loc":{"start":{"line":25,"column":61},"end":{"line":28,"column":1}},"line":25},"5":{"name":"getPaymentsForFarmer","decl":{"start":{"line":30,"column":15},"end":{"line":30,"column":35}},"loc":{"start":{"line":30,"column":46},"end":{"line":33,"column":1}},"line":30},"6":{"name":"deleteOtpVerification","decl":{"start":{"line":35,"column":15},"end":{"line":35,"column":36}},"loc":{"start":{"line":35,"column":59},"end":{"line":37,"column":1}},"line":35},"7":{"name":"insertOtpVerification","decl":{"start":{"line":39,"column":15},"end":{"line":39,"column":36}},"loc":{"start":{"line":39,"column":97},"end":{"line":45,"column":1}},"line":39},"8":{"name":"getOtpVerification","decl":{"start":{"line":47,"column":15},"end":{"line":47,"column":33}},"loc":{"start":{"line":47,"column":56},"end":{"line":53,"column":1}},"line":47},"9":{"name":"updateFarmerProfile","decl":{"start":{"line":55,"column":15},"end":{"line":55,"column":34}},"loc":{"start":{"line":55,"column":84},"end":{"line":63,"column":1}},"line":55},"10":{"name":"updateFarmerTarget","decl":{"start":{"line":65,"column":15},"end":{"line":65,"column":33}},"loc":{"start":{"line":65,"column":63},"end":{"line":68,"column":1}},"line":65},"11":{"name":"updateFarmerBasicDetails","decl":{"start":{"line":70,"column":15},"end":{"line":70,"column":39}},"loc":{"start":{"line":70,"column":103},"end":{"line":84,"column":1}},"line":70},"12":{"name":"verifyAndUpdateFarmerProfile","decl":{"start":{"line":86,"column":15},"end":{"line":86,"column":43}},"loc":{"start":{"line":86,"column":83},"end":{"line":98,"column":1}},"line":86}},"branchMap":{"0":{"loc":{"start":{"line":66,"column":17},"end":{"line":66,"column":59}},"type":"cond-expr","locations":[{"start":{"line":66,"column":42},"end":{"line":66,"column":49}},{"start":{"line":66,"column":52},"end":{"line":66,"column":59}}],"line":66}},"s":{"0":2,"1":2,"2":2,"3":2,"4":2,"5":0,"6":0,"7":0,"8":0,"9":3,"10":3,"11":0,"12":0,"13":0,"14":0,"15":0,"16":0,"17":0,"18":0,"19":0,"20":0,"21":0,"22":0,"23":0,"24":0,"25":0,"26":0,"27":2},"f":{"0":0,"1":0,"2":0,"3":3,"4":0,"5":0,"6":0,"7":0,"8":0,"9":0,"10":0,"11":0,"12":0},"b":{"0":[0,0]},"_coverageSchema":"1a1c01bbd47fc00a2c39e90264f33305004495a9","hash":"30bea63a778544f12f24f7ddc381bf193cde1202"}
,"/workspaces/ANNSETU-APP-NEW/backend/modules/farmer/farmer.routes.js": {"path":"/workspaces/ANNSETU-APP-NEW/backend/modules/farmer/farmer.routes.js","statementMap":{"0":{"start":{"line":1,"column":16},"end":{"line":1,"column":34}},"1":{"start":{"line":2,"column":15},"end":{"line":2,"column":31}},"2":{"start":{"line":3,"column":25},"end":{"line":3,"column":55}},"3":{"start":{"line":4,"column":73},"end":{"line":4,"column":102}},"4":{"start":{"line":7,"column":0},"end":{"line":7,"column":52}},"5":{"start":{"line":8,"column":0},"end":{"line":8,"column":81}},"6":{"start":{"line":9,"column":0},"end":{"line":9,"column":62}},"7":{"start":{"line":10,"column":0},"end":{"line":10,"column":82}},"8":{"start":{"line":11,"column":0},"end":{"line":11,"column":89}},"9":{"start":{"line":12,"column":0},"end":{"line":12,"column":95}},"10":{"start":{"line":13,"column":0},"end":{"line":13,"column":82}},"11":{"start":{"line":14,"column":0},"end":{"line":14,"column":82}},"12":{"start":{"line":15,"column":0},"end":{"line":15,"column":58}},"13":{"start":{"line":16,"column":0},"end":{"line":16,"column":71}},"14":{"start":{"line":17,"column":0},"end":{"line":17,"column":79}},"15":{"start":{"line":19,"column":0},"end":{"line":19,"column":24}}},"fnMap":{},"branchMap":{},"s":{"0":0,"1":0,"2":0,"3":0,"4":0,"5":0,"6":0,"7":0,"8":0,"9":0,"10":0,"11":0,"12":0,"13":0,"14":0,"15":0},"f":{},"b":{}}
,"/workspaces/ANNSETU-APP-NEW/backend/modules/farmer/farmer.service.js": {"path":"/workspaces/ANNSETU-APP-NEW/backend/modules/farmer/farmer.service.js","statementMap":{"0":{"start":{"line":1,"column":25},"end":{"line":1,"column":55}},"1":{"start":{"line":2,"column":22},"end":{"line":2,"column":49}},"2":{"start":{"line":3,"column":24},"end":{"line":3,"column":53}},"3":{"start":{"line":4,"column":59},"end":{"line":4,"column":110}},"4":{"start":{"line":5,"column":33},"end":{"line":5,"column":72}},"5":{"start":{"line":13,"column":2},"end":{"line":13,"column":63}},"6":{"start":{"line":21,"column":119},"end":{"line":21,"column":123}},"7":{"start":{"line":22,"column":2},"end":{"line":24,"column":3}},"8":{"start":{"line":23,"column":4},"end":{"line":23,"column":74}},"9":{"start":{"line":26,"column":21},"end":{"line":26,"column":59}},"10":{"start":{"line":27,"column":25},"end":{"line":27,"column":71}},"11":{"start":{"line":28,"column":14},"end":{"line":28,"column":24}},"12":{"start":{"line":29,"column":21},"end":{"line":29,"column":67}},"13":{"start":{"line":31,"column":17},"end":{"line":37,"column":3}},"14":{"start":{"line":39,"column":2},"end":{"line":39,"column":52}},"15":{"start":{"line":42,"column":2},"end":{"line":57,"column":3}},"16":{"start":{"line":43,"column":4},"end":{"line":48,"column":7}},"17":{"start":{"line":49,"column":4},"end":{"line":54,"column":7}},"18":{"start":{"line":56,"column":4},"end":{"line":56,"column":79}},"19":{"start":{"line":59,"column":2},"end":{"line":63,"column":4}},"20":{"start":{"line":70,"column":2},"end":{"line":70,"column":52}},"21":{"start":{"line":78,"column":13},"end":{"line":78,"column":64}},"22":{"start":{"line":79,"column":2},"end":{"line":90,"column":3}},"23":{"start":{"line":80,"column":19},"end":{"line":80,"column":96}},"24":{"start":{"line":81,"column":4},"end":{"line":85,"column":5}},"25":{"start":{"line":82,"column":18},"end":{"line":82,"column":75}},"26":{"start":{"line":83,"column":6},"end":{"line":83,"column":27}},"27":{"start":{"line":84,"column":6},"end":{"line":84,"column":16}},"28":{"start":{"line":86,"column":4},"end":{"line":89,"column":6}},"29":{"start":{"line":93,"column":17},"end":{"line":93,"column":63}},"30":{"start":{"line":94,"column":2},"end":{"line":98,"column":3}},"31":{"start":{"line":95,"column":16},"end":{"line":95,"column":74}},"32":{"start":{"line":96,"column":4},"end":{"line":96,"column":25}},"33":{"start":{"line":97,"column":4},"end":{"line":97,"column":14}},"34":{"start":{"line":100,"column":21},"end":{"line":100,"column":64}},"35":{"start":{"line":101,"column":2},"end":{"line":105,"column":3}},"36":{"start":{"line":102,"column":16},"end":{"line":102,"column":77}},"37":{"start":{"line":103,"column":4},"end":{"line":103,"column":25}},"38":{"start":{"line":104,"column":4},"end":{"line":104,"column":14}},"39":{"start":{"line":107,"column":2},"end":{"line":110,"column":4}},"40":{"start":{"line":117,"column":32},"end":{"line":117,"column":70}},"41":{"start":{"line":118,"column":2},"end":{"line":124,"column":3}},"42":{"start":{"line":119,"column":4},"end":{"line":119,"column":40}},"43":{"start":{"line":121,"column":16},"end":{"line":121,"column":87}},"44":{"start":{"line":122,"column":4},"end":{"line":122,"column":25}},"45":{"start":{"line":123,"column":4},"end":{"line":123,"column":14}},"46":{"start":{"line":125,"column":2},"end":{"line":129,"column":3}},"47":{"start":{"line":126,"column":16},"end":{"line":126,"column":69}},"48":{"start":{"line":127,"column":4},"end":{"line":127,"column":25}},"49":{"start":{"line":128,"column":4},"end":{"line":128,"column":14}},"50":{"start":{"line":131,"column":21},"end":{"line":131,"column":52}},"51":{"start":{"line":132,"column":21},"end":{"line":132,"column":38}},"52":{"start":{"line":135,"column":13},"end":{"line":135,"column":69}},"53":{"start":{"line":136,"column":2},"end":{"line":139,"column":3}},"54":{"start":{"line":137,"column":4},"end":{"line":137,"column":68}},"55":{"start":{"line":138,"column":4},"end":{"line":138,"column":11}},"56":{"start":{"line":142,"column":17},"end":{"line":142,"column":63}},"57":{"start":{"line":143,"column":2},"end":{"line":147,"column":3}},"58":{"start":{"line":144,"column":16},"end":{"line":144,"column":74}},"59":{"start":{"line":145,"column":4},"end":{"line":145,"column":25}},"60":{"start":{"line":146,"column":4},"end":{"line":146,"column":14}},"61":{"start":{"line":149,"column":2},"end":{"line":149,"column":65}},"62":{"start":{"line":156,"column":17},"end":{"line":156,"column":71}},"63":{"start":{"line":157,"column":2},"end":{"line":161,"column":3}},"64":{"start":{"line":158,"column":16},"end":{"line":158,"column":74}},"65":{"start":{"line":159,"column":4},"end":{"line":159,"column":25}},"66":{"start":{"line":160,"column":4},"end":{"line":160,"column":14}},"67":{"start":{"line":162,"column":17},"end":{"line":162,"column":65}},"68":{"start":{"line":164,"column":14},"end":{"line":164,"column":61}},"69":{"start":{"line":165,"column":2},"end":{"line":165,"column":42}},"70":{"start":{"line":172,"column":17},"end":{"line":172,"column":71}},"71":{"start":{"line":173,"column":2},"end":{"line":177,"column":3}},"72":{"start":{"line":174,"column":16},"end":{"line":174,"column":74}},"73":{"start":{"line":175,"column":4},"end":{"line":175,"column":25}},"74":{"start":{"line":176,"column":4},"end":{"line":176,"column":14}},"75":{"start":{"line":179,"column":20},"end":{"line":179,"column":95}},"76":{"start":{"line":180,"column":2},"end":{"line":182,"column":3}},"77":{"start":{"line":181,"column":4},"end":{"line":181,"column":98}},"78":{"start":{"line":184,"column":17},"end":{"line":184,"column":65}},"79":{"start":{"line":185,"column":22},"end":{"line":185,"column":75}},"80":{"start":{"line":187,"column":2},"end":{"line":187,"column":81}},"81":{"start":{"line":190,"column":0},"end":{"line":198,"column":2}}},"fnMap":{"0":{"name":"fetchFarmers","decl":{"start":{"line":12,"column":15},"end":{"line":12,"column":27}},"loc":{"start":{"line":12,"column":50},"end":{"line":14,"column":1}},"line":12},"1":{"name":"registerNewFarmer","decl":{"start":{"line":20,"column":15},"end":{"line":20,"column":32}},"loc":{"start":{"line":20,"column":39},"end":{"line":64,"column":1}},"line":20},"2":{"name":"fetchLedger","decl":{"start":{"line":69,"column":15},"end":{"line":69,"column":26}},"loc":{"start":{"line":69,"column":37},"end":{"line":71,"column":1}},"line":69},"3":{"name":"loginWithMpin","decl":{"start":{"line":76,"column":15},"end":{"line":76,"column":28}},"loc":{"start":{"line":76,"column":42},"end":{"line":111,"column":1}},"line":76},"4":{"name":"resetUserMpin","decl":{"start":{"line":116,"column":15},"end":{"line":116,"column":28}},"loc":{"start":{"line":116,"column":50},"end":{"line":150,"column":1}},"line":116},"5":{"name":"generateStatement","decl":{"start":{"line":155,"column":15},"end":{"line":155,"column":32}},"loc":{"start":{"line":155,"column":43},"end":{"line":166,"column":1}},"line":155},"6":{"name":"generateStatementPdf","decl":{"start":{"line":171,"column":15},"end":{"line":171,"column":35}},"loc":{"start":{"line":171,"column":51},"end":{"line":188,"column":1}},"line":171}},"branchMap":{"0":{"loc":{"start":{"line":22,"column":2},"end":{"line":24,"column":3}},"type":"if","locations":[{"start":{"line":22,"column":2},"end":{"line":24,"column":3}},{"start":{},"end":{}}],"line":22},"1":{"loc":{"start":{"line":26,"column":21},"end":{"line":26,"column":59}},"type":"binary-expr","locations":[{"start":{"line":26,"column":21},"end":{"line":26,"column":26}},{"start":{"line":26,"column":30},"end":{"line":26,"column":59}}],"line":26},"2":{"loc":{"start":{"line":27,"column":25},"end":{"line":27,"column":71}},"type":"binary-expr","locations":[{"start":{"line":27,"column":25},"end":{"line":27,"column":34}},{"start":{"line":27,"column":38},"end":{"line":27,"column":71}}],"line":27},"3":{"loc":{"start":{"line":29,"column":30},"end":{"line":29,"column":66}},"type":"binary-expr","locations":[{"start":{"line":29,"column":30},"end":{"line":29,"column":34}},{"start":{"line":29,"column":38},"end":{"line":29,"column":66}}],"line":29},"4":{"loc":{"start":{"line":35,"column":4},"end":{"line":35,"column":17}},"type":"binary-expr","locations":[{"start":{"line":35,"column":4},"end":{"line":35,"column":9}},{"start":{"line":35,"column":13},"end":{"line":35,"column":17}}],"line":35},"5":{"loc":{"start":{"line":35,"column":19},"end":{"line":35,"column":37}},"type":"binary-expr","locations":[{"start":{"line":35,"column":19},"end":{"line":35,"column":29}},{"start":{"line":35,"column":33},"end":{"line":35,"column":37}}],"line":35},"6":{"loc":{"start":{"line":35,"column":39},"end":{"line":35,"column":54}},"type":"binary-expr","locations":[{"start":{"line":35,"column":39},"end":{"line":35,"column":46}},{"start":{"line":35,"column":50},"end":{"line":35,"column":54}}],"line":35},"7":{"loc":{"start":{"line":35,"column":56},"end":{"line":35,"column":72}},"type":"binary-expr","locations":[{"start":{"line":35,"column":56},"end":{"line":35,"column":64}},{"start":{"line":35,"column":68},"end":{"line":35,"column":72}}],"line":35},"8":{"loc":{"start":{"line":35,"column":74},"end":{"line":35,"column":88}},"type":"binary-expr","locations":[{"start":{"line":35,"column":74},"end":{"line":35,"column":80}},{"start":{"line":35,"column":84},"end":{"line":35,"column":88}}],"line":35},"9":{"loc":{"start":{"line":45,"column":22},"end":{"line":45,"column":35}},"type":"binary-expr","locations":[{"start":{"line":45,"column":22},"end":{"line":45,"column":27}},{"start":{"line":45,"column":31},"end":{"line":45,"column":35}}],"line":45},"10":{"loc":{"start":{"line":61,"column":11},"end":{"line":61,"column":24}},"type":"binary-expr","locations":[{"start":{"line":61,"column":11},"end":{"line":61,"column":16}},{"start":{"line":61,"column":20},"end":{"line":61,"column":24}}],"line":61},"11":{"loc":{"start":{"line":61,"column":38},"end":{"line":61,"column":56}},"type":"binary-expr","locations":[{"start":{"line":61,"column":38},"end":{"line":61,"column":48}},{"start":{"line":61,"column":52},"end":{"line":61,"column":56}}],"line":61},"12":{"loc":{"start":{"line":62,"column":13},"end":{"line":62,"column":28}},"type":"binary-expr","locations":[{"start":{"line":62,"column":13},"end":{"line":62,"column":20}},{"start":{"line":62,"column":24},"end":{"line":62,"column":28}}],"line":62},"13":{"loc":{"start":{"line":62,"column":40},"end":{"line":62,"column":56}},"type":"binary-expr","locations":[{"start":{"line":62,"column":40},"end":{"line":62,"column":48}},{"start":{"line":62,"column":52},"end":{"line":62,"column":56}}],"line":62},"14":{"loc":{"start":{"line":62,"column":66},"end":{"line":62,"column":80}},"type":"binary-expr","locations":[{"start":{"line":62,"column":66},"end":{"line":62,"column":72}},{"start":{"line":62,"column":76},"end":{"line":62,"column":80}}],"line":62},"15":{"loc":{"start":{"line":79,"column":2},"end":{"line":90,"column":3}},"type":"if","locations":[{"start":{"line":79,"column":2},"end":{"line":90,"column":3}},{"start":{},"end":{}}],"line":79},"16":{"loc":{"start":{"line":80,"column":19},"end":{"line":80,"column":96}},"type":"binary-expr","locations":[{"start":{"line":80,"column":19},"end":{"line":80,"column":26}},{"start":{"line":80,"column":30},"end":{"line":80,"column":96}}],"line":80},"17":{"loc":{"start":{"line":81,"column":4},"end":{"line":85,"column":5}},"type":"if","locations":[{"start":{"line":81,"column":4},"end":{"line":85,"column":5}},{"start":{},"end":{}}],"line":81},"18":{"loc":{"start":{"line":94,"column":2},"end":{"line":98,"column":3}},"type":"if","locations":[{"start":{"line":94,"column":2},"end":{"line":98,"column":3}},{"start":{},"end":{}}],"line":94},"19":{"loc":{"start":{"line":100,"column":21},"end":{"line":100,"column":64}},"type":"binary-expr","locations":[{"start":{"line":100,"column":21},"end":{"line":100,"column":32}},{"start":{"line":100,"column":36},"end":{"line":100,"column":64}}],"line":100},"20":{"loc":{"start":{"line":101,"column":2},"end":{"line":105,"column":3}},"type":"if","locations":[{"start":{"line":101,"column":2},"end":{"line":105,"column":3}},{"start":{},"end":{}}],"line":101},"21":{"loc":{"start":{"line":121,"column":26},"end":{"line":121,"column":86}},"type":"binary-expr","locations":[{"start":{"line":121,"column":26},"end":{"line":121,"column":40}},{"start":{"line":121,"column":44},"end":{"line":121,"column":86}}],"line":121},"22":{"loc":{"start":{"line":125,"column":2},"end":{"line":129,"column":3}},"type":"if","locations":[{"start":{"line":125,"column":2},"end":{"line":129,"column":3}},{"start":{},"end":{}}],"line":125},"23":{"loc":{"start":{"line":136,"column":2},"end":{"line":139,"column":3}},"type":"if","locations":[{"start":{"line":136,"column":2},"end":{"line":139,"column":3}},{"start":{},"end":{}}],"line":136},"24":{"loc":{"start":{"line":143,"column":2},"end":{"line":147,"column":3}},"type":"if","locations":[{"start":{"line":143,"column":2},"end":{"line":147,"column":3}},{"start":{},"end":{}}],"line":143},"25":{"loc":{"start":{"line":157,"column":2},"end":{"line":161,"column":3}},"type":"if","locations":[{"start":{"line":157,"column":2},"end":{"line":161,"column":3}},{"start":{},"end":{}}],"line":157},"26":{"loc":{"start":{"line":173,"column":2},"end":{"line":177,"column":3}},"type":"if","locations":[{"start":{"line":173,"column":2},"end":{"line":177,"column":3}},{"start":{},"end":{}}],"line":173},"27":{"loc":{"start":{"line":180,"column":2},"end":{"line":182,"column":3}},"type":"if","locations":[{"start":{"line":180,"column":2},"end":{"line":182,"column":3}},{"start":{},"end":{}}],"line":180}},"s":{"0":0,"1":0,"2":0,"3":0,"4":0,"5":0,"6":0,"7":0,"8":0,"9":0,"10":0,"11":0,"12":0,"13":0,"14":0,"15":0,"16":0,"17":0,"18":0,"19":0,"20":0,"21":0,"22":0,"23":0,"24":0,"25":0,"26":0,"27":0,"28":0,"29":0,"30":0,"31":0,"32":0,"33":0,"34":0,"35":0,"36":0,"37":0,"38":0,"39":0,"40":0,"41":0,"42":0,"43":0,"44":0,"45":0,"46":0,"47":0,"48":0,"49":0,"50":0,"51":0,"52":0,"53":0,"54":0,"55":0,"56":0,"57":0,"58":0,"59":0,"60":0,"61":0,"62":0,"63":0,"64":0,"65":0,"66":0,"67":0,"68":0,"69":0,"70":0,"71":0,"72":0,"73":0,"74":0,"75":0,"76":0,"77":0,"78":0,"79":0,"80":0,"81":0},"f":{"0":0,"1":0,"2":0,"3":0,"4":0,"5":0,"6":0},"b":{"0":[0,0],"1":[0,0],"2":[0,0],"3":[0,0],"4":[0,0],"5":[0,0],"6":[0,0],"7":[0,0],"8":[0,0],"9":[0,0],"10":[0,0],"11":[0,0],"12":[0,0],"13":[0,0],"14":[0,0],"15":[0,0],"16":[0,0],"17":[0,0],"18":[0,0],"19":[0,0],"20":[0,0],"21":[0,0],"22":[0,0],"23":[0,0],"24":[0,0],"25":[0,0],"26":[0,0],"27":[0,0]}}
,"/workspaces/ANNSETU-APP-NEW/backend/modules/farmer/farmer.validator.js": {"path":"/workspaces/ANNSETU-APP-NEW/backend/modules/farmer/farmer.validator.js","statementMap":{"0":{"start":{"line":6,"column":34},"end":{"line":6,"column":42}},"1":{"start":{"line":7,"column":2},"end":{"line":12,"column":3}},"2":{"start":{"line":8,"column":4},"end":{"line":11,"column":7}},"3":{"start":{"line":13,"column":2},"end":{"line":13,"column":9}},"4":{"start":{"line":17,"column":26},"end":{"line":17,"column":34}},"5":{"start":{"line":18,"column":2},"end":{"line":23,"column":3}},"6":{"start":{"line":19,"column":4},"end":{"line":22,"column":7}},"7":{"start":{"line":24,"column":2},"end":{"line":24,"column":9}},"8":{"start":{"line":28,"column":34},"end":{"line":28,"column":42}},"9":{"start":{"line":29,"column":2},"end":{"line":34,"column":3}},"10":{"start":{"line":30,"column":4},"end":{"line":33,"column":7}},"11":{"start":{"line":35,"column":2},"end":{"line":35,"column":9}},"12":{"start":{"line":38,"column":0},"end":{"line":38,"column":82}}},"fnMap":{"0":{"name":"validateRegisterFarmer","decl":{"start":{"line":5,"column":9},"end":{"line":5,"column":31}},"loc":{"start":{"line":5,"column":48},"end":{"line":14,"column":1}},"line":5},"1":{"name":"validateLoginMpin","decl":{"start":{"line":16,"column":9},"end":{"line":16,"column":26}},"loc":{"start":{"line":16,"column":43},"end":{"line":25,"column":1}},"line":16},"2":{"name":"validateResetMpin","decl":{"start":{"line":27,"column":9},"end":{"line":27,"column":26}},"loc":{"start":{"line":27,"column":43},"end":{"line":36,"column":1}},"line":27}},"branchMap":{"0":{"loc":{"start":{"line":7,"column":2},"end":{"line":12,"column":3}},"type":"if","locations":[{"start":{"line":7,"column":2},"end":{"line":12,"column":3}},{"start":{},"end":{}}],"line":7},"1":{"loc":{"start":{"line":7,"column":6},"end":{"line":7,"column":29}},"type":"binary-expr","locations":[{"start":{"line":7,"column":6},"end":{"line":7,"column":20}},{"start":{"line":7,"column":24},"end":{"line":7,"column":29}}],"line":7},"2":{"loc":{"start":{"line":18,"column":2},"end":{"line":23,"column":3}},"type":"if","locations":[{"start":{"line":18,"column":2},"end":{"line":23,"column":3}},{"start":{},"end":{}}],"line":18},"3":{"loc":{"start":{"line":18,"column":6},"end":{"line":18,"column":21}},"type":"binary-expr","locations":[{"start":{"line":18,"column":6},"end":{"line":18,"column":12}},{"start":{"line":18,"column":16},"end":{"line":18,"column":21}}],"line":18},"4":{"loc":{"start":{"line":29,"column":2},"end":{"line":34,"column":3}},"type":"if","locations":[{"start":{"line":29,"column":2},"end":{"line":34,"column":3}},{"start":{},"end":{}}],"line":29},"5":{"loc":{"start":{"line":29,"column":6},"end":{"line":29,"column":32}},"type":"binary-expr","locations":[{"start":{"line":29,"column":6},"end":{"line":29,"column":12}},{"start":{"line":29,"column":16},"end":{"line":29,"column":20}},{"start":{"line":29,"column":24},"end":{"line":29,"column":32}}],"line":29}},"s":{"0":0,"1":0,"2":0,"3":0,"4":0,"5":0,"6":0,"7":0,"8":0,"9":0,"10":0,"11":0,"12":0},"f":{"0":0,"1":0,"2":0},"b":{"0":[0,0],"1":[0,0],"2":[0,0],"3":[0,0],"4":[0,0],"5":[0,0,0]}}
,"/workspaces/ANNSETU-APP-NEW/backend/modules/farmer/pdf.service.js": {"path":"/workspaces/ANNSETU-APP-NEW/backend/modules/farmer/pdf.service.js","statementMap":{"0":{"start":{"line":1,"column":30},"end":{"line":1,"column":59}},"1":{"start":{"line":2,"column":28},"end":{"line":2,"column":55}},"2":{"start":{"line":4,"column":0},"end":{"line":7,"column":2}}},"fnMap":{},"branchMap":{},"s":{"0":0,"1":0,"2":0},"f":{},"b":{}}
,"/workspaces/ANNSETU-APP-NEW/backend/modules/farmer/controllers/dateHelpers.js": {"path":"/workspaces/ANNSETU-APP-NEW/backend/modules/farmer/controllers/dateHelpers.js","statementMap":{"0":{"start":{"line":2,"column":2},"end":{"line":2,"column":65}},"1":{"start":{"line":2,"column":53},"end":{"line":2,"column":65}},"2":{"start":{"line":3,"column":2},"end":{"line":3,"column":19}},"3":{"start":{"line":4,"column":2},"end":{"line":4,"column":50}},"4":{"start":{"line":4,"column":39},"end":{"line":4,"column":50}},"5":{"start":{"line":5,"column":16},"end":{"line":5,"column":33}},"6":{"start":{"line":6,"column":2},"end":{"line":12,"column":3}},"7":{"start":{"line":7,"column":4},"end":{"line":11,"column":5}},"8":{"start":{"line":8,"column":6},"end":{"line":8,"column":85}},"9":{"start":{"line":9,"column":11},"end":{"line":11,"column":5}},"10":{"start":{"line":10,"column":6},"end":{"line":10,"column":85}},"11":{"start":{"line":13,"column":12},"end":{"line":13,"column":25}},"12":{"start":{"line":14,"column":2},"end":{"line":14,"column":75}},"13":{"start":{"line":18,"column":2},"end":{"line":18,"column":20}},"14":{"start":{"line":18,"column":10},"end":{"line":18,"column":20}},"15":{"start":{"line":19,"column":18},"end":{"line":19,"column":29}},"16":{"start":{"line":20,"column":2},"end":{"line":20,"column":114}},"17":{"start":{"line":24,"column":16},"end":{"line":24,"column":31}},"18":{"start":{"line":25,"column":2},"end":{"line":28,"column":3}},"19":{"start":{"line":26,"column":14},"end":{"line":26,"column":56}},"20":{"start":{"line":27,"column":4},"end":{"line":27,"column":120}},"21":{"start":{"line":29,"column":2},"end":{"line":29,"column":14}},"22":{"start":{"line":32,"column":0},"end":{"line":32,"column":66}}},"fnMap":{"0":{"name":"parseToISODate","decl":{"start":{"line":1,"column":9},"end":{"line":1,"column":23}},"loc":{"start":{"line":1,"column":29},"end":{"line":15,"column":1}},"line":1},"1":{"name":"toISTDateStr","decl":{"start":{"line":17,"column":9},"end":{"line":17,"column":21}},"loc":{"start":{"line":17,"column":25},"end":{"line":21,"column":1}},"line":17},"2":{"name":"parseAndFormat","decl":{"start":{"line":23,"column":9},"end":{"line":23,"column":23}},"loc":{"start":{"line":23,"column":30},"end":{"line":30,"column":1}},"line":23}},"branchMap":{"0":{"loc":{"start":{"line":2,"column":2},"end":{"line":2,"column":65}},"type":"if","locations":[{"start":{"line":2,"column":2},"end":{"line":2,"column":65}},{"start":{},"end":{}}],"line":2},"1":{"loc":{"start":{"line":2,"column":6},"end":{"line":2,"column":51}},"type":"binary-expr","locations":[{"start":{"line":2,"column":6},"end":{"line":2,"column":10}},{"start":{"line":2,"column":14},"end":{"line":2,"column":33}},{"start":{"line":2,"column":37},"end":{"line":2,"column":51}}],"line":2},"2":{"loc":{"start":{"line":4,"column":2},"end":{"line":4,"column":50}},"type":"if","locations":[{"start":{"line":4,"column":2},"end":{"line":4,"column":50}},{"start":{},"end":{}}],"line":4},"3":{"loc":{"start":{"line":6,"column":2},"end":{"line":12,"column":3}},"type":"if","locations":[{"start":{"line":6,"column":2},"end":{"line":12,"column":3}},{"start":{},"end":{}}],"line":6},"4":{"loc":{"start":{"line":7,"column":4},"end":{"line":11,"column":5}},"type":"if","locations":[{"start":{"line":7,"column":4},"end":{"line":11,"column":5}},{"start":{"line":9,"column":11},"end":{"line":11,"column":5}}],"line":7},"5":{"loc":{"start":{"line":7,"column":8},"end":{"line":7,"column":54}},"type":"binary-expr","locations":[{"start":{"line":7,"column":8},"end":{"line":7,"column":29}},{"start":{"line":7,"column":33},"end":{"line":7,"column":54}}],"line":7},"6":{"loc":{"start":{"line":9,"column":11},"end":{"line":11,"column":5}},"type":"if","locations":[{"start":{"line":9,"column":11},"end":{"line":11,"column":5}},{"start":{},"end":{}}],"line":9},"7":{"loc":{"start":{"line":14,"column":9},"end":{"line":14,"column":74}},"type":"cond-expr","locations":[{"start":{"line":14,"column":38},"end":{"line":14,"column":67}},{"start":{"line":14,"column":70},"end":{"line":14,"column":74}}],"line":14},"8":{"loc":{"start":{"line":18,"column":2},"end":{"line":18,"column":20}},"type":"if","locations":[{"start":{"line":18,"column":2},"end":{"line":18,"column":20}},{"start":{},"end":{}}],"line":18},"9":{"loc":{"start":{"line":20,"column":9},"end":{"line":20,"column":113}},"type":"cond-expr","locations":[{"start":{"line":20,"column":43},"end":{"line":20,"column":45}},{"start":{"line":20,"column":48},"end":{"line":20,"column":113}}],"line":20},"10":{"loc":{"start":{"line":25,"column":2},"end":{"line":28,"column":3}},"type":"if","locations":[{"start":{"line":25,"column":2},"end":{"line":28,"column":3}},{"start":{},"end":{}}],"line":25}},"s":{"0":0,"1":0,"2":0,"3":0,"4":0,"5":0,"6":0,"7":0,"8":0,"9":0,"10":0,"11":0,"12":0,"13":0,"14":0,"15":0,"16":0,"17":0,"18":0,"19":0,"20":0,"21":0,"22":0},"f":{"0":0,"1":0,"2":0},"b":{"0":[0,0],"1":[0,0,0],"2":[0,0],"3":[0,0],"4":[0,0],"5":[0,0],"6":[0,0],"7":[0,0],"8":[0,0],"9":[0,0],"10":[0,0]}}
[...]
c":{"start":{"line":134,"column":88},"end":{"line":134,"column":100}},"type":"default-arg","locations":[{"start":{"line":134,"column":96},"end":{"line":134,"column":100}}],"line":134},"43":{"loc":{"start":{"line":134,"column":102},"end":{"line":134,"column":115}},"type":"default-arg","locations":[{"start":{"line":134,"column":109},"end":{"line":134,"column":115}}],"line":134},"44":{"loc":{"start":{"line":134,"column":133},"end":{"line":134,"column":146}},"type":"default-arg","locations":[{"start":{"line":134,"column":140},"end":{"line":134,"column":146}}],"line":134},"45":{"loc":{"start":{"line":134,"column":148},"end":{"line":134,"column":164}},"type":"default-arg","locations":[{"start":{"line":134,"column":160},"end":{"line":134,"column":164}}],"line":134},"46":{"loc":{"start":{"line":134,"column":166},"end":{"line":134,"column":182}},"type":"default-arg","locations":[{"start":{"line":134,"column":178},"end":{"line":134,"column":182}}],"line":134},"47":{"loc":{"start":{"line":136,"column":4},"end":{"line":136,"column":50}},"type":"if","locations":[{"start":{"line":136,"column":4},"end":{"line":136,"column":50}},{"start":{},"end":{}}],"line":136},"48":{"loc":{"start":{"line":139,"column":100},"end":{"line":139,"column":116}},"type":"binary-expr","locations":[{"start":{"line":139,"column":100},"end":{"line":139,"column":109}},{"start":{"line":139,"column":113},"end":{"line":139,"column":116}}],"line":139},"49":{"loc":{"start":{"line":141,"column":4},"end":{"line":202,"column":5}},"type":"if","locations":[{"start":{"line":141,"column":4},"end":{"line":202,"column":5}},{"start":{},"end":{}}],"line":141},"50":{"loc":{"start":{"line":141,"column":8},"end":{"line":141,"column":24}},"type":"binary-expr","locations":[{"start":{"line":141,"column":8},"end":{"line":141,"column":14}},{"start":{"line":141,"column":18},"end":{"line":141,"column":24}}],"line":141},"51":{"loc":{"start":{"line":159,"column":8},"end":{"line":170,"column":9}},"type":"if","locations":[{"start":{"line":159,"column":8},"end":{"line":170,"column":9}},{"start":{"line":163,"column":15},"end":{"line":170,"column":9}}],"line":159},"52":{"loc":{"start":{"line":162,"column":27},"end":{"line":162,"column":109}},"type":"cond-expr","locations":[{"start":{"line":162,"column":53},"end":{"line":162,"column":74}},{"start":{"line":162,"column":77},"end":{"line":162,"column":109}}],"line":162},"53":{"loc":{"start":{"line":165,"column":10},"end":{"line":169,"column":11}},"type":"if","locations":[{"start":{"line":165,"column":10},"end":{"line":169,"column":11}},{"start":{},"end":{}}],"line":165},"54":{"loc":{"start":{"line":172,"column":8},"end":{"line":198,"column":9}},"type":"if","locations":[{"start":{"line":172,"column":8},"end":{"line":198,"column":9}},{"start":{},"end":{}}],"line":172},"55":{"loc":{"start":{"line":172,"column":12},"end":{"line":172,"column":44}},"type":"binary-expr","locations":[{"start":{"line":172,"column":12},"end":{"line":172,"column":26}},{"start":{"line":172,"column":30},"end":{"line":172,"column":44}}],"line":172},"56":{"loc":{"start":{"line":173,"column":10},"end":{"line":184,"column":11}},"type":"if","locations":[{"start":{"line":173,"column":10},"end":{"line":184,"column":11}},{"start":{},"end":{}}],"line":173},"57":{"loc":{"start":{"line":174,"column":35},"end":{"line":174,"column":107}},"type":"cond-expr","locations":[{"start":{"line":174,"column":68},"end":{"line":174,"column":82}},{"start":{"line":174,"column":85},"end":{"line":174,"column":107}}],"line":174},"58":{"loc":{"start":{"line":181,"column":28},"end":{"line":181,"column":52}},"type":"cond-expr","locations":[{"start":{"line":181,"column":36},"end":{"line":181,"column":45}},{"start":{"line":181,"column":48},"end":{"line":181,"column":52}}],"line":181},"59":{"loc":{"start":{"line":186,"column":10},"end":{"line":197,"column":11}},"type":"if","locations":[{"start":{"line":186,"column":10},"end":{"line":197,"column":11}},{"start":{},"end":{}}],"line":186},"60":{"loc":{"start":{"line":190,"column":28},"end":{"line":190,"column":51}},"type":"binary-expr","locations":[{"start":{"line":190,"column":28},"end":{"line":190,"column":41}},{"start":{"line":190,"column":45},"end":{"line":190,"column":51}}],"line":190},"61":{"loc":{"start":{"line":194,"column":28},"end":{"line":194,"column":52}},"type":"cond-expr","locations":[{"start":{"line":194,"column":36},"end":{"line":194,"column":45}},{"start":{"line":194,"column":48},"end":{"line":194,"column":52}}],"line":194},"62":{"loc":{"start":{"line":205,"column":4},"end":{"line":205,"column":44}},"type":"if","locations":[{"start":{"line":205,"column":4},"end":{"line":205,"column":44}},{"start":{},"end":{}}],"line":205}},"s":{"0":0,"1":0,"2":0,"3":0,"4":0,"5":0,"6":0,"7":0,"8":0,"9":0,"10":0,"11":0,"12":0,"13":0,"14":0,"15":0,"16":0,"17":0,"18":0,"19":0,"20":0,"21":0,"22":0,"23":0,"24":0,"25":0,"26":0,"27":0,"28":0,"29":0,"30":0,"31":0,"32":0,"33":0,"34":0,"35":0,"36":0,"37":0,"38":0,"39":0,"40":0,"41":0,"42":0,"43":0,"44":0,"45":0,"46":0,"47":0,"48":0,"49":0,"50":0,"51":0,"52":0,"53":0,"54":0,"55":0,"56":0,"57":0,"58":0,"59":0,"60":0,"61":0,"62":0,"63":0,"64":0,"65":0,"66":0,"67":0,"68":0,"69":0,"70":0,"71":0,"72":0,"73":0,"74":0,"75":0,"76":0,"77":0,"78":0,"79":0,"80":0},"f":{"0":0,"1":0,"2":0,"3":0,"4":0,"5":0,"6":0},"b":{"0":[0],"1":[0],"2":[0],"3":[0],"4":[0],"5":[0],"6":[0],"7":[0],"8":[0],"9":[0],"10":[0],"11":[0],"12":[0,0],"13":[0,0],"14":[0,0],"15":[0,0],"16":[0,0],"17":[0,0],"18":[0,0],"19":[0,0],"20":[0,0],"21":[0],"22":[0],"23":[0],"24":[0],"25":[0],"26":[0],"27":[0],"28":[0],"29":[0,0,0],"30":[0,0,0],"31":[0,0,0],"32":[0,0],"33":[0],"34":[0],"35":[0],"36":[0],"37":[0],"38":[0],"39":[0,0,0,0],"40":[0,0],"41":[0],"42":[0],"43":[0],"44":[0],"45":[0],"46":[0],"47":[0,0],"48":[0,0],"49":[0,0],"50":[0,0],"51":[0,0],"52":[0,0],"53":[0,0],"54":[0,0],"55":[0,0],"56":[0,0],"57":[0,0],"58":[0,0],"59":[0,0],"60":[0,0],"61":[0,0],"62":[0,0]}}
,"/workspaces/ANNSETU-APP-NEW/backend/shared/notifications/pushNotifications.js": {"path":"/workspaces/ANNSETU-APP-NEW/backend/shared/notifications/pushNotifications.js","statementMap":{"0":{"start":{"line":1,"column":11},"end":{"line":1,"column":43}},"1":{"start":{"line":2,"column":14},"end":{"line":2,"column":30}},"2":{"start":{"line":13,"column":2},"end":{"line":13,"column":22}},"3":{"start":{"line":13,"column":15},"end":{"line":13,"column":22}},"4":{"start":{"line":14,"column":2},"end":{"line":49,"column":3}},"5":{"start":{"line":16,"column":20},"end":{"line":16,"column":92}},"6":{"start":{"line":17,"column":4},"end":{"line":17,"column":42}},"7":{"start":{"line":17,"column":35},"end":{"line":17,"column":42}},"8":{"start":{"line":19,"column":18},"end":{"line":19,"column":43}},"9":{"start":{"line":20,"column":4},"end":{"line":23,"column":5}},"10":{"start":{"line":22,"column":6},"end":{"line":22,"column":13}},"11":{"start":{"line":25,"column":4},"end":{"line":25,"column":95}},"12":{"start":{"line":28,"column":20},"end":{"line":34,"column":5}},"13":{"start":{"line":36,"column":21},"end":{"line":42,"column":6}},"14":{"start":{"line":44,"column":4},"end":{"line":46,"column":5}},"15":{"start":{"line":45,"column":6},"end":{"line":45,"column":85}},"16":{"start":{"line":48,"column":4},"end":{"line":48,"column":87}},"17":{"start":{"line":52,"column":0},"end":{"line":52,"column":42}}},"fnMap":{"0":{"name":"sendPushNotification","decl":{"start":{"line":12,"column":15},"end":{"line":12,"column":35}},"loc":{"start":{"line":12,"column":68},"end":{"line":50,"column":1}},"line":12}},"branchMap":{"0":{"loc":{"start":{"line":12,"column":57},"end":{"line":12,"column":66}},"type":"default-arg","locations":[{"start":{"line":12,"column":64},"end":{"line":12,"column":66}}],"line":12},"1":{"loc":{"start":{"line":13,"column":2},"end":{"line":13,"column":22}},"type":"if","locations":[{"start":{"line":13,"column":2},"end":{"line":13,"column":22}},{"start":{},"end":{}}],"line":13},"2":{"loc":{"start":{"line":17,"column":4},"end":{"line":17,"column":42}},"type":"if","locations":[{"start":{"line":17,"column":4},"end":{"line":17,"column":42}},{"start":{},"end":{}}],"line":17},"3":{"loc":{"start":{"line":20,"column":4},"end":{"line":23,"column":5}},"type":"if","locations":[{"start":{"line":20,"column":4},"end":{"line":23,"column":5}},{"start":{},"end":{}}],"line":20},"4":{"loc":{"start":{"line":20,"column":8},"end":{"line":20,"column":56}},"type":"binary-expr","locations":[{"start":{"line":20,"column":8},"end":{"line":20,"column":14}},{"start":{"line":20,"column":18},"end":{"line":20,"column":56}}],"line":20},"5":{"loc":{"start":{"line":44,"column":4},"end":{"line":46,"column":5}},"type":"if","locations":[{"start":{"line":44,"column":4},"end":{"line":46,"column":5}},{"start":{},"end":{}}],"line":44},"6":{"loc":{"start":{"line":44,"column":8},"end":{"line":44,"column":43}},"type":"binary-expr","locations":[{"start":{"line":44,"column":8},"end":{"line":44,"column":21}},{"start":{"line":44,"column":25},"end":{"line":44,"column":43}}],"line":44}},"s":{"0":0,"1":0,"2":0,"3":0,"4":0,"5":0,"6":0,"7":0,"8":0,"9":0,"10":0,"11":0,"12":0,"13":0,"14":0,"15":0,"16":0,"17":0},"f":{"0":0},"b":{"0":[0],"1":[0,0],"2":[0,0],"3":[0,0],"4":[0,0],"5":[0,0],"6":[0,0]}}
,"/workspaces/ANNSETU-APP-NEW/backend/shared/notifications/smsService.js": {"path":"/workspaces/ANNSETU-APP-NEW/backend/shared/notifications/smsService.js","statementMap":{"0":{"start":{"line":1,"column":14},"end":{"line":1,"column":30}},"1":{"start":{"line":13,"column":29},"end":{"line":13,"column":59}},"2":{"start":{"line":14,"column":28},"end":{"line":14,"column":57}},"3":{"start":{"line":15,"column":29},"end":{"line":15,"column":59}},"4":{"start":{"line":18,"column":22},"end":{"line":18,"column":45}},"5":{"start":{"line":19,"column":22},"end":{"line":19,"column":45}},"6":{"start":{"line":20,"column":24},"end":{"line":20,"column":49}},"7":{"start":{"line":22,"column":31},"end":{"line":22,"column":90}},"8":{"start":{"line":23,"column":32},"end":{"line":23,"column":43}},"9":{"start":{"line":25,"column":4},"end":{"line":36,"column":5}},"10":{"start":{"line":26,"column":8},"end":{"line":30,"column":44}},"11":{"start":{"line":31,"column":8},"end":{"line":35,"column":10}},"12":{"start":{"line":38,"column":4},"end":{"line":64,"column":5}},"13":{"start":{"line":39,"column":8},"end":{"line":63,"column":9}},"14":{"start":{"line":40,"column":24},"end":{"line":40,"column":102}},"15":{"start":{"line":41,"column":25},"end":{"line":41,"column":97}},"16":{"start":{"line":42,"column":27},"end":{"line":42,"column":48}},"17":{"start":{"line":43,"column":12},"end":{"line":43,"column":36}},"18":{"start":{"line":44,"column":12},"end":{"line":44,"column":52}},"19":{"start":{"line":45,"column":12},"end":{"line":45,"column":43}},"20":{"start":{"line":47,"column":29},"end":{"line":52,"column":14}},"21":{"start":{"line":54,"column":12},"end":{"line":58,"column":14}},"22":{"start":{"line":60,"column":27},"end":{"line":60,"column":118}},"23":{"start":{"line":61,"column":12},"end":{"line":61,"column":65}},"24":{"start":{"line":62,"column":12},"end":{"line":62,"column":68}},"25":{"start":{"line":66,"column":4},"end":{"line":84,"column":5}},"26":{"start":{"line":67,"column":8},"end":{"line":83,"column":9}},"27":{"start":{"line":68,"column":29},"end":{"line":73,"column":14}},"28":{"start":{"line":75,"column":12},"end":{"line":79,"column":14}},"29":{"start":{"line":81,"column":12},"end":{"line":81,"column":86}},"30":{"start":{"line":82,"column":12},"end":{"line":82,"column":24}},"31":{"start":{"line":87,"column":0},"end":{"line":87,"column":29}}},"fnMap":{"0":{"name":"sendSMS","decl":{"start":{"line":11,"column":15},"end":{"line":11,"column":22}},"loc":{"start":{"line":11,"column":40},"end":{"line":85,"column":1}},"line":11}},"branchMap":{"0":{"loc":{"start":{"line":22,"column":34},"end":{"line":22,"column":89}},"type":"binary-expr","locations":[{"start":{"line":22,"column":34},"end":{"line":22,"column":50}},{"start":{"line":22,"column":54},"end":{"line":22,"column":69}},{"start":{"line":22,"column":73},"end":{"line":22,"column":89}}],"line":22},"1":{"loc":{"start":{"line":25,"column":4},"end":{"line":36,"column":5}},"type":"if","locations":[{"start":{"line":25,"column":4},"end":{"line":36,"column":5}},{"start":{},"end":{}}],"line":25},"2":{"loc":{"start":{"line":25,"column":8},"end":{"line":25,"column":51}},"type":"binary-expr","locations":[{"start":{"line":25,"column":8},"end":{"line":25,"column":27}},{"start":{"line":25,"column":31},"end":{"line":25,"column":51}}],"line":25},"3":{"loc":{"start":{"line":38,"column":4},"end":{"line":64,"column":5}},"type":"if","locations":[{"start":{"line":38,"column":4},"end":{"line":64,"column":5}},{"start":{},"end":{}}],"line":38},"4":{"loc":{"start":{"line":60,"column":27},"end":{"line":60,"column":118}},"type":"cond-expr","locations":[{"start":{"line":60,"column":67},"end":{"line":60,"column":102}},{"start":{"line":60,"column":105},"end":{"line":60,"column":118}}],"line":60},"5":{"loc":{"start":{"line":60,"column":27},"end":{"line":60,"column":64}},"type":"binary-expr","locations":[{"start":{"line":60,"column":27},"end":{"line":60,"column":41}},{"start":{"line":60,"column":45},"end":{"line":60,"column":64}}],"line":60},"6":{"loc":{"start":{"line":66,"column":4},"end":{"line":84,"column":5}},"type":"if","locations":[{"start":{"line":66,"column":4},"end":{"line":84,"column":5}},{"start":{},"end":{}}],"line":66},"7":{"loc":{"start":{"line":78,"column":35},"end":{"line":78,"column":113}},"type":"cond-expr","locations":[{"start":{"line":78,"column":71},"end":{"line":78,"column":87}},{"start":{"line":78,"column":90},"end":{"line":78,"column":113}}],"line":78},"8":{"loc":{"start":{"line":78,"column":35},"end":{"line":78,"column":68}},"type":"binary-expr","locations":[{"start":{"line":78,"column":35},"end":{"line":78,"column":48}},{"start":{"line":78,"column":52},"end":{"line":78,"column":68}}],"line":78}},"s":{"0":0,"1":0,"2":0,"3":0,"4":0,"5":0,"6":0,"7":0,"8":0,"9":0,"10":0,"11":0,"12":0,"13":0,"14":0,"15":0,"16":0,"17":0,"18":0,"19":0,"20":0,"21":0,"22":0,"23":0,"24":0,"25":0,"26":0,"27":0,"28":0,"29":0,"30":0,"31":0},"f":{"0":0},"b":{"0":[0,0,0],"1":[0,0],"2":[0,0],"3":[0,0],"4":[0,0],"5":[0,0],"6":[0,0],"7":[0,0],"8":[0,0]}}
,"/workspaces/ANNSETU-APP-NEW/backend/shared/utils/mpinUtils.js": {"path":"/workspaces/ANNSETU-APP-NEW/backend/shared/utils/mpinUtils.js","statementMap":{"0":{"start":{"line":1,"column":15},"end":{"line":1,"column":32}},"1":{"start":{"line":9,"column":2},"end":{"line":9,"column":23}},"2":{"start":{"line":9,"column":13},"end":{"line":9,"column":23}},"3":{"start":{"line":10,"column":2},"end":{"line":10,"column":75}},"4":{"start":{"line":20,"column":2},"end":{"line":20,"column":32}},"5":{"start":{"line":20,"column":19},"end":{"line":20,"column":32}},"6":{"start":{"line":21,"column":2},"end":{"line":21,"column":26}},"7":{"start":{"line":21,"column":13},"end":{"line":21,"column":26}},"8":{"start":{"line":23,"column":2},"end":{"line":25,"column":3}},"9":{"start":{"line":24,"column":4},"end":{"line":24,"column":53}},"10":{"start":{"line":26,"column":2},"end":{"line":26,"column":39}},"11":{"start":{"line":29,"column":0},"end":{"line":32,"column":2}}},"fnMap":{"0":{"name":"hashMpin","decl":{"start":{"line":8,"column":9},"end":{"line":8,"column":17}},"loc":{"start":{"line":8,"column":24},"end":{"line":11,"column":1}},"line":8},"1":{"name":"verifyMpin","decl":{"start":{"line":19,"column":9},"end":{"line":19,"column":19}},"loc":{"start":{"line":19,"column":38},"end":{"line":27,"column":1}},"line":19}},"branchMap":{"0":{"loc":{"start":{"line":9,"column":2},"end":{"line":9,"column":23}},"type":"if","locations":[{"start":{"line":9,"column":2},"end":{"line":9,"column":23}},{"start":{},"end":{}}],"line":9},"1":{"loc":{"start":{"line":20,"column":2},"end":{"line":20,"column":32}},"type":"if","locations":[{"start":{"line":20,"column":2},"end":{"line":20,"column":32}},{"start":{},"end":{}}],"line":20},"2":{"loc":{"start":{"line":21,"column":2},"end":{"line":21,"column":26}},"type":"if","locations":[{"start":{"line":21,"column":2},"end":{"line":21,"column":26}},{"start":{},"end":{}}],"line":21},"3":{"loc":{"start":{"line":23,"column":2},"end":{"line":25,"column":3}},"type":"if","locations":[{"start":{"line":23,"column":2},"end":{"line":25,"column":3}},{"start":{},"end":{}}],"line":23}},"s":{"0":1,"1":0,"2":0,"3":0,"4":0,"5":0,"6":0,"7":0,"8":0,"9":0,"10":0,"11":1},"f":{"0":0,"1":0},"b":{"0":[0,0],"1":[0,0],"2":[0,0],"3":[0,0]},"_coverageSchema":"1a1c01bbd47fc00a2c39e90264f33305004495a9","hash":"09faec1bba4d6693b167ef2b83db7c9454ca7e0a"}
,"/workspaces/ANNSETU-APP-NEW/backend/shared/utils/otpUtils.js": {"path":"/workspaces/ANNSETU-APP-NEW/backend/shared/utils/otpUtils.js","statementMap":{"0":{"start":{"line":1,"column":14},"end":{"line":1,"column":30}},"1":{"start":{"line":2,"column":15},"end":{"line":2,"column":38}},"2":{"start":{"line":11,"column":23},"end":{"line":11,"column":35}},"3":{"start":{"line":12,"column":2},"end":{"line":18,"column":3}},"4":{"start":{"line":13,"column":4},"end":{"line":17,"column":5}},"5":{"start":{"line":14,"column":6},"end":{"line":14,"column":46}},"6":{"start":{"line":16,"column":6},"end":{"line":16,"column":44}},"7":{"start":{"line":20,"column":43},"end":{"line":20,"column":49}},"8":{"start":{"line":22,"column":2},"end":{"line":24,"column":3}},"9":{"start":{"line":23,"column":4},"end":{"line":23,"column":82}},"10":{"start":{"line":26,"column":2},"end":{"line":46,"column":3}},"11":{"start":{"line":27,"column":21},"end":{"line":37,"column":6}},"12":{"start":{"line":39,"column":4},"end":{"line":41,"column":5}},"13":{"start":{"line":40,"column":6},"end":{"line":40,"column":18}},"14":{"start":{"line":42,"column":4},"end":{"line":42,"column":17}},"15":{"start":{"line":44,"column":21},"end":{"line":44,"column":106}},"16":{"start":{"line":45,"column":4},"end":{"line":45,"column":60}},"17":{"start":{"line":49,"column":0},"end":{"line":51,"column":2}}},"fnMap":{"0":{"name":"verifySupabaseOtp","decl":{"start":{"line":10,"column":15},"end":{"line":10,"column":32}},"loc":{"start":{"line":10,"column":47},"end":{"line":47,"column":1}},"line":10}},"branchMap":{"0":{"loc":{"start":{"line":12,"column":2},"end":{"line":18,"column":3}},"type":"if","locations":[{"start":{"line":12,"column":2},"end":{"line":18,"column":3}},{"start":{},"end":{}}],"line":12},"1":{"loc":{"start":{"line":13,"column":4},"end":{"line":17,"column":5}},"type":"if","locations":[{"start":{"line":13,"column":4},"end":{"line":17,"column":5}},{"start":{"line":15,"column":11},"end":{"line":17,"column":5}}],"line":13},"2":{"loc":{"start":{"line":22,"column":2},"end":{"line":24,"column":3}},"type":"if","locations":[{"start":{"line":22,"column":2},"end":{"line":24,"column":3}},{"start":{},"end":{}}],"line":22},"3":{"loc":{"start":{"line":22,"column":6},"end":{"line":22,"column":38}},"type":"binary-expr","locations":[{"start":{"line":22,"column":6},"end":{"line":22,"column":18}},{"start":{"line":22,"column":22},"end":{"line":22,"column":38}}],"line":22},"4":{"loc":{"start":{"line":39,"column":4},"end":{"line":41,"column":5}},"type":"if","locations":[{"start":{"line":39,"column":4},"end":{"line":41,"column":5}},{"start":{},"end":{}}],"line":39},"5":{"loc":{"start":{"line":39,"column":8},"end":{"line":39,"column":48}},"type":"binary-expr","locations":[{"start":{"line":39,"column":8},"end":{"line":39,"column":31}},{"start":{"line":39,"column":35},"end":{"line":39,"column":48}}],"line":39},"6":{"loc":{"start":{"line":44,"column":21},"end":{"line":44,"column":106}},"type":"binary-expr","locations":[{"start":{"line":44,"column":21},"end":{"line":44,"column":60}},{"start":{"line":44,"column":64},"end":{"line":44,"column":89}},{"start":{"line":44,"column":93},"end":{"line":44,"column":106}}],"line":44}},"s":{"0":0,"1":0,"2":0,"3":0,"4":0,"5":0,"6":0,"7":0,"8":0,"9":0,"10":0,"11":0,"12":0,"13":0,"14":0,"15":0,"16":0,"17":0},"f":{"0":0},"b":{"0":[0,0],"1":[0,0],"2":[0,0],"3":[0,0],"4":[0,0],"5":[0,0],"6":[0,0,0]}}
}
