TN:
SF:modules/amad/amad.controller.js
FN:3,createAmad
FN:14,getHoldings
FNF:2
FNH:0
FNDA:0,createAmad
FNDA:0,getHoldings
DA:1,0
DA:4,0
DA:5,0
DA:6,0
DA:8,0
DA:9,0
DA:10,0
DA:15,0
DA:16,0
DA:17,0
DA:19,0
DA:20,0
DA:24,0
LF:13
LH:0
BRDA:9,0,0,0
BRDA:9,0,1,0
BRDA:10,1,0,0
BRDA:10,1,1,0
BRF:4
BRH:0
end_of_record
TN:
SF:modules/amad/amad.repository.js
FN:3,createAmadLot
FN:15,getFarmer
FN:20,getHoldingsData
FNF:3
FNH:0
FNDA:0,createAmadLot
FNDA:0,getFarmer
FNDA:0,getHoldingsData
DA:1,0
DA:4,0
DA:11,0
DA:12,0
DA:16,0
DA:17,0
DA:21,0
DA:37,0
DA:38,0
DA:41,0
LF:10
LH:0
BRDA:17,0,0,0
BRDA:17,0,1,0
BRF:2
BRH:0
end_of_record
TN:
SF:modules/amad/amad.routes.js
FNF:0
FNH:0
DA:1,0
DA:2,0
DA:3,0
DA:4,0
DA:7,0
DA:10,0
DA:12,0
LF:7
LH:0
BRF:0
BRH:0
end_of_record
TN:
SF:modules/amad/amad.service.js
FN:8,createNewAmadLot
FN:52,fetchHoldings
FN:54,(anonymous_2)
FNF:3
FNH:0
FNDA:0,createNewAmadLot
FNDA:0,fetchHoldings
FNDA:0,(anonymous_2)
DA:1,0
DA:2,0
DA:9,0
DA:10,0
DA:11,0
DA:12,0
DA:13,0
DA:16,0
DA:17,0
DA:19,0
DA:25,0
DA:26,0
DA:29,0
DA:30,0
DA:36,0
DA:43,0
DA:46,0
DA:53,0
DA:54,0
DA:55,0
DA:56,0
DA:57,0
DA:66,0
LF:23
LH:0
BRDA:10,0,0,0
BRDA:10,0,1,0
BRDA:20,1,0,0
BRDA:20,1,1,0
BRDA:21,2,0,0
BRDA:21,2,1,0
BRDA:21,3,0,0
BRDA:21,3,1,0
BRDA:22,4,0,0
BRDA:22,4,1,0
BRDA:39,5,0,0
BRDA:39,5,1,0
BRDA:56,6,0,0
BRDA:56,6,1,0
BRDA:58,7,0,0
BRDA:58,7,1,0
BRDA:59,8,0,0
BRDA:59,8,1,0
BRDA:60,9,0,0
BRDA:60,9,1,0
BRF:20
BRH:0
end_of_record
TN:
SF:modules/amad/amad.validator.js
FN:5,validateCreateAmad
FNF:1
FNH:1
FNDA:7,validateCreateAmad
DA:6,7
DA:7,7
DA:8,6
DA:13,1
DA:16,1
LF:5
LH:5
BRDA:7,0,0,6
BRDA:7,0,1,1
BRDA:7,1,0,7
BRDA:7,1,1,5
BRDA:7,1,2,4
BRDA:7,1,3,2
BRF:6
BRH:6
end_of_record
TN:
SF:modules/cron/cron.controller.js
FN:4,processCropAging
FNF:1
FNH:0
FNDA:0,processCropAging
DA:1,0
DA:2,0
DA:6,0
DA:7,0
DA:8,0
DA:11,0
DA:12,0
DA:14,0
DA:15,0
DA:16,0
DA:17,0
DA:18,0
DA:21,0
DA:25,0
DA:26,0
DA:27,0
DA:34,0
DA:35,0
DA:39,0
LF:19
LH:0
BRDA:7,0,0,0
BRDA:7,0,1,0
BRDA:7,1,0,0
BRDA:7,1,1,0
BRDA:12,2,0,0
BRDA:12,2,1,0
BRDA:17,3,0,0
BRDA:17,3,1,0
BRF:8
BRH:0
end_of_record
TN:
SF:modules/cron/cron.repository.js
FN:3,getApprovedFacilities
FN:8,getActiveLots
FNF:2
FNH:0
FNDA:0,getApprovedFacilities
FNDA:0,getActiveLots
DA:1,0
DA:4,0
DA:5,0
DA:9,0
DA:15,0
DA:18,0
LF:6
LH:0
BRF:0
BRH:0
end_of_record
TN:
SF:modules/cron/cron.routes.js
FNF:0
FNH:0
DA:1,0
DA:2,0
DA:3,0
DA:5,0
DA:7,0
LF:5
LH:0
BRF:0
BRH:0
end_of_record
TN:
SF:modules/cron/cron.service.js
FN:9,runCropAgingAlerts
FNF:1
FNH:0
FNDA:0,runCropAgingAlerts
DA:1,0
DA:2,0
DA:10,0
DA:11,0
DA:12,0
DA:13,0
DA:15,0
DA:16,0
DA:18,0
DA:19,0
DA:21,0
DA:22,0
DA:23,0
DA:24,0
DA:25,0
DA:27,0
DA:32,0
DA:37,0
DA:40,0
LF:19
LH:0
BRDA:19,0,0,0
BRDA:19,0,1,0
BRDA:21,1,0,0
BRDA:21,1,1,0
BRDA:22,2,0,0
BRDA:22,2,1,0
BRDA:23,3,0,0
BRDA:23,3,1,0
BRDA:24,4,0,0
BRDA:24,4,1,0
BRDA:32,5,0,0
BRDA:32,5,1,0
BRF:12
BRH:0
end_of_record
TN:
SF:modules/dispatch/dispatch.controller.js
FN:3,getDispatches
FN:13,createDispatch
FN:24,approveDispatch
FN:35,deliverDispatch
FNF:4
FNH:0
FNDA:0,getDispatches
FNDA:0,createDispatch
FNDA:0,approveDispatch
FNDA:0,deliverDispatch
DA:1,0
DA:4,0
DA:5,0
DA:6,0
DA:8,0
DA:9,0
DA:14,0
DA:15,0
DA:16,0
DA:18,0
DA:19,0
DA:20,0
DA:25,0
DA:26,0
DA:27,0
DA:29,0
DA:30,0
DA:31,0
DA:36,0
DA:37,0
DA:38,0
DA:40,0
DA:41,0
DA:42,0
DA:46,0
LF:25
LH:0
BRDA:19,0,0,0
BRDA:19,0,1,0
BRDA:20,1,0,0
BRDA:20,1,1,0
BRDA:30,2,0,0
BRDA:30,2,1,0
BRDA:31,3,0,0
BRDA:31,3,1,0
BRDA:41,4,0,0
BRDA:41,4,1,0
BRDA:42,5,0,0
BRDA:42,5,1,0
BRF:12
BRH:0
end_of_record
TN:
SF:modules/dispatch/dispatch.repository.js
FN:8,getDispatchesData
FN:46,getDispatchById
FN:56,insertDispatch
FN:80,updateDispatchStatus
FN:98,getActiveLotForDispatch
FN:122,verifyColdStorage
FN:138,getFarmerWithMpin
FN:148,getColdStorageName
FN:159,deleteNotification
FNF:9
FNH:0
FNDA:0,getDispatchesData
FNDA:0,getDispatchById
FNDA:0,insertDispatch
FNDA:0,updateDispatchStatus
FNDA:0,getActiveLotForDispatch
FNDA:0,verifyColdStorage
FNDA:0,getFarmerWithMpin
FNDA:0,getColdStorageName
FNDA:0,deleteNotification
DA:1,0
DA:9,0
DA:28,0
DA:29,0
DA:30,0
DA:31,0
DA:35,0
DA:36,0
DA:37,0
DA:38,0
DA:47,0
DA:48,0
DA:57,0
DA:65,0
DA:70,0
DA:71,0
DA:81,0
DA:87,0
DA:88,0
DA:100,0
DA:104,0
DA:107,0
DA:111,0
DA:113,0
DA:123,0
DA:124,0
DA:126,0
DA:127,0
DA:128,0
DA:130,0
DA:139,0
DA:140,0
DA:149,0
DA:150,0
DA:160,0
DA:169,0
LF:36
LH:0
BRDA:28,0,0,0
BRDA:28,0,1,0
BRDA:48,1,0,0
BRDA:48,1,1,0
BRDA:68,2,0,0
BRDA:68,2,1,0
BRDA:88,3,0,0
BRDA:88,3,1,0
BRDA:104,4,0,0
BRDA:104,4,1,0
BRDA:111,5,0,0
BRDA:111,5,1,0
BRDA:123,6,0,0
BRDA:123,6,1,0
BRDA:127,7,0,0
BRDA:127,7,1,0
BRDA:140,8,0,0
BRDA:140,8,1,0
BRDA:150,9,0,0
BRDA:150,9,1,0
BRF:20
BRH:0
end_of_record
TN:
SF:modules/dispatch/dispatch.routes.js
FNF:0
FNH:0
DA:1,0
DA:2,0
DA:3,0
DA:4,0
DA:6,0
DA:7,0
DA:8,0
DA:9,0
DA:11,0
LF:9
LH:0
BRF:0
BRH:0
end_of_record
TN:
SF:modules/dispatch/dispatch.service.js
FN:13,fetchDispatches
FN:22,createNewDispatch
FN:73,approveDispatchByMpin
FN:152,markDispatchDelivered
FNF:4
FNH:1
FNDA:0,fetchDispatches
FNDA:1,createNewDispatch
FNDA:0,approveDispatchByMpin
FNDA:0,markDispatchDelivered
DA:1,1
DA:2,1
DA:3,1
DA:4,1
DA:5,1
DA:14,0
DA:23,1
DA:26,1
DA:29,1
DA:30,1
DA:31,0
DA:32,0
DA:33,0
DA:37,1
DA:39,1
DA:40,1
DA:42,1
DA:49,1
DA:50,1
DA:51,1
DA:62,0
DA:65,1
DA:75,0
DA:76,0
DA:77,0
DA:78,0
DA:79,0
DA:83,0
DA:84,0
DA:85,0
DA:86,0
DA:87,0
DA:90,0
DA:91,0
DA:92,0
DA:93,0
DA:94,0
DA:98,0
DA:101,0
DA:102,0
DA:107,0
DA:109,0
DA:113,0
DA:114,0
DA:115,0
DA:118,0
DA:130,0
DA:141,0
DA:144,0
DA:153,0
DA:154,0
DA:155,0
DA:156,0
DA:157,0
DA:161,0
DA:162,0
DA:167,0
DA:169,0
DA:173,0
DA:174,0
DA:175,0
DA:186,0
DA:189,0
DA:192,1
LF:64
LH:18
BRDA:30,0,0,0
BRDA:30,0,1,1
BRDA:76,1,0,0
BRDA:76,1,1,0
BRDA:84,2,0,0
BRDA:84,2,1,0
BRDA:90,3,0,0
BRDA:90,3,1,0
BRDA:91,4,0,0
BRDA:91,4,1,0
BRDA:114,5,0,0
BRDA:114,5,1,0
BRDA:115,6,0,0
BRDA:115,6,1,0
BRDA:124,7,0,0
BRDA:124,7,1,0
BRDA:136,8,0,0
BRDA:136,8,1,0
BRDA:154,9,0,0
BRDA:154,9,1,0
BRDA:176,10,0,0
BRDA:176,10,1,0
BRDA:181,11,0,0
BRDA:181,11,1,0
BRF:24
BRH:1
end_of_record
TN:
SF:modules/dispatch/dispatch.validator.js
FN:6,validateCreateDispatch
FN:17,validateApproveDispatch
FN:28,validateGetDispatches
FNF:3
FNH:0
FNDA:0,validateCreateDispatch
FNDA:0,validateApproveDispatch
FNDA:0,validateGetDispatches
DA:7,0
DA:8,0
DA:9,0
DA:14,0
DA:18,0
DA:19,0
DA:20,0
DA:25,0
DA:29,0
DA:30,0
DA:31,0
DA:36,0
DA:39,0
LF:13
LH:0
BRDA:8,0,0,0
BRDA:8,0,1,0
BRDA:8,1,0,0
BRDA:8,1,1,0
BRDA:8,1,2,0
BRDA:8,1,3,0
BRDA:19,2,0,0
BRDA:19,2,1,0
BRDA:30,3,0,0
BRDA:30,3,1,0
BRDA:30,4,0,0
BRDA:30,4,1,0
BRF:12
BRH:0
end_of_record
TN:
SF:modules/farmer/farmer.constants.js
FNF:0
FNH:0
DA:5,0
LF:1
LH:0
BRF:0
BRH:0
end_of_record
TN:
SF:modules/farmer/farmer.controller.js
FNF:0
FNH:0
DA:1,0
DA:2,0
DA:3,0
DA:4,0
DA:5,0
DA:6,0
DA:7,0
DA:8,0
DA:9,0
DA:10,0
DA:11,0
DA:13,0
LF:12
LH:0
BRF:0
BRH:0
end_of_record
TN:
SF:modules/farmer/farmer.helpers.js
FN:6,buildCsvStatement
FN:14,(anonymous_1)
FN:28,buildPdfStatement
FN:35,(anonymous_3)
FN:36,(anonymous_4)
FNF:5
FNH:0
FNDA:0,buildCsvStatement
FNDA:0,(anonymous_1)
FNDA:0,buildPdfStatement
FNDA:0,(anonymous_3)
FNDA:0,(anonymous_4)
DA:1,0
DA:7,0
DA:8,0
DA:9,0
DA:10,0
DA:11,0
DA:13,0
DA:14,0
DA:15,0
DA:16,0
DA:19,0
DA:22,0
DA:29,0
DA:35,0
DA:36,0
DA:37,0
DA:39,0
DA:43,0
DA:44,0
DA:45,0
DA:46,0
DA:47,0
DA:50,0
DA:51,0
DA:53,0
DA:54,0
DA:56,0
DA:67,0
LF:28
LH:0
BRDA:10,0,0,0
BRDA:10,0,1,0
BRDA:16,1,0,0
BRDA:16,1,1,0
BRDA:35,2,0,0
BRDA:35,2,1,0
BRDA:36,3,0,0
BRDA:36,3,1,0
BRDA:37,4,0,0
BRDA:37,4,1,0
BRDA:44,5,0,0
BRDA:44,5,1,0
BRF:12
BRH:0
end_of_record
TN:
SF:modules/farmer/farmer.repository.js
FN:7,getColdStorageByPhone
FN:12,updateColdStorageMpin
FN:16,updateFarmerMpin
FN:20,getFarmerBasicDetails
FN:25,getColdStorageDetailsForFarmer
FN:30,getPaymentsForFarmer
FN:35,deleteOtpVerification
FN:39,insertOtpVerification
FN:47,getOtpVerification
FN:55,updateFarmerProfile
FN:65,updateFarmerTarget
FN:70,updateFarmerBasicDetails
FN:86,verifyAndUpdateFarmerProfile
FNF:13
FNH:1
FNDA:0,getColdStorageByPhone
FNDA:0,updateColdStorageMpin
FNDA:0,updateFarmerMpin
FNDA:3,getFarmerBasicDetails
FNDA:0,getColdStorageDetailsForFarmer
FNDA:0,getPaymentsForFarmer
FNDA:0,deleteOtpVerification
FNDA:0,insertOtpVerification
FNDA:0,getOtpVerification
FNDA:0,updateFarmerProfile
FNDA:0,updateFarmerTarget
FNDA:0,updateFarmerBasicDetails
FNDA:0,verifyAndUpdateFarmerProfile
DA:1,2
DA:2,2
DA:3,2
DA:4,2
DA:5,2
DA:8,0
DA:9,0
DA:13,0
DA:17,0
DA:21,3
DA:22,3
DA:26,0
DA:27,0
DA:31,0
DA:32,0
DA:36,0
DA:40,0
DA:48,0
DA:52,0
DA:56,0
DA:62,0
DA:66,0
DA:67,0
DA:71,0
DA:83,0
DA:87,0
DA:97,0
DA:100,2
LF:28
LH:8
BRDA:66,0,0,0
BRDA:66,0,1,0
BRF:2
BRH:0
end_of_record
TN:
SF:modules/farmer/farmer.routes.js
FNF:0
FNH:0
DA:1,0
DA:2,0
DA:3,0
DA:4,0
DA:7,0
DA:8,0
DA:9,0
DA:10,0
DA:11,0
DA:12,0
DA:13,0
DA:14,0
DA:15,0
DA:16,0
DA:17,0
DA:19,0
LF:16
LH:0
BRF:0
BRH:0
end_of_record
TN:
SF:modules/farmer/farmer.service.js
FN:12,fetchFarmers
FN:20,registerNewFarmer
FN:69,fetchLedger
FN:76,loginWithMpin
FN:116,resetUserMpin
FN:155,generateStatement
FN:171,generateStatementPdf
FNF:7
FNH:0
FNDA:0,fetchFarmers
FNDA:0,registerNewFarmer
FNDA:0,fetchLedger
FNDA:0,loginWithMpin
FNDA:0,resetUserMpin
FNDA:0,generateStatement
FNDA:0,generateStatementPdf
DA:1,0
DA:2,0
DA:3,0
DA:4,0
DA:5,0
DA:13,0
DA:21,0
DA:22,0
DA:23,0
DA:26,0
DA:27,0
DA:28,0
DA:29,0
DA:31,0
DA:39,0
DA:42,0
DA:43,0
DA:49,0
DA:56,0
DA:59,0
DA:70,0
DA:78,0
DA:79,0
DA:80,0
DA:81,0
DA:82,0
DA:83,0
DA:84,0
DA:86,0
DA:93,0
DA:94,0
DA:95,0
DA:96,0
DA:97,0
DA:100,0
DA:101,0
DA:102,0
DA:103,0
DA:104,0
DA:107,0
DA:117,0
DA:118,0
DA:119,0
DA:121,0
DA:122,0
DA:123,0
DA:125,0
DA:126,0
DA:127,0
DA:128,0
DA:131,0
DA:132,0
DA:135,0
DA:136,0
DA:137,0
DA:138,0
DA:142,0
DA:143,0
DA:144,0
DA:145,0
DA:146,0
DA:149,0
DA:156,0
DA:157,0
DA:158,0
DA:159,0
DA:160,0
DA:162,0
DA:164,0
DA:165,0
DA:172,0
DA:173,0
DA:174,0
DA:175,0
DA:176,0
DA:179,0
DA:180,0
DA:181,0
DA:184,0
DA:185,0
DA:187,0
DA:190,0
LF:82
LH:0
BRDA:22,0,0,0
BRDA:22,0,1,0
BRDA:26,1,0,0
BRDA:26,1,1,0
BRDA:27,2,0,0
BRDA:27,2,1,0
BRDA:29,3,0,0
BRDA:29,3,1,0
BRDA:35,4,0,0
BRDA:35,4,1,0
BRDA:35,5,0,0
BRDA:35,5,1,0
BRDA:35,6,0,0
BRDA:35,6,1,0
BRDA:35,7,0,0
BRDA:35,7,1,0
BRDA:35,8,0,0
BRDA:35,8,1,0
BRDA:45,9,0,0
BRDA:45,9,1,0
BRDA:61,10,0,0
BRDA:61,10,1,0
BRDA:61,11,0,0
BRDA:61,11,1,0
BRDA:62,12,0,0
BRDA:62,12,1,0
BRDA:62,13,0,0
BRDA:62,13,1,0
BRDA:62,14,0,0
BRDA:62,14,1,0
BRDA:79,15,0,0
BRDA:79,15,1,0
BRDA:80,16,0,0
BRDA:80,16,1,0
BRDA:81,17,0,0
BRDA:81,17,1,0
BRDA:94,18,0,0
BRDA:94,18,1,0
BRDA:100,19,0,0
BRDA:100,19,1,0
BRDA:101,20,0,0
BRDA:101,20,1,0
BRDA:121,21,0,0
BRDA:121,21,1,0
BRDA:125,22,0,0
BRDA:125,22,1,0
BRDA:136,23,0,0
BRDA:136,23,1,0
BRDA:143,24,0,0
BRDA:143,24,1,0
BRDA:157,25,0,0
BRDA:157,25,1,0
BRDA:173,26,0,0
BRDA:173,26,1,0
BRDA:180,27,0,0
BRDA:180,27,1,0
BRF:56
BRH:0
end_of_record
TN:
SF:modules/farmer/farmer.validator.js
FN:5,validateRegisterFarmer
FN:16,validateLoginMpin
FN:27,validateResetMpin
FNF:3
FNH:0
FNDA:0,validateRegisterFarmer
FNDA:0,validateLoginMpin
FNDA:0,validateResetMpin
DA:6,0
DA:7,0
DA:8,0
DA:13,0
DA:17,0
DA:18,0
DA:19,0
DA:24,0
DA:28,0
DA:29,0
DA:30,0
DA:35,0
DA:38,0
LF:13
LH:0
BRDA:7,0,0,0
BRDA:7,0,1,0
BRDA:7,1,0,0
BRDA:7,1,1,0
BRDA:18,2,0,0
BRDA:18,2,1,0
BRDA:18,3,0,0
BRDA:18,3,1,0
BRDA:29,4,0,0
BRDA:29,4,1,0
BRDA:29,5,0,0
BRDA:29,5,1,0
BRDA:29,5,2,0
BRF:13
BRH:0
end_of_record
TN:
SF:modules/farmer/pdf.service.js
FNF:0
FNH:0
DA:1,0
DA:2,0
DA:4,0
LF:3
LH:0
BRF:0
BRH:0
end_of_record
TN:
SF:modules/farmer/controllers/dateHelpers.js
FN:1,parseToISODate
FN:17,toISTDateStr
FN:23,parseAndFormat
FNF:3
FNH:0
FNDA:0,parseToISODate
FNDA:0,toISTDateStr
FNDA:0,parseAndFormat
DA:2,0
DA:3,0
DA:4,0
DA:5,0
DA:6,0
DA:7,0
DA:8,0
DA:9,0
DA:10,0
DA:13,0
DA:14,0
DA:18,0
DA:19,0
DA:20,0
DA:24,0
DA:25,0
DA:26,0
DA:27,0
DA:29,0
DA:32,0
LF:20
LH:0
BRDA:2,0,0,0
BRDA:2,0,1,0
BRDA:2,1,0,0
BRDA:2,1,1,0
BRDA:2,1,2,0
BRDA:4,2,0,0
BRDA:4,2,1,0
BRDA:6,3,0,0
BRDA:6,3,1,0
BRDA:7,4,0,0
BRDA:7,4,1,0
BRDA:7,5,0,0
BRDA:7,5,1,0
BRDA:9,6,0,0
BRDA:9,6,1,0
BRDA:14,7,0,0
BRDA:14,7,1,0
BRDA:18,8,0,0
BRDA:18,8,1,0
BRDA:20,9,0,0
BRDA:20,9,1,0
BRDA:25,10,0,0
BRDA:25,10,1,0
BRF:23
BRH:0
end_of_record
TN:
SF:modules/farmer/controllers/downloadReceiptPdf.controller.js
FN:5,downloadReceiptPdf
FN:23,(anonymous_1)
FN:26,(anonymous_2)
FNF:3
FNH:0
FNDA:0,downloadReceiptPdf
FNDA:0,(anonymous_1)
FNDA:0,(anonymous_2)
DA:1,0
DA:2,0
DA:3,0
DA:6,0
DA:7,0
DA:8,0
DA:10,0
DA:11,0
DA:14,0
DA:15,0
DA:16,0
DA:18,0
DA:19,0
DA:20,0
DA:22,0
DA:23,0
DA:24,0
DA:26,0
DA:27,0
DA:28,0
DA:31,0
DA:35,0
DA:36,0
DA:38,0
DA:39,0
DA:41,0
DA:45,0
DA:46,0
DA:50,0
LF:29
LH:0
BRDA:10,0,0,0
BRDA:10,0,1,0
BRDA:10,1,0,0
BRDA:10,1,1,0
BRDA:10,1,2,0
BRDA:15,2,0,0
BRDA:15,2,1,0
BRDA:19,3,0,0
BRDA:19,3,1,0
BRDA:24,4,0,0
BRDA:24,4,1,0
BRDA:28,5,0,0
BRDA:28,5,1,0
BRF:13
BRH:0
end_of_record
TN:
SF:modules/farmer/controllers/downloadStatement.controller.js
FN:5,downloadStatement
FN:22,(anonymous_1)
FN:40,(anonymous_2)
FNF:3
FNH:0
FNDA:0,downloadStatement
FNDA:0,(anonymous_1)
FNDA:0,(anonymous_2)
DA:1,0
DA:2,0
DA:3,0
DA:6,0
DA:7,0
DA:8,0
DA:10,0
DA:11,0
DA:12,0
DA:15,0
DA:17,0
DA:18,0
DA:20,0
DA:21,0
DA:22,0
DA:23,0
DA:24,0
DA:28,0
DA:29,0
DA:30,0
DA:32,0
DA:33,0
DA:34,0
DA:36,0
DA:38,0
DA:40,0
DA:41,0
DA:42,0
DA:45,0
DA:48,0
DA:52,0
DA:53,0
DA:54,0
DA:56,0
DA:57,0
DA:61,0
LF:36
LH:0
BRDA:11,0,0,0
BRDA:11,0,1,0
BRDA:21,1,0,0
BRDA:21,1,1,0
BRDA:21,2,0,0
BRDA:21,2,1,0
BRDA:24,3,0,0
BRDA:24,3,1,0
BRDA:29,4,0,0
BRDA:29,4,1,0
BRDA:29,5,0,0
BRDA:29,5,1,0
BRDA:34,6,0,0
BRDA:34,6,1,0
BRDA:42,7,0,0
BRDA:42,7,1,0
BRDA:48,8,0,0
BRDA:48,8,1,0
BRDA:48,9,0,0
BRDA:48,9,1,0
BRF:20
BRH:0
end_of_record
TN:
SF:modules/farmer/controllers/downloadStatementPdf.controller.js
FN:6,downloadStatementPdf
FN:28,(anonymous_1)
FN:36,(anonymous_2)
FN:44,(anonymous_3)
FNF:4
FNH:0
FNDA:0,downloadStatementPdf
FNDA:0,(anonymous_1)
FNDA:0,(anonymous_2)
FNDA:0,(anonymous_3)
DA:1,0
DA:2,0
DA:3,0
DA:4,0
DA:7,0
DA:8,0
DA:9,0
DA:12,0
DA:13,0
DA:16,0
DA:17,0
DA:19,0
DA:20,0
DA:22,0
DA:23,0
DA:24,0
DA:26,0
DA:27,0
DA:28,0
DA:29,0
DA:30,0
DA:34,0
DA:35,0
DA:36,0
DA:37,0
DA:40,0
DA:41,0
DA:43,0
DA:44,0
DA:45,0
DA:46,0
DA:49,0
DA:55,0
DA:59,0
DA:60,0
DA:61,0
DA:62,0
DA:63,0
DA:64,0
DA:65,0
DA:68,0
DA:72,0
DA:73,0
DA:75,0
DA:81,0
DA:82,0
DA:86,0
LF:47
LH:0
BRDA:13,0,0,0
BRDA:13,0,1,0
BRDA:16,1,0,0
BRDA:16,1,1,0
BRDA:27,2,0,0
BRDA:27,2,1,0
BRDA:27,3,0,0
BRDA:27,3,1,0
BRDA:30,4,0,0
BRDA:30,4,1,0
BRDA:34,5,0,0
BRDA:34,5,1,0
BRDA:35,6,0,0
BRDA:35,6,1,0
BRDA:37,7,0,0
BRDA:37,7,1,0
BRDA:41,8,0,0
BRDA:41,8,1,0
BRDA:45,9,0,0
BRDA:45,9,1,0
BRDA:60,10,0,0
BRDA:60,10,1,0
BRDA:60,11,0,0
BRDA:60,11,1,0
BRDA:62,12,0,0
BRDA:62,12,1,0
BRDA:68,13,0,0
BRDA:68,13,1,0
BRDA:68,14,0,0
BRDA:68,14,1,0
BRF:30
BRH:0
end_of_record
TN:
SF:modules/farmer/controllers/getFarmers.controller.js
FN:3,getFarmers
FNF:1
FNH:0
FNDA:0,getFarmers
DA:1,0
DA:4,0
DA:5,0
DA:6,0
DA:7,0
DA:9,0
DA:10,0
DA:14,0
LF:8
LH:0
BRF:0
BRH:0
end_of_record
TN:
SF:modules/farmer/controllers/getLedger.controller.js
FN:3,getLedger
FNF:1
FNH:0
FNDA:0,getLedger
DA:1,0
DA:4,0
DA:5,0
DA:6,0
DA:7,0
DA:9,0
DA:10,0
DA:14,0
LF:8
LH:0
BRF:0
BRH:0
end_of_record
TN:
SF:modules/farmer/controllers/loginMpin.controller.js
FN:7,loginMpin
FNF:1
FNH:0
FNDA:0,loginMpin
DA:1,0
DA:2,0
DA:3,0
DA:4,0
DA:5,0
DA:8,0
DA:9,0
DA:10,0
DA:13,0
DA:14,0
DA:15,0
DA:17,0
DA:18,0
DA:19,0
DA:20,0
DA:21,0
DA:23,0
DA:24,0
DA:25,0
DA:30,0
DA:36,0
DA:37,0
DA:42,0
DA:43,0
DA:44,0
DA:45,0
DA:47,0
DA:48,0
DA:49,0
DA:54,0
DA:63,0
DA:65,0
DA:66,0
DA:70,0
LF:34
LH:0
BRDA:9,0,0,0
BRDA:9,0,1,0
BRDA:9,1,0,0
BRDA:9,1,1,0
BRDA:14,2,0,0
BRDA:14,2,1,0
BRDA:15,3,0,0
BRDA:15,3,1,0
BRDA:17,4,0,0
BRDA:17,4,1,0
BRDA:19,5,0,0
BRDA:19,5,1,0
BRDA:20,6,0,0
BRDA:20,6,1,0
BRDA:23,7,0,0
BRDA:23,7,1,0
BRDA:24,8,0,0
BRDA:24,8,1,0
BRDA:27,9,0,0
BRDA:27,9,1,0
BRDA:36,10,0,0
BRDA:36,10,1,0
BRDA:43,11,0,0
BRDA:43,11,1,0
BRDA:44,12,0,0
BRDA:44,12,1,0
BRDA:47,13,0,0
BRDA:47,13,1,0
BRDA:48,14,0,0
BRDA:48,14,1,0
BRDA:51,15,0,0
BRDA:51,15,1,0
BRF:32
BRH:0
end_of_record
TN:
SF:modules/farmer/controllers/mpinHelpers.js
FNF:0
FNH:0
DA:1,0
DA:3,0
LF:2
LH:0
BRF:0
BRH:0
end_of_record
TN:
SF:modules/farmer/controllers/registerFarmer.controller.js
FN:4,registerFarmer
FNF:1
FNH:0
FNDA:0,registerFarmer
DA:1,0
DA:2,0
DA:5,0
DA:6,0
DA:7,0
DA:9,0
DA:10,0
DA:13,0
DA:14,0
DA:15,0
DA:16,0
DA:18,0
DA:20,0
DA:26,0
DA:28,0
DA:29,0
DA:30,0
DA:37,0
DA:41,0
DA:43,0
DA:48,0
DA:49,0
DA:50,0
DA:54,0
LF:24
LH:0
BRDA:6,0,0,0
BRDA:6,0,1,0
BRDA:6,1,0,0
BRDA:6,1,1,0
BRDA:9,2,0,0
BRDA:9,2,1,0
BRDA:14,3,0,0
BRDA:14,3,1,0
BRDA:15,4,0,0
BRDA:15,4,1,0
BRDA:18,5,0,0
BRDA:18,5,1,0
BRDA:22,6,0,0
BRDA:22,6,1,0
BRDA:22,7,0,0
BRDA:22,7,1,0
BRDA:23,8,0,0
BRDA:23,8,1,0
BRDA:23,9,0,0
BRDA:23,9,1,0
BRDA:23,10,0,0
BRDA:23,10,1,0
BRDA:32,11,0,0
BRDA:32,11,1,0
BRDA:45,12,0,0
BRDA:45,12,1,0
BRDA:45,13,0,0
BRDA:45,13,1,0
BRDA:45,14,0,0
BRDA:45,14,1,0
BRDA:45,15,0,0
BRDA:45,15,1,0
BRDA:45,16,0,0
BRDA:45,16,1,0
BRDA:49,17,0,0
BRDA:49,17,1,0
BRDA:50,18,0,0
BRDA:50,18,1,0
BRF:38
BRH:0
end_of_record
TN:
SF:modules/farmer/controllers/resetMpin.controller.js
FN:7,resetMpin
FNF:1
FNH:0
FNDA:0,resetMpin
DA:1,0
DA:2,0
DA:3,0
DA:4,0
DA:5,0
DA:8,0
DA:9,0
DA:10,0
DA:12,0
DA:13,0
DA:16,0
DA:17,0
DA:19,0
DA:22,0
DA:23,0
DA:25,0
DA:26,0
DA:27,0
DA:28,0
DA:29,0
DA:32,0
DA:33,0
DA:34,0
DA:37,0
DA:38,0
DA:40,0
DA:42,0
DA:43,0
DA:47,0
LF:29
LH:0
BRDA:9,0,0,0
BRDA:9,0,1,0
BRDA:9,1,0,0
BRDA:9,1,1,0
BRDA:9,1,2,0
BRDA:12,2,0,0
BRDA:12,2,1,0
BRDA:19,3,0,0
BRDA:19,3,1,0
BRDA:26,4,0,0
BRDA:26,4,1,0
BRDA:33,5,0,0
BRDA:33,5,1,0
BRF:13
BRH:0
end_of_record
TN:
SF:modules/farmer/controllers/sendProfileOtp.controller.js
FN:7,sendProfileOtp
FNF:1
FNH:0
FNDA:0,sendProfileOtp
DA:1,0
DA:2,0
DA:3,0
DA:4,0
DA:5,0
DA:8,0
DA:9,0
DA:10,0
DA:12,0
DA:13,0
DA:16,0
DA:18,0
DA:21,0
DA:26,0
DA:27,0
DA:28,0
DA:32,0
DA:33,0
DA:36,0
DA:39,0
DA:42,0
DA:44,0
DA:45,0
DA:46,0
DA:49,0
DA:50,0
DA:51,0
DA:52,0
DA:53,0
DA:54,0
DA:55,0
DA:58,0
DA:59,0
DA:64,0
DA:65,0
DA:66,0
DA:67,0
DA:68,0
DA:69,0
DA:70,0
DA:71,0
DA:72,0
DA:75,0
DA:76,0
DA:81,0
DA:82,0
DA:85,0
DA:87,0
DA:88,0
DA:92,0
LF:50
LH:0
BRDA:9,0,0,0
BRDA:9,0,1,0
BRDA:9,1,0,0
BRDA:9,1,1,0
BRDA:9,1,2,0
BRDA:12,2,0,0
BRDA:12,2,1,0
BRDA:12,3,0,0
BRDA:12,3,1,0
BRDA:21,4,0,0
BRDA:21,4,1,0
BRDA:27,5,0,0
BRDA:27,5,1,0
BRDA:32,6,0,0
BRDA:32,6,1,0
BRDA:33,7,0,0
BRDA:33,7,1,0
BRDA:49,8,0,0
BRDA:49,8,1,0
BRDA:52,9,0,0
BRDA:52,9,1,0
BRDA:52,10,0,0
BRDA:52,10,1,0
BRDA:52,10,2,0
BRDA:64,11,0,0
BRDA:64,11,1,0
BRDA:68,12,0,0
BRDA:68,12,1,0
BRDA:68,13,0,0
BRDA:68,13,1,0
BRDA:81,14,0,0
BRDA:81,14,1,0
BRDA:81,15,0,0
BRDA:81,15,1,0
BRDA:88,16,0,0
BRDA:88,16,1,0
BRF:36
BRH:0
end_of_record
TN:
SF:modules/farmer/controllers/updateFarmer.controller.js
FN:4,updateFarmer
FNF:1
FNH:0
FNDA:0,updateFarmer
DA:1,0
DA:2,0
DA:5,0
DA:6,0
DA:8,0
DA:9,0
DA:10,0
DA:11,0
DA:14,0
DA:15,0
DA:16,0
DA:17,0
DA:18,0
DA:20,0
DA:24,0
DA:26,0
DA:27,0
DA:31,0
LF:18
LH:0
BRDA:10,0,0,0
BRDA:10,0,1,0
BRDA:14,1,0,0
BRDA:14,1,1,0
BRDA:15,2,0,0
BRDA:15,2,1,0
BRDA:16,3,0,0
BRDA:16,3,1,0
BRDA:17,4,0,0
BRDA:17,4,1,0
BRDA:18,5,0,0
BRDA:18,5,1,0
BRF:12
BRH:0
end_of_record
TN:
SF:modules/farmer/controllers/verifyAndUpdateProfile.controller.js
FN:4,verifyAndUpdateProfile
FNF:1
FNH:0
FNDA:0,verifyAndUpdateProfile
DA:1,0
DA:2,0
DA:5,0
DA:6,0
DA:7,0
DA:10,0
DA:11,0
DA:16,0
DA:18,0
DA:19,0
DA:24,0
DA:25,0
DA:26,0
DA:29,0
DA:30,0
DA:31,0
DA:33,0
DA:36,0
DA:38,0
DA:40,0
DA:41,0
DA:45,0
LF:22
LH:0
BRDA:6,0,0,0
BRDA:6,0,1,0
BRDA:6,1,0,0
BRDA:6,1,1,0
BRDA:6,1,2,0
BRDA:6,1,3,0
BRDA:11,2,0,0
BRDA:11,2,1,0
BRDA:18,3,0,0
BRDA:18,3,1,0
BRDA:18,4,0,0
BRDA:18,4,1,0
BRDA:18,4,2,0
BRDA:25,5,0,0
BRDA:25,5,1,0
BRDA:29,6,0,0
BRDA:29,6,1,0
BRDA:30,7,0,0
BRDA:30,7,1,0
BRDA:31,8,0,0
BRDA:31,8,1,0
BRF:21
BRH:0
end_of_record
TN:
SF:modules/farmer/pdf/pdfHelpers.js
FN:4,drawHeaderBand
FN:25,drawFooter
FN:41,getDetailedTransactionInfo
FNF:3
FNH:0
FNDA:0,drawHeaderBand
FNDA:0,drawFooter
FNDA:0,getDetailedTransactionInfo
DA:1,0
DA:2,0
DA:5,0
DA:7,0
DA:8,0
DA:10,0
DA:11,0
DA:12,0
DA:13,0
DA:15,0
DA:16,0
DA:19,0
DA:20,0
DA:22,0
DA:26,0
DA:27,0
DA:28,0
DA:29,0
DA:31,0
DA:33,0
DA:34,0
DA:35,0
DA:37,0
DA:42,0
DA:43,0
DA:45,0
DA:46,0
DA:47,0
DA:49,0
DA:51,0
DA:52,0
DA:54,0
DA:55,0
DA:57,0
DA:58,0
DA:60,0
DA:75,0
LF:37
LH:0
BRDA:10,0,0,0
BRDA:10,0,1,0
BRDA:12,1,0,0
BRDA:12,1,1,0
BRDA:51,2,0,0
BRDA:51,2,1,0
BRDA:51,3,0,0
BRDA:51,3,1,0
BRDA:52,4,0,0
BRDA:52,4,1,0
BRDA:52,5,0,0
BRDA:52,5,1,0
BRDA:55,6,0,0
BRDA:55,6,1,0
BRDA:55,7,0,0
BRDA:55,7,1,0
BRDA:57,8,0,0
BRDA:57,8,1,0
BRDA:57,9,0,0
BRDA:57,9,1,0
BRDA:58,10,0,0
BRDA:58,10,1,0
BRDA:58,11,0,0
BRDA:58,11,1,0
BRDA:63,12,0,0
BRDA:63,12,1,0
BRDA:65,13,0,0
BRDA:65,13,1,0
BRDA:69,14,0,0
BRDA:69,14,1,0
BRDA:69,15,0,0
BRDA:69,15,1,0
BRDA:71,16,0,0
BRDA:71,16,1,0
BRDA:71,17,0,0
BRDA:71,17,1,0
BRDA:71,18,0,0
BRDA:71,18,1,0
BRF:38
BRH:0
end_of_record
TN:
SF:modules/farmer/pdf/pdfReceipt.js
FN:5,buildReceiptPdf
FN:51,(anonymous_1)
FN:63,(anonymous_2)
FN:76,(anonymous_3)
FNF:4
FNH:0
FNDA:0,buildReceiptPdf
FNDA:0,(anonymous_1)
FNDA:0,(anonymous_2)
FNDA:0,(anonymous_3)
DA:1,0
DA:2,0
DA:3,0
DA:6,0
DA:7,0
DA:8,0
DA:10,0
DA:11,0
DA:12,0
DA:13,0
DA:15,0
DA:16,0
DA:18,0
DA:19,0
DA:20,0
DA:21,0
DA:22,0
DA:23,0
DA:24,0
DA:26,0
DA:27,0
DA:28,0
DA:29,0
DA:30,0
DA:31,0
DA:32,0
DA:34,0
DA:35,0
DA:37,0
DA:38,0
DA:39,0
DA:40,0
DA:41,0
DA:43,0
DA:51,0
DA:52,0
DA:53,0
DA:56,0
DA:63,0
DA:64,0
DA:65,0
DA:68,0
DA:69,0
DA:70,0
DA:71,0
DA:73,0
DA:74,0
DA:75,0
DA:76,0
DA:77,0
DA:78,0
DA:88,0
DA:89,0
DA:90,0
DA:93,0
LF:55
LH:0
BRDA:22,0,0,0
BRDA:22,0,1,0
BRDA:23,1,0,0
BRDA:23,1,1,0
BRDA:24,2,0,0
BRDA:24,2,1,0
BRDA:29,3,0,0
BRDA:29,3,1,0
BRDA:30,4,0,0
BRDA:30,4,1,0
BRDA:31,5,0,0
BRDA:31,5,1,0
BRDA:44,6,0,0
BRDA:44,6,1,0
BRDA:46,7,0,0
BRDA:46,7,1,0
BRDA:48,8,0,0
BRDA:48,8,1,0
BRDA:49,9,0,0
BRDA:49,9,1,0
BRDA:53,10,0,0
BRDA:53,10,1,0
BRDA:53,11,0,0
BRDA:53,11,1,0
BRDA:53,12,0,0
BRDA:53,12,1,0
BRDA:57,13,0,0
BRDA:57,13,1,0
BRDA:58,14,0,0
BRDA:58,14,1,0
BRDA:59,15,0,0
BRDA:59,15,1,0
BRDA:60,16,0,0
BRDA:60,16,1,0
BRDA:61,17,0,0
BRDA:61,17,1,0
BRDA:65,18,0,0
BRDA:65,18,1,0
BRDA:80,19,0,0
BRDA:80,19,1,0
BRDA:81,20,0,0
BRDA:81,20,1,0
BRDA:82,21,0,0
BRDA:82,21,1,0
BRDA:83,22,0,0
BRDA:83,22,1,0
BRF:46
BRH:0
end_of_record
TN:
SF:modules/farmer/pdf/pdfStatement.js
FN:5,buildStatementPdf
FN:28,(anonymous_1)
FN:56,formatRs
FNF:3
FNH:0
FNDA:0,buildStatementPdf
FNDA:0,(anonymous_1)
FNDA:0,formatRs
DA:1,0
DA:2,0
DA:3,0
DA:6,0
DA:7,0
DA:8,0
DA:10,0
DA:13,0
DA:14,0
DA:17,0
DA:19,0
DA:20,0
DA:21,0
DA:27,0
DA:28,0
DA:29,0
DA:30,0
DA:31,0
DA:35,0
DA:36,0
DA:37,0
DA:38,0
DA:39,0
DA:40,0
DA:43,0
DA:44,0
DA:45,0
DA:46,0
DA:47,0
DA:48,0
DA:51,0
DA:52,0
DA:53,0
DA:57,0
DA:60,0
LF:35
LH:0
BRDA:22,0,0,0
BRDA:22,0,1,0
BRDA:23,1,0,0
BRDA:23,1,1,0
BRDA:24,2,0,0
BRDA:24,2,1,0
BRDA:25,3,0,0
BRDA:25,3,1,0
BRDA:38,4,0,0
BRDA:38,4,1,0
BRF:10
BRH:0
end_of_record
TN:
SF:modules/farmer/pdf/pdfStatementTables.js
FN:3,renderStatementBody
FN:8,(anonymous_1)
FN:19,(anonymous_2)
FN:37,(anonymous_3)
FN:59,drawClosingSummary
FN:75,(anonymous_5)
FN:83,drawPageFooters
FN:96,fmtRs
FNF:8
FNH:0
FNDA:0,renderStatementBody
FNDA:0,(anonymous_1)
FNDA:0,(anonymous_2)
FNDA:0,(anonymous_3)
FNDA:0,drawClosingSummary
FNDA:0,(anonymous_5)
FNDA:0,drawPageFooters
FNDA:0,fmtRs
DA:1,0
DA:4,0
DA:5,0
DA:6,0
DA:8,0
DA:10,0
DA:16,0
DA:17,0
DA:19,0
DA:20,0
DA:21,0
DA:23,0
DA:24,0
DA:25,0
DA:26,0
DA:29,0
DA:30,0
DA:31,0
DA:32,0
DA:33,0
DA:34,0
DA:37,0
DA:39,0
DA:53,0
DA:54,0
DA:55,0
DA:56,0
DA:60,0
DA:61,0
DA:64,0
DA:65,0
DA:66,0
DA:68,0
DA:75,0
DA:76,0
DA:77,0
DA:78,0
DA:79,0
DA:84,0
DA:85,0
DA:86,0
DA:87,0
DA:88,0
DA:89,0
DA:90,0
DA:91,0
DA:92,0
DA:97,0
DA:100,0
LF:49
LH:0
BRDA:19,0,0,0
BRDA:19,0,1,0
BRDA:24,1,0,0
BRDA:24,1,1,0
BRDA:25,2,0,0
BRDA:25,2,1,0
BRDA:26,3,0,0
BRDA:26,3,1,0
BRDA:30,4,0,0
BRDA:30,4,1,0
BRDA:32,5,0,0
BRDA:32,5,1,0
BRDA:33,6,0,0
BRDA:33,6,1,0
BRDA:34,7,0,0
BRDA:34,7,1,0
BRDA:41,8,0,0
BRDA:41,8,1,0
BRDA:41,9,0,0
BRDA:41,9,1,0
BRDA:42,10,0,0
BRDA:42,10,1,0
BRDA:42,10,2,0
BRDA:42,10,3,0
BRDA:42,10,4,0
BRDA:44,11,0,0
BRDA:44,11,1,0
BRDA:45,12,0,0
BRDA:45,12,1,0
BRDA:61,13,0,0
BRDA:61,13,1,0
BRDA:69,14,0,0
BRDA:69,14,1,0
BRDA:70,15,0,0
BRDA:70,15,1,0
BRDA:77,16,0,0
BRDA:77,16,1,0
BRF:37
BRH:0
end_of_record
TN:
SF:modules/farmer/pdf/pdfTable.js
FN:1,drawTable
FN:3,(anonymous_1)
FN:6,(anonymous_2)
FN:10,(anonymous_3)
FN:23,(anonymous_4)
FN:38,(anonymous_5)
FN:42,(anonymous_6)
FN:65,(anonymous_7)
FNF:8
FNH:0
FNDA:0,drawTable
FNDA:0,(anonymous_1)
FNDA:0,(anonymous_2)
FNDA:0,(anonymous_3)
FNDA:0,(anonymous_4)
FNDA:0,(anonymous_5)
FNDA:0,(anonymous_6)
FNDA:0,(anonymous_7)
DA:2,0
DA:3,0
DA:6,0
DA:8,0
DA:9,0
DA:10,0
DA:11,0
DA:12,0
DA:13,0
DA:15,0
DA:18,0
DA:19,0
DA:22,0
DA:23,0
DA:24,0
DA:25,0
DA:26,0
DA:27,0
DA:30,0
DA:34,0
DA:35,0
DA:38,0
DA:40,0
DA:41,0
DA:42,0
DA:43,0
DA:44,0
DA:45,0
DA:47,0
DA:50,0
DA:51,0
DA:52,0
DA:53,0
DA:54,0
DA:58,0
DA:59,0
DA:63,0
DA:64,0
DA:65,0
DA:66,0
DA:67,0
DA:68,0
DA:69,0
DA:72,0
DA:75,0
DA:78,0
LF:46
LH:0
BRDA:13,0,0,0
BRDA:13,0,1,0
BRDA:25,1,0,0
BRDA:25,1,1,0
BRDA:45,2,0,0
BRDA:45,2,1,0
BRDA:50,3,0,0
BRDA:50,3,1,0
BRDA:60,4,0,0
BRDA:60,4,1,0
BRDA:67,5,0,0
BRDA:67,5,1,0
BRF:12
BRH:0
end_of_record
TN:
SF:modules/farmer/repositories/createFarmerRecord.repository.js
FN:3,createFarmerRecord
FNF:1
FNH:0
FNDA:0,createFarmerRecord
DA:1,2
DA:4,0
DA:12,0
DA:15,2
LF:4
LH:2
BRF:0
BRH:0
end_of_record
TN:
SF:modules/farmer/repositories/getFarmerByPhone.repository.js
FN:3,getFarmerByPhone
FNF:1
FNH:0
FNDA:0,getFarmerByPhone
DA:1,2
DA:4,0
DA:5,0
DA:14,0
DA:17,2
LF:5
LH:2
BRF:0
BRH:0
end_of_record
TN:
SF:modules/farmer/repositories/getFarmerLedger.repository.js
FN:3,fetchLedgerComponents
FN:90,getFarmerLedger
FN:98,(anonymous_2)
FN:99,(anonymous_3)
FN:100,(anonymous_4)
FN:103,(anonymous_5)
FN:111,(anonymous_6)
FNF:7
FNH:7
FNDA:2,fetchLedgerComponents
FNDA:2,getFarmerLedger
FNDA:2,(anonymous_2)
FNDA:2,(anonymous_3)
FNDA:2,(anonymous_4)
FNDA:4,(anonymous_5)
FNDA:6,(anonymous_6)
DA:1,3
DA:4,2
DA:5,1
DA:17,1
DA:29,1
DA:46,1
DA:48,1
DA:59,1
DA:70,1
DA:86,1
DA:92,2
DA:93,2
DA:95,2
DA:97,2
DA:98,2
DA:99,2
DA:100,2
DA:103,4
DA:105,2
DA:106,2
DA:107,1
DA:108,1
DA:111,2
DA:112,6
DA:113,6
DA:119,2
DA:122,3
LF:27
LH:27
BRDA:4,0,0,1
BRDA:4,0,1,1
BRDA:106,1,0,1
BRDA:106,1,1,1
BRDA:108,2,0,1
BRDA:108,2,1,0
BRDA:108,3,0,1
BRDA:108,3,1,0
BRF:8
BRH:6
end_of_record
TN:
SF:modules/farmer/repositories/getFarmersData.repository.js
FN:3,getFarmersData
FNF:1
FNH:0
FNDA:0,getFarmersData
DA:1,2
DA:4,0
DA:18,0
DA:19,0
DA:21,0
DA:22,0
DA:23,0
DA:24,0
DA:26,0
DA:27,0
DA:28,0
DA:29,0
DA:32,0
DA:33,0
DA:36,2
LF:15
LH:2
BRDA:21,0,0,0
BRDA:21,0,1,0
BRDA:26,1,0,0
BRDA:26,1,1,0
BRF:4
BRH:0
end_of_record
TN:
SF:modules/mandi/mandi.controller.js
FN:3,getMandiPrices
FN:26,(anonymous_1)
FN:26,(anonymous_2)
FN:27,(anonymous_3)
FN:27,(anonymous_4)
FN:61,(anonymous_5)
FN:64,(anonymous_6)
FN:67,(anonymous_7)
FN:70,(anonymous_8)
FN:71,(anonymous_9)
FNF:10
FNH:0
FNDA:0,getMandiPrices
FNDA:0,(anonymous_1)
FNDA:0,(anonymous_2)
FNDA:0,(anonymous_3)
FNDA:0,(anonymous_4)
FNDA:0,(anonymous_5)
FNDA:0,(anonymous_6)
FNDA:0,(anonymous_7)
FNDA:0,(anonymous_8)
FNDA:0,(anonymous_9)
DA:1,0
DA:4,0
DA:5,0
DA:6,0
DA:7,0
DA:8,0
DA:10,0
DA:11,0
DA:12,0
DA:14,0
DA:16,0
DA:18,0
DA:19,0
DA:22,0
DA:23,0
DA:26,0
DA:27,0
DA:29,0
DA:31,0
DA:44,0
DA:46,0
DA:59,0
DA:60,0
DA:61,0
DA:63,0
DA:64,0
DA:66,0
DA:67,0
DA:70,0
DA:71,0
DA:73,0
DA:87,0
LF:32
LH:0
BRDA:6,0,0,0
BRDA:6,0,1,0
BRDA:7,1,0,0
BRDA:7,1,1,0
BRDA:8,2,0,0
BRDA:8,2,1,0
BRDA:10,3,0,0
BRDA:10,3,1,0
BRDA:11,4,0,0
BRDA:11,4,1,0
BRDA:14,5,0,0
BRDA:14,5,1,0
BRDA:18,6,0,0
BRDA:18,6,1,0
BRDA:22,7,0,0
BRDA:22,7,1,0
BRDA:60,8,0,0
BRDA:60,8,1,0
BRDA:60,9,0,0
BRDA:60,9,1,0
BRDA:63,10,0,0
BRDA:63,10,1,0
BRDA:63,11,0,0
BRDA:63,11,1,0
BRDA:66,12,0,0
BRDA:66,12,1,0
BRDA:66,13,0,0
BRDA:66,13,1,0
BRDA:70,14,0,0
BRDA:70,14,1,0
BRDA:71,15,0,0
BRDA:71,15,1,0
BRF:32
BRH:0
end_of_record
TN:
SF:modules/mandi/mandi.routes.js
FNF:0
FNH:0
DA:1,0
DA:2,0
DA:3,0
DA:5,0
DA:7,0
LF:5
LH:0
BRF:0
BRH:0
end_of_record
TN:
SF:modules/mandi/mandi.service.js
FN:7,getCacheKey
FN:11,fetchMandiPrices
FN:51,(anonymous_2)
FN:62,(anonymous_3)
FNF:4
FNH:0
FNDA:0,getCacheKey
FNDA:0,fetchMandiPrices
FNDA:0,(anonymous_2)
FNDA:0,(anonymous_3)
DA:1,0
DA:3,0
DA:4,0
DA:5,0
DA:8,0
DA:12,0
DA:13,0
DA:15,0
DA:16,0
DA:17,0
DA:20,0
DA:22,0
DA:28,0
DA:29,0
DA:32,0
DA:33,0
DA:36,0
DA:37,0
DA:40,0
DA:45,0
DA:46,0
DA:47,0
DA:48,0
DA:51,0
DA:62,0
DA:64,0
DA:65,0
DA:68,0
LF:28
LH:0
BRDA:3,0,0,0
BRDA:3,0,1,0
BRDA:8,1,0,0
BRDA:8,1,1,0
BRDA:8,2,0,0
BRDA:8,2,1,0
BRDA:8,3,0,0
BRDA:8,3,1,0
BRDA:15,4,0,0
BRDA:15,4,1,0
BRDA:15,5,0,0
BRDA:15,5,1,0
BRDA:28,6,0,0
BRDA:28,6,1,0
BRDA:28,7,0,0
BRDA:28,7,1,0
BRDA:32,8,0,0
BRDA:32,8,1,0
BRDA:32,9,0,0
BRDA:32,9,1,0
BRDA:36,10,0,0
BRDA:36,10,1,0
BRDA:36,11,0,0
BRDA:36,11,1,0
BRDA:46,12,0,0
BRDA:46,12,1,0
BRDA:46,13,0,0
BRDA:46,13,1,0
BRDA:52,14,0,0
BRDA:52,14,1,0
BRDA:52,14,2,0
BRDA:53,15,0,0
BRDA:53,15,1,0
BRDA:53,15,2,0
BRDA:54,16,0,0
BRDA:54,16,1,0
BRDA:54,16,2,0
BRDA:55,17,0,0
BRDA:55,17,1,0
BRDA:55,17,2,0
BRDA:55,17,3,0
BRDA:56,18,0,0
BRDA:56,18,1,0
BRDA:56,18,2,0
BRDA:56,18,3,0
BRDA:57,19,0,0
BRDA:57,19,1,0
BRDA:57,19,2,0
BRDA:57,19,3,0
BRDA:58,20,0,0
BRDA:58,20,1,0
BRDA:58,20,2,0
BRDA:59,21,0,0
BRDA:59,21,1,0
BRDA:59,21,2,0
BRDA:60,22,0,0
BRDA:60,22,1,0
BRDA:61,23,0,0
BRDA:61,23,1,0
BRDA:62,24,0,0
BRDA:62,24,1,0
BRF:61
BRH:0
end_of_record
TN:
SF:modules/notification/notification.controller.js
FN:3,getNotifications
FN:13,markAsRead
FN:24,registerPushToken
FN:34,cleanupNotifications
FNF:4
FNH:0
FNDA:0,getNotifications
FNDA:0,markAsRead
FNDA:0,registerPushToken
FNDA:0,cleanupNotifications
DA:1,0
DA:4,0
DA:5,0
DA:6,0
DA:8,0
DA:9,0
DA:14,0
DA:15,0
DA:16,0
DA:18,0
DA:19,0
DA:20,0
DA:25,0
DA:26,0
DA:27,0
DA:29,0
DA:30,0
DA:35,0
DA:36,0
DA:37,0
DA:39,0
DA:40,0
DA:44,0
LF:23
LH:0
BRDA:19,0,0,0
BRDA:19,0,1,0
BRDA:20,1,0,0
BRDA:20,1,1,0
BRF:4
BRH:0
end_of_record
TN:
SF:modules/notification/notification.repository.js
FN:4,getAppNotifications
FN:13,getPendingBills
FN:22,markNotificationAsRead
FN:30,insertNotificationLog
FN:44,insertAppNotification
FN:57,resolveFarmerId
FN:65,checkColdStorageExists
FN:70,getProcessedTransactionsSql
FN:78,checkPaymentExists
FN:83,getUnreadNotifications
FN:88,deleteNotification
FN:92,getBillingEntryDetails
FN:97,getFarmerColdStorageId
FN:102,upsertBillingNotification
FN:111,getNotificationUserId
FNF:15
FNH:0
FNDA:0,getAppNotifications
FNDA:0,getPendingBills
FNDA:0,markNotificationAsRead
FNDA:0,insertNotificationLog
FNDA:0,insertAppNotification
FNDA:0,resolveFarmerId
FNDA:0,checkColdStorageExists
FNDA:0,getProcessedTransactionsSql
FNDA:0,checkPaymentExists
FNDA:0,getUnreadNotifications
FNDA:0,deleteNotification
FNDA:0,getBillingEntryDetails
FNDA:0,getFarmerColdStorageId
FNDA:0,upsertBillingNotification
FNDA:0,getNotificationUserId
DA:1,0
DA:2,0
DA:5,0
DA:10,0
DA:14,0
DA:19,0
DA:23,0
DA:27,0
DA:31,0
DA:40,0
DA:41,0
DA:45,0
DA:53,0
DA:54,0
DA:58,0
DA:62,0
DA:66,0
DA:67,0
DA:71,0
DA:74,0
DA:75,0
DA:79,0
DA:80,0
DA:84,0
DA:85,0
DA:89,0
DA:93,0
DA:94,0
DA:98,0
DA:99,0
DA:103,0
DA:112,0
DA:113,0
DA:116,0
LF:34
LH:0
BRDA:62,0,0,0
BRDA:62,0,1,0
BRDA:71,1,0,0
BRDA:71,1,1,0
BRF:4
BRH:0
end_of_record
TN:
SF:modules/notification/notification.routes.js
FNF:0
FNH:0
DA:1,0
DA:2,0
DA:3,0
DA:4,0
DA:6,0
DA:7,0
DA:8,0
DA:9,0
DA:11,0
LF:9
LH:0
BRF:0
BRH:0
end_of_record
TN:
SF:modules/notification/notification.service.js
FN:7,computeTimeLabel
FN:20,getProcessedTransactions
FN:28,checkStale
FN:36,(anonymous_3)
FN:44,(anonymous_4)
FN:53,fetchNotifications
FN:103,(anonymous_6)
FN:109,cleanupStaleNotifications
FN:128,markNotificationRead
FN:160,registerUserPushToken
FNF:10
FNH:0
FNDA:0,computeTimeLabel
FNDA:0,getProcessedTransactions
FNDA:0,checkStale
FNDA:0,(anonymous_3)
FNDA:0,(anonymous_4)
FNDA:0,fetchNotifications
FNDA:0,(anonymous_6)
FNDA:0,cleanupStaleNotifications
FNDA:0,markNotificationRead
FNDA:0,registerUserPushToken
DA:1,0
DA:2,0
DA:8,0
DA:9,0
DA:10,0
DA:11,0
DA:12,0
DA:13,0
DA:14,0
DA:21,0
DA:22,0
DA:29,0
DA:30,0
DA:31,0
DA:32,0
DA:35,0
DA:36,0
DA:37,0
DA:38,0
DA:39,0
DA:40,0
DA:41,0
DA:42,0
DA:44,0
DA:46,0
DA:54,0
DA:55,0
DA:56,0
DA:57,0
DA:59,0
DA:60,0
DA:61,0
DA:62,0
DA:65,0
DA:66,0
DA:69,0
DA:82,0
DA:83,0
DA:85,0
DA:86,0
DA:87,0
DA:89,0
DA:90,0
DA:91,0
DA:103,0
DA:110,0
DA:111,0
DA:112,0
DA:114,0
DA:115,0
DA:116,0
DA:117,0
DA:121,0
DA:129,0
DA:130,0
DA:131,0
DA:133,0
DA:134,0
DA:135,0
DA:136,0
DA:138,0
DA:140,0
DA:143,0
DA:144,0
DA:146,0
DA:147,0
DA:148,0
DA:149,0
DA:152,0
DA:153,0
DA:154,0
DA:161,0
DA:162,0
DA:165,0
LF:74
LH:0
BRDA:10,0,0,0
BRDA:10,0,1,0
BRDA:11,1,0,0
BRDA:11,1,1,0
BRDA:13,2,0,0
BRDA:13,2,1,0
BRDA:29,3,0,0
BRDA:29,3,1,0
BRDA:37,4,0,0
BRDA:37,4,1,0
BRDA:37,5,0,0
BRDA:37,5,1,0
BRDA:40,6,0,0
BRDA:40,6,1,0
BRDA:60,7,0,0
BRDA:60,7,1,0
BRDA:65,8,0,0
BRDA:65,8,1,0
BRDA:87,9,0,0
BRDA:87,9,1,0
BRDA:89,10,0,0
BRDA:89,10,1,0
BRDA:90,11,0,0
BRDA:90,11,1,0
BRDA:94,12,0,0
BRDA:94,12,1,0
BRDA:115,13,0,0
BRDA:115,13,1,0
BRDA:129,14,0,0
BRDA:129,14,1,0
BRDA:133,15,0,0
BRDA:133,15,1,0
BRDA:135,16,0,0
BRDA:135,16,1,0
BRDA:136,17,0,0
BRDA:136,17,1,0
BRDA:144,18,0,0
BRDA:144,18,1,0
BRDA:147,19,0,0
BRDA:147,19,1,0
BRDA:153,20,0,0
BRDA:153,20,1,0
BRF:42
BRH:0
end_of_record
TN:
SF:modules/notification/notification.validator.js
FN:5,validateGetNotifications
FN:13,validateRegisterPushToken
FNF:2
FNH:0
FNDA:0,validateGetNotifications
FNDA:0,validateRegisterPushToken
DA:6,0
DA:7,0
DA:8,0
DA:10,0
DA:14,0
DA:15,0
DA:16,0
DA:21,0
DA:24,0
LF:9
LH:0
BRDA:7,0,0,0
BRDA:7,0,1,0
BRDA:15,1,0,0
BRDA:15,1,1,0
BRDA:15,2,0,0
BRDA:15,2,1,0
BRF:6
BRH:0
end_of_record
TN:
SF:modules/notification/repositories/userSync.repository.js
FN:4,getUserForFarmer
FN:9,getFarmerDetails
FN:17,insertShadowUser
FN:31,upsertUserPushToken
FNF:4
FNH:0
FNDA:0,getUserForFarmer
FNDA:0,getFarmerDetails
FNDA:0,insertShadowUser
FNDA:0,upsertUserPushToken
DA:1,0
DA:2,0
DA:5,0
DA:6,0
DA:10,0
DA:14,0
DA:18,0
DA:32,0
DA:33,0
DA:34,0
DA:36,0
DA:37,0
DA:38,0
DA:39,0
DA:40,0
DA:42,0
DA:43,0
DA:44,0
DA:45,0
DA:46,0
DA:50,0
DA:51,0
DA:54,0
DA:68,0
LF:24
LH:0
BRDA:37,0,0,0
BRDA:37,0,1,0
BRDA:39,1,0,0
BRDA:39,1,1,0
BRDA:43,2,0,0
BRDA:43,2,1,0
BRDA:45,3,0,0
BRDA:45,3,1,0
BRDA:50,4,0,0
BRDA:50,4,1,0
BRF:10
BRH:0
end_of_record
TN:
SF:modules/payment/payment.approve.controller.js
FN:4,getPaymentDetails
FN:28,approvePayment
FNF:2
FNH:0
FNDA:0,getPaymentDetails
FNDA:0,approvePayment
DA:1,0
DA:2,0
DA:5,0
DA:6,0
DA:7,0
DA:8,0
DA:9,0
DA:11,0
DA:13,0
DA:23,0
DA:24,0
DA:29,0
DA:30,0
DA:32,0
DA:33,0
DA:35,0
DA:36,0
DA:39,0
DA:42,0
DA:49,0
DA:51,0
DA:52,0
DA:56,0
LF:23
LH:0
BRDA:8,0,0,0
BRDA:8,0,1,0
BRDA:19,1,0,0
BRDA:19,1,1,0
BRDA:35,2,0,0
BRDA:35,2,1,0
BRDA:36,3,0,0
BRDA:36,3,1,0
BRF:8
BRH:0
end_of_record
TN:
SF:modules/payment/payment.constants.js
FNF:0
FNH:0
DA:5,1
LF:1
LH:1
BRF:0
BRH:0
end_of_record
TN:
SF:modules/payment/payment.create.controller.js
FN:5,createOrder
FNF:1
FNH:1
FNDA:2,createOrder
DA:1,1
DA:2,1
DA:3,1
DA:6,2
DA:7,2
DA:9,2
DA:10,2
DA:11,2
DA:12,2
DA:13,2
DA:14,2
DA:15,2
DA:16,2
DA:17,2
DA:19,2
DA:20,2
DA:21,2
DA:22,2
DA:25,2
DA:28,0
DA:31,2
DA:32,0
DA:35,2
DA:36,2
DA:37,2
DA:38,0
DA:39,0
DA:43,2
DA:44,2
DA:45,2
DA:46,1
DA:47,1
DA:50,2
DA:51,0
DA:54,2
DA:55,2
DA:57,2
DA:58,2
DA:59,2
DA:62,2
DA:66,2
DA:67,2
DA:68,2
DA:69,2
DA:71,0
DA:72,0
DA:73,0
DA:75,0
DA:76,0
DA:88,0
DA:90,0
DA:91,0
DA:92,0
DA:93,0
DA:98,2
DA:106,2
DA:115,0
DA:116,0
DA:120,1
LF:59
LH:42
BRDA:15,0,0,2
BRDA:15,0,1,0
BRDA:16,1,0,2
BRDA:16,1,1,0
BRDA:19,2,0,2
BRDA:19,2,1,0
BRDA:21,3,0,2
BRDA:21,3,1,0
BRDA:21,4,0,2
BRDA:21,4,1,2
BRDA:31,5,0,0
BRDA:31,5,1,2
BRDA:35,6,0,2
BRDA:35,6,1,0
BRDA:37,7,0,0
BRDA:37,7,1,2
BRDA:45,8,0,1
BRDA:45,8,1,1
BRDA:50,9,0,0
BRDA:50,9,1,2
BRDA:57,10,0,2
BRDA:57,10,1,0
BRDA:58,11,0,2
BRDA:58,11,1,0
BRDA:58,12,0,2
BRDA:58,12,1,0
BRDA:59,13,0,2
BRDA:59,13,1,2
BRDA:66,14,0,2
BRDA:66,14,1,0
BRDA:88,15,0,0
BRDA:88,15,1,0
BRDA:116,16,0,0
BRDA:116,16,1,0
BRF:34
BRH:18
end_of_record
TN:
SF:modules/payment/payment.helpers.js
FN:5,extractBankNameAndTransactionId
FNF:1
FNH:0
FNDA:0,extractBankNameAndTransactionId
DA:6,0
DA:7,0
DA:9,0
DA:10,0
DA:13,0
DA:15,0
DA:16,0
DA:17,0
DA:29,0
DA:30,0
DA:31,0
DA:32,0
DA:33,0
DA:34,0
DA:35,0
DA:36,0
DA:37,0
DA:38,0
DA:39,0
DA:40,0
DA:43,0
DA:46,1
LF:22
LH:1
BRDA:9,0,0,0
BRDA:9,0,1,0
BRDA:10,1,0,0
BRDA:10,1,1,0
BRDA:10,1,2,0
BRDA:13,2,0,0
BRDA:13,2,1,0
BRDA:15,3,0,0
BRDA:15,3,1,0
BRDA:15,4,0,0
BRDA:15,4,1,0
BRDA:29,5,0,0
BRDA:29,5,1,0
BRDA:30,6,0,0
BRDA:30,6,1,0
BRDA:30,7,0,0
BRDA:30,7,1,0
BRDA:31,8,0,0
BRDA:31,8,1,0
BRDA:32,9,0,0
BRDA:32,9,1,0
BRDA:32,10,0,0
BRDA:32,10,1,0
BRDA:34,11,0,0
BRDA:34,11,1,0
BRDA:34,12,0,0
BRDA:34,12,1,0
BRDA:35,13,0,0
BRDA:35,13,1,0
BRDA:35,14,0,0
BRDA:35,14,1,0
BRDA:36,15,0,0
BRDA:36,15,1,0
BRDA:36,16,0,0
BRDA:36,16,1,0
BRDA:37,17,0,0
BRDA:37,17,1,0
BRDA:37,18,0,0
BRDA:37,18,1,0
BRDA:38,19,0,0
BRDA:38,19,1,0
BRDA:38,20,0,0
BRDA:38,20,1,0
BRDA:39,21,0,0
BRDA:39,21,1,0
BRDA:40,22,0,0
BRDA:40,22,1,0
BRDA:40,23,0,0
BRDA:40,23,1,0
BRF:49
BRH:0
end_of_record
TN:
SF:modules/payment/payment.manual.controller.js
FN:9,initiatePayment
FN:35,verifyManualPayment
FNF:2
FNH:1
FNDA:0,initiatePayment
FNDA:1,verifyManualPayment
DA:1,1
DA:2,1
DA:3,1
DA:4,1
DA:5,1
DA:6,1
DA:7,1
DA:10,0
DA:11,0
DA:13,0
DA:14,0
DA:15,0
DA:16,0
DA:19,0
DA:20,0
DA:21,0
DA:22,0
DA:24,0
DA:26,0
DA:28,0
DA:30,0
DA:31,0
DA:36,1
DA:37,1
DA:39,1
DA:40,0
DA:43,1
DA:44,1
DA:45,1
DA:46,1
DA:47,1
DA:48,1
DA:49,1
DA:50,1
DA:51,1
DA:52,1
DA:53,1
DA:54,1
DA:55,1
DA:56,1
DA:57,1
DA:58,1
DA:59,1
DA:62,0
DA:66,1
DA:67,1
DA:68,0
DA:69,0
DA:70,0
DA:77,0
DA:80,1
DA:82,1
DA:86,1
DA:87,0
DA:88,0
DA:94,0
DA:96,0
DA:99,1
DA:100,1
DA:101,1
DA:103,1
DA:110,1
DA:112,0
DA:113,0
DA:117,1
LF:65
LH:38
BRDA:15,0,0,0
BRDA:15,0,1,0
BRDA:20,1,0,0
BRDA:20,1,1,0
BRDA:21,2,0,0
BRDA:21,2,1,0
BRDA:26,3,0,0
BRDA:26,3,1,0
BRDA:31,4,0,0
BRDA:31,4,1,0
BRDA:39,5,0,0
BRDA:39,5,1,1
BRDA:39,6,0,1
BRDA:39,6,1,1
BRDA:45,7,0,1
BRDA:45,7,1,0
BRDA:45,8,0,1
BRDA:45,8,1,1
BRDA:48,9,0,0
BRDA:48,9,1,1
BRDA:50,10,0,1
BRDA:50,10,1,0
BRDA:50,11,0,1
BRDA:50,11,1,1
BRDA:52,12,0,0
BRDA:52,12,1,1
BRDA:52,13,0,1
BRDA:52,13,1,1
BRDA:53,14,0,0
BRDA:53,14,1,1
BRDA:54,15,0,0
BRDA:54,15,1,1
BRDA:67,16,0,0
BRDA:67,16,1,1
BRDA:69,17,0,0
BRDA:69,17,1,0
BRDA:80,18,0,1
BRDA:80,18,1,0
BRDA:86,19,0,0
BRDA:86,19,1,1
BRDA:87,20,0,0
BRDA:87,20,1,0
BRDA:96,21,0,0
BRDA:96,21,1,0
BRDA:101,22,0,0
BRDA:101,22,1,1
BRDA:113,23,0,0
BRDA:113,23,1,0
BRF:48
BRH:19
end_of_record
TN:
SF:modules/payment/payment.reject.controller.js
FN:4,rejectPayment
FNF:1
FNH:0
FNDA:0,rejectPayment
DA:1,0
DA:2,0
DA:5,0
DA:6,0
DA:7,0
DA:9,0
DA:10,0
DA:13,0
DA:14,0
DA:15,0
DA:16,0
DA:18,0
DA:19,0
DA:22,0
DA:25,0
DA:30,0
DA:33,0
DA:40,0
DA:42,0
DA:43,0
DA:44,0
DA:46,0
DA:50,0
LF:23
LH:0
BRDA:14,0,0,0
BRDA:14,0,1,0
BRF:2
BRH:0
end_of_record
TN:
SF:modules/payment/payment.repository.js
FN:4,getFarmerPendingRent
FN:14,createPendingPayment
FN:35,updatePaymentStatus
FN:129,getPaymentDetailsWithFarmerInfo
FN:143,getPaymentById
FN:148,initiateManualPayment
FN:159,verifyManualPaymentTx
FN:196,approvePaymentTx
FNF:8
FNH:1
FNDA:0,getFarmerPendingRent
FNDA:0,createPendingPayment
FNDA:0,updatePaymentStatus
FNDA:0,getPaymentDetailsWithFarmerInfo
FNDA:0,getPaymentById
FNDA:0,initiateManualPayment
FNDA:1,verifyManualPaymentTx
FNDA:0,approvePaymentTx
DA:1,1
DA:2,1
DA:5,0
DA:11,0
DA:15,0
DA:16,0
DA:18,0
DA:36,0
DA:37,0
DA:38,0
DA:41,0
DA:42,0
DA:43,0
DA:44,0
DA:47,0
DA:48,0
DA:50,0
DA:51,0
DA:52,0
DA:54,0
DA:55,0
DA:56,0
DA:57,0
DA:58,0
DA:59,0
DA:60,0
DA:61,0
DA:62,0
DA:63,0
DA:67,0
DA:72,0
DA:84,0
DA:85,0
DA:86,0
DA:88,0
DA:90,0
DA:98,0
DA:99,0
DA:100,0
DA:101,0
DA:102,0
DA:104,0
DA:105,0
DA:106,0
DA:108,0
DA:115,0
DA:120,0
DA:122,0
DA:123,0
DA:125,0
DA:130,0
DA:131,0
DA:132,0
DA:134,0
DA:135,0
DA:137,0
DA:138,0
DA:140,0
DA:144,0
DA:145,0
DA:149,0
DA:156,0
DA:160,1
DA:161,1
DA:162,1
DA:164,1
DA:165,1
DA:166,0
DA:167,0
DA:169,1
DA:171,1
DA:175,1
DA:176,0
DA:177,0
DA:180,1
DA:186,1
DA:187,1
DA:189,0
DA:190,0
DA:192,1
DA:197,0
DA:198,0
DA:199,0
DA:201,0
DA:202,0
DA:203,0
DA:204,0
DA:206,0
DA:208,0
DA:215,0
DA:216,0
DA:222,0
DA:223,0
DA:224,0
DA:225,0
DA:227,0
DA:228,0
DA:232,0
DA:234,0
DA:238,0
DA:242,0
DA:247,0
DA:248,0
DA:250,0
DA:251,0
DA:253,0
DA:257,1
LF:107
LH:15
BRDA:11,0,0,0
BRDA:11,0,1,0
BRDA:15,1,0,0
BRDA:15,1,1,0
BRDA:27,2,0,0
BRDA:27,2,1,0
BRDA:28,3,0,0
BRDA:28,3,1,0
BRDA:35,4,0,0
BRDA:42,5,0,0
BRDA:42,5,1,0
BRDA:54,6,0,0
BRDA:54,6,1,0
BRDA:54,7,0,0
BRDA:54,7,1,0
BRDA:58,8,0,0
BRDA:58,8,1,0
BRDA:62,9,0,0
BRDA:62,9,1,0
BRDA:84,10,0,0
BRDA:84,10,1,0
BRDA:84,11,0,0
BRDA:84,11,1,0
BRDA:88,12,0,0
BRDA:88,12,1,0
BRDA:100,13,0,0
BRDA:100,13,1,0
BRDA:102,14,0,0
BRDA:102,14,1,0
BRDA:131,15,0,0
BRDA:131,15,1,0
BRDA:135,16,0,0
BRDA:135,16,1,0
BRDA:138,17,0,0
BRDA:138,17,1,0
BRDA:145,18,0,0
BRDA:145,18,1,0
BRDA:165,19,0,0
BRDA:165,19,1,1
BRDA:175,20,0,0
BRDA:175,20,1,1
BRDA:202,21,0,0
BRDA:202,21,1,0
BRDA:223,22,0,0
BRDA:223,22,1,0
BRDA:225,23,0,0
BRDA:225,23,1,0
BRDA:227,24,0,0
BRDA:227,24,1,0
BRF:49
BRH:2
end_of_record
TN:
SF:modules/payment/payment.routes.js
FNF:0
FNH:0
DA:1,0
DA:2,0
DA:4,0
DA:5,0
DA:6,0
DA:7,0
DA:8,0
DA:9,0
DA:10,0
DA:11,0
DA:14,0
DA:15,0
DA:16,0
DA:19,0
DA:20,0
DA:21,0
DA:22,0
DA:25,0
DA:26,0
DA:28,0
LF:20
LH:0
BRF:0
BRH:0
end_of_record
TN:
SF:modules/payment/payment.validator.js
FN:6,validateCreateOrder
FN:17,validateInitiatePayment
FN:28,validateGetPaymentDetails
FNF:3
FNH:0
FNDA:0,validateCreateOrder
FNDA:0,validateInitiatePayment
FNDA:0,validateGetPaymentDetails
DA:7,0
DA:8,0
DA:9,0
DA:14,0
DA:18,0
DA:19,0
DA:20,0
DA:25,0
DA:29,0
DA:30,0
DA:31,0
DA:36,0
DA:39,0
LF:13
LH:0
BRDA:8,0,0,0
BRDA:8,0,1,0
BRDA:19,1,0,0
BRDA:19,1,1,0
BRDA:19,2,0,0
BRDA:19,2,1,0
BRDA:30,3,0,0
BRDA:30,3,1,0
BRF:8
BRH:0
end_of_record
TN:
SF:modules/payment/payment.verify.controller.js
FN:6,verifyPayment
FNF:1
FNH:0
FNDA:0,verifyPayment
DA:1,0
DA:2,0
DA:3,0
DA:4,0
DA:7,0
DA:8,0
DA:11,0
DA:12,0
DA:15,0
DA:16,0
DA:17,0
DA:20,0
DA:21,0
DA:23,0
DA:24,0
DA:25,0
DA:26,0
DA:29,0
DA:30,0
DA:32,0
DA:33,0
DA:34,0
DA:35,0
DA:45,0
DA:48,0
DA:50,0
DA:51,0
DA:55,0
LF:28
LH:0
BRDA:11,0,0,0
BRDA:11,0,1,0
BRDA:11,1,0,0
BRDA:11,1,1,0
BRDA:15,2,0,0
BRDA:15,2,1,0
BRDA:15,3,0,0
BRDA:15,3,1,0
BRDA:23,4,0,0
BRDA:23,4,1,0
BRDA:34,5,0,0
BRDA:34,5,1,0
BRDA:51,6,0,0
BRDA:51,6,1,0
BRF:14
BRH:0
end_of_record
TN:
SF:modules/payment/payment.views.controller.js
FN:5,escapeHTML
FN:7,(anonymous_1)
FN:19,renderMockCheckout
FN:51,renderSuccessPage
FNF:4
FNH:4
FNDA:5,escapeHTML
FNDA:17,(anonymous_1)
FNDA:1,renderMockCheckout
FNDA:1,renderSuccessPage
DA:1,1
DA:2,1
DA:3,1
DA:6,5
DA:7,5
DA:8,17
DA:9,1
DA:10,5
DA:11,5
DA:12,5
DA:13,1
DA:14,0
DA:20,1
DA:22,1
DA:23,1
DA:24,1
DA:25,1
DA:26,1
DA:29,0
DA:32,1
DA:33,1
DA:34,1
DA:36,1
DA:37,1
DA:39,1
DA:40,1
DA:41,1
DA:42,1
DA:44,1
DA:46,0
DA:47,0
DA:52,1
DA:59,1
DA:61,1
DA:62,1
DA:63,1
DA:65,1
DA:66,1
DA:67,1
DA:68,1
DA:70,0
DA:74,1
DA:75,1
DA:76,1
DA:78,1
DA:79,1
DA:81,1
DA:82,1
DA:83,1
DA:85,1
DA:87,0
DA:88,0
DA:92,1
LF:53
LH:46
BRDA:6,0,0,0
BRDA:6,0,1,5
BRDA:6,1,0,5
BRDA:6,1,1,5
BRDA:8,2,0,1
BRDA:8,2,1,5
BRDA:8,2,2,5
BRDA:8,2,3,5
BRDA:8,2,4,1
BRDA:8,2,5,0
BRDA:25,3,0,1
BRDA:25,3,1,0
BRDA:61,4,0,1
BRDA:61,4,1,0
BRDA:61,4,2,0
BRDA:62,5,0,1
BRDA:62,5,1,0
BRDA:63,6,0,1
BRDA:63,6,1,1
BRDA:63,6,2,1
BRDA:65,7,0,1
BRDA:65,7,1,0
BRDA:65,8,0,1
BRDA:65,8,1,1
BRDA:82,9,0,1
BRDA:82,9,1,0
BRDA:83,10,0,1
BRDA:83,10,1,0
BRF:28
BRH:19
end_of_record
TN:
SF:modules/payment/payment.webhook.controller.js
FN:4,handleWebhook
FNF:1
FNH:0
FNDA:0,handleWebhook
DA:1,0
DA:2,0
DA:5,0
DA:7,0
DA:8,0
DA:9,0
DA:11,0
DA:12,0
DA:15,0
DA:16,0
DA:17,0
DA:18,0
DA:19,0
DA:21,0
DA:22,0
DA:24,0
DA:25,0
DA:26,0
DA:28,0
DA:29,0
DA:33,0
DA:35,0
DA:36,0
DA:40,0
LF:24
LH:0
BRDA:11,0,0,0
BRDA:11,0,1,0
BRDA:16,1,0,0
BRDA:16,1,1,0
BRDA:16,2,0,0
BRDA:16,2,1,0
BRDA:21,3,0,0
BRDA:21,3,1,0
BRDA:24,4,0,0
BRDA:24,4,1,0
BRDA:28,5,0,0
BRDA:28,5,1,0
BRF:12
BRH:0
end_of_record
TN:
SF:modules/payment/razorpay.service.js
FN:23,isMockMode
FN:30,createOrder
FN:44,createPaymentLink
FN:66,verifySignature
FN:82,verifyWebhookSignature
FN:96,fetchPaymentDetails
FNF:6
FNH:0
FNDA:0,isMockMode
FNDA:0,createOrder
FNDA:0,createPaymentLink
FNDA:0,verifySignature
FNDA:0,verifyWebhookSignature
FNDA:0,fetchPaymentDetails
DA:1,0
DA:2,0
DA:5,0
DA:6,0
DA:7,0
DA:9,0
DA:10,0
DA:11,0
DA:16,0
DA:24,0
DA:31,0
DA:32,0
DA:34,0
DA:45,0
DA:46,0
DA:48,0
DA:67,0
DA:68,0
DA:70,0
DA:71,0
DA:73,0
DA:74,0
DA:75,0
DA:76,0
DA:83,0
DA:84,0
DA:86,0
DA:87,0
DA:89,0
DA:93,0
DA:97,0
DA:98,0
DA:108,0
DA:111,0
LF:34
LH:0
BRDA:5,0,0,0
BRDA:5,0,1,0
BRDA:6,1,0,0
BRDA:6,1,1,0
BRDA:7,2,0,0
BRDA:7,2,1,0
BRDA:24,3,0,0
BRDA:24,3,1,0
BRDA:31,4,0,0
BRDA:31,4,1,0
BRDA:45,5,0,0
BRDA:45,5,1,0
BRDA:67,6,0,0
BRDA:67,6,1,0
BRDA:67,7,0,0
BRDA:67,7,1,0
BRDA:70,8,0,0
BRDA:70,8,1,0
BRDA:83,9,0,0
BRDA:83,9,1,0
BRDA:83,10,0,0
BRDA:83,10,1,0
BRDA:86,11,0,0
BRDA:86,11,1,0
BRDA:97,12,0,0
BRDA:97,12,1,0
BRDA:97,13,0,0
BRDA:97,13,1,0
BRDA:97,13,2,0
BRDA:99,14,0,0
BRDA:99,14,1,0
BRF:31
BRH:0
end_of_record
TN:
SF:modules/storage/storage.controller.js
FN:3,getColdStorages
FN:13,registerColdStorage
FN:25,getSummary
FNF:3
FNH:0
FNDA:0,getColdStorages
FNDA:0,registerColdStorage
FNDA:0,getSummary
DA:1,0
DA:4,0
DA:5,0
DA:6,0
DA:8,0
DA:9,0
DA:14,0
DA:15,0
DA:16,0
DA:18,0
DA:19,0
DA:21,0
DA:26,0
DA:27,0
DA:28,0
DA:29,0
DA:31,0
DA:33,0
DA:37,0
LF:19
LH:0
BRDA:18,0,0,0
BRDA:18,0,1,0
BRDA:21,1,0,0
BRDA:21,1,1,0
BRDA:28,2,0,0
BRDA:28,2,1,0
BRF:6
BRH:0
end_of_record
TN:
SF:modules/storage/storage.repository.js
FN:3,getColdStorages
FN:8,createColdStorage
FN:20,getStorageSummaryData
FNF:3
FNH:0
FNDA:0,getColdStorages
FNDA:0,createColdStorage
FNDA:0,getStorageSummaryData
DA:1,0
DA:4,0
DA:5,0
DA:9,0
DA:17,0
DA:21,0
DA:22,0
DA:23,0
DA:25,0
DA:26,0
DA:28,0
DA:29,0
DA:31,0
DA:32,0
DA:34,0
DA:36,0
DA:39,0
LF:17
LH:0
BRDA:22,0,0,0
BRDA:22,0,1,0
BRF:2
BRH:0
end_of_record
TN:
SF:modules/storage/storage.routes.js
FNF:0
FNH:0
DA:1,0
DA:2,0
DA:3,0
DA:4,0
DA:6,0
DA:7,0
DA:8,0
DA:10,0
LF:8
LH:0
BRF:0
BRH:0
end_of_record
TN:
SF:modules/storage/storage.service.js
FN:8,fetchColdStorages
FN:16,registerNewColdStorage
FN:47,fetchStorageSummary
FN:75,(anonymous_3)
FNF:4
FNH:0
FNDA:0,fetchColdStorages
FNDA:0,registerNewColdStorage
FNDA:0,fetchStorageSummary
FNDA:0,(anonymous_3)
DA:1,0
DA:2,0
DA:3,0
DA:9,0
DA:17,0
DA:19,0
DA:20,0
DA:21,0
DA:22,0
DA:23,0
DA:24,0
DA:25,0
DA:27,0
DA:35,0
DA:37,0
DA:48,0
DA:49,0
DA:51,0
DA:53,0
DA:55,0
DA:76,0
DA:77,0
DA:87,0
LF:23
LH:0
BRDA:19,0,0,0
BRDA:19,0,1,0
BRDA:20,1,0,0
BRDA:20,1,1,0
BRDA:21,2,0,0
BRDA:21,2,1,0
BRDA:22,3,0,0
BRDA:22,3,1,0
BRDA:25,4,0,0
BRDA:25,4,1,0
BRDA:28,5,0,0
BRDA:28,5,1,0
BRDA:29,6,0,0
BRDA:29,6,1,0
BRDA:48,7,0,0
BRDA:48,7,1,0
BRDA:51,8,0,0
BRDA:51,8,1,0
BRDA:62,9,0,0
BRDA:62,9,1,0
BRDA:63,10,0,0
BRDA:63,10,1,0
BRDA:64,11,0,0
BRDA:64,11,1,0
BRDA:65,12,0,0
BRDA:65,12,1,0
BRDA:68,13,0,0
BRDA:68,13,1,0
BRDA:69,14,0,0
BRDA:69,14,1,0
BRDA:72,15,0,0
BRDA:72,15,1,0
BRDA:73,16,0,0
BRDA:73,16,1,0
BRDA:76,17,0,0
BRDA:76,17,1,0
BRDA:78,18,0,0
BRDA:78,18,1,0
BRDA:79,19,0,0
BRDA:79,19,1,0
BRDA:79,20,0,0
BRDA:79,20,1,0
BRDA:80,21,0,0
BRDA:80,21,1,0
BRDA:81,22,0,0
BRDA:81,22,1,0
BRF:46
BRH:0
end_of_record
TN:
SF:modules/storage/storage.validator.js
FN:5,validateRegisterColdStorage
FNF:1
FNH:0
FNDA:0,validateRegisterColdStorage
DA:6,0
DA:7,0
DA:8,0
DA:13,0
DA:16,0
LF:5
LH:0
BRDA:7,0,0,0
BRDA:7,0,1,0
BRDA:7,1,0,0
BRDA:7,1,1,0
BRF:4
BRH:0
end_of_record
TN:
SF:modules/support/chat.controller.js
FN:13,startChat
FN:57,sendChatMessage
FN:109,getChatMessages
FN:115,(anonymous_3)
FN:163,closeChatSession
FN:183,getActiveChatSession
FN:191,(anonymous_6)
FN:221,submitChatFeedback
FNF:8
FNH:0
FNDA:0,startChat
FNDA:0,sendChatMessage
FNDA:0,getChatMessages
FNDA:0,(anonymous_3)
FNDA:0,closeChatSession
FNDA:0,getActiveChatSession
FNDA:0,(anonymous_6)
FNDA:0,submitChatFeedback
DA:1,0
DA:2,0
DA:3,0
DA:4,0
DA:7,0
DA:14,0
DA:15,0
DA:18,0
DA:19,0
DA:20,0
DA:21,0
DA:23,0
DA:24,0
DA:30,0
DA:40,0
DA:46,0
DA:47,0
DA:58,0
DA:59,0
DA:60,0
DA:62,0
DA:65,0
DA:66,0
DA:67,0
DA:68,0
DA:71,0
DA:72,0
DA:73,0
DA:75,0
DA:79,0
DA:81,0
DA:82,0
DA:83,0
DA:86,0
DA:87,0
DA:91,0
DA:93,0
DA:98,0
DA:99,0
DA:110,0
DA:111,0
DA:113,0
DA:115,0
DA:124,0
DA:125,0
DA:126,0
DA:127,0
DA:128,0
DA:129,0
DA:130,0
DA:131,0
DA:132,0
DA:133,0
DA:134,0
DA:141,0
DA:146,0
DA:152,0
DA:153,0
DA:164,0
DA:165,0
DA:166,0
DA:167,0
DA:172,0
DA:173,0
DA:184,0
DA:185,0
DA:186,0
DA:187,0
DA:190,0
DA:191,0
DA:192,0
DA:196,0
DA:197,0
DA:205,0
DA:210,0
DA:211,0
DA:222,0
DA:223,0
DA:224,0
DA:225,0
DA:226,0
DA:229,0
DA:230,0
DA:232,0
DA:237,0
DA:238,0
DA:245,0
LF:87
LH:0
BRDA:23,0,0,0
BRDA:23,0,1,0
BRDA:23,1,0,0
BRDA:23,1,1,0
BRDA:23,1,2,0
BRDA:23,1,3,0
BRDA:31,2,0,0
BRDA:31,2,1,0
BRDA:32,3,0,0
BRDA:32,3,1,0
BRDA:34,4,0,0
BRDA:34,4,1,0
BRDA:34,5,0,0
BRDA:34,5,1,0
BRDA:35,6,0,0
BRDA:35,6,1,0
BRDA:35,7,0,0
BRDA:35,7,1,0
BRDA:35,8,0,0
BRDA:35,8,1,0
BRDA:42,9,0,0
BRDA:42,9,1,0
BRDA:49,10,0,0
BRDA:49,10,1,0
BRDA:62,11,0,0
BRDA:62,11,1,0
BRDA:65,12,0,0
BRDA:65,12,1,0
BRDA:65,13,0,0
BRDA:65,13,1,0
BRDA:67,14,0,0
BRDA:67,14,1,0
BRDA:71,15,0,0
BRDA:71,15,1,0
BRDA:75,16,0,0
BRDA:75,16,1,0
BRDA:83,17,0,0
BRDA:83,17,1,0
BRDA:86,18,0,0
BRDA:86,18,1,0
BRDA:86,19,0,0
BRDA:86,19,1,0
BRDA:91,20,0,0
BRDA:91,20,1,0
BRDA:101,21,0,0
BRDA:101,21,1,0
BRDA:119,22,0,0
BRDA:119,22,1,0
BRDA:119,23,0,0
BRDA:119,23,1,0
BRDA:124,24,0,0
BRDA:124,24,1,0
BRDA:124,25,0,0
BRDA:124,25,1,0
BRDA:124,25,2,0
BRDA:127,26,0,0
BRDA:127,26,1,0
BRDA:131,27,0,0
BRDA:131,27,1,0
BRDA:133,28,0,0
BRDA:133,28,1,0
BRDA:155,29,0,0
BRDA:155,29,1,0
BRDA:175,30,0,0
BRDA:175,30,1,0
BRDA:186,31,0,0
BRDA:186,31,1,0
BRDA:192,32,0,0
BRDA:192,32,1,0
BRDA:196,33,0,0
BRDA:196,33,1,0
BRDA:213,34,0,0
BRDA:213,34,1,0
BRDA:225,35,0,0
BRDA:225,35,1,0
BRDA:230,36,0,0
BRDA:230,36,1,0
BRDA:240,37,0,0
BRDA:240,37,1,0
BRF:79
BRH:0
end_of_record
TN:
SF:modules/support/support.controller.js
FN:3,createSupportTicket
FN:33,getTickets
FN:50,getConversations
FNF:3
FNH:0
FNDA:0,createSupportTicket
FNDA:0,getTickets
FNDA:0,getConversations
DA:1,0
DA:4,0
DA:5,0
DA:7,0
DA:18,0
DA:25,0
DA:26,0
DA:34,0
DA:35,0
DA:36,0
DA:37,0
DA:42,0
DA:43,0
DA:51,0
DA:52,0
DA:53,0
DA:54,0
DA:60,0
DA:61,0
DA:66,0
DA:67,0
DA:74,0
LF:22
LH:0
BRDA:8,0,0,0
BRDA:8,0,1,0
BRDA:9,1,0,0
BRDA:9,1,1,0
BRDA:10,2,0,0
BRDA:10,2,1,0
BRDA:28,3,0,0
BRDA:28,3,1,0
BRDA:45,4,0,0
BRDA:45,4,1,0
BRDA:53,5,0,0
BRDA:53,5,1,0
BRDA:69,6,0,0
BRDA:69,6,1,0
BRF:14
BRH:0
end_of_record
TN:
SF:modules/support/support.handlers.js
FN:11,createTicketLive
FN:22,(anonymous_1)
FN:23,(anonymous_2)
FN:73,createTicketMock
FN:98,(anonymous_4)
FN:99,(anonymous_5)
FN:130,(anonymous_6)
FN:144,mapFreescoutStatusToFreshdesk
FN:153,listTicketsLive
FN:175,(anonymous_9)
FN:196,listTicketsMock
FN:198,(anonymous_11)
FN:207,getTicketConversationsLive
FN:220,(anonymous_13)
FN:239,getTicketConversationsMock
FNF:15
FNH:0
FNDA:0,createTicketLive
FNDA:0,(anonymous_1)
FNDA:0,(anonymous_2)
FNDA:0,createTicketMock
FNDA:0,(anonymous_4)
FNDA:0,(anonymous_5)
FNDA:0,(anonymous_6)
FNDA:0,mapFreescoutStatusToFreshdesk
FNDA:0,listTicketsLive
FNDA:0,(anonymous_9)
FNDA:0,listTicketsMock
FNDA:0,(anonymous_11)
FNDA:0,getTicketConversationsLive
FNDA:0,(anonymous_13)
FNDA:0,getTicketConversationsMock
DA:1,0
DA:2,0
DA:3,0
DA:6,0
DA:12,0
DA:13,0
DA:14,0
DA:16,0
DA:17,0
DA:18,0
DA:19,0
DA:21,0
DA:22,0
DA:24,0
DA:27,0
DA:33,0
DA:38,0
DA:56,0
DA:57,0
DA:58,0
DA:65,0
DA:66,0
DA:74,0
DA:75,0
DA:77,0
DA:88,0
DA:89,0
DA:90,0
DA:97,0
DA:98,0
DA:99,0
DA:105,0
DA:112,0
DA:114,0
DA:118,0
DA:119,0
DA:130,0
DA:133,0
DA:145,0
DA:146,0
DA:147,0
DA:148,0
DA:149,0
DA:154,0
DA:155,0
DA:156,0
DA:157,0
DA:162,0
DA:163,0
DA:164,0
DA:165,0
DA:168,0
DA:169,0
DA:170,0
DA:171,0
DA:172,0
DA:175,0
DA:176,0
DA:177,0
DA:188,0
DA:189,0
DA:197,0
DA:198,0
DA:199,0
DA:200,0
DA:208,0
DA:209,0
DA:210,0
DA:211,0
DA:216,0
DA:217,0
DA:218,0
DA:220,0
DA:221,0
DA:222,0
DA:231,0
DA:232,0
DA:240,0
DA:243,0
LF:79
LH:0
BRDA:13,0,0,0
BRDA:13,0,1,0
BRDA:16,1,0,0
BRDA:16,1,1,0
BRDA:16,2,0,0
BRDA:16,2,1,0
BRDA:17,3,0,0
BRDA:17,3,1,0
BRDA:19,4,0,0
BRDA:19,4,1,0
BRDA:21,5,0,0
BRDA:21,5,1,0
BRDA:24,6,0,0
BRDA:24,6,1,0
BRDA:28,7,0,0
BRDA:28,7,1,0
BRDA:44,8,0,0
BRDA:44,8,1,0
BRDA:45,9,0,0
BRDA:45,9,1,0
BRDA:51,10,0,0
BRDA:51,10,1,0
BRDA:65,11,0,0
BRDA:65,11,1,0
BRDA:66,12,0,0
BRDA:66,12,1,0
BRDA:74,13,0,0
BRDA:74,13,1,0
BRDA:85,14,0,0
BRDA:85,14,1,0
BRDA:88,15,0,0
BRDA:88,15,1,0
BRDA:88,16,0,0
BRDA:88,16,1,0
BRDA:92,17,0,0
BRDA:92,17,1,0
BRDA:97,18,0,0
BRDA:97,18,1,0
BRDA:106,19,0,0
BRDA:106,19,1,0
BRDA:107,20,0,0
BRDA:107,20,1,0
BRDA:123,21,0,0
BRDA:123,21,1,0
BRDA:127,22,0,0
BRDA:127,22,1,0
BRDA:130,23,0,0
BRDA:130,23,1,0
BRDA:145,24,0,0
BRDA:145,24,1,0
BRDA:145,24,2,0
BRDA:145,24,3,0
BRDA:155,25,0,0
BRDA:155,25,1,0
BRDA:156,26,0,0
BRDA:156,26,1,0
BRDA:165,27,0,0
BRDA:165,27,1,0
BRDA:165,27,2,0
BRDA:168,28,0,0
BRDA:168,28,1,0
BRDA:169,29,0,0
BRDA:169,29,1,0
BRDA:172,30,0,0
BRDA:172,30,1,0
BRDA:172,30,2,0
BRDA:176,31,0,0
BRDA:176,31,1,0
BRDA:176,32,0,0
BRDA:176,32,1,0
BRDA:183,33,0,0
BRDA:183,33,1,0
BRDA:183,33,2,0
BRDA:188,34,0,0
BRDA:188,34,1,0
BRDA:197,35,0,0
BRDA:197,35,1,0
BRDA:199,36,0,0
BRDA:199,36,1,0
BRDA:200,37,0,0
BRDA:200,37,1,0
BRDA:200,37,2,0
BRDA:209,38,0,0
BRDA:209,38,1,0
BRDA:218,39,0,0
BRDA:218,39,1,0
BRDA:221,40,0,0
BRDA:221,40,1,0
BRDA:221,40,2,0
BRDA:224,41,0,0
BRDA:224,41,1,0
BRDA:225,42,0,0
BRDA:225,42,1,0
BRDA:231,43,0,0
BRDA:231,43,1,0
BRF:95
BRH:0
end_of_record
TN:
SF:modules/support/support.routes.js
FNF:0
FNH:0
DA:1,0
DA:2,0
DA:3,0
DA:11,0
DA:14,0
DA:15,0
DA:16,0
DA:19,0
DA:20,0
DA:21,0
DA:22,0
DA:23,0
DA:24,0
DA:26,0
LF:14
LH:0
BRF:0
BRH:0
end_of_record
TN:
SF:modules/support/support.service.js
FN:5,getAccessToken
FN:35,getHeaders
FN:42,createTicket
FN:96,listTickets
FN:117,(anonymous_4)
FN:146,(anonymous_5)
FN:157,getTicketConversations
FN:175,(anonymous_7)
FN:220,addChatMessage
FN:255,getChatMessages
FN:272,(anonymous_10)
FN:318,(anonymous_11)
FN:319,(anonymous_12)
FN:396,(anonymous_13)
FN:407,closeTicket
FN:424,(anonymous_15)
FNF:16
FNH:0
FNDA:0,getAccessToken
FNDA:0,getHeaders
FNDA:0,createTicket
FNDA:0,listTickets
FNDA:0,(anonymous_4)
FNDA:0,(anonymous_5)
FNDA:0,getTicketConversations
FNDA:0,(anonymous_7)
FNDA:0,addChatMessage
FNDA:0,getChatMessages
FNDA:0,(anonymous_10)
FNDA:0,(anonymous_11)
FNDA:0,(anonymous_12)
FNDA:0,(anonymous_13)
FNDA:0,closeTicket
FNDA:0,(anonymous_15)
DA:2,0
DA:3,0
DA:6,0
DA:7,0
DA:10,0
DA:17,0
DA:23,0
DA:24,0
DA:25,0
DA:26,0
DA:29,0
DA:30,0
DA:31,0
DA:32,0
DA:36,0
DA:43,0
DA:45,0
DA:46,0
DA:48,0
DA:50,0
DA:69,0
DA:79,0
DA:81,0
DA:82,0
DA:83,0
DA:86,0
DA:87,0
DA:97,0
DA:100,0
DA:110,0
DA:111,0
DA:114,0
DA:115,0
DA:117,0
DA:118,0
DA:119,0
DA:120,0
DA:121,0
DA:122,0
DA:123,0
DA:125,0
DA:145,0
DA:146,0
DA:147,0
DA:148,0
DA:153,0
DA:158,0
DA:160,0
DA:170,0
DA:171,0
DA:174,0
DA:175,0
DA:176,0
DA:178,0
DA:180,0
DA:183,0
DA:193,0
DA:194,0
DA:195,0
DA:196,0
DA:197,0
DA:198,0
DA:202,0
DA:203,0
DA:206,0
DA:221,0
DA:222,0
DA:223,0
DA:224,0
DA:237,0
DA:238,0
DA:239,0
DA:240,0
DA:241,0
DA:243,0
DA:247,0
DA:248,0
DA:249,0
DA:251,0
DA:256,0
DA:257,0
DA:264,0
DA:265,0
DA:266,0
DA:270,0
DA:271,0
DA:272,0
DA:273,0
DA:274,0
DA:275,0
DA:277,0
DA:278,0
DA:279,0
DA:281,0
DA:282,0
DA:283,0
DA:284,0
DA:285,0
DA:286,0
DA:287,0
DA:288,0
DA:290,0
DA:291,0
DA:294,0
DA:304,0
DA:308,0
DA:309,0
DA:310,0
DA:314,0
DA:315,0
DA:317,0
DA:318,0
DA:320,0
DA:322,0
DA:324,0
DA:327,0
DA:337,0
DA:338,0
DA:339,0
DA:340,0
DA:341,0
DA:342,0
DA:346,0
DA:347,0
DA:349,0
DA:359,0
DA:363,0
DA:364,0
DA:365,0
DA:366,0
DA:367,0
DA:368,0
DA:372,0
DA:373,0
DA:374,0
DA:375,0
DA:376,0
DA:377,0
DA:378,0
DA:379,0
DA:388,0
DA:392,0
DA:393,0
DA:394,0
DA:396,0
DA:398,0
DA:408,0
DA:409,0
DA:415,0
DA:423,0
DA:424,0
DA:425,0
DA:426,0
DA:429,0
DA:432,0
LF:155
LH:0
BRDA:6,0,0,0
BRDA:6,0,1,0
BRDA:6,1,0,0
BRDA:6,1,1,0
BRDA:24,2,0,0
BRDA:24,2,1,0
BRDA:48,3,0,0
BRDA:48,3,1,0
BRDA:48,4,0,0
BRDA:48,4,1,0
BRDA:54,5,0,0
BRDA:54,5,1,0
BRDA:56,6,0,0
BRDA:56,6,1,0
BRDA:58,7,0,0
BRDA:58,7,1,0
BRDA:60,8,0,0
BRDA:60,8,1,0
BRDA:62,9,0,0
BRDA:62,9,1,0
BRDA:65,10,0,0
BRDA:65,10,1,0
BRDA:81,11,0,0
BRDA:81,11,1,0
BRDA:83,12,0,0
BRDA:83,12,1,0
BRDA:88,13,0,0
BRDA:88,13,1,0
BRDA:110,14,0,0
BRDA:110,14,1,0
BRDA:110,15,0,0
BRDA:110,15,1,0
BRDA:115,16,0,0
BRDA:115,16,1,0
BRDA:117,17,0,0
BRDA:117,17,1,0
BRDA:118,18,0,0
BRDA:118,18,1,0
BRDA:119,19,0,0
BRDA:119,19,1,0
BRDA:120,20,0,0
BRDA:120,20,1,0
BRDA:121,21,0,0
BRDA:121,21,1,0
BRDA:121,21,2,0
BRDA:122,22,0,0
BRDA:122,22,1,0
BRDA:123,23,0,0
BRDA:123,23,1,0
BRDA:123,23,2,0
BRDA:129,24,0,0
BRDA:129,24,1,0
BRDA:130,25,0,0
BRDA:130,25,1,0
BRDA:131,26,0,0
BRDA:131,26,1,0
BRDA:135,27,0,0
BRDA:135,27,1,0
BRDA:136,28,0,0
BRDA:136,28,1,0
BRDA:145,29,0,0
BRDA:145,29,1,0
BRDA:148,30,0,0
BRDA:148,30,1,0
BRDA:148,30,2,0
BRDA:148,30,3,0
BRDA:148,30,4,0
BRDA:170,31,0,0
BRDA:170,31,1,0
BRDA:170,32,0,0
BRDA:170,32,1,0
BRDA:175,33,0,0
BRDA:175,33,1,0
BRDA:176,34,0,0
BRDA:176,34,1,0
BRDA:176,34,2,0
BRDA:176,34,3,0
BRDA:196,35,0,0
BRDA:196,35,1,0
BRDA:196,36,0,0
BRDA:196,36,1,0
BRDA:197,37,0,0
BRDA:197,37,1,0
BRDA:197,38,0,0
BRDA:197,38,1,0
BRDA:202,39,0,0
BRDA:202,39,1,0
BRDA:208,40,0,0
BRDA:208,40,1,0
BRDA:210,41,0,0
BRDA:210,41,1,0
BRDA:211,42,0,0
BRDA:211,42,1,0
BRDA:211,42,2,0
BRDA:212,43,0,0
BRDA:212,43,1,0
BRDA:220,44,0,0
BRDA:222,45,0,0
BRDA:222,45,1,0
BRDA:223,46,0,0
BRDA:223,46,1,0
BRDA:239,47,0,0
BRDA:239,47,1,0
BRDA:247,48,0,0
BRDA:247,48,1,0
BRDA:249,49,0,0
BRDA:249,49,1,0
BRDA:270,50,0,0
BRDA:270,50,1,0
BRDA:270,51,0,0
BRDA:270,51,1,0
BRDA:272,52,0,0
BRDA:272,52,1,0
BRDA:273,53,0,0
BRDA:273,53,1,0
BRDA:281,54,0,0
BRDA:281,54,1,0
BRDA:285,55,0,0
BRDA:285,55,1,0
BRDA:286,56,0,0
BRDA:286,56,1,0
BRDA:291,57,0,0
BRDA:291,57,1,0
BRDA:299,58,0,0
BRDA:299,58,1,0
BRDA:299,58,2,0
BRDA:314,59,0,0
BRDA:314,59,1,0
BRDA:314,60,0,0
BRDA:314,60,1,0
BRDA:317,61,0,0
BRDA:317,61,1,0
BRDA:318,62,0,0
BRDA:318,62,1,0
BRDA:320,63,0,0
BRDA:320,63,1,0
BRDA:320,63,2,0
BRDA:320,63,3,0
BRDA:340,64,0,0
BRDA:340,64,1,0
BRDA:340,65,0,0
BRDA:340,65,1,0
BRDA:341,66,0,0
BRDA:341,66,1,0
BRDA:341,67,0,0
BRDA:341,67,1,0
BRDA:346,68,0,0
BRDA:346,68,1,0
BRDA:353,69,0,0
BRDA:353,69,1,0
BRDA:354,70,0,0
BRDA:354,70,1,0
BRDA:354,70,2,0
BRDA:372,71,0,0
BRDA:372,71,1,0
BRDA:374,72,0,0
BRDA:374,72,1,0
BRDA:375,73,0,0
BRDA:375,73,1,0
BRDA:376,74,0,0
BRDA:376,74,1,0
BRDA:376,74,2,0
BRDA:376,74,3,0
BRDA:377,75,0,0
BRDA:377,75,1,0
BRDA:377,76,0,0
BRDA:377,76,1,0
BRDA:377,76,2,0
BRDA:378,77,0,0
BRDA:378,77,1,0
BRDA:378,77,2,0
BRDA:383,78,0,0
BRDA:383,78,1,0
BRDA:393,79,0,0
BRDA:393,79,1,0
BRDA:423,80,0,0
BRDA:423,80,1,0
BRDA:426,81,0,0
BRDA:426,81,1,0
BRF:179
BRH:0
end_of_record
TN:
SF:modules/support/support.templates.js
FN:4,buildTicketDescriptionHtml
FN:42,getMockConversationReply
FNF:2
FNH:0
FNDA:0,buildTicketDescriptionHtml
FNDA:0,getMockConversationReply
DA:5,0
DA:43,0
DA:54,0
LF:3
LH:0
BRDA:13,0,0,0
BRDA:13,0,1,0
BRDA:17,1,0,0
BRDA:17,1,1,0
BRDA:21,2,0,0
BRDA:21,2,1,0
BRDA:25,3,0,0
BRDA:25,3,1,0
BRDA:34,4,0,0
BRDA:34,4,1,0
BRF:10
BRH:0
end_of_record
TN:
SF:modules/support/support.validator.js
FN:6,validateCreateSupportTicket
FN:26,validateGetTickets
FNF:2
FNH:0
FNDA:0,validateCreateSupportTicket
FNDA:0,validateGetTickets
DA:7,0
DA:9,0
DA:10,0
DA:16,0
DA:17,0
DA:23,0
DA:27,0
DA:29,0
DA:30,0
DA:36,0
DA:39,0
LF:11
LH:0
BRDA:9,0,0,0
BRDA:9,0,1,0
BRDA:9,1,0,0
BRDA:9,1,1,0
BRDA:16,2,0,0
BRDA:16,2,1,0
BRDA:16,3,0,0
BRDA:16,3,1,0
BRDA:29,4,0,0
BRDA:29,4,1,0
BRF:10
BRH:0
end_of_record
TN:
SF:modules/support/zohoDesk.routes.js
FN:8,getAccessToken
FN:40,(anonymous_1)
FN:98,(anonymous_2)
FN:131,(anonymous_3)
FNF:4
FNH:0
FNDA:0,getAccessToken
FNDA:0,(anonymous_1)
FNDA:0,(anonymous_2)
FNDA:0,(anonymous_3)
DA:1,0
DA:2,0
DA:5,0
DA:6,0
DA:10,0
DA:11,0
DA:14,0
DA:21,0
DA:27,0
DA:28,0
DA:29,0
DA:30,0
DA:33,0
DA:34,0
DA:35,0
DA:36,0
DA:40,0
DA:41,0
DA:42,0
DA:44,0
DA:45,0
DA:48,0
DA:49,0
DA:50,0
DA:52,0
DA:66,0
DA:76,0
DA:78,0
DA:79,0
DA:80,0
DA:83,0
DA:84,0
DA:92,0
DA:93,0
DA:98,0
DA:99,0
DA:100,0
DA:101,0
DA:102,0
DA:105,0
DA:106,0
DA:107,0
DA:110,0
DA:120,0
DA:122,0
DA:124,0
DA:125,0
DA:127,0
DA:128,0
DA:131,0
DA:142,0
DA:144,0
DA:145,0
DA:149,0
LF:54
LH:0
BRDA:10,0,0,0
BRDA:10,0,1,0
BRDA:10,1,0,0
BRDA:10,1,1,0
BRDA:28,2,0,0
BRDA:28,2,1,0
BRDA:44,3,0,0
BRDA:44,3,1,0
BRDA:44,4,0,0
BRDA:44,4,1,0
BRDA:56,5,0,0
BRDA:56,5,1,0
BRDA:57,6,0,0
BRDA:57,6,1,0
BRDA:60,7,0,0
BRDA:60,7,1,0
BRDA:61,8,0,0
BRDA:61,8,1,0
BRDA:62,9,0,0
BRDA:62,9,1,0
BRDA:78,10,0,0
BRDA:78,10,1,0
BRDA:80,11,0,0
BRDA:80,11,1,0
BRDA:105,12,0,0
BRDA:105,12,1,0
BRDA:105,13,0,0
BRDA:105,13,1,0
BRDA:106,14,0,0
BRDA:106,14,1,0
BRDA:111,15,0,0
BRDA:111,15,1,0
BRDA:122,16,0,0
BRDA:122,16,1,0
BRDA:124,17,0,0
BRDA:124,17,1,0
BRDA:124,18,0,0
BRDA:124,18,1,0
BRDA:128,19,0,0
BRDA:128,19,1,0
BRDA:131,20,0,0
BRDA:131,20,1,0
BRF:42
BRH:0
end_of_record
TN:
SF:modules/user-role/user-role.controller.js
FN:3,getUserRole
FNF:1
FNH:0
FNDA:0,getUserRole
DA:1,0
DA:4,0
DA:5,0
DA:6,0
DA:7,0
DA:9,0
DA:10,0
DA:14,0
LF:8
LH:0
BRF:0
BRH:0
end_of_record
TN:
SF:modules/user-role/user-role.repository.js
FN:3,checkColdStorageOnboarding
FN:8,checkFarmer
FNF:2
FNH:0
FNDA:0,checkColdStorageOnboarding
FNDA:0,checkFarmer
DA:1,0
DA:4,0
DA:5,0
DA:9,0
DA:10,0
DA:13,0
LF:6
LH:0
BRF:0
BRH:0
end_of_record
TN:
SF:modules/user-role/user-role.routes.js
FNF:0
FNH:0
DA:1,0
DA:2,0
DA:3,0
DA:4,0
DA:6,0
DA:8,0
LF:6
LH:0
BRF:0
BRH:0
end_of_record
TN:
SF:modules/user-role/user-role.service.js
FN:3,determineUserRole
FNF:1
FNH:0
FNDA:0,determineUserRole
DA:1,0
DA:4,0
DA:6,0
DA:7,0
DA:9,0
DA:10,0
DA:12,0
DA:15,0
LF:8
LH:0
BRDA:7,0,0,0
BRDA:7,0,1,0
BRDA:10,1,0,0
BRDA:10,1,1,0
BRF:4
BRH:0
end_of_record
TN:
SF:modules/user-role/user-role.validator.js
FN:1,validateUserRole
FNF:1
FNH:0
FNDA:0,validateUserRole
DA:2,0
DA:3,0
DA:4,0
DA:6,0
DA:9,0
LF:5
LH:0
BRDA:3,0,0,0
BRDA:3,0,1,0
BRF:2
BRH:0
end_of_record
TN:
SF:modules/weather/weather.controller.js
FN:3,getWeather
FNF:1
FNH:0
FNDA:0,getWeather
DA:1,0
DA:4,0
DA:5,0
DA:7,0
DA:8,0
DA:9,0
DA:12,0
DA:13,0
DA:18,0
DA:20,0
DA:21,0
DA:22,0
DA:23,0
DA:24,0
DA:26,0
DA:42,0
DA:49,0
LF:17
LH:0
BRDA:4,0,0,0
BRDA:4,0,1,0
BRDA:8,1,0,0
BRDA:8,1,1,0
BRDA:8,2,0,0
BRDA:8,2,1,0
BRF:6
BRH:0
end_of_record
TN:
SF:modules/weather/weather.routes.js
FNF:0
FNH:0
DA:1,0
DA:2,0
DA:3,0
DA:5,0
DA:7,0
LF:5
LH:0
BRF:0
BRH:0
end_of_record
TN:
SF:modules/weather/weather.service.js
FN:7,fetchWeatherFromApi
FN:38,(anonymous_1)
FNF:2
FNH:0
FNDA:0,fetchWeatherFromApi
FNDA:0,(anonymous_1)
DA:1,0
DA:3,0
DA:4,0
DA:5,0
DA:8,0
DA:9,0
DA:11,0
DA:12,0
DA:13,0
DA:16,0
DA:18,0
DA:29,0
DA:30,0
DA:31,0
DA:34,0
DA:38,0
DA:46,0
DA:56,0
DA:57,0
DA:60,0
LF:20
LH:0
BRDA:3,0,0,0
BRDA:3,0,1,0
BRDA:11,1,0,0
BRDA:11,1,1,0
BRDA:11,2,0,0
BRDA:11,2,1,0
BRDA:30,3,0,0
BRDA:30,3,1,0
BRDA:34,4,0,0
BRDA:34,4,1,0
BRDA:36,5,0,0
BRDA:36,5,1,0
BRDA:38,6,0,0
BRDA:38,6,1,0
BRDA:40,7,0,0
BRDA:40,7,1,0
BRDA:41,8,0,0
BRDA:41,8,1,0
BRDA:42,9,0,0
BRDA:42,9,1,0
BRDA:43,10,0,0
BRDA:43,10,1,0
BRDA:47,11,0,0
BRDA:47,11,1,0
BRDA:48,12,0,0
BRDA:48,12,1,0
BRDA:49,13,0,0
BRDA:49,13,1,0
BRDA:50,14,0,0
BRDA:50,14,1,0
BRDA:51,15,0,0
BRDA:51,15,1,0
BRF:32
BRH:0
end_of_record
TN:
SF:shared/middleware/auth.middleware.js
FN:18,verifySupabaseToken
FN:40,(anonymous_1)
FN:43,(anonymous_2)
FNF:3
FNH:0
FNDA:0,verifySupabaseToken
FNDA:0,(anonymous_1)
FNDA:0,(anonymous_2)
DA:1,0
DA:2,0
DA:3,0
DA:5,0
DA:19,0
DA:20,0
DA:21,0
DA:23,0
DA:24,0
DA:31,0
DA:32,0
DA:34,0
DA:36,0
DA:40,0
DA:41,0
DA:43,0
DA:44,0
DA:48,0
DA:50,0
DA:53,0
DA:54,0
DA:57,0
DA:58,0
DA:59,0
DA:62,0
DA:63,0
DA:65,0
DA:66,0
DA:67,0
DA:70,0
DA:71,0
DA:72,0
DA:73,0
DA:78,0
DA:83,0
LF:35
LH:0
BRDA:20,0,0,0
BRDA:20,0,1,0
BRDA:20,1,0,0
BRDA:20,1,1,0
BRDA:31,2,0,0
BRDA:31,2,1,0
BRDA:31,3,0,0
BRDA:31,3,1,0
BRDA:44,4,0,0
BRDA:44,4,1,0
BRDA:45,5,0,0
BRDA:45,5,1,0
BRDA:50,6,0,0
BRDA:50,6,1,0
BRDA:53,7,0,0
BRDA:53,7,1,0
BRDA:58,8,0,0
BRDA:58,8,1,0
BRDA:58,9,0,0
BRDA:58,9,1,0
BRDA:65,10,0,0
BRDA:65,10,1,0
BRDA:72,11,0,0
BRDA:72,11,1,0
BRF:24
BRH:0
end_of_record
TN:
SF:shared/notifications/emailService.js
FN:13,sendEmail
FNF:1
FNH:0
FNDA:0,sendEmail
DA:1,0
DA:14,0
DA:15,0
DA:16,0
DA:17,0
DA:18,0
DA:20,0
DA:22,0
DA:23,0
DA:24,0
DA:30,0
DA:38,0
DA:39,0
DA:49,0
DA:57,0
DA:64,0
DA:65,0
DA:69,0
LF:18
LH:0
BRDA:15,0,0,0
BRDA:15,0,1,0
BRDA:18,1,0,0
BRDA:18,1,1,0
BRDA:20,2,0,0
BRDA:20,2,1,0
BRDA:20,2,2,0
BRDA:22,3,0,0
BRDA:22,3,1,0
BRDA:23,4,0,0
BRDA:23,4,1,0
BRDA:23,4,2,0
BRDA:61,5,0,0
BRDA:61,5,1,0
BRDA:61,5,2,0
BRF:15
BRH:0
end_of_record
TN:
SF:shared/notifications/index.js
FNF:0
FNH:0
DA:1,0
DA:2,0
DA:4,0
LF:3
LH:0
BRF:0
BRH:0
end_of_record
TN:
SF:shared/notifications/notifications.js
FN:6,logOutboundNotification
FN:20,ensureUserForFarmer
FN:33,sendEmailWithLog
FN:84,sendSMSWithLog
FN:134,createAppNotification
FN:183,(anonymous_5)
FN:196,(anonymous_6)
FNF:7
FNH:0
FNDA:0,logOutboundNotification
FNDA:0,ensureUserForFarmer
FNDA:0,sendEmailWithLog
FNDA:0,sendSMSWithLog
FNDA:0,createAppNotification
FNDA:0,(anonymous_5)
FNDA:0,(anonymous_6)
DA:1,0
DA:2,0
DA:3,0
DA:4,0
DA:11,0
DA:12,0
DA:13,0
DA:14,0
DA:15,0
DA:16,0
DA:17,0
DA:21,0
DA:22,0
DA:23,0
DA:24,0
DA:25,0
DA:26,0
DA:27,0
DA:28,0
DA:29,0
DA:30,0
DA:31,0
DA:45,0
DA:46,0
DA:47,0
DA:62,0
DA:64,0
DA:65,0
DA:80,0
DA:94,0
DA:95,0
DA:96,0
DA:110,0
DA:112,0
DA:116,0
DA:130,0
DA:135,0
DA:136,0
DA:137,0
DA:138,0
DA:139,0
DA:140,0
DA:141,0
DA:142,0
DA:143,0
DA:144,0
DA:146,0
DA:150,0
DA:151,0
DA:152,0
DA:153,0
DA:155,0
DA:156,0
DA:157,0
DA:159,0
DA:160,0
DA:161,0
DA:162,0
DA:164,0
DA:165,0
DA:166,0
DA:167,0
DA:168,0
DA:172,0
DA:173,0
DA:174,0
DA:175,0
DA:183,0
DA:186,0
DA:187,0
DA:196,0
DA:200,0
DA:203,0
DA:205,0
DA:206,0
DA:207,0
DA:211,0
LF:77
LH:0
BRDA:7,0,0,0
BRDA:7,1,0,0
BRDA:7,2,0,0
BRDA:7,3,0,0
BRDA:8,4,0,0
BRDA:8,5,0,0
BRDA:8,6,0,0
BRDA:8,7,0,0
BRDA:8,8,0,0
BRDA:9,9,0,0
BRDA:9,10,0,0
BRDA:9,11,0,0
BRDA:15,12,0,0
BRDA:15,12,1,0
BRDA:15,13,0,0
BRDA:15,13,1,0
BRDA:23,14,0,0
BRDA:23,14,1,0
BRDA:25,15,0,0
BRDA:25,15,1,0
BRDA:26,16,0,0
BRDA:26,16,1,0
BRDA:27,17,0,0
BRDA:27,17,1,0
BRDA:27,18,0,0
BRDA:27,18,1,0
BRDA:28,19,0,0
BRDA:28,19,1,0
BRDA:28,20,0,0
BRDA:28,20,1,0
BRDA:36,21,0,0
BRDA:37,22,0,0
BRDA:38,23,0,0
BRDA:39,24,0,0
BRDA:40,25,0,0
BRDA:41,26,0,0
BRDA:42,27,0,0
BRDA:43,28,0,0
BRDA:54,29,0,0
BRDA:54,29,1,0
BRDA:54,29,2,0
BRDA:64,30,0,0
BRDA:64,30,1,0
BRDA:64,30,2,0
BRDA:72,31,0,0
BRDA:72,31,1,0
BRDA:72,31,2,0
BRDA:74,32,0,0
BRDA:74,32,1,0
BRDA:87,33,0,0
BRDA:88,34,0,0
BRDA:89,35,0,0
BRDA:90,36,0,0
BRDA:91,37,0,0
BRDA:92,38,0,0
BRDA:113,39,0,0
BRDA:113,39,1,0
BRDA:113,39,2,0
BRDA:113,39,3,0
BRDA:124,40,0,0
BRDA:124,40,1,0
BRDA:134,41,0,0
BRDA:134,42,0,0
BRDA:134,43,0,0
BRDA:134,44,0,0
BRDA:134,45,0,0
BRDA:134,46,0,0
BRDA:136,47,0,0
BRDA:136,47,1,0
BRDA:139,48,0,0
BRDA:139,48,1,0
BRDA:141,49,0,0
BRDA:141,49,1,0
BRDA:141,50,0,0
BRDA:141,50,1,0
BRDA:159,51,0,0
BRDA:159,51,1,0
BRDA:162,52,0,0
BRDA:162,52,1,0
BRDA:165,53,0,0
BRDA:165,53,1,0
BRDA:172,54,0,0
BRDA:172,54,1,0
BRDA:172,55,0,0
BRDA:172,55,1,0
BRDA:173,56,0,0
BRDA:173,56,1,0
BRDA:174,57,0,0
BRDA:174,57,1,0
BRDA:181,58,0,0
BRDA:181,58,1,0
BRDA:186,59,0,0
BRDA:186,59,1,0
BRDA:190,60,0,0
BRDA:190,60,1,0
BRDA:194,61,0,0
BRDA:194,61,1,0
BRDA:205,62,0,0
BRDA:205,62,1,0
BRF:99
BRH:0
end_of_record
TN:
SF:shared/notifications/pushNotifications.js
FN:12,sendPushNotification
FNF:1
FNH:0
FNDA:0,sendPushNotification
DA:1,0
DA:2,0
DA:13,0
DA:14,0
DA:16,0
DA:17,0
DA:19,0
DA:20,0
DA:22,0
DA:25,0
DA:28,0
DA:36,0
DA:44,0
DA:45,0
DA:48,0
DA:52,0
LF:16
LH:0
BRDA:12,0,0,0
BRDA:13,1,0,0
BRDA:13,1,1,0
BRDA:17,2,0,0
BRDA:17,2,1,0
BRDA:20,3,0,0
BRDA:20,3,1,0
BRDA:20,4,0,0
BRDA:20,4,1,0
BRDA:44,5,0,0
BRDA:44,5,1,0
BRDA:44,6,0,0
BRDA:44,6,1,0
BRF:13
BRH:0
end_of_record
TN:
SF:shared/notifications/smsService.js
FN:11,sendSMS
FNF:1
FNH:0
FNDA:0,sendSMS
DA:1,0
DA:13,0
DA:14,0
DA:15,0
DA:18,0
DA:19,0
DA:20,0
DA:22,0
DA:23,0
DA:25,0
DA:26,0
DA:31,0
DA:38,0
DA:39,0
DA:40,0
DA:41,0
DA:42,0
DA:43,0
DA:44,0
DA:45,0
DA:47,0
DA:54,0
DA:60,0
DA:61,0
DA:62,0
DA:66,0
DA:67,0
DA:68,0
DA:75,0
DA:81,0
DA:82,0
DA:87,0
LF:32
LH:0
BRDA:22,0,0,0
BRDA:22,0,1,0
BRDA:22,0,2,0
BRDA:25,1,0,0
BRDA:25,1,1,0
BRDA:25,2,0,0
BRDA:25,2,1,0
BRDA:38,3,0,0
BRDA:38,3,1,0
BRDA:60,4,0,0
BRDA:60,4,1,0
BRDA:60,5,0,0
BRDA:60,5,1,0
BRDA:66,6,0,0
BRDA:66,6,1,0
BRDA:78,7,0,0
BRDA:78,7,1,0
BRDA:78,8,0,0
BRDA:78,8,1,0
BRF:19
BRH:0
end_of_record
TN:
SF:shared/utils/mpinUtils.js
FN:8,hashMpin
FN:19,verifyMpin
FNF:2
FNH:0
FNDA:0,hashMpin
FNDA:0,verifyMpin
DA:1,1
DA:9,0
DA:10,0
DA:20,0
DA:21,0
DA:23,0
DA:24,0
DA:26,0
DA:29,1
LF:9
LH:2
BRDA:9,0,0,0
BRDA:9,0,1,0
BRDA:20,1,0,0
BRDA:20,1,1,0
BRDA:21,2,0,0
BRDA:21,2,1,0
BRDA:23,3,0,0
BRDA:23,3,1,0
BRF:8
BRH:0
end_of_record
TN:
SF:shared/utils/otpUtils.js
FN:10,verifySupabaseOtp
FNF:1
FNH:0
FNDA:0,verifySupabaseOtp
DA:1,0
DA:2,0
DA:11,0
DA:12,0
DA:13,0
DA:14,0
DA:16,0
DA:20,0
DA:22,0
DA:23,0
DA:26,0
DA:27,0
DA:39,0
DA:40,0
DA:42,0
DA:44,0
DA:45,0
DA:49,0
LF:18
LH:0
BRDA:12,0,0,0
BRDA:12,0,1,0
BRDA:13,1,0,0
BRDA:13,1,1,0
BRDA:22,2,0,0
BRDA:22,2,1,0
BRDA:22,3,0,0
BRDA:22,3,1,0
BRDA:39,4,0,0
BRDA:39,4,1,0
BRDA:39,5,0,0
BRDA:39,5,1,0
BRDA:44,6,0,0
BRDA:44,6,1,0
BRDA:44,6,2,0
BRF:15
BRH:0
end_of_record
