TN:
SF:modules\amad\amad.controller.js
FN:3,createAmad
FN:14,getHoldings
FNF:2
FNH:2
FNDA:3,createAmad
FNDA:2,getHoldings
DA:1,2
DA:4,3
DA:5,3
DA:6,1
DA:8,2
DA:9,2
DA:10,2
DA:15,2
DA:16,2
DA:17,1
DA:19,1
DA:20,1
DA:24,2
LF:13
LH:13
BRDA:9,0,0,2
BRDA:9,0,1,1
BRDA:10,1,0,2
BRDA:10,1,1,1
BRF:4
BRH:4
end_of_record
TN:
SF:modules\amad\amad.repository.js
FN:3,createAmadLot
FN:16,getFirstRoomForStorage
FN:23,getFarmer
FN:28,getHoldingsData
FNF:4
FNH:3
FNDA:1,createAmadLot
FNDA:0,getFirstRoomForStorage
FNDA:2,getFarmer
FNDA:1,getHoldingsData
DA:1,4
DA:4,1
DA:12,1
DA:13,1
DA:17,0
DA:18,0
DA:19,0
DA:20,0
DA:24,2
DA:25,2
DA:29,1
DA:45,1
DA:46,1
DA:49,4
LF:14
LH:10
BRDA:18,0,0,0
BRDA:18,0,1,0
BRDA:25,1,0,2
BRDA:25,1,1,1
BRF:4
BRH:2
end_of_record
TN:
SF:modules\amad\amad.routes.js
FNF:0
FNH:0
DA:1,1
DA:2,1
DA:3,1
DA:4,1
DA:7,1
DA:10,1
DA:12,1
LF:7
LH:7
BRF:0
BRH:0
end_of_record
TN:
SF:modules\amad\amad.service.js
FN:8,createNewAmadLot
FN:62,fetchHoldings
FN:64,(anonymous_2)
FNF:3
FNH:3
FNDA:6,createNewAmadLot
FNDA:3,fetchHoldings
FNDA:2,(anonymous_2)
DA:1,3
DA:2,3
DA:9,6
DA:10,6
DA:11,1
DA:12,1
DA:13,1
DA:16,5
DA:17,5
DA:19,5
DA:20,5
DA:22,5
DA:23,5
DA:24,4
DA:25,4
DA:28,5
DA:35,5
DA:36,4
DA:39,4
DA:40,4
DA:46,3
DA:53,1
DA:56,4
DA:63,3
DA:64,3
DA:65,2
DA:66,2
DA:67,2
DA:76,3
LF:29
LH:29
BRDA:10,0,0,1
BRDA:10,0,1,5
BRDA:20,1,0,5
BRDA:20,1,1,0
BRDA:23,2,0,4
BRDA:23,2,1,1
BRDA:25,3,0,4
BRDA:25,3,1,0
BRDA:29,4,0,5
BRDA:29,4,1,4
BRDA:30,5,0,5
BRDA:30,5,1,5
BRDA:31,6,0,5
BRDA:31,6,1,4
BRDA:49,7,0,3
BRDA:49,7,1,2
BRDA:66,8,0,2
BRDA:66,8,1,1
BRDA:68,9,0,2
BRDA:68,9,1,1
BRDA:69,10,0,2
BRDA:69,10,1,1
BRDA:70,11,0,2
BRDA:70,11,1,1
BRF:24
BRH:22
end_of_record
TN:
SF:modules\amad\amad.validator.js
FN:5,validateCreateAmad
FNF:1
FNH:1
FNDA:7,validateCreateAmad
DA:6,7
DA:7,7
DA:8,6
DA:13,1
DA:16,2
LF:5
LH:5
BRDA:7,0,0,6
BRDA:7,0,1,1
BRDA:7,1,0,7
BRDA:7,1,1,5
BRDA:7,1,2,4
BRDA:7,1,3,2
BRF:6
BRH:6
end_of_record
TN:
SF:modules\cron\cron.controller.js
FN:4,processCropAging
FNF:1
FNH:1
FNDA:7,processCropAging
DA:1,2
DA:2,2
DA:6,7
DA:7,7
DA:8,2
DA:11,5
DA:12,5
DA:14,5
DA:15,5
DA:16,5
DA:17,5
DA:18,1
DA:21,1
DA:25,3
DA:26,3
DA:27,2
DA:34,1
DA:35,1
DA:39,2
LF:19
LH:19
BRDA:7,0,0,2
BRDA:7,0,1,5
BRDA:7,1,0,7
BRDA:7,1,1,6
BRDA:12,2,0,5
BRDA:12,2,1,1
BRDA:17,3,0,1
BRDA:17,3,1,3
BRF:8
BRH:8
end_of_record
TN:
SF:modules\cron\cron.repository.js
FN:3,getApprovedFacilities
FN:8,getActiveLots
FNF:2
FNH:2
FNDA:1,getApprovedFacilities
FNDA:1,getActiveLots
DA:1,4
DA:4,1
DA:5,1
DA:9,1
DA:15,1
DA:18,4
LF:6
LH:6
BRF:0
BRH:0
end_of_record
TN:
SF:modules\cron\cron.routes.js
FNF:0
FNH:0
DA:1,1
DA:2,1
DA:3,1
DA:5,1
DA:7,1
LF:5
LH:5
BRF:0
BRH:0
end_of_record
TN:
SF:modules\cron\cron.service.js
FN:9,runCropAgingAlerts
FNF:1
FNH:1
FNDA:4,runCropAgingAlerts
DA:1,3
DA:2,3
DA:10,4
DA:11,4
DA:12,4
DA:13,4
DA:15,4
DA:16,3
DA:18,3
DA:19,5
DA:21,5
DA:22,3
DA:23,3
DA:24,3
DA:25,3
DA:27,3
DA:32,3
DA:37,4
DA:40,3
LF:19
LH:19
BRDA:19,0,0,5
BRDA:19,0,1,1
BRDA:21,1,0,3
BRDA:21,1,1,2
BRDA:22,2,0,2
BRDA:22,2,1,1
BRDA:23,3,0,2
BRDA:23,3,1,1
BRDA:24,4,0,2
BRDA:24,4,1,1
BRDA:32,5,0,2
BRDA:32,5,1,1
BRF:12
BRH:12
end_of_record
TN:
SF:modules\dispatch\dispatch.controller.js
FN:3,getDispatches
FN:13,createDispatch
FN:24,approveDispatch
FN:35,deliverDispatch
FNF:4
FNH:4
FNDA:3,getDispatches
FNDA:4,createDispatch
FNDA:4,approveDispatch
FNDA:4,deliverDispatch
DA:1,2
DA:4,3
DA:5,3
DA:6,1
DA:8,2
DA:9,2
DA:14,4
DA:15,4
DA:16,1
DA:18,3
DA:19,3
DA:20,3
DA:25,4
DA:26,4
DA:27,1
DA:29,3
DA:30,3
DA:31,3
DA:36,4
DA:37,4
DA:38,1
DA:40,3
DA:41,3
DA:42,3
DA:46,2
LF:25
LH:25
BRDA:19,0,0,3
BRDA:19,0,1,2
BRDA:20,1,0,3
BRDA:20,1,1,1
BRDA:30,2,0,3
BRDA:30,2,1,2
BRDA:31,3,0,3
BRDA:31,3,1,1
BRDA:41,4,0,3
BRDA:41,4,1,2
BRDA:42,5,0,3
BRDA:42,5,1,1
BRF:12
BRH:12
end_of_record
TN:
SF:modules\dispatch\dispatch.repository.js
FN:8,getDispatchesData
FN:46,getDispatchById
FN:56,insertDispatch
FN:80,updateDispatchStatus
FN:98,getActiveLotForDispatch
FN:122,verifyColdStorage
FN:138,getFarmerWithMpin
FN:148,getColdStorageName
FN:158,getColdStorageWithMpin
FN:169,deleteNotification
FNF:10
FNH:9
FNDA:3,getDispatchesData
FNDA:2,getDispatchById
FNDA:1,insertDispatch
FNDA:2,updateDispatchStatus
FNDA:3,getActiveLotForDispatch
FNDA:5,verifyColdStorage
FNDA:2,getFarmerWithMpin
FNDA:2,getColdStorageName
FNDA:0,getColdStorageWithMpin
FNDA:1,deleteNotification
DA:1,3
DA:9,3
DA:28,3
DA:29,1
DA:30,1
DA:31,1
DA:35,2
DA:36,1
DA:37,1
DA:38,1
DA:47,2
DA:48,2
DA:57,1
DA:65,1
DA:70,1
DA:71,1
DA:81,2
DA:87,2
DA:88,2
DA:100,3
DA:104,3
DA:107,2
DA:111,2
DA:113,1
DA:123,5
DA:124,1
DA:126,4
DA:127,4
DA:128,2
DA:130,2
DA:139,2
DA:140,2
DA:149,2
DA:150,2
DA:159,0
DA:160,0
DA:170,1
DA:179,3
LF:38
LH:36
BRDA:28,0,0,1
BRDA:28,0,1,2
BRDA:48,1,0,2
BRDA:48,1,1,1
BRDA:68,2,0,1
BRDA:68,2,1,1
BRDA:88,3,0,2
BRDA:88,3,1,1
BRDA:104,4,0,1
BRDA:104,4,1,2
BRDA:111,5,0,1
BRDA:111,5,1,1
BRDA:123,6,0,1
BRDA:123,6,1,4
BRDA:127,7,0,2
BRDA:127,7,1,2
BRDA:140,8,0,2
BRDA:140,8,1,1
BRDA:150,9,0,1
BRDA:150,9,1,1
BRDA:160,10,0,0
BRDA:160,10,1,0
BRF:22
BRH:20
end_of_record
TN:
SF:modules\dispatch\dispatch.routes.js
FNF:0
FNH:0
DA:1,1
DA:2,1
DA:3,1
DA:4,1
DA:6,1
DA:7,1
DA:8,1
DA:9,1
DA:11,1
LF:9
LH:9
BRF:0
BRH:0
end_of_record
TN:
SF:modules\dispatch\dispatch.service.js
FN:13,fetchDispatches
FN:22,createNewDispatch
FN:74,approveDispatchByMpin
FN:152,markDispatchDelivered
FNF:4
FNH:4
FNDA:1,fetchDispatches
FNDA:8,createNewDispatch
FNDA:9,approveDispatchByMpin
FNDA:6,markDispatchDelivered
DA:1,3
DA:2,3
DA:3,3
DA:4,3
DA:5,3
DA:14,1
DA:23,8
DA:26,8
DA:29,8
DA:30,8
DA:31,1
DA:32,1
DA:33,1
DA:37,7
DA:39,6
DA:40,6
DA:42,6
DA:49,6
DA:50,6
DA:51,5
DA:52,5
DA:63,2
DA:66,6
DA:76,9
DA:77,9
DA:78,1
DA:79,1
DA:80,1
DA:84,8
DA:85,8
DA:86,8
DA:87,8
DA:88,7
DA:92,8
DA:93,8
DA:94,1
DA:95,0
DA:99,8
DA:100,1
DA:101,1
DA:102,1
DA:106,7
DA:109,7
DA:110,7
DA:115,5
DA:120,5
DA:122,2
DA:126,7
DA:127,7
DA:130,7
DA:141,1
DA:144,7
DA:153,6
DA:154,6
DA:155,1
DA:156,1
DA:157,1
DA:161,5
DA:162,5
DA:167,4
DA:169,1
DA:173,5
DA:174,5
DA:175,5
DA:186,1
DA:189,5
DA:192,3
LF:67
LH:66
BRDA:30,0,0,1
BRDA:30,0,1,7
BRDA:51,1,0,5
BRDA:51,1,1,5
BRDA:77,2,0,1
BRDA:77,2,1,8
BRDA:86,3,0,8
BRDA:86,3,1,0
BRDA:86,4,0,8
BRDA:86,4,1,8
BRDA:87,5,0,7
BRDA:87,5,1,1
BRDA:93,6,0,1
BRDA:93,6,1,7
BRDA:93,7,0,8
BRDA:93,7,1,1
BRDA:93,7,2,1
BRDA:94,8,0,0
BRDA:94,8,1,1
BRDA:99,9,0,1
BRDA:99,9,1,7
BRDA:127,10,0,7
BRDA:127,10,1,1
BRDA:136,11,0,7
BRDA:136,11,1,1
BRDA:154,12,0,1
BRDA:154,12,1,5
BRDA:176,13,0,5
BRDA:176,13,1,1
BRDA:181,14,0,5
BRDA:181,14,1,1
BRF:31
BRH:29
end_of_record
TN:
SF:modules\dispatch\dispatch.validator.js
FN:6,validateCreateDispatch
FN:17,validateApproveDispatch
FN:28,validateGetDispatches
FNF:3
FNH:3
FNDA:6,validateCreateDispatch
FNDA:2,validateApproveDispatch
FNDA:3,validateGetDispatches
DA:7,6
DA:8,6
DA:9,5
DA:14,1
DA:18,2
DA:19,2
DA:20,1
DA:25,1
DA:29,3
DA:30,3
DA:31,1
DA:36,2
DA:39,2
LF:13
LH:13
BRDA:8,0,0,5
BRDA:8,0,1,1
BRDA:8,1,0,6
BRDA:8,1,1,4
BRDA:8,1,2,3
BRDA:8,1,3,2
BRDA:19,2,0,1
BRDA:19,2,1,1
BRDA:30,3,0,1
BRDA:30,3,1,2
BRDA:30,4,0,3
BRDA:30,4,1,2
BRF:12
BRH:12
end_of_record
TN:
SF:modules\farmer\farmer.constants.js
FNF:0
FNH:0
DA:5,3
LF:1
LH:1
BRF:0
BRH:0
end_of_record
TN:
SF:modules\farmer\farmer.controller.js
FNF:0
FNH:0
DA:1,1
DA:2,1
DA:3,1
DA:4,1
DA:5,1
DA:6,1
DA:7,1
DA:8,1
DA:9,1
DA:10,1
DA:11,1
DA:12,1
DA:14,1
LF:13
LH:13
BRF:0
BRH:0
end_of_record
TN:
SF:modules\farmer\farmer.helpers.js
FN:6,buildCsvStatement
FN:14,(anonymous_1)
FN:28,buildPdfStatement
FN:35,(anonymous_3)
FN:36,(anonymous_4)
FNF:5
FNH:5
FNDA:2,buildCsvStatement
FNDA:2,(anonymous_1)
FNDA:2,buildPdfStatement
FNDA:2,(anonymous_3)
FNDA:2,(anonymous_4)
DA:1,1
DA:7,2
DA:8,2
DA:9,2
DA:10,2
DA:11,2
DA:13,2
DA:14,2
DA:15,2
DA:16,2
DA:19,2
DA:22,2
DA:29,2
DA:35,2
DA:36,2
DA:37,2
DA:39,2
DA:43,2
DA:44,2
DA:45,1
DA:46,1
DA:47,1
DA:50,2
DA:51,2
DA:53,2
DA:54,2
DA:56,2
DA:67,1
LF:28
LH:28
BRDA:10,0,0,2
BRDA:10,0,1,1
BRDA:16,1,0,1
BRDA:16,1,1,1
BRDA:35,2,0,1
BRDA:35,2,1,1
BRDA:36,3,0,1
BRDA:36,3,1,1
BRDA:37,4,0,2
BRDA:37,4,1,1
BRDA:44,5,0,1
BRDA:44,5,1,1
BRF:12
BRH:12
end_of_record
TN:
SF:modules\farmer\farmer.repository.js
FN:7,getColdStorageByPhone
FN:12,updateColdStorageMpin
FN:16,updateFarmerMpin
FN:20,getFarmerBasicDetails
FN:25,getColdStorageDetailsForFarmer
FN:30,getPaymentsForFarmer
FN:35,deleteOtpVerification
FN:39,insertOtpVerification
FN:47,getOtpVerification
FN:55,updateFarmerProfile
FN:65,updateFarmerTarget
FN:70,updateFarmerBasicDetails
FN:86,verifyAndUpdateFarmerProfile
FNF:13
FNH:13
FNDA:2,getColdStorageByPhone
FNDA:1,updateColdStorageMpin
FNDA:1,updateFarmerMpin
FNDA:2,getFarmerBasicDetails
FNDA:1,getColdStorageDetailsForFarmer
FNDA:1,getPaymentsForFarmer
FNDA:1,deleteOtpVerification
FNDA:1,insertOtpVerification
FNDA:1,getOtpVerification
FNDA:1,updateFarmerProfile
FNDA:2,updateFarmerTarget
FNDA:1,updateFarmerBasicDetails
FNDA:1,verifyAndUpdateFarmerProfile
DA:1,9
DA:2,9
DA:3,9
DA:4,9
DA:5,9
DA:8,2
DA:9,2
DA:13,1
DA:17,1
DA:21,2
DA:22,2
DA:26,1
DA:27,1
DA:31,1
DA:32,1
DA:36,1
DA:40,1
DA:48,1
DA:52,1
DA:56,1
DA:62,1
DA:66,2
DA:67,2
DA:71,1
DA:83,1
DA:87,1
DA:97,1
DA:100,9
LF:28
LH:28
BRDA:66,0,0,1
BRDA:66,0,1,1
BRF:2
BRH:2
end_of_record
TN:
SF:modules\farmer\farmer.routes.js
FNF:0
FNH:0
DA:1,1
DA:2,1
DA:3,1
DA:4,1
DA:7,1
DA:8,1
DA:9,1
DA:10,1
DA:11,1
DA:12,1
DA:13,1
DA:14,1
DA:15,1
DA:16,1
DA:17,1
DA:18,1
DA:20,1
LF:17
LH:17
BRF:0
BRH:0
end_of_record
TN:
SF:modules\farmer\farmer.service.js
FN:12,fetchFarmers
FN:20,registerNewFarmer
FN:69,fetchLedger
FN:76,loginWithMpin
FN:116,resetUserMpin
FN:155,generateStatement
FN:171,generateStatementPdf
FNF:7
FNH:7
FNDA:1,fetchFarmers
FNDA:7,registerNewFarmer
FNDA:1,fetchLedger
FNDA:8,loginWithMpin
FNDA:7,resetUserMpin
FNDA:2,generateStatement
FNDA:3,generateStatementPdf
DA:1,1
DA:2,1
DA:3,1
DA:4,1
DA:5,1
DA:13,1
DA:21,7
DA:22,7
DA:23,1
DA:26,6
DA:27,6
DA:28,6
DA:29,6
DA:31,6
DA:39,6
DA:42,6
DA:43,6
DA:49,5
DA:56,1
DA:59,6
DA:70,1
DA:78,8
DA:79,8
DA:80,4
DA:81,4
DA:82,2
DA:83,2
DA:84,2
DA:86,2
DA:93,4
DA:94,4
DA:95,1
DA:96,1
DA:97,1
DA:100,3
DA:101,3
DA:102,2
DA:103,2
DA:104,2
DA:107,1
DA:117,7
DA:118,7
DA:119,7
DA:121,2
DA:122,2
DA:123,2
DA:125,5
DA:126,1
DA:127,1
DA:128,1
DA:131,4
DA:132,4
DA:135,4
DA:136,4
DA:137,2
DA:138,2
DA:142,2
DA:143,2
DA:144,1
DA:145,1
DA:146,1
DA:149,1
DA:156,2
DA:157,2
DA:158,1
DA:159,1
DA:160,1
DA:162,1
DA:164,1
DA:165,1
DA:172,3
DA:173,3
DA:174,1
DA:175,1
DA:176,1
DA:179,2
DA:180,2
DA:181,1
DA:184,2
DA:185,2
DA:187,2
DA:190,1
LF:82
LH:82
BRDA:22,0,0,1
BRDA:22,0,1,6
BRDA:26,1,0,6
BRDA:26,1,1,6
BRDA:27,2,0,6
BRDA:27,2,1,6
BRDA:29,3,0,6
BRDA:29,3,1,2
BRDA:35,4,0,6
BRDA:35,4,1,1
BRDA:35,5,0,6
BRDA:35,5,1,6
BRDA:35,6,0,6
BRDA:35,6,1,6
BRDA:35,7,0,6
BRDA:35,7,1,6
BRDA:35,8,0,6
BRDA:35,8,1,6
BRDA:45,9,0,6
BRDA:45,9,1,1
BRDA:61,10,0,6
BRDA:61,10,1,1
BRDA:61,11,0,6
BRDA:61,11,1,6
BRDA:62,12,0,6
BRDA:62,12,1,6
BRDA:62,13,0,6
BRDA:62,13,1,6
BRDA:62,14,0,6
BRDA:62,14,1,6
BRDA:79,15,0,4
BRDA:79,15,1,4
BRDA:80,16,0,4
BRDA:80,16,1,1
BRDA:81,17,0,2
BRDA:81,17,1,2
BRDA:94,18,0,1
BRDA:94,18,1,3
BRDA:101,19,0,2
BRDA:101,19,1,1
BRDA:121,20,0,2
BRDA:121,20,1,1
BRDA:125,21,0,1
BRDA:125,21,1,4
BRDA:136,22,0,2
BRDA:136,22,1,2
BRDA:143,23,0,1
BRDA:143,23,1,1
BRDA:157,24,0,1
BRDA:157,24,1,1
BRDA:173,25,0,1
BRDA:173,25,1,2
BRDA:180,26,0,1
BRDA:180,26,1,1
BRF:54
BRH:54
end_of_record
TN:
SF:modules\farmer\farmer.validator.js
FN:5,validateRegisterFarmer
FN:16,validateLoginMpin
FN:27,validateResetMpin
FNF:3
FNH:3
FNDA:3,validateRegisterFarmer
FNDA:3,validateLoginMpin
FNDA:4,validateResetMpin
DA:6,3
DA:7,3
DA:8,2
DA:13,1
DA:17,3
DA:18,3
DA:19,2
DA:24,1
DA:28,4
DA:29,4
DA:30,3
DA:35,1
DA:38,2
LF:13
LH:13
BRDA:7,0,0,2
BRDA:7,0,1,1
BRDA:7,1,0,3
BRDA:7,1,1,2
BRDA:18,2,0,2
BRDA:18,2,1,1
BRDA:18,3,0,3
BRDA:18,3,1,2
BRDA:29,4,0,3
BRDA:29,4,1,1
BRDA:29,5,0,4
BRDA:29,5,1,3
BRDA:29,5,2,2
BRF:13
BRH:13
end_of_record
TN:
SF:modules\farmer\pdf.service.js
FNF:0
FNH:0
DA:1,2
DA:2,2
DA:4,2
LF:3
LH:3
BRF:0
BRH:0
end_of_record
TN:
SF:modules\farmer\controllers\dateHelpers.js
FN:1,parseToISODate
FN:17,toISTDateStr
FN:23,parseAndFormat
FNF:3
FNH:3
FNDA:22,parseToISODate
FNDA:10,toISTDateStr
FNDA:6,parseAndFormat
DA:2,22
DA:3,12
DA:4,12
DA:5,5
DA:6,5
DA:7,3
DA:8,1
DA:9,2
DA:10,1
DA:13,3
DA:14,3
DA:18,10
DA:19,9
DA:20,9
DA:24,6
DA:25,6
DA:26,5
DA:27,5
DA:29,1
DA:32,2
LF:20
LH:20
BRDA:2,0,0,10
BRDA:2,0,1,12
BRDA:2,1,0,22
BRDA:2,1,1,13
BRDA:2,1,2,12
BRDA:4,2,0,7
BRDA:4,2,1,5
BRDA:6,3,0,3
BRDA:6,3,1,2
BRDA:7,4,0,1
BRDA:7,4,1,2
BRDA:7,5,0,3
BRDA:7,5,1,1
BRDA:9,6,0,1
BRDA:9,6,1,1
BRDA:14,7,0,1
BRDA:14,7,1,2
BRDA:18,8,0,1
BRDA:18,8,1,9
BRDA:20,9,0,1
BRDA:20,9,1,8
BRDA:25,10,0,5
BRDA:25,10,1,1
BRF:23
BRH:23
end_of_record
TN:
SF:modules\farmer\controllers\downloadReceiptPdf.controller.js
FN:5,downloadReceiptPdf
FN:23,(anonymous_1)
FN:26,(anonymous_2)
FNF:3
FNH:3
FNDA:5,downloadReceiptPdf
FNDA:1,(anonymous_1)
FNDA:1,(anonymous_2)
DA:1,2
DA:2,2
DA:3,2
DA:6,5
DA:7,5
DA:8,5
DA:10,5
DA:11,1
DA:14,4
DA:15,3
DA:16,2
DA:18,2
DA:19,2
DA:20,2
DA:22,2
DA:23,2
DA:24,2
DA:26,1
DA:27,1
DA:28,1
DA:31,1
DA:35,1
DA:36,1
DA:38,1
DA:39,1
DA:41,1
DA:45,1
DA:46,1
DA:50,2
LF:29
LH:29
BRDA:10,0,0,1
BRDA:10,0,1,4
BRDA:10,1,0,5
BRDA:10,1,1,4
BRDA:10,1,2,4
BRDA:15,2,0,1
BRDA:15,2,1,2
BRDA:19,3,0,1
BRDA:19,3,1,1
BRDA:24,4,0,1
BRDA:24,4,1,1
BRDA:28,5,0,1
BRDA:28,5,1,1
BRF:13
BRH:13
end_of_record
TN:
SF:modules\farmer\controllers\downloadStatement.controller.js
FN:5,downloadStatement
FN:22,(anonymous_1)
FN:40,(anonymous_2)
FNF:3
FNH:3
FNDA:5,downloadStatement
FNDA:1,(anonymous_1)
FNDA:2,(anonymous_2)
DA:1,2
DA:2,2
DA:3,2
DA:6,5
DA:7,5
DA:8,5
DA:10,5
DA:11,4
DA:12,1
DA:15,3
DA:17,3
DA:18,3
DA:20,3
DA:21,3
DA:22,1
DA:23,1
DA:24,1
DA:28,3
DA:29,3
DA:30,1
DA:32,3
DA:33,3
DA:34,3
DA:36,3
DA:38,3
DA:40,3
DA:41,2
DA:42,2
DA:45,2
DA:48,3
DA:52,3
DA:53,3
DA:54,3
DA:56,1
DA:57,1
DA:61,2
LF:36
LH:36
BRDA:11,0,0,1
BRDA:11,0,1,3
BRDA:21,1,0,1
BRDA:21,1,1,2
BRDA:21,2,0,3
BRDA:21,2,1,1
BRDA:24,3,0,1
BRDA:24,3,1,1
BRDA:29,4,0,1
BRDA:29,4,1,2
BRDA:29,5,0,3
BRDA:29,5,1,1
BRDA:34,6,0,3
BRDA:34,6,1,1
BRDA:42,7,0,1
BRDA:42,7,1,1
BRDA:48,8,0,1
BRDA:48,8,1,2
BRDA:48,9,0,3
BRDA:48,9,1,1
BRF:20
BRH:20
end_of_record
TN:
SF:modules\farmer\controllers\downloadStatementPdf.controller.js
FN:6,downloadStatementPdf
FN:28,(anonymous_1)
FN:36,(anonymous_2)
FN:44,(anonymous_3)
FNF:4
FNH:4
FNDA:6,downloadStatementPdf
FNDA:3,(anonymous_1)
FNDA:3,(anonymous_2)
FNDA:2,(anonymous_3)
DA:1,2
DA:2,2
DA:3,2
DA:4,2
DA:7,6
DA:8,6
DA:9,6
DA:12,6
DA:13,5
DA:16,4
DA:17,4
DA:19,4
DA:20,4
DA:22,4
DA:23,4
DA:24,4
DA:26,4
DA:27,4
DA:28,2
DA:29,3
DA:30,3
DA:34,4
DA:35,4
DA:36,3
DA:37,2
DA:40,4
DA:41,4
DA:43,4
DA:44,4
DA:45,2
DA:46,1
DA:49,4
DA:55,4
DA:59,4
DA:60,4
DA:61,2
DA:62,2
DA:63,1
DA:64,1
DA:65,1
DA:68,4
DA:72,4
DA:73,4
DA:75,4
DA:81,1
DA:82,1
DA:86,2
LF:47
LH:47
BRDA:13,0,0,1
BRDA:13,0,1,4
BRDA:16,1,0,4
BRDA:16,1,1,1
BRDA:27,2,0,2
BRDA:27,2,1,2
BRDA:27,3,0,4
BRDA:27,3,1,2
BRDA:30,4,0,3
BRDA:30,4,1,2
BRDA:34,5,0,4
BRDA:34,5,1,1
BRDA:35,6,0,2
BRDA:35,6,1,2
BRDA:37,7,0,1
BRDA:37,7,1,1
BRDA:41,8,0,2
BRDA:41,8,1,2
BRDA:45,9,0,1
BRDA:45,9,1,1
BRDA:60,10,0,2
BRDA:60,10,1,2
BRDA:60,11,0,4
BRDA:60,11,1,2
BRDA:62,12,0,1
BRDA:62,12,1,1
BRDA:68,13,0,2
BRDA:68,13,1,2
BRDA:68,14,0,4
BRDA:68,14,1,2
BRF:30
BRH:30
end_of_record
TN:
SF:modules\farmer\controllers\getFarmers.controller.js
FN:3,getFarmers
FNF:1
FNH:1
FNDA:2,getFarmers
DA:1,2
DA:4,2
DA:5,2
DA:6,2
DA:7,1
DA:9,1
DA:10,1
DA:14,2
LF:8
LH:8
BRF:0
BRH:0
end_of_record
TN:
SF:modules\farmer\controllers\getLedger.controller.js
FN:3,getLedger
FNF:1
FNH:1
FNDA:2,getLedger
DA:1,2
DA:4,2
DA:5,2
DA:6,2
DA:7,1
DA:9,1
DA:10,1
DA:14,2
LF:8
LH:8
BRF:0
BRH:0
end_of_record
TN:
SF:modules\farmer\controllers\loginMpin.controller.js
FN:7,loginMpin
FNF:1
FNH:1
FNDA:15,loginMpin
DA:1,2
DA:2,2
DA:3,2
DA:4,2
DA:5,2
DA:8,15
DA:9,15
DA:10,1
DA:13,14
DA:14,14
DA:16,14
DA:18,6
DA:19,6
DA:20,5
DA:21,1
DA:23,4
DA:24,4
DA:25,2
DA:30,2
DA:40,3
DA:41,3
DA:42,0
DA:43,0
DA:45,0
DA:46,0
DA:47,0
DA:52,0
DA:62,8
DA:63,7
DA:64,6
DA:65,1
DA:67,5
DA:68,5
DA:69,2
DA:74,2
DA:81,3
DA:85,1
DA:86,1
DA:87,0
DA:88,0
DA:90,0
DA:91,0
DA:92,0
DA:97,0
DA:107,4
DA:109,1
DA:110,1
DA:114,2
LF:48
LH:36
BRDA:9,0,0,1
BRDA:9,0,1,14
BRDA:9,1,0,15
BRDA:9,1,1,15
BRDA:14,2,0,14
BRDA:14,2,1,14
BRDA:16,3,0,6
BRDA:16,3,1,8
BRDA:19,4,0,5
BRDA:19,4,1,1
BRDA:20,5,0,1
BRDA:20,5,1,4
BRDA:24,6,0,2
BRDA:24,6,1,2
BRDA:27,7,0,2
BRDA:27,7,1,1
BRDA:41,8,0,0
BRDA:41,8,1,3
BRDA:42,9,0,0
BRDA:42,9,1,0
BRDA:45,10,0,0
BRDA:45,10,1,0
BRDA:46,11,0,0
BRDA:46,11,1,0
BRDA:49,12,0,0
BRDA:49,12,1,0
BRDA:63,13,0,6
BRDA:63,13,1,1
BRDA:64,14,0,1
BRDA:64,14,1,5
BRDA:67,15,0,5
BRDA:67,15,1,1
BRDA:68,16,0,2
BRDA:68,16,1,3
BRDA:71,17,0,2
BRDA:71,17,1,1
BRDA:86,18,0,0
BRDA:86,18,1,1
BRDA:87,19,0,0
BRDA:87,19,1,0
BRDA:91,20,0,0
BRDA:91,20,1,0
BRDA:94,21,0,0
BRDA:94,21,1,0
BRF:44
BRH:28
end_of_record
TN:
SF:modules\farmer\controllers\mpinHelpers.js
FNF:0
FNH:0
DA:1,2
DA:3,2
LF:2
LH:2
BRF:0
BRH:0
end_of_record
TN:
SF:modules\farmer\controllers\otpStore.js
FNF:0
FNH:0
DA:3,2
DA:5,2
LF:2
LH:2
BRF:0
BRH:0
end_of_record
TN:
SF:modules\farmer\controllers\registerFarmer.controller.js
FN:4,registerFarmer
FNF:1
FNH:1
FNDA:8,registerFarmer
DA:1,2
DA:2,2
DA:5,8
DA:6,8
DA:7,2
DA:9,6
DA:10,1
DA:13,5
DA:14,5
DA:15,5
DA:16,5
DA:18,5
DA:20,5
DA:26,5
DA:28,2
DA:29,2
DA:30,2
DA:37,1
DA:41,1
DA:43,2
DA:48,3
DA:49,3
DA:50,2
DA:54,2
LF:24
LH:24
BRDA:6,0,0,2
BRDA:6,0,1,6
BRDA:6,1,0,8
BRDA:6,1,1,7
BRDA:9,2,0,1
BRDA:9,2,1,5
BRDA:14,3,0,5
BRDA:14,3,1,5
BRDA:15,4,0,5
BRDA:15,4,1,5
BRDA:18,5,0,5
BRDA:18,5,1,5
BRDA:22,6,0,5
BRDA:22,6,1,4
BRDA:22,7,0,5
BRDA:22,7,1,5
BRDA:23,8,0,5
BRDA:23,8,1,5
BRDA:23,9,0,5
BRDA:23,9,1,5
BRDA:23,10,0,5
BRDA:23,10,1,5
BRDA:32,11,0,2
BRDA:32,11,1,1
BRDA:45,12,0,2
BRDA:45,12,1,1
BRDA:45,13,0,2
BRDA:45,13,1,2
BRDA:45,14,0,2
BRDA:45,14,1,2
BRDA:45,15,0,2
BRDA:45,15,1,2
BRDA:45,16,0,2
BRDA:45,16,1,2
BRDA:49,17,0,1
BRDA:49,17,1,2
BRDA:50,18,0,2
BRDA:50,18,1,1
BRF:38
BRH:38
end_of_record
TN:
SF:modules\farmer\controllers\resetMpin.controller.js
FN:8,resetMpin
FNF:1
FNH:1
FNDA:8,resetMpin
DA:1,2
DA:2,2
DA:3,2
DA:4,2
DA:5,2
DA:6,2
DA:9,8
DA:10,8
DA:11,1
DA:13,7
DA:14,1
DA:17,6
DA:20,6
DA:22,6
DA:23,2
DA:27,4
DA:28,4
DA:31,4
DA:32,4
DA:33,3
DA:34,1
DA:35,1
DA:36,1
DA:39,2
DA:40,2
DA:41,1
DA:44,1
DA:45,1
DA:47,1
DA:49,1
DA:50,1
DA:54,2
LF:32
LH:32
BRDA:10,0,0,1
BRDA:10,0,1,7
BRDA:10,1,0,8
BRDA:10,1,1,8
BRDA:10,1,2,8
BRDA:13,2,0,1
BRDA:13,2,1,6
BRDA:22,3,0,2
BRDA:22,3,1,4
BRDA:22,4,0,6
BRDA:22,4,1,4
BRDA:22,4,2,4
BRDA:27,5,0,4
BRDA:27,5,1,0
BRDA:33,6,0,1
BRDA:33,6,1,2
BRDA:40,7,0,1
BRDA:40,7,1,1
BRF:18
BRH:17
end_of_record
TN:
SF:modules\farmer\controllers\sendProfileOtp.controller.js
FN:7,sendProfileOtp
FNF:1
FNH:1
FNDA:8,sendProfileOtp
DA:1,2
DA:2,2
DA:3,2
DA:4,2
DA:5,2
DA:8,8
DA:9,8
DA:10,1
DA:12,7
DA:13,1
DA:16,6
DA:18,6
DA:21,6
DA:26,6
DA:27,5
DA:28,1
DA:32,4
DA:33,4
DA:36,4
DA:39,4
DA:42,4
DA:44,4
DA:45,4
DA:46,4
DA:49,4
DA:50,3
DA:51,3
DA:52,3
DA:53,2
DA:54,2
DA:55,1
DA:58,1
DA:59,1
DA:64,4
DA:65,1
DA:66,1
DA:67,1
DA:68,1
DA:69,1
DA:70,1
DA:71,1
DA:72,1
DA:75,0
DA:76,0
DA:81,4
DA:82,2
DA:83,2
DA:84,0
DA:91,2
DA:95,2
DA:97,3
DA:98,3
DA:102,2
LF:53
LH:50
BRDA:9,0,0,1
BRDA:9,0,1,7
BRDA:9,1,0,8
BRDA:9,1,1,8
BRDA:9,1,2,8
BRDA:12,2,0,1
BRDA:12,2,1,6
BRDA:12,3,0,7
BRDA:12,3,1,2
BRDA:21,4,0,5
BRDA:21,4,1,1
BRDA:27,5,0,1
BRDA:27,5,1,4
BRDA:32,6,0,3
BRDA:32,6,1,1
BRDA:33,7,0,1
BRDA:33,7,1,3
BRDA:49,8,0,3
BRDA:49,8,1,1
BRDA:52,9,0,2
BRDA:52,9,1,1
BRDA:52,10,0,3
BRDA:52,10,1,3
BRDA:52,10,2,2
BRDA:64,11,0,1
BRDA:64,11,1,3
BRDA:68,12,0,1
BRDA:68,12,1,0
BRDA:68,13,0,1
BRDA:68,13,1,1
BRDA:81,14,0,2
BRDA:81,14,1,2
BRDA:81,15,0,4
BRDA:81,15,1,3
BRDA:83,16,0,0
BRDA:83,16,1,2
BRDA:98,17,0,3
BRDA:98,17,1,1
BRF:38
BRH:36
end_of_record
TN:
SF:modules\farmer\controllers\sendResetOtp.controller.js
FN:7,sendResetOtp
FNF:1
FNH:1
FNDA:4,sendResetOtp
DA:1,2
DA:2,2
DA:3,2
DA:4,2
DA:5,2
DA:8,4
DA:9,4
DA:10,1
DA:13,3
DA:14,3
DA:17,3
DA:18,3
DA:19,3
DA:22,3
DA:23,2
DA:27,2
DA:28,1
DA:29,1
DA:33,3
DA:34,1
DA:37,2
DA:38,0
DA:42,2
DA:45,2
DA:50,2
DA:51,2
DA:52,2
DA:55,2
DA:56,2
DA:57,2
DA:58,0
DA:60,2
DA:61,2
DA:65,2
DA:66,2
DA:67,2
DA:68,2
DA:69,2
DA:70,2
DA:71,2
DA:72,2
DA:73,2
DA:74,1
DA:77,1
DA:78,1
DA:83,2
DA:84,1
DA:93,2
DA:95,0
DA:96,0
DA:100,2
LF:51
LH:47
BRDA:9,0,0,1
BRDA:9,0,1,3
BRDA:22,1,0,2
BRDA:22,1,1,1
BRDA:27,2,0,1
BRDA:27,2,1,1
BRDA:33,3,0,1
BRDA:33,3,1,2
BRDA:37,4,0,0
BRDA:37,4,1,2
BRDA:65,5,0,2
BRDA:65,5,1,0
BRDA:66,6,0,2
BRDA:66,6,1,0
BRDA:70,7,0,2
BRDA:70,7,1,0
BRDA:70,8,0,2
BRDA:70,8,1,2
BRDA:83,9,0,1
BRDA:83,9,1,1
BRDA:83,10,0,2
BRDA:83,10,1,2
BRDA:87,11,0,1
BRDA:87,11,1,0
BRF:24
BRH:19
end_of_record
TN:
SF:modules\farmer\controllers\updateFarmer.controller.js
FN:4,updateFarmer
FNF:1
FNH:1
FNDA:5,updateFarmer
DA:1,2
DA:2,2
DA:5,5
DA:8,5
DA:9,1
DA:12,4
DA:14,4
DA:15,4
DA:16,3
DA:17,1
DA:20,2
DA:21,2
DA:22,2
DA:23,2
DA:24,2
DA:26,2
DA:30,2
DA:32,1
DA:33,1
DA:37,2
LF:20
LH:20
BRDA:8,0,0,1
BRDA:8,0,1,4
BRDA:8,1,0,5
BRDA:8,1,1,2
BRDA:16,2,0,1
BRDA:16,2,1,2
BRDA:20,3,0,1
BRDA:20,3,1,1
BRDA:21,4,0,1
BRDA:21,4,1,1
BRDA:22,5,0,1
BRDA:22,5,1,1
BRDA:23,6,0,1
BRDA:23,6,1,1
BRDA:24,7,0,1
BRDA:24,7,1,1
BRF:16
BRH:16
end_of_record
TN:
SF:modules\farmer\controllers\verifyAndUpdateProfile.controller.js
FN:5,verifyAndUpdateProfile
FNF:1
FNH:1
FNDA:7,verifyAndUpdateProfile
DA:1,2
DA:2,2
DA:3,2
DA:6,7
DA:7,7
DA:8,1
DA:11,6
DA:12,6
DA:17,6
DA:19,5
DA:20,2
DA:25,3
DA:26,3
DA:27,1
DA:30,2
DA:31,2
DA:32,2
DA:34,2
DA:37,2
DA:39,2
DA:41,1
DA:42,1
DA:46,2
LF:23
LH:23
BRDA:7,0,0,1
BRDA:7,0,1,6
BRDA:7,1,0,7
BRDA:7,1,1,7
BRDA:7,1,2,6
BRDA:7,1,3,6
BRDA:12,2,0,5
BRDA:12,2,1,1
BRDA:19,3,0,2
BRDA:19,3,1,3
BRDA:19,4,0,5
BRDA:19,4,1,4
BRDA:19,4,2,3
BRDA:26,5,0,1
BRDA:26,5,1,2
BRDA:30,6,0,1
BRDA:30,6,1,1
BRDA:31,7,0,1
BRDA:31,7,1,1
BRDA:32,8,0,1
BRDA:32,8,1,1
BRF:21
BRH:21
end_of_record
TN:
SF:modules\farmer\pdf\pdfHelpers.js
FN:4,drawHeaderBand
FN:25,drawFooter
FN:41,getDetailedTransactionInfo
FNF:3
FNH:3
FNDA:28,drawHeaderBand
FNDA:4,drawFooter
FNDA:7,getDetailedTransactionInfo
DA:1,2
DA:2,2
DA:5,28
DA:7,28
DA:8,28
DA:10,28
DA:11,26
DA:12,2
DA:13,1
DA:15,1
DA:16,1
DA:19,28
DA:20,28
DA:22,28
DA:26,4
DA:27,4
DA:28,5
DA:29,5
DA:31,5
DA:33,5
DA:34,5
DA:35,5
DA:37,5
DA:42,7
DA:43,7
DA:45,7
DA:46,7
DA:47,24
DA:49,7
DA:51,7
DA:52,7
DA:54,7
DA:55,7
DA:57,7
DA:58,7
DA:60,7
DA:75,2
LF:37
LH:37
BRDA:10,0,0,26
BRDA:10,0,1,2
BRDA:12,1,0,1
BRDA:12,1,1,1
BRDA:51,2,0,3
BRDA:51,2,1,4
BRDA:51,3,0,4
BRDA:51,3,1,1
BRDA:52,4,0,3
BRDA:52,4,1,4
BRDA:52,5,0,4
BRDA:52,5,1,2
BRDA:55,6,0,3
BRDA:55,6,1,4
BRDA:55,7,0,4
BRDA:55,7,1,4
BRDA:57,8,0,3
BRDA:57,8,1,4
BRDA:57,9,0,4
BRDA:57,9,1,4
BRDA:58,10,0,3
BRDA:58,10,1,4
BRDA:58,11,0,4
BRDA:58,11,1,2
BRDA:63,12,0,3
BRDA:63,12,1,4
BRDA:65,13,0,7
BRDA:65,13,1,5
BRDA:69,14,0,7
BRDA:69,14,1,5
BRDA:69,15,0,1
BRDA:69,15,1,4
BRDA:71,16,0,3
BRDA:71,16,1,4
BRDA:71,17,0,3
BRDA:71,17,1,3
BRDA:71,18,0,4
BRDA:71,18,1,2
BRF:38
BRH:38
end_of_record
TN:
SF:modules\farmer\pdf\pdfReceipt.js
FN:5,buildReceiptPdf
FN:51,(anonymous_1)
FN:63,(anonymous_2)
FN:76,(anonymous_3)
FNF:4
FNH:4
FNDA:3,buildReceiptPdf
FNDA:18,(anonymous_1)
FNDA:15,(anonymous_2)
FNDA:3,(anonymous_3)
DA:1,2
DA:2,2
DA:3,2
DA:6,3
DA:7,3
DA:8,3
DA:10,3
DA:11,3
DA:12,3
DA:13,3
DA:15,3
DA:16,3
DA:18,3
DA:19,3
DA:20,3
DA:21,3
DA:22,3
DA:23,3
DA:24,3
DA:26,3
DA:27,3
DA:28,3
DA:29,3
DA:30,3
DA:31,3
DA:32,3
DA:34,3
DA:35,3
DA:37,3
DA:38,3
DA:39,3
DA:40,3
DA:41,3
DA:43,3
DA:51,3
DA:52,18
DA:53,18
DA:56,3
DA:63,3
DA:64,15
DA:65,15
DA:68,3
DA:69,3
DA:70,3
DA:71,3
DA:73,3
DA:74,3
DA:75,3
DA:76,3
DA:77,3
DA:78,3
DA:88,3
DA:89,3
DA:90,3
DA:93,2
LF:55
LH:55
BRDA:22,0,0,3
BRDA:22,0,1,1
BRDA:23,1,0,3
BRDA:23,1,1,1
BRDA:24,2,0,3
BRDA:24,2,1,1
BRDA:29,3,0,3
BRDA:29,3,1,1
BRDA:30,4,0,3
BRDA:30,4,1,1
BRDA:31,5,0,3
BRDA:31,5,1,1
BRDA:44,6,0,2
BRDA:44,6,1,1
BRDA:46,7,0,1
BRDA:46,7,1,2
BRDA:48,8,0,3
BRDA:48,8,1,1
BRDA:53,9,0,18
BRDA:53,9,1,12
BRDA:53,10,0,9
BRDA:53,10,1,9
BRDA:53,11,0,3
BRDA:53,11,1,15
BRDA:61,12,0,3
BRDA:61,12,1,1
BRDA:65,13,0,9
BRDA:65,13,1,6
BRDA:80,14,0,3
BRDA:80,14,1,1
BRDA:81,15,0,3
BRDA:81,15,1,1
BRDA:82,16,0,1
BRDA:82,16,1,2
BRDA:83,17,0,2
BRDA:83,17,1,1
BRF:36
BRH:36
end_of_record
TN:
SF:modules\farmer\pdf\pdfStatement.js
FN:5,buildStatementPdf
FN:28,(anonymous_1)
FN:56,formatRs
FNF:3
FNH:3
FNDA:22,buildStatementPdf
FNDA:88,(anonymous_1)
FNDA:22,formatRs
DA:1,2
DA:2,2
DA:3,2
DA:6,22
DA:7,22
DA:8,22
DA:10,22
DA:13,22
DA:14,22
DA:17,22
DA:19,22
DA:20,22
DA:21,22
DA:27,22
DA:28,22
DA:29,88
DA:30,88
DA:31,88
DA:35,22
DA:36,22
DA:37,22
DA:38,22
DA:39,22
DA:40,22
DA:43,22
DA:44,22
DA:45,22
DA:46,22
DA:47,22
DA:48,22
DA:51,22
DA:52,22
DA:53,22
DA:57,22
DA:60,2
LF:35
LH:35
BRDA:22,0,0,22
BRDA:22,0,1,1
BRDA:23,1,0,22
BRDA:23,1,1,1
BRDA:24,2,0,2
BRDA:24,2,1,20
BRDA:25,3,0,22
BRDA:25,3,1,20
BRDA:38,4,0,22
BRDA:38,4,1,21
BRF:10
BRH:10
end_of_record
TN:
SF:modules\farmer\pdf\pdfStatementTables.js
FN:3,renderStatementBody
FN:8,(anonymous_1)
FN:19,(anonymous_2)
FN:37,(anonymous_3)
FN:59,drawClosingSummary
FN:75,(anonymous_5)
FN:83,drawPageFooters
FN:96,fmtRs
FNF:8
FNH:8
FNDA:22,renderStatementBody
FNDA:725,(anonymous_1)
FNDA:745,(anonymous_2)
FNDA:1490,(anonymous_3)
FNDA:22,drawClosingSummary
FNDA:88,(anonymous_5)
FNDA:22,drawPageFooters
FNDA:66,fmtRs
DA:1,2
DA:4,22
DA:5,22
DA:6,22
DA:8,725
DA:10,22
DA:16,22
DA:17,22
DA:19,22
DA:20,745
DA:21,745
DA:23,745
DA:24,745
DA:25,378
DA:26,378
DA:29,745
DA:30,745
DA:31,744
DA:32,744
DA:33,551
DA:34,362
DA:37,1490
DA:39,745
DA:53,22
DA:54,22
DA:55,22
DA:56,22
DA:60,22
DA:61,22
DA:64,22
DA:65,22
DA:66,22
DA:68,22
DA:75,22
DA:76,88
DA:77,88
DA:78,88
DA:79,88
DA:84,22
DA:85,22
DA:86,22
DA:87,22
DA:88,22
DA:89,22
DA:90,22
DA:91,22
DA:92,22
DA:97,66
DA:100,2
LF:49
LH:49
BRDA:19,0,0,20
BRDA:19,0,1,2
BRDA:24,1,0,378
BRDA:24,1,1,367
BRDA:25,2,0,378
BRDA:25,2,1,3
BRDA:26,3,0,375
BRDA:26,3,1,3
BRDA:30,4,0,744
BRDA:30,4,1,1
BRDA:32,5,0,193
BRDA:32,5,1,551
BRDA:33,6,0,189
BRDA:33,6,1,362
BRDA:34,7,0,184
BRDA:34,7,1,178
BRDA:41,8,0,745
BRDA:41,8,1,369
BRDA:41,9,0,366
BRDA:41,9,1,3
BRDA:42,10,0,745
BRDA:42,10,1,491
BRDA:42,10,2,368
BRDA:42,10,3,298
BRDA:42,10,4,196
BRDA:44,11,0,367
BRDA:44,11,1,378
BRDA:45,12,0,378
BRDA:45,12,1,367
BRDA:61,13,0,1
BRDA:61,13,1,21
BRDA:69,14,0,22
BRDA:69,14,1,21
BRDA:70,15,0,22
BRDA:70,15,1,21
BRDA:77,16,0,66
BRDA:77,16,1,22
BRF:37
BRH:37
end_of_record
TN:
SF:modules\farmer\pdf\pdfTable.js
FN:1,drawTable
FN:3,(anonymous_1)
FN:6,(anonymous_2)
FN:10,(anonymous_3)
FN:23,(anonymous_4)
FN:38,(anonymous_5)
FN:42,(anonymous_6)
FN:65,(anonymous_7)
FNF:8
FNH:8
FNDA:27,drawTable
FNDA:220,(anonymous_1)
FNDA:46,(anonymous_2)
FNDA:384,(anonymous_3)
FNDA:384,(anonymous_4)
FNDA:753,(anonymous_5)
FNDA:6747,(anonymous_6)
FNDA:6747,(anonymous_7)
DA:2,27
DA:3,220
DA:6,27
DA:8,46
DA:9,46
DA:10,46
DA:11,384
DA:12,384
DA:13,384
DA:15,46
DA:18,46
DA:19,46
DA:22,46
DA:23,46
DA:24,384
DA:25,384
DA:26,384
DA:27,384
DA:30,46
DA:34,27
DA:35,27
DA:38,27
DA:40,753
DA:41,753
DA:42,753
DA:43,6747
DA:44,6747
DA:45,6747
DA:47,753
DA:50,753
DA:51,19
DA:52,19
DA:53,19
DA:54,19
DA:58,753
DA:59,753
DA:63,753
DA:64,753
DA:65,753
DA:66,6747
DA:67,6747
DA:68,6747
DA:69,6747
DA:72,753
DA:75,27
DA:78,2
LF:46
LH:46
BRDA:13,0,0,46
BRDA:13,0,1,338
BRDA:25,1,0,384
BRDA:25,1,1,2
BRDA:45,2,0,753
BRDA:45,2,1,5994
BRDA:50,3,0,19
BRDA:50,3,1,734
BRDA:60,4,0,384
BRDA:60,4,1,369
BRDA:67,5,0,6747
BRDA:67,5,1,2
BRF:12
BRH:12
end_of_record
TN:
SF:modules\farmer\repositories\createFarmerRecord.repository.js
FN:3,createFarmerRecord
FNF:1
FNH:1
FNDA:1,createFarmerRecord
DA:1,10
DA:4,1
DA:12,1
DA:15,10
LF:4
LH:4
BRF:0
BRH:0
end_of_record
TN:
SF:modules\farmer\repositories\getFarmerByPhone.repository.js
FN:3,getFarmerByPhone
FNF:1
FNH:1
FNDA:3,getFarmerByPhone
DA:1,10
DA:4,3
DA:5,3
DA:14,3
DA:17,10
LF:5
LH:5
BRF:0
BRH:0
end_of_record
TN:
SF:modules\farmer\repositories\getFarmerLedger.repository.js
FN:3,fetchLedgerComponents
FN:90,getFarmerLedger
FN:98,(anonymous_2)
FN:99,(anonymous_3)
FN:100,(anonymous_4)
FN:103,(anonymous_5)
FN:111,(anonymous_6)
FNF:7
FNH:7
FNDA:9,fetchLedgerComponents
FNDA:9,getFarmerLedger
FNDA:5,(anonymous_2)
FNDA:2,(anonymous_3)
FNDA:4,(anonymous_4)
FNDA:5,(anonymous_5)
FNDA:11,(anonymous_6)
DA:1,11
DA:4,9
DA:5,2
DA:17,2
DA:29,2
DA:46,2
DA:48,7
DA:59,7
DA:70,7
DA:86,7
DA:92,9
DA:93,9
DA:95,9
DA:97,9
DA:98,5
DA:99,2
DA:100,4
DA:103,9
DA:105,9
DA:106,9
DA:107,7
DA:108,7
DA:111,9
DA:112,11
DA:113,11
DA:119,9
DA:122,11
LF:27
LH:27
BRDA:4,0,0,2
BRDA:4,0,1,7
BRDA:106,1,0,7
BRDA:106,1,1,2
BRDA:108,2,0,6
BRDA:108,2,1,1
BRDA:108,3,0,6
BRDA:108,3,1,4
BRF:8
BRH:8
end_of_record
TN:
SF:modules\farmer\repositories\getFarmersData.repository.js
FN:3,getFarmersData
FNF:1
FNH:1
FNDA:4,getFarmersData
DA:1,10
DA:4,4
DA:18,4
DA:19,4
DA:21,4
DA:22,2
DA:23,2
DA:24,2
DA:26,4
DA:27,1
DA:28,1
DA:29,1
DA:32,4
DA:33,4
DA:36,10
LF:15
LH:15
BRDA:21,0,0,2
BRDA:21,0,1,2
BRDA:26,1,0,1
BRDA:26,1,1,3
BRF:4
BRH:4
end_of_record
TN:
SF:modules\mandi\mandi.controller.js
FN:3,getMandiPrices
FN:26,(anonymous_1)
FN:26,(anonymous_2)
FN:27,(anonymous_3)
FN:27,(anonymous_4)
FN:63,(anonymous_5)
FN:66,(anonymous_6)
FN:69,(anonymous_7)
FN:72,(anonymous_8)
FN:73,(anonymous_9)
FNF:10
FNH:10
FNDA:9,getMandiPrices
FNDA:5,(anonymous_1)
FNDA:5,(anonymous_2)
FNDA:5,(anonymous_3)
FNDA:5,(anonymous_4)
FNDA:20,(anonymous_5)
FNDA:6,(anonymous_6)
FNDA:3,(anonymous_7)
FNDA:11,(anonymous_8)
FNDA:11,(anonymous_9)
DA:1,3
DA:4,9
DA:5,9
DA:6,9
DA:8,9
DA:9,9
DA:10,9
DA:11,9
DA:12,9
DA:14,9
DA:16,8
DA:18,5
DA:19,1
DA:22,4
DA:23,1
DA:26,5
DA:27,5
DA:28,3
DA:29,3
DA:31,3
DA:33,3
DA:46,3
DA:48,3
DA:61,3
DA:62,3
DA:63,20
DA:65,3
DA:66,6
DA:68,3
DA:69,3
DA:72,11
DA:73,11
DA:75,3
DA:89,3
LF:34
LH:34
BRDA:4,0,0,9
BRDA:4,0,1,1
BRDA:5,1,0,9
BRDA:5,1,1,1
BRDA:6,2,0,9
BRDA:6,2,1,1
BRDA:10,3,0,9
BRDA:10,3,1,2
BRDA:11,4,0,9
BRDA:11,4,1,2
BRDA:14,5,0,1
BRDA:14,5,1,8
BRDA:18,6,0,1
BRDA:18,6,1,4
BRDA:22,7,0,1
BRDA:22,7,1,3
BRDA:28,8,0,2
BRDA:28,8,1,1
BRDA:29,9,0,2
BRDA:29,9,1,1
BRDA:62,10,0,2
BRDA:62,10,1,1
BRDA:62,11,0,3
BRDA:62,11,1,3
BRDA:65,12,0,2
BRDA:65,12,1,1
BRDA:65,13,0,3
BRDA:65,13,1,3
BRDA:68,14,0,2
BRDA:68,14,1,1
BRDA:68,15,0,3
BRDA:68,15,1,3
BRDA:72,16,0,2
BRDA:72,16,1,1
BRDA:73,17,0,2
BRDA:73,17,1,1
BRF:36
BRH:36
end_of_record
TN:
SF:modules\mandi\mandi.routes.js
FNF:0
FNH:0
DA:1,2
DA:2,2
DA:3,2
DA:5,2
DA:7,2
LF:5
LH:5
BRF:0
BRH:0
end_of_record
TN:
SF:modules\mandi\mandi.service.js
FN:7,getCacheKey
FN:11,fetchMandiPrices
FN:51,(anonymous_2)
FN:62,(anonymous_3)
FNF:4
FNH:4
FNDA:10,getCacheKey
FNDA:10,fetchMandiPrices
FNDA:7,(anonymous_2)
FNDA:7,(anonymous_3)
DA:1,4
DA:3,4
DA:4,4
DA:5,4
DA:8,10
DA:12,10
DA:13,10
DA:15,10
DA:16,1
DA:17,1
DA:20,9
DA:22,9
DA:28,9
DA:29,7
DA:32,9
DA:33,4
DA:36,9
DA:37,4
DA:40,9
DA:45,9
DA:46,9
DA:47,6
DA:48,6
DA:51,7
DA:62,7
DA:64,3
DA:65,3
DA:68,4
LF:28
LH:28
BRDA:3,0,0,4
BRDA:3,0,1,4
BRDA:8,1,0,10
BRDA:8,1,1,1
BRDA:8,2,0,10
BRDA:8,2,1,5
BRDA:8,3,0,10
BRDA:8,3,1,4
BRDA:15,4,0,1
BRDA:15,4,1,9
BRDA:15,5,0,10
BRDA:15,5,1,1
BRDA:28,6,0,7
BRDA:28,6,1,2
BRDA:28,7,0,9
BRDA:28,7,1,8
BRDA:32,8,0,4
BRDA:32,8,1,5
BRDA:32,9,0,9
BRDA:32,9,1,4
BRDA:36,10,0,4
BRDA:36,10,1,5
BRDA:36,11,0,9
BRDA:36,11,1,5
BRDA:46,12,0,6
BRDA:46,12,1,3
BRDA:46,13,0,9
BRDA:46,13,1,9
BRDA:52,14,0,7
BRDA:52,14,1,4
BRDA:52,14,2,3
BRDA:53,15,0,7
BRDA:53,15,1,6
BRDA:53,15,2,5
BRDA:54,16,0,7
BRDA:54,16,1,6
BRDA:54,16,2,5
BRDA:55,17,0,7
BRDA:55,17,1,4
BRDA:55,17,2,3
BRDA:55,17,3,2
BRDA:56,18,0,7
BRDA:56,18,1,4
BRDA:56,18,2,3
BRDA:56,18,3,2
BRDA:57,19,0,7
BRDA:57,19,1,6
BRDA:57,19,2,5
BRDA:57,19,3,4
BRDA:58,20,0,7
BRDA:58,20,1,6
BRDA:58,20,2,5
BRDA:59,21,0,7
BRDA:59,21,1,6
BRDA:59,21,2,5
BRDA:60,22,0,7
BRDA:60,22,1,7
BRDA:61,23,0,7
BRDA:61,23,1,7
BRDA:62,24,0,7
BRDA:62,24,1,3
BRF:61
BRH:61
end_of_record
TN:
SF:modules\notification\notification.controller.js
FN:3,getNotifications
FN:13,markAsRead
FN:24,registerPushToken
FN:34,cleanupNotifications
FNF:4
FNH:4
FNDA:2,getNotifications
FNDA:3,markAsRead
FNDA:2,registerPushToken
FNDA:2,cleanupNotifications
DA:1,3
DA:4,2
DA:5,2
DA:6,1
DA:8,1
DA:9,1
DA:14,3
DA:15,3
DA:16,1
DA:18,2
DA:19,2
DA:20,2
DA:25,2
DA:26,2
DA:27,1
DA:29,1
DA:30,1
DA:35,2
DA:36,2
DA:37,1
DA:39,1
DA:40,1
DA:44,3
LF:23
LH:23
BRDA:19,0,0,2
BRDA:19,0,1,1
BRDA:20,1,0,2
BRDA:20,1,1,1
BRF:4
BRH:4
end_of_record
TN:
SF:modules\notification\notification.repository.js
FN:4,getAppNotifications
FN:13,getPendingBills
FN:22,markNotificationAsRead
FN:30,insertNotificationLog
FN:44,insertAppNotification
FN:57,resolveFarmerId
FN:65,checkColdStorageExists
FN:70,getProcessedTransactionsSql
FN:78,checkPaymentExists
FN:83,getUnreadNotifications
FN:88,deleteNotification
FN:92,getBillingEntryDetails
FN:97,getFarmerColdStorageId
FN:102,upsertBillingNotification
FN:111,getNotificationUserId
FNF:15
FNH:15
FNDA:1,getAppNotifications
FNDA:1,getPendingBills
FNDA:1,markNotificationAsRead
FNDA:1,insertNotificationLog
FNDA:1,insertAppNotification
FNDA:2,resolveFarmerId
FNDA:2,checkColdStorageExists
FNDA:2,getProcessedTransactionsSql
FNDA:2,checkPaymentExists
FNDA:1,getUnreadNotifications
FNDA:1,deleteNotification
FNDA:1,getBillingEntryDetails
FNDA:2,getFarmerColdStorageId
FNDA:1,upsertBillingNotification
FNDA:2,getNotificationUserId
DA:1,19
DA:2,19
DA:5,1
DA:10,1
DA:14,1
DA:19,1
DA:23,1
DA:27,1
DA:31,1
DA:40,1
DA:41,1
DA:45,1
DA:53,1
DA:54,1
DA:58,2
DA:62,2
DA:66,2
DA:67,2
DA:71,2
DA:74,2
DA:75,2
DA:79,2
DA:80,2
DA:84,1
DA:85,1
DA:89,1
DA:93,1
DA:94,1
DA:98,2
DA:99,2
DA:103,1
DA:112,2
DA:113,2
DA:116,19
LF:34
LH:34
BRDA:62,0,0,1
BRDA:62,0,1,1
BRDA:71,1,0,1
BRDA:71,1,1,1
BRF:4
BRH:4
end_of_record
TN:
SF:modules\notification\notification.routes.js
FNF:0
FNH:0
DA:1,2
DA:2,2
DA:3,2
DA:4,2
DA:6,2
DA:7,2
DA:8,2
DA:9,2
DA:11,2
LF:9
LH:9
BRF:0
BRH:0
end_of_record
TN:
SF:modules\notification\notification.service.js
FN:7,computeTimeLabel
FN:20,getProcessedTransactions
FN:28,checkStale
FN:36,(anonymous_3)
FN:44,(anonymous_4)
FN:53,fetchNotifications
FN:103,(anonymous_6)
FN:109,cleanupStaleNotifications
FN:128,markNotificationRead
FN:160,registerUserPushToken
FNF:10
FNH:10
FNDA:9,computeTimeLabel
FNDA:3,getProcessedTransactions
FNDA:13,checkStale
FNDA:25,(anonymous_3)
FNDA:4,(anonymous_4)
FNDA:13,fetchNotifications
FNDA:1,(anonymous_6)
FNDA:1,cleanupStaleNotifications
FNDA:7,markNotificationRead
FNDA:1,registerUserPushToken
DA:1,4
DA:2,4
DA:8,9
DA:9,9
DA:10,9
DA:11,4
DA:12,3
DA:13,3
DA:14,2
DA:21,3
DA:22,3
DA:29,13
DA:30,2
DA:31,2
DA:32,2
DA:35,11
DA:36,25
DA:37,11
DA:38,4
DA:39,4
DA:40,4
DA:41,3
DA:42,3
DA:44,4
DA:46,7
DA:54,13
DA:55,13
DA:56,13
DA:57,13
DA:59,13
DA:60,12
DA:61,1
DA:62,1
DA:65,11
DA:66,4
DA:69,7
DA:82,13
DA:83,13
DA:85,13
DA:86,4
DA:87,4
DA:89,3
DA:90,3
DA:91,2
DA:103,13
DA:110,1
DA:111,1
DA:112,1
DA:114,1
DA:115,2
DA:116,1
DA:117,1
DA:121,1
DA:129,7
DA:130,3
DA:131,3
DA:133,3
DA:134,2
DA:135,2
DA:136,2
DA:138,2
DA:140,3
DA:143,4
DA:144,4
DA:146,3
DA:147,3
DA:148,1
DA:149,1
DA:152,2
DA:153,2
DA:154,1
DA:161,1
DA:162,1
DA:165,4
LF:74
LH:74
BRDA:10,0,0,5
BRDA:10,0,1,4
BRDA:11,1,0,1
BRDA:11,1,1,3
BRDA:13,2,0,1
BRDA:13,2,1,2
BRDA:29,3,0,2
BRDA:29,3,1,11
BRDA:37,4,0,4
BRDA:37,4,1,7
BRDA:37,5,0,11
BRDA:37,5,1,4
BRDA:40,6,0,3
BRDA:40,6,1,1
BRDA:60,7,0,1
BRDA:60,7,1,11
BRDA:65,8,0,4
BRDA:65,8,1,7
BRDA:87,9,0,1
BRDA:87,9,1,3
BRDA:89,10,0,2
BRDA:89,10,1,1
BRDA:90,11,0,2
BRDA:90,11,1,1
BRDA:94,12,0,2
BRDA:94,12,1,1
BRDA:115,13,0,1
BRDA:115,13,1,1
BRDA:129,14,0,3
BRDA:129,14,1,4
BRDA:133,15,0,2
BRDA:133,15,1,1
BRDA:135,16,0,2
BRDA:135,16,1,1
BRDA:136,17,0,2
BRDA:136,17,1,1
BRDA:144,18,0,1
BRDA:144,18,1,3
BRDA:147,19,0,1
BRDA:147,19,1,2
BRDA:153,20,0,1
BRDA:153,20,1,1
BRF:42
BRH:42
end_of_record
TN:
SF:modules\notification\notification.validator.js
FN:5,validateGetNotifications
FN:13,validateRegisterPushToken
FNF:2
FNH:2
FNDA:2,validateGetNotifications
FNDA:3,validateRegisterPushToken
DA:6,2
DA:7,2
DA:8,1
DA:10,1
DA:14,3
DA:15,3
DA:16,2
DA:21,1
DA:24,3
LF:9
LH:9
BRDA:7,0,0,1
BRDA:7,0,1,1
BRDA:15,1,0,2
BRDA:15,1,1,1
BRDA:15,2,0,3
BRDA:15,2,1,2
BRF:6
BRH:6
end_of_record
TN:
SF:modules\notification\repositories\userSync.repository.js
FN:4,getUserForFarmer
FN:9,getFarmerDetails
FN:17,insertShadowUser
FN:31,upsertUserPushToken
FNF:4
FNH:4
FNDA:2,getUserForFarmer
FNDA:1,getFarmerDetails
FNDA:1,insertShadowUser
FNDA:5,upsertUserPushToken
DA:1,20
DA:2,20
DA:5,2
DA:6,2
DA:10,1
DA:14,1
DA:18,1
DA:32,5
DA:33,5
DA:34,5
DA:36,5
DA:37,5
DA:38,2
DA:39,2
DA:40,2
DA:42,3
DA:43,3
DA:44,2
DA:45,2
DA:46,2
DA:50,5
DA:51,1
DA:54,4
DA:68,20
LF:24
LH:24
BRDA:37,0,0,2
BRDA:37,0,1,3
BRDA:39,1,0,2
BRDA:39,1,1,1
BRDA:43,2,0,2
BRDA:43,2,1,1
BRDA:45,3,0,2
BRDA:45,3,1,1
BRDA:50,4,0,1
BRDA:50,4,1,4
BRF:10
BRH:10
end_of_record
TN:
SF:modules\payment\payment.approve.controller.js
FN:4,getPaymentDetails
FN:28,approvePayment
FNF:2
FNH:2
FNDA:4,getPaymentDetails
FNDA:4,approvePayment
DA:1,3
DA:2,3
DA:5,4
DA:6,4
DA:7,4
DA:8,3
DA:9,1
DA:11,2
DA:13,2
DA:23,1
DA:24,1
DA:29,4
DA:30,4
DA:32,4
DA:33,4
DA:35,3
DA:36,2
DA:39,1
DA:42,1
DA:49,1
DA:51,1
DA:52,1
DA:56,3
LF:23
LH:23
BRDA:8,0,0,1
BRDA:8,0,1,2
BRDA:19,1,0,2
BRDA:19,1,1,1
BRDA:35,2,0,2
BRDA:35,2,1,1
BRDA:36,3,0,2
BRDA:36,3,1,1
BRF:8
BRH:8
end_of_record
TN:
SF:modules\payment\payment.constants.js
FNF:0
FNH:0
DA:5,4
LF:1
LH:1
BRF:0
BRH:0
end_of_record
TN:
SF:modules\payment\payment.create.controller.js
FN:6,createOrder
FNF:1
FNH:1
FNDA:16,createOrder
DA:1,3
DA:2,3
DA:3,3
DA:4,3
DA:7,16
DA:8,16
DA:10,16
DA:11,1
DA:14,16
DA:15,16
DA:16,16
DA:17,16
DA:18,16
DA:19,16
DA:20,16
DA:21,16
DA:22,15
DA:23,14
DA:24,13
DA:26,14
DA:27,5
DA:28,5
DA:29,4
DA:32,14
DA:35,1
DA:38,16
DA:39,3
DA:42,13
DA:43,13
DA:46,13
DA:50,13
DA:54,13
DA:56,13
DA:57,1
DA:58,1
DA:61,13
DA:62,13
DA:63,2
DA:64,2
DA:67,13
DA:68,1
DA:69,1
DA:70,1
DA:73,12
DA:74,12
DA:76,12
DA:77,12
DA:78,11
DA:81,12
DA:85,12
DA:86,9
DA:87,9
DA:88,9
DA:90,3
DA:91,3
DA:92,3
DA:94,3
DA:95,3
DA:107,2
DA:109,1
DA:110,1
DA:111,1
DA:112,1
DA:117,12
DA:125,10
DA:126,10
DA:128,10
DA:137,2
DA:138,2
DA:139,2
DA:140,2
DA:144,3
LF:72
LH:72
BRDA:10,0,0,1
BRDA:10,0,1,15
BRDA:10,1,0,16
BRDA:10,1,1,1
BRDA:22,2,0,14
BRDA:22,2,1,1
BRDA:23,3,0,13
BRDA:23,3,1,1
BRDA:26,4,0,5
BRDA:26,4,1,9
BRDA:28,5,0,4
BRDA:28,5,1,1
BRDA:28,6,0,5
BRDA:28,6,1,5
BRDA:38,7,0,3
BRDA:38,7,1,13
BRDA:42,8,0,12
BRDA:42,8,1,1
BRDA:54,9,0,13
BRDA:54,9,1,1
BRDA:56,10,0,1
BRDA:56,10,1,12
BRDA:62,11,0,2
BRDA:62,11,1,11
BRDA:67,12,0,1
BRDA:67,12,1,12
BRDA:76,13,0,12
BRDA:76,13,1,1
BRDA:77,14,0,11
BRDA:77,14,1,1
BRDA:77,15,0,12
BRDA:77,15,1,1
BRDA:78,16,0,11
BRDA:78,16,1,11
BRDA:85,17,0,9
BRDA:85,17,1,3
BRDA:107,18,0,1
BRDA:107,18,1,1
BRDA:140,19,0,2
BRDA:140,19,1,1
BRF:40
BRH:40
end_of_record
TN:
SF:modules\payment\payment.helpers.js
FN:5,extractBankNameAndTransactionId
FNF:1
FNH:1
FNDA:34,extractBankNameAndTransactionId
DA:6,34
DA:7,34
DA:9,34
DA:10,5
DA:13,34
DA:15,34
DA:16,12
DA:17,12
DA:29,12
DA:30,22
DA:31,2
DA:32,20
DA:33,14
DA:34,14
DA:35,12
DA:36,10
DA:37,8
DA:38,6
DA:39,4
DA:40,3
DA:43,34
DA:46,8
LF:22
LH:22
BRDA:9,0,0,5
BRDA:9,0,1,29
BRDA:10,1,0,5
BRDA:10,1,1,2
BRDA:10,1,2,1
BRDA:13,2,0,34
BRDA:13,2,1,5
BRDA:15,3,0,12
BRDA:15,3,1,22
BRDA:15,4,0,34
BRDA:15,4,1,12
BRDA:29,5,0,12
BRDA:29,5,1,1
BRDA:30,6,0,2
BRDA:30,6,1,20
BRDA:30,7,0,22
BRDA:30,7,1,2
BRDA:31,8,0,2
BRDA:31,8,1,1
BRDA:32,9,0,14
BRDA:32,9,1,6
BRDA:32,10,0,20
BRDA:32,10,1,19
BRDA:34,11,0,2
BRDA:34,11,1,12
BRDA:34,12,0,14
BRDA:34,12,1,13
BRDA:35,13,0,2
BRDA:35,13,1,10
BRDA:35,14,0,12
BRDA:35,14,1,11
BRDA:36,15,0,2
BRDA:36,15,1,8
BRDA:36,16,0,10
BRDA:36,16,1,9
BRDA:37,17,0,2
BRDA:37,17,1,6
BRDA:37,18,0,8
BRDA:37,18,1,7
BRDA:38,19,0,2
BRDA:38,19,1,4
BRDA:38,20,0,6
BRDA:38,20,1,5
BRDA:39,21,0,1
BRDA:39,21,1,3
BRDA:40,22,0,2
BRDA:40,22,1,1
BRDA:40,23,0,3
BRDA:40,23,1,2
BRF:49
BRH:49
end_of_record
TN:
SF:modules\payment\payment.manual.controller.js
FN:9,initiatePayment
FN:35,verifyManualPayment
FNF:2
FNH:2
FNDA:6,initiatePayment
FNDA:16,verifyManualPayment
DA:1,4
DA:2,4
DA:3,4
DA:4,4
DA:5,4
DA:6,4
DA:7,4
DA:10,6
DA:11,6
DA:13,6
DA:14,6
DA:15,6
DA:16,1
DA:19,5
DA:20,5
DA:21,5
DA:22,1
DA:24,4
DA:26,4
DA:28,2
DA:30,2
DA:31,2
DA:36,16
DA:37,16
DA:39,16
DA:40,1
DA:43,15
DA:44,15
DA:45,15
DA:46,10
DA:47,10
DA:48,10
DA:49,10
DA:50,10
DA:51,9
DA:52,9
DA:53,8
DA:54,7
DA:55,9
DA:56,9
DA:57,9
DA:58,8
DA:59,8
DA:62,1
DA:66,15
DA:67,15
DA:68,2
DA:69,2
DA:70,1
DA:77,2
DA:80,13
DA:82,13
DA:86,11
DA:87,3
DA:88,1
DA:94,1
DA:96,2
DA:99,8
DA:100,8
DA:101,8
DA:103,8
DA:110,8
DA:112,2
DA:113,2
DA:117,4
LF:65
LH:65
BRDA:15,0,0,1
BRDA:15,0,1,5
BRDA:20,1,0,5
BRDA:20,1,1,1
BRDA:21,2,0,1
BRDA:21,2,1,4
BRDA:26,3,0,4
BRDA:26,3,1,1
BRDA:31,4,0,2
BRDA:31,4,1,1
BRDA:39,5,0,1
BRDA:39,5,1,15
BRDA:39,6,0,16
BRDA:39,6,1,15
BRDA:45,7,0,10
BRDA:45,7,1,5
BRDA:45,8,0,15
BRDA:45,8,1,10
BRDA:48,9,0,7
BRDA:48,9,1,3
BRDA:50,10,0,9
BRDA:50,10,1,1
BRDA:50,11,0,10
BRDA:50,11,1,9
BRDA:52,12,0,1
BRDA:52,12,1,8
BRDA:52,13,0,9
BRDA:52,13,1,8
BRDA:53,14,0,1
BRDA:53,14,1,7
BRDA:54,15,0,1
BRDA:54,15,1,6
BRDA:67,16,0,2
BRDA:67,16,1,13
BRDA:69,17,0,1
BRDA:69,17,1,1
BRDA:80,18,0,10
BRDA:80,18,1,3
BRDA:86,19,0,3
BRDA:86,19,1,8
BRDA:87,20,0,1
BRDA:87,20,1,2
BRDA:96,21,0,2
BRDA:96,21,1,1
BRDA:101,22,0,7
BRDA:101,22,1,1
BRDA:113,23,0,2
BRDA:113,23,1,1
BRF:48
BRH:48
end_of_record
TN:
SF:modules\payment\payment.reject.controller.js
FN:4,rejectPayment
FNF:1
FNH:1
FNDA:3,rejectPayment
DA:1,3
DA:2,3
DA:5,3
DA:6,3
DA:7,3
DA:9,3
DA:10,3
DA:13,3
DA:14,2
DA:15,1
DA:16,1
DA:18,1
DA:19,1
DA:22,1
DA:25,1
DA:30,1
DA:33,1
DA:40,1
DA:42,1
DA:43,1
DA:44,1
DA:46,3
DA:50,3
LF:23
LH:23
BRDA:14,0,0,1
BRDA:14,0,1,1
BRF:2
BRH:2
end_of_record
TN:
SF:modules\payment\payment.repository.js
FN:4,getFarmerPendingRent
FN:14,createPendingPayment
FN:35,updatePaymentStatus
FN:129,getPaymentDetailsWithFarmerInfo
FN:143,getPaymentById
FN:148,initiateManualPayment
FN:159,verifyManualPaymentTx
FN:196,approvePaymentTx
FNF:8
FNH:8
FNDA:3,getFarmerPendingRent
FNDA:3,createPendingPayment
FNDA:10,updatePaymentStatus
FNDA:3,getPaymentDetailsWithFarmerInfo
FNDA:2,getPaymentById
FNDA:1,initiateManualPayment
FNDA:4,verifyManualPaymentTx
FNDA:3,approvePaymentTx
DA:1,7
DA:2,7
DA:5,3
DA:11,3
DA:15,3
DA:16,1
DA:18,2
DA:36,10
DA:37,9
DA:38,9
DA:41,9
DA:42,8
DA:43,1
DA:44,1
DA:47,7
DA:48,7
DA:50,7
DA:51,7
DA:52,7
DA:54,7
DA:55,5
DA:56,5
DA:57,5
DA:58,4
DA:59,2
DA:60,2
DA:61,2
DA:62,2
DA:63,1
DA:67,1
DA:72,7
DA:84,7
DA:85,6
DA:86,6
DA:88,6
DA:90,2
DA:98,2
DA:99,2
DA:100,3
DA:101,2
DA:102,2
DA:104,2
DA:105,2
DA:106,2
DA:108,2
DA:115,2
DA:120,7
DA:122,1
DA:123,1
DA:125,9
DA:130,3
DA:131,3
DA:132,2
DA:134,2
DA:135,2
DA:137,2
DA:138,2
DA:140,2
DA:144,2
DA:145,2
DA:149,1
DA:156,1
DA:160,4
DA:161,4
DA:162,4
DA:164,3
DA:165,3
DA:166,1
DA:167,1
DA:169,2
DA:171,2
DA:175,2
DA:176,1
DA:177,1
DA:180,1
DA:186,1
DA:187,1
DA:189,1
DA:190,1
DA:192,4
DA:197,3
DA:198,3
DA:199,3
DA:201,2
DA:202,2
DA:203,1
DA:204,1
DA:206,1
DA:208,1
DA:215,1
DA:216,1
DA:222,1
DA:223,3
DA:224,2
DA:225,2
DA:227,2
DA:228,1
DA:232,1
DA:234,1
DA:238,1
DA:242,1
DA:247,1
DA:248,1
DA:250,1
DA:251,1
DA:253,3
DA:257,7
LF:107
LH:107
BRDA:11,0,0,3
BRDA:11,0,1,2
BRDA:15,1,0,1
BRDA:15,1,1,2
BRDA:27,2,0,2
BRDA:27,2,1,1
BRDA:28,3,0,2
BRDA:28,3,1,1
BRDA:35,4,0,3
BRDA:42,5,0,1
BRDA:42,5,1,7
BRDA:54,6,0,5
BRDA:54,6,1,2
BRDA:54,7,0,7
BRDA:54,7,1,6
BRDA:58,8,0,2
BRDA:58,8,1,2
BRDA:62,9,0,1
BRDA:62,9,1,1
BRDA:84,10,0,6
BRDA:84,10,1,1
BRDA:84,11,0,7
BRDA:84,11,1,6
BRDA:88,12,0,2
BRDA:88,12,1,4
BRDA:100,13,0,1
BRDA:100,13,1,2
BRDA:102,14,0,2
BRDA:102,14,1,1
BRDA:131,15,0,1
BRDA:131,15,1,2
BRDA:135,16,0,1
BRDA:135,16,1,1
BRDA:138,17,0,1
BRDA:138,17,1,1
BRDA:145,18,0,1
BRDA:145,18,1,1
BRDA:165,19,0,1
BRDA:165,19,1,2
BRDA:175,20,0,1
BRDA:175,20,1,1
BRDA:202,21,0,1
BRDA:202,21,1,1
BRDA:223,22,0,1
BRDA:223,22,1,2
BRDA:225,23,0,2
BRDA:225,23,1,1
BRDA:227,24,0,1
BRDA:227,24,1,1
BRF:49
BRH:49
end_of_record
TN:
SF:modules\payment\payment.routes.js
FNF:0
FNH:0
DA:1,2
DA:2,2
DA:4,2
DA:5,2
DA:6,2
DA:7,2
DA:8,2
DA:9,2
DA:10,2
DA:11,2
DA:14,2
DA:15,2
DA:16,2
DA:19,2
DA:20,2
DA:21,2
DA:22,2
DA:25,2
DA:26,2
DA:28,2
LF:20
LH:20
BRF:0
BRH:0
end_of_record
TN:
SF:modules\payment\payment.validator.js
FN:6,validateCreateOrder
FN:17,validateInitiatePayment
FN:28,validateGetPaymentDetails
FNF:3
FNH:3
FNDA:2,validateCreateOrder
FNDA:4,validateInitiatePayment
FNDA:2,validateGetPaymentDetails
DA:7,2
DA:8,2
DA:9,1
DA:14,1
DA:18,4
DA:19,4
DA:20,3
DA:25,1
DA:29,2
DA:30,2
DA:31,1
DA:36,1
DA:39,3
LF:13
LH:13
BRDA:8,0,0,1
BRDA:8,0,1,1
BRDA:19,1,0,3
BRDA:19,1,1,1
BRDA:19,2,0,4
BRDA:19,2,1,3
BRDA:30,3,0,1
BRDA:30,3,1,1
BRF:8
BRH:8
end_of_record
TN:
SF:modules\payment\payment.verify.controller.js
FN:6,verifyPayment
FNF:1
FNH:1
FNDA:8,verifyPayment
DA:1,3
DA:2,3
DA:3,3
DA:4,3
DA:7,8
DA:8,8
DA:11,8
DA:12,1
DA:15,7
DA:16,1
DA:17,1
DA:20,6
DA:21,6
DA:23,4
DA:24,1
DA:25,1
DA:26,1
DA:29,3
DA:30,3
DA:32,3
DA:33,3
DA:34,3
DA:35,2
DA:45,1
DA:48,3
DA:50,2
DA:51,2
DA:55,3
LF:28
LH:28
BRDA:11,0,0,1
BRDA:11,0,1,7
BRDA:11,1,0,8
BRDA:11,1,1,1
BRDA:15,2,0,1
BRDA:15,2,1,6
BRDA:15,3,0,7
BRDA:15,3,1,7
BRDA:23,4,0,1
BRDA:23,4,1,3
BRDA:34,5,0,2
BRDA:34,5,1,1
BRDA:51,6,0,2
BRDA:51,6,1,1
BRF:14
BRH:14
end_of_record
TN:
SF:modules\payment\payment.views.controller.js
FN:13,escapeHTML
FN:15,(anonymous_1)
FN:18,renderMockCheckout
FN:50,renderSuccessPage
FNF:4
FNH:4
FNDA:21,escapeHTML
FNDA:17,(anonymous_1)
FNDA:6,renderMockCheckout
FNDA:5,renderSuccessPage
DA:1,3
DA:2,3
DA:3,3
DA:5,3
DA:14,21
DA:15,19
DA:19,6
DA:21,6
DA:22,6
DA:23,6
DA:24,5
DA:25,2
DA:28,1
DA:31,6
DA:32,6
DA:33,6
DA:35,6
DA:36,5
DA:38,5
DA:39,5
DA:40,5
DA:41,5
DA:43,5
DA:45,1
DA:46,1
DA:51,5
DA:58,5
DA:60,5
DA:61,5
DA:62,5
DA:64,5
DA:65,3
DA:66,3
DA:67,3
DA:69,1
DA:73,5
DA:74,5
DA:75,5
DA:77,5
DA:78,4
DA:80,3
DA:81,3
DA:82,3
DA:84,3
DA:86,2
DA:87,2
DA:91,3
LF:47
LH:47
BRDA:14,0,0,2
BRDA:14,0,1,19
BRDA:14,1,0,21
BRDA:14,1,1,20
BRDA:24,2,0,2
BRDA:24,2,1,3
BRDA:60,3,0,5
BRDA:60,3,1,2
BRDA:60,3,2,2
BRDA:61,4,0,5
BRDA:61,4,1,2
BRDA:62,5,0,5
BRDA:62,5,1,5
BRDA:62,5,2,5
BRDA:64,6,0,3
BRDA:64,6,1,2
BRDA:64,7,0,5
BRDA:64,7,1,3
BRF:18
BRH:18
end_of_record
TN:
SF:modules\payment\payment.webhook.controller.js
FN:4,handleWebhook
FNF:1
FNH:1
FNDA:8,handleWebhook
DA:1,3
DA:2,3
DA:5,8
DA:7,8
DA:8,8
DA:9,8
DA:11,7
DA:12,1
DA:15,6
DA:16,6
DA:17,3
DA:18,3
DA:19,3
DA:21,3
DA:22,2
DA:24,3
DA:25,2
DA:26,2
DA:28,2
DA:29,1
DA:33,6
DA:35,1
DA:36,1
DA:40,3
LF:24
LH:24
BRDA:11,0,0,1
BRDA:11,0,1,6
BRDA:16,1,0,3
BRDA:16,1,1,3
BRDA:16,2,0,6
BRDA:16,2,1,4
BRDA:21,3,0,2
BRDA:21,3,1,1
BRDA:24,4,0,2
BRDA:24,4,1,1
BRDA:28,5,0,1
BRDA:28,5,1,1
BRF:12
BRH:12
end_of_record
TN:
SF:modules\payment\razorpay.service.js
FN:23,isMockMode
FN:30,createOrder
FN:44,createPaymentLink
FN:66,verifySignature
FN:82,verifyWebhookSignature
FN:96,fetchPaymentDetails
FNF:6
FNH:6
FNDA:11,isMockMode
FNDA:2,createOrder
FNDA:2,createPaymentLink
FNDA:5,verifySignature
FNDA:5,verifyWebhookSignature
FNDA:4,fetchPaymentDetails
DA:1,26
DA:2,26
DA:5,26
DA:6,26
DA:7,26
DA:9,26
DA:10,26
DA:11,26
DA:16,1
DA:24,11
DA:31,2
DA:32,1
DA:34,1
DA:45,2
DA:46,1
DA:48,1
DA:67,5
DA:68,2
DA:70,3
DA:71,1
DA:73,2
DA:74,2
DA:75,2
DA:76,2
DA:83,5
DA:84,2
DA:86,3
DA:87,1
DA:89,2
DA:93,2
DA:97,4
DA:98,3
DA:108,1
DA:111,26
LF:34
LH:34
BRDA:5,0,0,26
BRDA:5,0,1,21
BRDA:6,1,0,26
BRDA:6,1,1,5
BRDA:7,2,0,26
BRDA:7,2,1,22
BRDA:24,3,0,11
BRDA:24,3,1,6
BRDA:31,4,0,1
BRDA:31,4,1,1
BRDA:45,5,0,1
BRDA:45,5,1,1
BRDA:67,6,0,2
BRDA:67,6,1,3
BRDA:67,7,0,5
BRDA:67,7,1,4
BRDA:70,8,0,1
BRDA:70,8,1,2
BRDA:83,9,0,2
BRDA:83,9,1,3
BRDA:83,10,0,5
BRDA:83,10,1,4
BRDA:86,11,0,1
BRDA:86,11,1,2
BRDA:97,12,0,3
BRDA:97,12,1,1
BRDA:97,13,0,4
BRDA:97,13,1,2
BRDA:97,13,2,2
BRDA:99,14,0,3
BRDA:99,14,1,1
BRF:31
BRH:31
end_of_record
TN:
SF:modules\storage\storage.controller.js
FN:3,getColdStorages
FN:13,registerColdStorage
FN:25,getSummary
FNF:3
FNH:3
FNDA:2,getColdStorages
FNDA:4,registerColdStorage
FNDA:4,getSummary
DA:1,3
DA:4,2
DA:5,2
DA:6,1
DA:8,1
DA:9,1
DA:14,4
DA:15,4
DA:16,1
DA:18,3
DA:19,1
DA:21,2
DA:26,4
DA:27,4
DA:28,1
DA:30,3
DA:31,2
DA:32,1
DA:34,1
DA:36,1
DA:40,3
LF:21
LH:21
BRDA:18,0,0,1
BRDA:18,0,1,2
BRDA:21,1,0,2
BRDA:21,1,1,1
BRDA:27,2,0,1
BRDA:27,2,1,3
BRDA:31,3,0,1
BRDA:31,3,1,1
BRF:8
BRH:8
end_of_record
TN:
SF:modules\storage\storage.repository.js
FN:3,getColdStorages
FN:19,(anonymous_1)
FN:31,createColdStorage
FN:43,getStorageSummaryData
FNF:4
FNH:4
FNDA:1,getColdStorages
FNDA:1,(anonymous_1)
FNDA:1,createColdStorage
FNDA:2,getStorageSummaryData
DA:1,5
DA:4,1
DA:18,1
DA:19,1
DA:32,1
DA:40,1
DA:44,2
DA:45,2
DA:46,1
DA:48,1
DA:49,1
DA:51,1
DA:52,1
DA:54,1
DA:55,1
DA:57,1
DA:59,1
DA:62,5
LF:18
LH:18
BRDA:26,0,0,1
BRDA:26,0,1,0
BRDA:45,1,0,1
BRDA:45,1,1,1
BRF:4
BRH:3
end_of_record
TN:
SF:modules\storage\storage.routes.js
FNF:0
FNH:0
DA:1,2
DA:2,2
DA:3,2
DA:4,2
DA:6,2
DA:7,2
DA:8,2
DA:10,2
LF:8
LH:8
BRF:0
BRH:0
end_of_record
TN:
SF:modules\storage\storage.service.js
FN:8,fetchColdStorages
FN:16,registerNewColdStorage
FN:47,fetchStorageSummary
FN:75,(anonymous_3)
FNF:4
FNH:4
FNDA:1,fetchColdStorages
FNDA:2,registerNewColdStorage
FNDA:4,fetchStorageSummary
FNDA:2,(anonymous_3)
DA:1,4
DA:2,4
DA:3,4
DA:9,1
DA:17,2
DA:19,2
DA:20,2
DA:21,2
DA:22,2
DA:23,2
DA:24,2
DA:25,2
DA:27,2
DA:35,2
DA:37,2
DA:48,4
DA:49,4
DA:51,4
DA:53,2
DA:55,2
DA:76,2
DA:77,2
DA:87,4
LF:23
LH:23
BRDA:19,0,0,2
BRDA:19,0,1,2
BRDA:20,1,0,2
BRDA:20,1,1,2
BRDA:21,2,0,2
BRDA:21,2,1,2
BRDA:22,3,0,2
BRDA:22,3,1,2
BRDA:25,4,0,2
BRDA:25,4,1,1
BRDA:28,5,0,2
BRDA:28,5,1,1
BRDA:29,6,0,2
BRDA:29,6,1,1
BRDA:48,7,0,4
BRDA:48,7,1,1
BRDA:51,8,0,2
BRDA:51,8,1,2
BRDA:62,9,0,2
BRDA:62,9,1,1
BRDA:63,10,0,2
BRDA:63,10,1,1
BRDA:64,11,0,2
BRDA:64,11,1,1
BRDA:65,12,0,2
BRDA:65,12,1,1
BRDA:68,13,0,2
BRDA:68,13,1,1
BRDA:69,14,0,2
BRDA:69,14,1,1
BRDA:72,15,0,2
BRDA:72,15,1,1
BRDA:73,16,0,2
BRDA:73,16,1,1
BRDA:76,17,0,2
BRDA:76,17,1,1
BRDA:78,18,0,2
BRDA:78,18,1,1
BRDA:79,19,0,2
BRDA:79,19,1,1
BRDA:79,20,0,2
BRDA:79,20,1,1
BRDA:80,21,0,2
BRDA:80,21,1,1
BRDA:81,22,0,2
BRDA:81,22,1,1
BRF:46
BRH:46
end_of_record
TN:
SF:modules\storage\storage.validator.js
FN:5,validateRegisterColdStorage
FNF:1
FNH:1
FNDA:4,validateRegisterColdStorage
DA:6,4
DA:7,4
DA:8,3
DA:13,1
DA:16,3
LF:5
LH:5
BRDA:7,0,0,3
BRDA:7,0,1,1
BRDA:7,1,0,4
BRDA:7,1,1,2
BRF:4
BRH:4
end_of_record
TN:
SF:modules\support\chat.controller.js
FN:9,verifyTicketOwnership
FN:31,startChat
FN:80,sendChatMessage
FN:134,getChatMessages
FN:142,(anonymous_4)
FN:190,closeChatSession
FN:211,getActiveChatSession
FN:223,(anonymous_7)
FN:253,submitChatFeedback
FNF:9
FNH:9
FNDA:30,verifyTicketOwnership
FNDA:7,startChat
FNDA:11,sendChatMessage
FNDA:10,getChatMessages
FNDA:3,(anonymous_4)
FNDA:4,closeChatSession
FNDA:6,getActiveChatSession
FNDA:4,(anonymous_7)
FNDA:5,submitChatFeedback
DA:1,3
DA:2,3
DA:3,3
DA:4,3
DA:7,3
DA:10,30
DA:11,8
DA:12,8
DA:13,7
DA:14,6
DA:15,6
DA:16,6
DA:17,4
DA:18,4
DA:24,4
DA:32,7
DA:33,7
DA:36,7
DA:37,1
DA:41,7
DA:42,7
DA:43,7
DA:44,7
DA:46,7
DA:47,2
DA:53,5
DA:63,3
DA:69,2
DA:70,2
DA:81,11
DA:82,11
DA:83,11
DA:85,11
DA:87,10
DA:90,10
DA:91,2
DA:92,2
DA:93,1
DA:96,2
DA:97,2
DA:98,2
DA:100,2
DA:104,2
DA:106,2
DA:107,2
DA:108,2
DA:111,10
DA:112,1
DA:116,9
DA:118,7
DA:123,2
DA:124,2
DA:135,10
DA:136,10
DA:138,10
DA:140,9
DA:142,7
DA:151,7
DA:152,5
DA:153,5
DA:154,5
DA:155,4
DA:156,4
DA:157,4
DA:158,4
DA:159,3
DA:160,3
DA:161,3
DA:168,3
DA:173,7
DA:179,2
DA:180,2
DA:191,4
DA:192,4
DA:193,4
DA:194,3
DA:195,1
DA:200,2
DA:201,2
DA:212,6
DA:213,6
DA:214,6
DA:215,1
DA:218,5
DA:219,1
DA:222,4
DA:223,2
DA:224,4
DA:228,2
DA:229,1
DA:237,1
DA:242,2
DA:243,2
DA:254,5
DA:255,5
DA:256,5
DA:257,5
DA:258,4
DA:259,1
DA:262,3
DA:263,3
DA:265,1
DA:270,2
DA:271,2
DA:278,3
LF:105
LH:105
BRDA:10,0,0,22
BRDA:10,0,1,8
BRDA:10,1,0,30
BRDA:10,1,1,8
BRDA:13,2,0,6
BRDA:13,2,1,1
BRDA:16,3,0,4
BRDA:16,3,1,2
BRDA:16,4,0,6
BRDA:16,4,1,5
BRDA:16,4,2,4
BRDA:36,5,0,1
BRDA:36,5,1,6
BRDA:36,6,0,7
BRDA:36,6,1,1
BRDA:46,7,0,2
BRDA:46,7,1,5
BRDA:46,8,0,7
BRDA:46,8,1,6
BRDA:46,8,2,6
BRDA:46,8,3,5
BRDA:54,9,0,5
BRDA:54,9,1,3
BRDA:55,10,0,5
BRDA:55,10,1,3
BRDA:57,11,0,5
BRDA:57,11,1,4
BRDA:57,12,0,4
BRDA:57,12,1,3
BRDA:58,13,0,5
BRDA:58,13,1,4
BRDA:58,14,0,4
BRDA:58,14,1,3
BRDA:58,15,0,4
BRDA:58,15,1,3
BRDA:65,16,0,3
BRDA:65,16,1,1
BRDA:72,17,0,2
BRDA:72,17,1,1
BRDA:85,18,0,1
BRDA:85,18,1,10
BRDA:87,19,0,10
BRDA:87,19,1,2
BRDA:90,20,0,2
BRDA:90,20,1,8
BRDA:90,21,0,10
BRDA:90,21,1,2
BRDA:92,22,0,1
BRDA:92,22,1,1
BRDA:96,23,0,1
BRDA:96,23,1,1
BRDA:100,24,0,1
BRDA:100,24,1,1
BRDA:108,25,0,1
BRDA:108,25,1,1
BRDA:111,26,0,1
BRDA:111,26,1,9
BRDA:111,27,0,10
BRDA:111,27,1,9
BRDA:116,28,0,9
BRDA:116,28,1,6
BRDA:126,29,0,2
BRDA:126,29,1,1
BRDA:138,30,0,1
BRDA:138,30,1,9
BRDA:146,31,0,2
BRDA:146,31,1,1
BRDA:146,32,0,2
BRDA:146,32,1,1
BRDA:151,33,0,5
BRDA:151,33,1,2
BRDA:151,34,0,7
BRDA:151,34,1,7
BRDA:151,34,2,6
BRDA:154,35,0,4
BRDA:154,35,1,1
BRDA:158,36,0,3
BRDA:158,36,1,1
BRDA:160,37,0,2
BRDA:160,37,1,1
BRDA:182,38,0,2
BRDA:182,38,1,1
BRDA:193,39,0,1
BRDA:193,39,1,3
BRDA:203,40,0,2
BRDA:203,40,1,1
BRDA:214,41,0,1
BRDA:214,41,1,5
BRDA:218,42,0,1
BRDA:218,42,1,4
BRDA:218,43,0,5
BRDA:218,43,1,1
BRDA:218,43,2,1
BRDA:224,44,0,4
BRDA:224,44,1,3
BRDA:228,45,0,1
BRDA:228,45,1,1
BRDA:245,46,0,2
BRDA:245,46,1,1
BRDA:257,47,0,1
BRDA:257,47,1,4
BRDA:258,48,0,1
BRDA:258,48,1,3
BRDA:263,49,0,3
BRDA:263,49,1,2
BRDA:273,50,0,2
BRDA:273,50,1,1
BRF:107
BRH:107
end_of_record
TN:
SF:modules\support\support.controller.js
FN:3,createSupportTicket
FN:33,getTickets
FN:50,getConversations
FNF:3
FNH:3
FNDA:4,createSupportTicket
FNDA:3,getTickets
FNDA:4,getConversations
DA:1,3
DA:4,4
DA:5,4
DA:7,4
DA:18,2
DA:25,2
DA:26,2
DA:34,3
DA:35,3
DA:36,3
DA:37,1
DA:42,2
DA:43,2
DA:51,4
DA:52,4
DA:53,4
DA:54,1
DA:60,3
DA:61,1
DA:66,2
DA:67,2
DA:74,3
LF:22
LH:22
BRDA:8,0,0,1
BRDA:8,0,1,3
BRDA:9,1,0,1
BRDA:9,1,1,3
BRDA:10,2,0,1
BRDA:10,2,1,3
BRDA:28,3,0,2
BRDA:28,3,1,1
BRDA:45,4,0,2
BRDA:45,4,1,1
BRDA:53,5,0,1
BRDA:53,5,1,3
BRDA:69,6,0,2
BRDA:69,6,1,1
BRF:14
BRH:14
end_of_record
TN:
SF:modules\support\support.handlers.js
FN:11,createTicketLive
FN:22,(anonymous_1)
FN:23,(anonymous_2)
FN:73,createTicketMock
FN:98,(anonymous_4)
FN:99,(anonymous_5)
FN:130,(anonymous_6)
FN:144,mapFreescoutStatusToFreshdesk
FN:153,listTicketsLive
FN:175,(anonymous_9)
FN:196,listTicketsMock
FN:198,(anonymous_11)
FN:207,getTicketConversationsLive
FN:220,(anonymous_13)
FN:239,getTicketConversationsMock
FNF:15
FNH:15
FNDA:5,createTicketLive
FNDA:3,(anonymous_1)
FNDA:3,(anonymous_2)
FNDA:6,createTicketMock
FNDA:1,(anonymous_4)
FNDA:1,(anonymous_5)
FNDA:1,(anonymous_6)
FNDA:6,mapFreescoutStatusToFreshdesk
FNDA:5,listTicketsLive
FNDA:6,(anonymous_9)
FNDA:2,listTicketsMock
FNDA:3,(anonymous_11)
FNDA:4,getTicketConversationsLive
FNDA:4,(anonymous_13)
FNDA:1,getTicketConversationsMock
DA:1,1
DA:2,1
DA:3,1
DA:6,1
DA:12,5
DA:13,5
DA:14,5
DA:16,5
DA:17,5
DA:18,5
DA:19,5
DA:21,5
DA:22,3
DA:24,3
DA:27,3
DA:33,5
DA:38,5
DA:56,5
DA:57,5
DA:58,3
DA:65,2
DA:66,2
DA:74,6
DA:75,6
DA:77,6
DA:88,6
DA:89,3
DA:90,3
DA:97,3
DA:98,1
DA:99,1
DA:105,3
DA:112,2
DA:114,1
DA:118,6
DA:119,6
DA:130,1
DA:133,6
DA:145,6
DA:146,2
DA:147,1
DA:148,1
DA:149,2
DA:154,5
DA:155,5
DA:156,5
DA:157,5
DA:162,5
DA:163,5
DA:164,5
DA:165,4
DA:168,4
DA:169,2
DA:170,2
DA:171,2
DA:172,2
DA:175,4
DA:176,6
DA:177,6
DA:188,1
DA:189,1
DA:197,2
DA:198,2
DA:199,3
DA:200,3
DA:208,4
DA:209,4
DA:210,4
DA:211,4
DA:216,4
DA:217,4
DA:218,3
DA:220,3
DA:221,4
DA:222,4
DA:231,1
DA:232,1
DA:240,1
DA:243,1
LF:79
LH:79
BRDA:13,0,0,4
BRDA:13,0,1,1
BRDA:16,1,0,5
BRDA:16,1,1,4
BRDA:16,2,0,1
BRDA:16,2,1,3
BRDA:17,3,0,5
BRDA:17,3,1,4
BRDA:19,4,0,5
BRDA:19,4,1,1
BRDA:21,5,0,5
BRDA:21,5,1,3
BRDA:24,6,0,2
BRDA:24,6,1,1
BRDA:28,7,0,3
BRDA:28,7,1,1
BRDA:44,8,0,5
BRDA:44,8,1,4
BRDA:45,9,0,5
BRDA:45,9,1,3
BRDA:51,10,0,2
BRDA:51,10,1,3
BRDA:65,11,0,2
BRDA:65,11,1,1
BRDA:66,12,0,2
BRDA:66,12,1,1
BRDA:74,13,0,6
BRDA:74,13,1,5
BRDA:85,14,0,1
BRDA:85,14,1,5
BRDA:88,15,0,3
BRDA:88,15,1,3
BRDA:88,16,0,6
BRDA:88,16,1,3
BRDA:92,17,0,3
BRDA:92,17,1,1
BRDA:97,18,0,3
BRDA:97,18,1,2
BRDA:106,19,0,3
BRDA:106,19,1,2
BRDA:107,20,0,3
BRDA:107,20,1,2
BRDA:123,21,0,6
BRDA:123,21,1,5
BRDA:127,22,0,6
BRDA:127,22,1,5
BRDA:130,23,0,1
BRDA:130,23,1,5
BRDA:145,24,0,2
BRDA:145,24,1,1
BRDA:145,24,2,1
BRDA:145,24,3,2
BRDA:155,25,0,4
BRDA:155,25,1,1
BRDA:156,26,0,3
BRDA:156,26,1,2
BRDA:165,27,0,4
BRDA:165,27,1,4
BRDA:165,27,2,1
BRDA:168,28,0,2
BRDA:168,28,1,2
BRDA:169,29,0,1
BRDA:169,29,1,1
BRDA:172,30,0,2
BRDA:172,30,1,1
BRDA:172,30,2,1
BRDA:176,31,0,1
BRDA:176,31,1,5
BRDA:176,32,0,6
BRDA:176,32,1,2
BRDA:183,33,0,6
BRDA:183,33,1,5
BRDA:183,33,2,4
BRDA:188,34,0,1
BRDA:188,34,1,1
BRDA:197,35,0,1
BRDA:197,35,1,1
BRDA:199,36,0,2
BRDA:199,36,1,1
BRDA:200,37,0,3
BRDA:200,37,1,1
BRDA:200,37,2,1
BRDA:209,38,0,3
BRDA:209,38,1,1
BRDA:218,39,0,3
BRDA:218,39,1,1
BRDA:221,40,0,4
BRDA:221,40,1,3
BRDA:221,40,2,2
BRDA:224,41,0,4
BRDA:224,41,1,1
BRDA:225,42,0,4
BRDA:225,42,1,1
BRDA:231,43,0,1
BRDA:231,43,1,1
BRF:95
BRH:95
end_of_record
TN:
SF:modules\support\support.routes.js
FNF:0
FNH:0
DA:1,2
DA:2,2
DA:3,2
DA:11,2
DA:14,2
DA:15,2
DA:16,2
DA:19,2
DA:20,2
DA:21,2
DA:22,2
DA:23,2
DA:24,2
DA:26,2
LF:14
LH:14
BRF:0
BRH:0
end_of_record
TN:
SF:modules\support\support.service.js
FN:5,getAccessToken
FN:35,getHeaders
FN:42,createTicket
FN:96,listTickets
FN:117,(anonymous_4)
FN:146,(anonymous_5)
FN:157,getTicketConversations
FN:175,(anonymous_7)
FN:220,addChatMessage
FN:255,getChatMessages
FN:272,(anonymous_10)
FN:318,(anonymous_11)
FN:319,(anonymous_12)
FN:396,(anonymous_13)
FN:407,closeTicket
FN:424,(anonymous_15)
FNF:16
FNH:16
FNDA:34,getAccessToken
FNDA:33,getHeaders
FNDA:10,createTicket
FNDA:5,listTickets
FNDA:5,(anonymous_4)
FNDA:3,(anonymous_5)
FNDA:5,getTicketConversations
FNDA:8,(anonymous_7)
FNDA:4,addChatMessage
FNDA:7,getChatMessages
FNDA:5,(anonymous_10)
FNDA:3,(anonymous_11)
FNDA:3,(anonymous_12)
FNDA:10,(anonymous_13)
FNDA:3,closeTicket
FNDA:1,(anonymous_15)
DA:2,37
DA:3,37
DA:6,34
DA:7,2
DA:10,32
DA:17,32
DA:23,32
DA:24,32
DA:25,1
DA:26,1
DA:29,31
DA:30,31
DA:31,31
DA:32,31
DA:36,33
DA:43,10
DA:45,10
DA:46,9
DA:48,9
DA:50,9
DA:69,9
DA:79,9
DA:81,9
DA:82,2
DA:83,2
DA:86,7
DA:87,7
DA:97,5
DA:100,5
DA:110,5
DA:111,1
DA:114,4
DA:115,4
DA:117,4
DA:118,5
DA:119,5
DA:120,5
DA:121,5
DA:122,5
DA:123,5
DA:125,5
DA:145,4
DA:146,1
DA:147,3
DA:148,3
DA:153,3
DA:158,5
DA:160,5
DA:170,5
DA:171,1
DA:174,4
DA:175,4
DA:176,8
DA:178,8
DA:180,8
DA:183,8
DA:193,8
DA:194,8
DA:195,56
DA:196,56
DA:197,8
DA:198,6
DA:202,8
DA:203,6
DA:206,8
DA:221,4
DA:222,4
DA:223,4
DA:224,4
DA:237,4
DA:238,4
DA:239,4
DA:240,3
DA:241,3
DA:243,1
DA:247,4
DA:248,2
DA:249,2
DA:251,2
DA:256,7
DA:257,7
DA:264,7
DA:265,7
DA:266,7
DA:270,6
DA:271,4
DA:272,4
DA:273,5
DA:274,5
DA:275,5
DA:277,5
DA:278,5
DA:279,5
DA:281,5
DA:282,2
DA:283,2
DA:284,2
DA:285,2
DA:286,3
DA:287,1
DA:288,1
DA:290,2
DA:291,2
DA:294,5
DA:304,1
DA:308,7
DA:309,7
DA:310,7
DA:314,6
DA:315,4
DA:317,4
DA:318,3
DA:320,3
DA:322,3
DA:324,3
DA:327,3
DA:337,3
DA:338,3
DA:339,21
DA:340,21
DA:341,3
DA:342,1
DA:346,3
DA:347,1
DA:349,3
DA:359,1
DA:363,7
DA:364,7
DA:365,7
DA:366,7
DA:367,7
DA:368,7
DA:372,6
DA:373,5
DA:374,5
DA:375,5
DA:376,5
DA:377,5
DA:378,2
DA:379,2
DA:388,1
DA:392,7
DA:393,7
DA:394,2
DA:396,10
DA:398,7
DA:408,3
DA:409,3
DA:415,3
DA:423,3
DA:424,2
DA:425,2
DA:426,2
DA:429,1
DA:432,37
LF:155
LH:155
BRDA:6,0,0,2
BRDA:6,0,1,32
BRDA:6,1,0,34
BRDA:6,1,1,2
BRDA:24,2,0,1
BRDA:24,2,1,31
BRDA:48,3,0,9
BRDA:48,3,1,8
BRDA:48,4,0,1
BRDA:48,4,1,7
BRDA:54,5,0,9
BRDA:54,5,1,8
BRDA:56,6,0,9
BRDA:56,6,1,8
BRDA:58,7,0,9
BRDA:58,7,1,7
BRDA:60,8,0,9
BRDA:60,8,1,8
BRDA:62,9,0,9
BRDA:62,9,1,7
BRDA:65,10,0,9
BRDA:65,10,1,8
BRDA:81,11,0,2
BRDA:81,11,1,7
BRDA:83,12,0,2
BRDA:83,12,1,1
BRDA:88,13,0,7
BRDA:88,13,1,1
BRDA:110,14,0,1
BRDA:110,14,1,4
BRDA:110,15,0,5
BRDA:110,15,1,4
BRDA:115,16,0,1
BRDA:115,16,1,3
BRDA:117,17,0,4
BRDA:117,17,1,1
BRDA:118,18,0,5
BRDA:118,18,1,1
BRDA:119,19,0,5
BRDA:119,19,1,2
BRDA:120,20,0,5
BRDA:120,20,1,4
BRDA:121,21,0,5
BRDA:121,21,1,4
BRDA:121,21,2,4
BRDA:122,22,0,5
BRDA:122,22,1,4
BRDA:123,23,0,5
BRDA:123,23,1,4
BRDA:123,23,2,4
BRDA:129,24,0,5
BRDA:129,24,1,5
BRDA:130,25,0,5
BRDA:130,25,1,5
BRDA:131,26,0,5
BRDA:131,26,1,5
BRDA:135,27,0,5
BRDA:135,27,1,5
BRDA:136,28,0,5
BRDA:136,28,1,5
BRDA:145,29,0,1
BRDA:145,29,1,3
BRDA:148,30,0,3
BRDA:148,30,1,2
BRDA:148,30,2,1
BRDA:148,30,3,2
BRDA:148,30,4,1
BRDA:170,31,0,1
BRDA:170,31,1,4
BRDA:170,32,0,5
BRDA:170,32,1,5
BRDA:175,33,0,4
BRDA:175,33,1,1
BRDA:176,34,0,8
BRDA:176,34,1,2
BRDA:176,34,2,2
BRDA:176,34,3,2
BRDA:196,35,0,8
BRDA:196,35,1,48
BRDA:196,36,0,56
BRDA:196,36,1,8
BRDA:197,37,0,6
BRDA:197,37,1,2
BRDA:197,38,0,8
BRDA:197,38,1,2
BRDA:202,39,0,6
BRDA:202,39,1,2
BRDA:208,40,0,8
BRDA:208,40,1,8
BRDA:210,41,0,8
BRDA:210,41,1,7
BRDA:211,42,0,8
BRDA:211,42,1,8
BRDA:211,42,2,8
BRDA:212,43,0,8
BRDA:212,43,1,1
BRDA:220,44,0,2
BRDA:222,45,0,1
BRDA:222,45,1,3
BRDA:223,46,0,4
BRDA:223,46,1,2
BRDA:239,47,0,3
BRDA:239,47,1,1
BRDA:247,48,0,2
BRDA:247,48,1,2
BRDA:249,49,0,2
BRDA:249,49,1,1
BRDA:270,50,0,4
BRDA:270,50,1,2
BRDA:270,51,0,6
BRDA:270,51,1,6
BRDA:272,52,0,4
BRDA:272,52,1,1
BRDA:273,53,0,4
BRDA:273,53,1,1
BRDA:281,54,0,2
BRDA:281,54,1,3
BRDA:285,55,0,1
BRDA:285,55,1,1
BRDA:286,56,0,1
BRDA:286,56,1,2
BRDA:291,57,0,2
BRDA:291,57,1,1
BRDA:299,58,0,5
BRDA:299,58,1,2
BRDA:299,58,2,2
BRDA:314,59,0,4
BRDA:314,59,1,2
BRDA:314,60,0,6
BRDA:314,60,1,6
BRDA:317,61,0,4
BRDA:317,61,1,1
BRDA:318,62,0,3
BRDA:318,62,1,3
BRDA:320,63,0,3
BRDA:320,63,1,2
BRDA:320,63,2,1
BRDA:320,63,3,1
BRDA:340,64,0,3
BRDA:340,64,1,18
BRDA:340,65,0,21
BRDA:340,65,1,3
BRDA:341,66,0,1
BRDA:341,66,1,2
BRDA:341,67,0,3
BRDA:341,67,1,2
BRDA:346,68,0,1
BRDA:346,68,1,2
BRDA:353,69,0,3
BRDA:353,69,1,2
BRDA:354,70,0,3
BRDA:354,70,1,2
BRDA:354,70,2,2
BRDA:372,71,0,5
BRDA:372,71,1,1
BRDA:374,72,0,5
BRDA:374,72,1,4
BRDA:375,73,0,5
BRDA:375,73,1,4
BRDA:376,74,0,5
BRDA:376,74,1,4
BRDA:376,74,2,1
BRDA:376,74,3,4
BRDA:377,75,0,2
BRDA:377,75,1,3
BRDA:377,76,0,5
BRDA:377,76,1,3
BRDA:377,76,2,2
BRDA:378,77,0,2
BRDA:378,77,1,1
BRDA:383,78,0,2
BRDA:383,78,1,1
BRDA:393,79,0,2
BRDA:393,79,1,5
BRDA:423,80,0,2
BRDA:423,80,1,1
BRDA:426,81,0,2
BRDA:426,81,1,1
BRF:178
BRH:178
end_of_record
TN:
SF:modules\support\support.templates.js
FN:4,buildTicketDescriptionHtml
FN:42,getMockConversationReply
FNF:2
FNH:2
FNDA:2,buildTicketDescriptionHtml
FNDA:1,getMockConversationReply
DA:5,2
DA:43,1
DA:54,2
LF:3
LH:3
BRDA:13,0,0,2
BRDA:13,0,1,1
BRDA:17,1,0,2
BRDA:17,1,1,1
BRDA:21,2,0,2
BRDA:21,2,1,1
BRDA:25,3,0,2
BRDA:25,3,1,1
BRDA:34,4,0,2
BRDA:34,4,1,2
BRF:10
BRH:10
end_of_record
TN:
SF:modules\support\support.validator.js
FN:6,validateCreateSupportTicket
FN:26,validateGetTickets
FNF:2
FNH:2
FNDA:5,validateCreateSupportTicket
FNDA:2,validateGetTickets
DA:7,5
DA:9,5
DA:10,2
DA:16,3
DA:17,2
DA:23,1
DA:27,2
DA:29,2
DA:30,1
DA:36,1
DA:39,3
LF:11
LH:11
BRDA:9,0,0,2
BRDA:9,0,1,3
BRDA:9,1,0,5
BRDA:9,1,1,4
BRDA:16,2,0,2
BRDA:16,2,1,1
BRDA:16,3,0,3
BRDA:16,3,1,2
BRDA:29,4,0,1
BRDA:29,4,1,1
BRF:10
BRH:10
end_of_record
TN:
SF:modules\support\zohoDesk.routes.js
FN:8,getAccessToken
FN:40,(anonymous_1)
FN:98,(anonymous_2)
FN:131,(anonymous_3)
FNF:4
FNH:4
FNDA:14,getAccessToken
FNDA:7,(anonymous_1)
FNDA:8,(anonymous_2)
FNDA:1,(anonymous_3)
DA:1,14
DA:2,14
DA:5,14
DA:6,14
DA:10,14
DA:11,1
DA:14,13
DA:21,13
DA:27,13
DA:28,13
DA:29,1
DA:30,1
DA:33,12
DA:34,12
DA:35,12
DA:36,12
DA:40,14
DA:41,7
DA:42,7
DA:44,7
DA:45,1
DA:48,6
DA:49,5
DA:50,5
DA:52,5
DA:66,5
DA:76,5
DA:78,5
DA:79,2
DA:80,2
DA:83,3
DA:84,3
DA:92,1
DA:93,1
DA:98,14
DA:99,8
DA:100,8
DA:101,8
DA:102,8
DA:105,8
DA:106,8
DA:107,1
DA:110,7
DA:120,6
DA:122,6
DA:124,3
DA:125,1
DA:127,2
DA:128,2
DA:131,3
DA:142,3
DA:144,1
DA:145,1
DA:149,14
LF:54
LH:54
BRDA:10,0,0,1
BRDA:10,0,1,13
BRDA:10,1,0,14
BRDA:10,1,1,1
BRDA:28,2,0,1
BRDA:28,2,1,12
BRDA:44,3,0,1
BRDA:44,3,1,6
BRDA:44,4,0,7
BRDA:44,4,1,7
BRDA:56,5,0,5
BRDA:56,5,1,4
BRDA:57,6,0,5
BRDA:57,6,1,4
BRDA:60,7,0,5
BRDA:60,7,1,4
BRDA:61,8,0,5
BRDA:61,8,1,4
BRDA:62,9,0,5
BRDA:62,9,1,4
BRDA:78,10,0,2
BRDA:78,10,1,3
BRDA:80,11,0,2
BRDA:80,11,1,1
BRDA:105,12,0,6
BRDA:105,12,1,2
BRDA:105,13,0,1
BRDA:105,13,1,1
BRDA:106,14,0,1
BRDA:106,14,1,7
BRDA:111,15,0,6
BRDA:111,15,1,1
BRDA:122,16,0,3
BRDA:122,16,1,3
BRDA:124,17,0,1
BRDA:124,17,1,2
BRDA:124,18,0,3
BRDA:124,18,1,2
BRDA:128,19,0,2
BRDA:128,19,1,1
BRDA:131,20,0,3
BRDA:131,20,1,1
BRF:42
BRH:42
end_of_record
TN:
SF:modules\user-role\user-role.controller.js
FN:3,getUserRole
FNF:1
FNH:1
FNDA:2,getUserRole
DA:1,3
DA:4,2
DA:5,2
DA:6,2
DA:7,1
DA:9,1
DA:10,1
DA:14,3
LF:8
LH:8
BRF:0
BRH:0
end_of_record
TN:
SF:modules\user-role\user-role.repository.js
FN:3,checkColdStorageOnboarding
FN:8,checkFarmer
FNF:2
FNH:2
FNDA:2,checkColdStorageOnboarding
FNDA:2,checkFarmer
DA:1,5
DA:4,2
DA:5,2
DA:9,2
DA:10,2
DA:13,5
LF:6
LH:6
BRF:0
BRH:0
end_of_record
TN:
SF:modules\user-role\user-role.routes.js
FNF:0
FNH:0
DA:1,2
DA:2,2
DA:3,2
DA:4,2
DA:6,2
DA:8,2
LF:6
LH:6
BRF:0
BRH:0
end_of_record
TN:
SF:modules\user-role\user-role.service.js
FN:3,determineUserRole
FNF:1
FNH:1
FNDA:3,determineUserRole
DA:1,4
DA:4,3
DA:6,3
DA:7,3
DA:9,2
DA:10,2
DA:12,1
DA:15,4
LF:8
LH:8
BRDA:7,0,0,1
BRDA:7,0,1,2
BRDA:10,1,0,1
BRDA:10,1,1,1
BRF:4
BRH:4
end_of_record
TN:
SF:modules\user-role\user-role.validator.js
FN:1,validateUserRole
FNF:1
FNH:1
FNDA:2,validateUserRole
DA:2,2
DA:3,2
DA:4,1
DA:6,1
DA:9,3
LF:5
LH:5
BRDA:3,0,0,1
BRDA:3,0,1,1
BRF:2
BRH:2
end_of_record
TN:
SF:modules\weather\weather.controller.js
FN:3,getWeather
FNF:1
FNH:1
FNDA:5,getWeather
DA:1,3
DA:4,5
DA:5,5
DA:7,5
DA:8,2
DA:14,3
DA:15,3
DA:16,2
DA:21,1
DA:22,1
DA:29,3
LF:11
LH:11
BRDA:4,0,0,5
BRDA:4,0,1,1
BRDA:7,1,0,2
BRDA:7,1,1,3
BRDA:7,2,0,5
BRDA:7,2,1,4
BRF:6
BRH:6
end_of_record
TN:
SF:modules\weather\weather.routes.js
FNF:0
FNH:0
DA:1,2
DA:2,2
DA:3,2
DA:5,2
DA:7,2
LF:5
LH:5
BRF:0
BRH:0
end_of_record
TN:
SF:modules\weather\weather.service.js
FN:7,fetchWeatherFromApi
FN:38,(anonymous_1)
FNF:2
FNH:2
FNDA:6,fetchWeatherFromApi
FNDA:2,(anonymous_1)
DA:1,8
DA:3,8
DA:4,8
DA:5,8
DA:8,6
DA:9,6
DA:11,6
DA:12,1
DA:13,1
DA:16,5
DA:18,5
DA:29,5
DA:30,5
DA:31,1
DA:34,4
DA:38,4
DA:46,4
DA:56,4
DA:57,4
DA:60,8
LF:20
LH:20
BRDA:3,0,0,8
BRDA:3,0,1,8
BRDA:11,1,0,1
BRDA:11,1,1,5
BRDA:11,2,0,6
BRDA:11,2,1,1
BRDA:30,3,0,1
BRDA:30,3,1,4
BRDA:34,4,0,1
BRDA:34,4,1,3
BRDA:36,5,0,3
BRDA:36,5,1,1
BRDA:38,6,0,4
BRDA:38,6,1,1
BRDA:40,7,0,1
BRDA:40,7,1,1
BRDA:41,8,0,1
BRDA:41,8,1,1
BRDA:42,9,0,2
BRDA:42,9,1,1
BRDA:43,10,0,2
BRDA:43,10,1,1
BRDA:47,11,0,2
BRDA:47,11,1,2
BRDA:48,12,0,4
BRDA:48,12,1,3
BRDA:49,13,0,4
BRDA:49,13,1,3
BRDA:50,14,0,4
BRDA:50,14,1,3
BRDA:51,15,0,1
BRDA:51,15,1,3
BRF:32
BRH:32
end_of_record
TN:
SF:shared\mocks.js
FNF:0
FNH:0
DA:3,1
DA:7,1
DA:12,1
DA:19,1
LF:4
LH:4
BRF:0
BRH:0
end_of_record
TN:
SF:shared\middleware\auth.middleware.js
FN:19,verifySupabaseToken
FN:41,(anonymous_1)
FN:44,(anonymous_2)
FNF:3
FNH:3
FNDA:5,verifySupabaseToken
FNDA:17,(anonymous_1)
FNDA:155,(anonymous_2)
DA:1,1
DA:2,1
DA:3,1
DA:5,1
DA:20,5
DA:21,5
DA:22,1
DA:24,4
DA:25,4
DA:32,2
DA:33,1
DA:35,1
DA:37,2
DA:41,1
DA:42,17
DA:44,17
DA:45,155
DA:46,1
DA:48,154
DA:51,17
DA:52,6
DA:55,11
DA:56,11
DA:57,3
DA:58,0
DA:59,0
DA:61,3
DA:64,8
DA:65,8
DA:67,8
DA:68,3
DA:69,3
DA:72,5
DA:73,5
DA:74,5
DA:75,1
DA:80,1
DA:86,4
DA:87,0
DA:88,0
DA:90,4
LF:41
LH:37
BRDA:21,0,0,1
BRDA:21,0,1,4
BRDA:21,1,0,5
BRDA:21,1,1,4
BRDA:32,2,0,1
BRDA:32,2,1,1
BRDA:32,3,0,2
BRDA:32,3,1,1
BRDA:45,4,0,1
BRDA:45,4,1,154
BRDA:48,5,0,154
BRDA:48,5,1,6
BRDA:51,6,0,6
BRDA:51,6,1,11
BRDA:56,7,0,3
BRDA:56,7,1,8
BRDA:56,8,0,11
BRDA:56,8,1,9
BRDA:57,9,0,0
BRDA:57,9,1,3
BRDA:67,10,0,8
BRDA:67,10,1,1
BRDA:74,11,0,1
BRDA:74,11,1,4
BRDA:86,12,0,0
BRDA:86,12,1,4
BRF:26
BRH:24
end_of_record
TN:
SF:shared\notifications\emailService.js
FN:13,sendEmail
FNF:1
FNH:1
FNDA:6,sendEmail
DA:1,15
DA:14,6
DA:15,6
DA:16,6
DA:17,6
DA:18,6
DA:20,6
DA:22,6
DA:23,3
DA:24,3
DA:30,3
DA:38,3
DA:39,3
DA:49,3
DA:57,2
DA:64,1
DA:65,1
DA:69,15
LF:18
LH:18
BRDA:15,0,0,6
BRDA:15,0,1,5
BRDA:18,1,0,6
BRDA:18,1,1,5
BRDA:20,2,0,6
BRDA:20,2,1,3
BRDA:20,2,2,3
BRDA:22,3,0,3
BRDA:22,3,1,3
BRDA:23,4,0,3
BRDA:23,4,1,2
BRDA:23,4,2,1
BRDA:61,5,0,2
BRDA:61,5,1,1
BRDA:61,5,2,1
BRF:15
BRH:15
end_of_record
TN:
SF:shared\notifications\index.js
FNF:0
FNH:0
DA:1,2
DA:2,2
DA:4,2
LF:3
LH:3
BRF:0
BRH:0
end_of_record
TN:
SF:shared\notifications\notifications.js
FN:6,logOutboundNotification
FN:20,ensureUserForFarmer
FN:33,sendEmailWithLog
FN:84,sendSMSWithLog
FN:134,createAppNotification
FN:183,(anonymous_5)
FN:196,(anonymous_6)
FNF:7
FNH:7
FNDA:22,logOutboundNotification
FNDA:12,ensureUserForFarmer
FNDA:11,sendEmailWithLog
FNDA:9,sendSMSWithLog
FNDA:13,createAppNotification
FNDA:1,(anonymous_5)
FNDA:1,(anonymous_6)
DA:1,14
DA:2,14
DA:3,14
DA:4,14
DA:11,22
DA:12,22
DA:13,22
DA:14,22
DA:15,22
DA:16,22
DA:17,1
DA:21,12
DA:22,12
DA:23,11
DA:24,2
DA:25,2
DA:26,2
DA:27,2
DA:28,2
DA:29,2
DA:30,2
DA:31,1
DA:45,11
DA:46,11
DA:47,7
DA:62,7
DA:64,4
DA:65,4
DA:80,4
DA:94,9
DA:95,9
DA:96,5
DA:110,5
DA:112,4
DA:116,4
DA:130,4
DA:135,13
DA:136,13
DA:137,13
DA:138,13
DA:139,13
DA:140,13
DA:141,11
DA:142,9
DA:143,9
DA:144,9
DA:146,1
DA:150,9
DA:151,9
DA:152,9
DA:153,8
DA:155,8
DA:156,8
DA:157,8
DA:159,8
DA:160,4
DA:161,4
DA:162,4
DA:164,4
DA:165,4
DA:166,3
DA:167,3
DA:168,3
DA:172,8
DA:173,6
DA:174,5
DA:175,5
DA:183,1
DA:186,6
DA:187,5
DA:196,1
DA:200,1
DA:203,11
DA:205,2
DA:206,1
DA:207,1
DA:211,14
LF:77
LH:77
BRDA:7,0,0,2
BRDA:7,1,0,12
BRDA:7,2,0,11
BRDA:7,3,0,2
BRDA:8,4,0,11
BRDA:8,5,0,2
BRDA:8,6,0,2
BRDA:8,7,0,12
BRDA:8,8,0,2
BRDA:9,9,0,2
BRDA:9,10,0,14
BRDA:9,11,0,1
BRDA:15,12,0,1
BRDA:15,12,1,21
BRDA:15,13,0,14
BRDA:15,13,1,8
BRDA:23,14,0,9
BRDA:23,14,1,2
BRDA:25,15,0,1
BRDA:25,15,1,1
BRDA:26,16,0,1
BRDA:26,16,1,1
BRDA:27,17,0,1
BRDA:27,17,1,1
BRDA:27,18,0,2
BRDA:27,18,1,1
BRDA:28,19,0,1
BRDA:28,19,1,1
BRDA:28,20,0,2
BRDA:28,20,1,1
BRDA:36,21,0,3
BRDA:37,22,0,10
BRDA:38,23,0,6
BRDA:39,24,0,6
BRDA:40,25,0,6
BRDA:41,26,0,6
BRDA:42,27,0,6
BRDA:43,28,0,11
BRDA:54,29,0,7
BRDA:54,29,1,2
BRDA:54,29,2,1
BRDA:64,30,0,4
BRDA:64,30,1,2
BRDA:64,30,2,2
BRDA:72,31,0,4
BRDA:72,31,1,1
BRDA:72,31,2,1
BRDA:74,32,0,2
BRDA:74,32,1,2
BRDA:87,33,0,4
BRDA:88,34,0,4
BRDA:89,35,0,4
BRDA:90,36,0,4
BRDA:91,37,0,4
BRDA:92,38,0,9
BRDA:113,39,0,4
BRDA:113,39,1,1
BRDA:113,39,2,1
BRDA:113,39,3,3
BRDA:124,40,0,2
BRDA:124,40,1,2
BRDA:134,41,0,13
BRDA:134,42,0,12
BRDA:134,43,0,12
BRDA:134,44,0,12
BRDA:134,45,0,13
BRDA:134,46,0,13
BRDA:136,47,0,12
BRDA:136,47,1,1
BRDA:139,48,0,13
BRDA:139,48,1,13
BRDA:141,49,0,9
BRDA:141,49,1,2
BRDA:141,50,0,11
BRDA:141,50,1,10
BRDA:159,51,0,4
BRDA:159,51,1,4
BRDA:162,52,0,3
BRDA:162,52,1,1
BRDA:165,53,0,3
BRDA:165,53,1,1
BRDA:172,54,0,6
BRDA:172,54,1,2
BRDA:172,55,0,8
BRDA:172,55,1,3
BRDA:173,56,0,5
BRDA:173,56,1,1
BRDA:174,57,0,1
BRDA:174,57,1,4
BRDA:181,58,0,1
BRDA:181,58,1,4
BRDA:186,59,0,5
BRDA:186,59,1,1
BRDA:190,60,0,5
BRDA:190,60,1,1
BRDA:194,61,0,1
BRDA:194,61,1,4
BRDA:205,62,0,1
BRDA:205,62,1,1
BRF:99
BRH:99
end_of_record
TN:
SF:shared\notifications\pushNotifications.js
FN:12,sendPushNotification
FNF:1
FNH:1
FNDA:7,sendPushNotification
DA:1,4
DA:2,4
DA:13,7
DA:14,6
DA:16,6
DA:17,6
DA:19,5
DA:20,5
DA:22,2
DA:25,3
DA:28,3
DA:36,3
DA:44,2
DA:45,1
DA:48,1
DA:52,4
LF:16
LH:16
BRDA:12,0,0,6
BRDA:13,1,0,1
BRDA:13,1,1,6
BRDA:17,2,0,1
BRDA:17,2,1,5
BRDA:20,3,0,2
BRDA:20,3,1,3
BRDA:20,4,0,5
BRDA:20,4,1,4
BRDA:44,5,0,1
BRDA:44,5,1,1
BRDA:44,6,0,2
BRDA:44,6,1,2
BRF:13
BRH:13
end_of_record
TN:
SF:shared\notifications\smsService.js
FN:11,sendSMS
FNF:1
FNH:1
FNDA:7,sendSMS
DA:1,15
DA:13,7
DA:14,7
DA:15,7
DA:18,7
DA:19,7
DA:20,7
DA:22,7
DA:23,7
DA:25,7
DA:26,1
DA:31,1
DA:38,6
DA:39,3
DA:40,3
DA:41,3
DA:42,3
DA:43,3
DA:45,0
DA:49,3
DA:50,3
DA:51,3
DA:52,3
DA:53,3
DA:54,3
DA:56,3
DA:63,1
DA:69,2
DA:70,2
DA:71,2
DA:75,3
DA:76,3
DA:83,2
DA:89,1
DA:90,1
DA:94,15
LF:36
LH:35
BRDA:22,0,0,7
BRDA:22,0,1,3
BRDA:22,0,2,3
BRDA:25,1,0,1
BRDA:25,1,1,6
BRDA:25,2,0,7
BRDA:25,2,1,4
BRDA:38,3,0,3
BRDA:38,3,1,3
BRDA:41,4,0,3
BRDA:41,4,1,0
BRDA:42,5,0,3
BRDA:42,5,1,0
BRDA:69,6,0,1
BRDA:69,6,1,1
BRDA:69,7,0,2
BRDA:69,7,1,1
BRDA:86,8,0,1
BRDA:86,8,1,1
BRDA:86,9,0,2
BRDA:86,9,1,1
BRF:21
BRH:19
end_of_record
TN:
SF:shared\utils\mpinUtils.js
FN:8,hashMpin
FN:19,verifyMpin
FNF:2
FNH:2
FNDA:88,hashMpin
FNDA:34,verifyMpin
DA:1,25
DA:9,88
DA:10,77
DA:20,34
DA:21,30
DA:23,28
DA:24,4
DA:26,24
DA:29,25
LF:9
LH:9
BRDA:9,0,0,11
BRDA:9,0,1,77
BRDA:20,1,0,4
BRDA:20,1,1,30
BRDA:21,2,0,2
BRDA:21,2,1,28
BRDA:23,3,0,4
BRDA:23,3,1,24
BRF:8
BRH:8
end_of_record
TN:
SF:shared\utils\otpUtils.js
FN:10,verifySupabaseOtp
FNF:1
FNH:1
FNDA:9,verifySupabaseOtp
DA:1,1
DA:2,1
DA:11,9
DA:12,9
DA:13,8
DA:14,7
DA:16,1
DA:20,9
DA:22,9
DA:23,1
DA:26,8
DA:27,8
DA:39,6
DA:40,5
DA:42,1
DA:44,2
DA:45,2
DA:49,1
LF:18
LH:18
BRDA:12,0,0,8
BRDA:12,0,1,1
BRDA:13,1,0,7
BRDA:13,1,1,1
BRDA:22,2,0,1
BRDA:22,2,1,8
BRDA:22,3,0,9
BRDA:22,3,1,8
BRDA:39,4,0,5
BRDA:39,4,1,1
BRDA:39,5,0,6
BRDA:39,5,1,5
BRDA:44,6,0,2
BRDA:44,6,1,1
BRDA:44,6,2,1
BRF:15
BRH:15
end_of_record
